[2025-03-09T22:49:14.317+0000] {local_task_job_runner.py:123} INFO - ::group::Pre task execution logs
[2025-03-09T22:49:14.356+0000] {taskinstance.py:2613} INFO - Dependencies all met for dep_context=non-requeueable deps ti=<TaskInstance: spark_gcs_job.submit_spark_gcc_job manual__2025-03-09T22:49:13.131571+00:00 [queued]>
[2025-03-09T22:49:14.369+0000] {taskinstance.py:2613} INFO - Dependencies all met for dep_context=requeueable deps ti=<TaskInstance: spark_gcs_job.submit_spark_gcc_job manual__2025-03-09T22:49:13.131571+00:00 [queued]>
[2025-03-09T22:49:14.369+0000] {taskinstance.py:2866} INFO - Starting attempt 1 of 2
[2025-03-09T22:49:14.390+0000] {taskinstance.py:2889} INFO - Executing <Task(SparkSubmitOperator): submit_spark_gcc_job> on 2025-03-09 22:49:13.131571+00:00
[2025-03-09T22:49:14.401+0000] {standard_task_runner.py:104} INFO - Running: ['***', 'tasks', 'run', 'spark_gcs_job', 'submit_spark_gcc_job', 'manual__2025-03-09T22:49:13.131571+00:00', '--job-id', '426', '--raw', '--subdir', 'DAGS_FOLDER/gcs_conn_test.py', '--cfg-path', '/tmp/tmph8g_6ddn']
[2025-03-09T22:49:14.414+0000] {standard_task_runner.py:105} INFO - Job 426: Subtask submit_spark_gcc_job
[2025-03-09T22:49:14.416+0000] {logging_mixin.py:190} WARNING - /home/***/.local/lib/python3.12/site-packages/***/task/task_runner/standard_task_runner.py:70 DeprecationWarning: This process (pid=519) is multi-threaded, use of fork() may lead to deadlocks in the child.
[2025-03-09T22:49:14.417+0000] {standard_task_runner.py:72} INFO - Started process 520 to run task
[2025-03-09T22:49:14.560+0000] {task_command.py:467} INFO - Running <TaskInstance: spark_gcs_job.submit_spark_gcc_job manual__2025-03-09T22:49:13.131571+00:00 [running]> on host 27f453beda85
[2025-03-09T22:49:14.735+0000] {taskinstance.py:3132} INFO - Exporting env vars: AIRFLOW_CTX_DAG_OWNER='***' AIRFLOW_CTX_DAG_ID='spark_gcs_job' AIRFLOW_CTX_TASK_ID='submit_spark_gcc_job' AIRFLOW_CTX_EXECUTION_DATE='2025-03-09T22:49:13.131571+00:00' AIRFLOW_CTX_TRY_NUMBER='1' AIRFLOW_CTX_DAG_RUN_ID='manual__2025-03-09T22:49:13.131571+00:00'
[2025-03-09T22:49:14.736+0000] {taskinstance.py:731} INFO - ::endgroup::
[2025-03-09T22:49:14.816+0000] {base.py:84} INFO - Retrieving connection 'spark_default'
[2025-03-09T22:49:14.818+0000] {spark_submit.py:474} INFO - Spark-Submit cmd: spark-submit --master spark://spark:7077 --conf spark.hadoop.fs.gs.impl=com.google.cloud.hadoop.fs.gcs.GoogleHadoopFileSystem --conf spark.hadoop.fs.gs.auth.service.account.enable=true --conf spark.hadoop.fs.gs.auth.service.account.json.keyfile=/opt/***/keys/first-key.json --jars /opt/***/jars/gcs-connector-hadoop3-2.2.0.jar --num-executors 4 --executor-cores 2 --executor-memory 4g --driver-memory 2g --name spark_gcs_job --verbose --deploy-mode client /opt/***/jobs/gcc_test_job.py
[2025-03-09T22:49:14.914+0000] {spark_submit.py:641} INFO - /home/***/.local/lib/python3.12/site-packages/pyspark/bin/load-spark-env.sh: line 68: ps: command not found
[2025-03-09T22:49:18.140+0000] {spark_submit.py:641} INFO - Using properties file: null
[2025-03-09T22:49:18.282+0000] {spark_submit.py:641} INFO - Parsed arguments:
[2025-03-09T22:49:18.282+0000] {spark_submit.py:641} INFO - master                  spark://spark:7077
[2025-03-09T22:49:18.282+0000] {spark_submit.py:641} INFO - remote                  null
[2025-03-09T22:49:18.282+0000] {spark_submit.py:641} INFO - deployMode              client
[2025-03-09T22:49:18.283+0000] {spark_submit.py:641} INFO - executorMemory          4g
[2025-03-09T22:49:18.283+0000] {spark_submit.py:641} INFO - executorCores           2
[2025-03-09T22:49:18.283+0000] {spark_submit.py:641} INFO - totalExecutorCores      null
[2025-03-09T22:49:18.283+0000] {spark_submit.py:641} INFO - propertiesFile          null
[2025-03-09T22:49:18.283+0000] {spark_submit.py:641} INFO - driverMemory            2g
[2025-03-09T22:49:18.283+0000] {spark_submit.py:641} INFO - driverCores             null
[2025-03-09T22:49:18.283+0000] {spark_submit.py:641} INFO - driverExtraClassPath    null
[2025-03-09T22:49:18.283+0000] {spark_submit.py:641} INFO - driverExtraLibraryPath  null
[2025-03-09T22:49:18.284+0000] {spark_submit.py:641} INFO - driverExtraJavaOptions  null
[2025-03-09T22:49:18.284+0000] {spark_submit.py:641} INFO - supervise               false
[2025-03-09T22:49:18.284+0000] {spark_submit.py:641} INFO - queue                   null
[2025-03-09T22:49:18.284+0000] {spark_submit.py:641} INFO - numExecutors            4
[2025-03-09T22:49:18.284+0000] {spark_submit.py:641} INFO - files                   null
[2025-03-09T22:49:18.284+0000] {spark_submit.py:641} INFO - pyFiles                 null
[2025-03-09T22:49:18.284+0000] {spark_submit.py:641} INFO - archives                null
[2025-03-09T22:49:18.285+0000] {spark_submit.py:641} INFO - mainClass               null
[2025-03-09T22:49:18.285+0000] {spark_submit.py:641} INFO - primaryResource         file:/opt/***/jobs/gcc_test_job.py
[2025-03-09T22:49:18.285+0000] {spark_submit.py:641} INFO - name                    spark_gcs_job
[2025-03-09T22:49:18.285+0000] {spark_submit.py:641} INFO - childArgs               []
[2025-03-09T22:49:18.285+0000] {spark_submit.py:641} INFO - jars                    file:/opt/***/jars/gcs-connector-hadoop3-2.2.0.jar
[2025-03-09T22:49:18.285+0000] {spark_submit.py:641} INFO - packages                null
[2025-03-09T22:49:18.285+0000] {spark_submit.py:641} INFO - packagesExclusions      null
[2025-03-09T22:49:18.285+0000] {spark_submit.py:641} INFO - repositories            null
[2025-03-09T22:49:18.286+0000] {spark_submit.py:641} INFO - verbose                 true
[2025-03-09T22:49:18.286+0000] {spark_submit.py:641} INFO - 
[2025-03-09T22:49:18.286+0000] {spark_submit.py:641} INFO - Spark properties used, including those specified through
[2025-03-09T22:49:18.286+0000] {spark_submit.py:641} INFO - --conf and those from the properties file null:
[2025-03-09T22:49:18.286+0000] {spark_submit.py:641} INFO - (spark.driver.memory,2g)
[2025-03-09T22:49:18.286+0000] {spark_submit.py:641} INFO - (spark.hadoop.fs.gs.auth.service.account.enable,true)
[2025-03-09T22:49:18.286+0000] {spark_submit.py:641} INFO - (spark.hadoop.fs.gs.auth.service.account.json.keyfile,/opt/***/keys/first-key.json)
[2025-03-09T22:49:18.287+0000] {spark_submit.py:641} INFO - (spark.hadoop.fs.gs.impl,com.google.cloud.hadoop.fs.gcs.GoogleHadoopFileSystem)
[2025-03-09T22:49:18.287+0000] {spark_submit.py:641} INFO - 
[2025-03-09T22:49:18.287+0000] {spark_submit.py:641} INFO - 
[2025-03-09T22:49:19.174+0000] {spark_submit.py:641} INFO - 25/03/09 22:49:19 WARN NativeCodeLoader: Unable to load native-hadoop library for your platform... using builtin-java classes where applicable
[2025-03-09T22:49:20.154+0000] {spark_submit.py:641} INFO - Main class:
[2025-03-09T22:49:20.155+0000] {spark_submit.py:641} INFO - org.apache.spark.deploy.PythonRunner
[2025-03-09T22:49:20.156+0000] {spark_submit.py:641} INFO - Arguments:
[2025-03-09T22:49:20.156+0000] {spark_submit.py:641} INFO - file:/opt/***/jobs/gcc_test_job.py
[2025-03-09T22:49:20.156+0000] {spark_submit.py:641} INFO - null
[2025-03-09T22:49:20.157+0000] {spark_submit.py:641} INFO - Spark config:
[2025-03-09T22:49:20.157+0000] {spark_submit.py:641} INFO - (spark.app.name,spark_gcs_job)
[2025-03-09T22:49:20.157+0000] {spark_submit.py:641} INFO - (spark.app.submitTime,1741560560048)
[2025-03-09T22:49:20.157+0000] {spark_submit.py:641} INFO - (spark.driver.memory,2g)
[2025-03-09T22:49:20.157+0000] {spark_submit.py:641} INFO - (spark.executor.cores,2)
[2025-03-09T22:49:20.157+0000] {spark_submit.py:641} INFO - (spark.executor.memory,4g)
[2025-03-09T22:49:20.157+0000] {spark_submit.py:641} INFO - (spark.hadoop.fs.gs.auth.service.account.enable,true)
[2025-03-09T22:49:20.157+0000] {spark_submit.py:641} INFO - (spark.hadoop.fs.gs.auth.service.account.json.keyfile,/opt/***/keys/first-key.json)
[2025-03-09T22:49:20.158+0000] {spark_submit.py:641} INFO - (spark.hadoop.fs.gs.impl,com.google.cloud.hadoop.fs.gcs.GoogleHadoopFileSystem)
[2025-03-09T22:49:20.158+0000] {spark_submit.py:641} INFO - (spark.jars,file:///opt/***/jars/gcs-connector-hadoop3-2.2.0.jar)
[2025-03-09T22:49:20.158+0000] {spark_submit.py:641} INFO - (spark.master,spark://spark:7077)
[2025-03-09T22:49:20.158+0000] {spark_submit.py:641} INFO - (spark.repl.local.jars,file:///opt/***/jars/gcs-connector-hadoop3-2.2.0.jar)
[2025-03-09T22:49:20.158+0000] {spark_submit.py:641} INFO - (spark.submit.deployMode,client)
[2025-03-09T22:49:20.159+0000] {spark_submit.py:641} INFO - (spark.submit.pyFiles,)
[2025-03-09T22:49:20.159+0000] {spark_submit.py:641} INFO - Classpath elements:
[2025-03-09T22:49:20.159+0000] {spark_submit.py:641} INFO - file:///opt/***/jars/gcs-connector-hadoop3-2.2.0.jar
[2025-03-09T22:49:20.159+0000] {spark_submit.py:641} INFO - 
[2025-03-09T22:49:20.159+0000] {spark_submit.py:641} INFO - 
[2025-03-09T22:49:24.943+0000] {spark_submit.py:641} INFO - 25/03/09 22:49:24 INFO SparkContext: Running Spark version 3.5.5
[2025-03-09T22:49:24.944+0000] {spark_submit.py:641} INFO - 25/03/09 22:49:24 INFO SparkContext: OS info Linux, 5.15.167.4-microsoft-standard-WSL2, amd64
[2025-03-09T22:49:24.944+0000] {spark_submit.py:641} INFO - 25/03/09 22:49:24 INFO SparkContext: Java version 17.0.14
[2025-03-09T22:49:25.011+0000] {spark_submit.py:641} INFO - 25/03/09 22:49:25 INFO ResourceUtils: ==============================================================
[2025-03-09T22:49:25.011+0000] {spark_submit.py:641} INFO - 25/03/09 22:49:25 INFO ResourceUtils: No custom resources configured for spark.driver.
[2025-03-09T22:49:25.012+0000] {spark_submit.py:641} INFO - 25/03/09 22:49:25 INFO ResourceUtils: ==============================================================
[2025-03-09T22:49:25.012+0000] {spark_submit.py:641} INFO - 25/03/09 22:49:25 INFO SparkContext: Submitted application: GCSConnectorTest
[2025-03-09T22:49:25.059+0000] {spark_submit.py:641} INFO - 25/03/09 22:49:25 INFO ResourceProfile: Default ResourceProfile created, executor resources: Map(cores -> name: cores, amount: 2, script: , vendor: , memory -> name: memory, amount: 4096, script: , vendor: , offHeap -> name: offHeap, amount: 0, script: , vendor: ), task resources: Map(cpus -> name: cpus, amount: 1.0)
[2025-03-09T22:49:25.084+0000] {spark_submit.py:641} INFO - 25/03/09 22:49:25 INFO ResourceProfile: Limiting resource is cpus at 2 tasks per executor
[2025-03-09T22:49:25.091+0000] {spark_submit.py:641} INFO - 25/03/09 22:49:25 INFO ResourceProfileManager: Added ResourceProfile id: 0
[2025-03-09T22:49:25.507+0000] {spark_submit.py:641} INFO - 25/03/09 22:49:25 INFO SecurityManager: Changing view acls to: ***
[2025-03-09T22:49:25.509+0000] {spark_submit.py:641} INFO - 25/03/09 22:49:25 INFO SecurityManager: Changing modify acls to: ***
[2025-03-09T22:49:25.510+0000] {spark_submit.py:641} INFO - 25/03/09 22:49:25 INFO SecurityManager: Changing view acls groups to:
[2025-03-09T22:49:25.511+0000] {spark_submit.py:641} INFO - 25/03/09 22:49:25 INFO SecurityManager: Changing modify acls groups to:
[2025-03-09T22:49:25.512+0000] {spark_submit.py:641} INFO - 25/03/09 22:49:25 INFO SecurityManager: SecurityManager: authentication disabled; ui acls disabled; users with view permissions: ***; groups with view permissions: EMPTY; users with modify permissions: ***; groups with modify permissions: EMPTY
[2025-03-09T22:49:25.930+0000] {spark_submit.py:641} INFO - 25/03/09 22:49:25 INFO Utils: Successfully started service 'sparkDriver' on port 37761.
[2025-03-09T22:49:26.025+0000] {spark_submit.py:641} INFO - 25/03/09 22:49:26 INFO SparkEnv: Registering MapOutputTracker
[2025-03-09T22:49:26.107+0000] {spark_submit.py:641} INFO - 25/03/09 22:49:26 INFO SparkEnv: Registering BlockManagerMaster
[2025-03-09T22:49:26.139+0000] {spark_submit.py:641} INFO - 25/03/09 22:49:26 INFO BlockManagerMasterEndpoint: Using org.apache.spark.storage.DefaultTopologyMapper for getting topology information
[2025-03-09T22:49:26.140+0000] {spark_submit.py:641} INFO - 25/03/09 22:49:26 INFO BlockManagerMasterEndpoint: BlockManagerMasterEndpoint up
[2025-03-09T22:49:26.146+0000] {spark_submit.py:641} INFO - 25/03/09 22:49:26 INFO SparkEnv: Registering BlockManagerMasterHeartbeat
[2025-03-09T22:49:26.181+0000] {spark_submit.py:641} INFO - 25/03/09 22:49:26 INFO DiskBlockManager: Created local directory at /tmp/blockmgr-48a1aefd-37c8-44a0-b9b4-739902802b2b
[2025-03-09T22:49:26.206+0000] {spark_submit.py:641} INFO - 25/03/09 22:49:26 INFO MemoryStore: MemoryStore started with capacity 1048.8 MiB
[2025-03-09T22:49:26.233+0000] {spark_submit.py:641} INFO - 25/03/09 22:49:26 INFO SparkEnv: Registering OutputCommitCoordinator
[2025-03-09T22:49:26.508+0000] {spark_submit.py:641} INFO - 25/03/09 22:49:26 INFO JettyUtils: Start Jetty 0.0.0.0:4040 for SparkUI
[2025-03-09T22:49:26.684+0000] {spark_submit.py:641} INFO - 25/03/09 22:49:26 INFO Utils: Successfully started service 'SparkUI' on port 4040.
[2025-03-09T22:49:26.787+0000] {spark_submit.py:641} INFO - 25/03/09 22:49:26 INFO SparkContext: Added JAR file:///opt/***/jars/gcs-connector-hadoop3-2.2.0.jar at spark://27f453beda85:37761/jars/gcs-connector-hadoop3-2.2.0.jar with timestamp 1741560564925
[2025-03-09T22:49:27.123+0000] {spark_submit.py:641} INFO - 25/03/09 22:49:27 INFO StandaloneAppClient$ClientEndpoint: Connecting to master spark://spark:7077...
[2025-03-09T22:49:27.213+0000] {spark_submit.py:641} INFO - 25/03/09 22:49:27 INFO TransportClientFactory: Successfully created connection to spark/172.19.0.5:7077 after 28 ms (0 ms spent in bootstraps)
[2025-03-09T22:49:27.752+0000] {spark_submit.py:641} INFO - 25/03/09 22:49:27 INFO StandaloneSchedulerBackend: Connected to Spark cluster with app ID app-20250309224927-0000
[2025-03-09T22:49:27.779+0000] {spark_submit.py:641} INFO - 25/03/09 22:49:27 INFO Utils: Successfully started service 'org.apache.spark.network.netty.NettyBlockTransferService' on port 35885.
[2025-03-09T22:49:27.779+0000] {spark_submit.py:641} INFO - 25/03/09 22:49:27 INFO NettyBlockTransferService: Server created on 27f453beda85:35885
[2025-03-09T22:49:27.779+0000] {spark_submit.py:641} INFO - 25/03/09 22:49:27 INFO BlockManager: Using org.apache.spark.storage.RandomBlockReplicationPolicy for block replication policy
[2025-03-09T22:49:27.790+0000] {spark_submit.py:641} INFO - 25/03/09 22:49:27 INFO BlockManagerMaster: Registering BlockManager BlockManagerId(driver, 27f453beda85, 35885, None)
[2025-03-09T22:49:27.793+0000] {spark_submit.py:641} INFO - 25/03/09 22:49:27 INFO BlockManagerMasterEndpoint: Registering block manager 27f453beda85:35885 with 1048.8 MiB RAM, BlockManagerId(driver, 27f453beda85, 35885, None)
[2025-03-09T22:49:27.797+0000] {spark_submit.py:641} INFO - 25/03/09 22:49:27 INFO BlockManagerMaster: Registered BlockManager BlockManagerId(driver, 27f453beda85, 35885, None)
[2025-03-09T22:49:27.799+0000] {spark_submit.py:641} INFO - 25/03/09 22:49:27 INFO BlockManager: Initialized BlockManager: BlockManagerId(driver, 27f453beda85, 35885, None)
[2025-03-09T22:49:28.091+0000] {spark_submit.py:641} INFO - 25/03/09 22:49:28 INFO StandaloneSchedulerBackend: SchedulerBackend is ready for scheduling beginning after reached minRegisteredResourcesRatio: 0.0
[2025-03-09T22:49:28.372+0000] {spark_submit.py:641} INFO - 25/03/09 22:49:28 INFO SharedState: Setting hive.metastore.warehouse.dir ('null') to the value of spark.sql.warehouse.dir.
[2025-03-09T22:49:28.375+0000] {spark_submit.py:641} INFO - 25/03/09 22:49:28 INFO SharedState: Warehouse path is 'file:/opt/***/spark-warehouse'.
[2025-03-09T22:49:32.203+0000] {spark_submit.py:641} INFO - 25/03/09 22:49:32 INFO InMemoryFileIndex: It took 152 ms to list leaf files for 1 paths.
[2025-03-09T22:49:32.746+0000] {spark_submit.py:641} INFO - 25/03/09 22:49:32 INFO InMemoryFileIndex: It took 103 ms to list leaf files for 1 paths.
[2025-03-09T22:49:35.433+0000] {spark_submit.py:641} INFO - 25/03/09 22:49:35 INFO FileSourceStrategy: Pushed Filters:
[2025-03-09T22:49:35.436+0000] {spark_submit.py:641} INFO - 25/03/09 22:49:35 INFO FileSourceStrategy: Post-Scan Filters: (length(trim(value#0, None)) > 0)
[2025-03-09T22:49:36.093+0000] {spark_submit.py:641} INFO - 25/03/09 22:49:36 INFO CodeGenerator: Code generated in 240.273064 ms
[2025-03-09T22:49:36.171+0000] {spark_submit.py:641} INFO - 25/03/09 22:49:36 INFO MemoryStore: Block broadcast_0 stored as values in memory (estimated size 201.4 KiB, free 1048.6 MiB)
[2025-03-09T22:49:36.285+0000] {spark_submit.py:641} INFO - 25/03/09 22:49:36 INFO MemoryStore: Block broadcast_0_piece0 stored as bytes in memory (estimated size 34.9 KiB, free 1048.6 MiB)
[2025-03-09T22:49:36.289+0000] {spark_submit.py:641} INFO - 25/03/09 22:49:36 INFO BlockManagerInfo: Added broadcast_0_piece0 in memory on 27f453beda85:35885 (size: 34.9 KiB, free: 1048.8 MiB)
[2025-03-09T22:49:36.292+0000] {spark_submit.py:641} INFO - 25/03/09 22:49:36 INFO SparkContext: Created broadcast 0 from csv at NativeMethodAccessorImpl.java:0
[2025-03-09T22:49:36.310+0000] {spark_submit.py:641} INFO - 25/03/09 22:49:36 INFO FileSourceScanExec: Planning scan with bin packing, max size: 4838318 bytes, open cost is considered as scanning 4194304 bytes.
[2025-03-09T22:49:36.453+0000] {spark_submit.py:641} INFO - 25/03/09 22:49:36 INFO SparkContext: Starting job: csv at NativeMethodAccessorImpl.java:0
[2025-03-09T22:49:36.474+0000] {spark_submit.py:641} INFO - 25/03/09 22:49:36 INFO DAGScheduler: Got job 0 (csv at NativeMethodAccessorImpl.java:0) with 1 output partitions
[2025-03-09T22:49:36.474+0000] {spark_submit.py:641} INFO - 25/03/09 22:49:36 INFO DAGScheduler: Final stage: ResultStage 0 (csv at NativeMethodAccessorImpl.java:0)
[2025-03-09T22:49:36.474+0000] {spark_submit.py:641} INFO - 25/03/09 22:49:36 INFO DAGScheduler: Parents of final stage: List()
[2025-03-09T22:49:36.476+0000] {spark_submit.py:641} INFO - 25/03/09 22:49:36 INFO DAGScheduler: Missing parents: List()
[2025-03-09T22:49:36.482+0000] {spark_submit.py:641} INFO - 25/03/09 22:49:36 INFO DAGScheduler: Submitting ResultStage 0 (MapPartitionsRDD[3] at csv at NativeMethodAccessorImpl.java:0), which has no missing parents
[2025-03-09T22:49:36.635+0000] {spark_submit.py:641} INFO - 25/03/09 22:49:36 INFO MemoryStore: Block broadcast_1 stored as values in memory (estimated size 13.5 KiB, free 1048.6 MiB)
[2025-03-09T22:49:36.672+0000] {spark_submit.py:641} INFO - 25/03/09 22:49:36 INFO MemoryStore: Block broadcast_1_piece0 stored as bytes in memory (estimated size 6.4 KiB, free 1048.5 MiB)
[2025-03-09T22:49:36.673+0000] {spark_submit.py:641} INFO - 25/03/09 22:49:36 INFO BlockManagerInfo: Added broadcast_1_piece0 in memory on 27f453beda85:35885 (size: 6.4 KiB, free: 1048.8 MiB)
[2025-03-09T22:49:36.680+0000] {spark_submit.py:641} INFO - 25/03/09 22:49:36 INFO SparkContext: Created broadcast 1 from broadcast at DAGScheduler.scala:1585
[2025-03-09T22:49:36.701+0000] {spark_submit.py:641} INFO - 25/03/09 22:49:36 INFO DAGScheduler: Submitting 1 missing tasks from ResultStage 0 (MapPartitionsRDD[3] at csv at NativeMethodAccessorImpl.java:0) (first 15 tasks are for partitions Vector(0))
[2025-03-09T22:49:36.702+0000] {spark_submit.py:641} INFO - 25/03/09 22:49:36 INFO TaskSchedulerImpl: Adding task set 0.0 with 1 tasks resource profile 0
[2025-03-09T22:49:51.715+0000] {spark_submit.py:641} INFO - 25/03/09 22:49:51 WARN TaskSchedulerImpl: Initial job has not accepted any resources; check your cluster UI to ensure that workers are registered and have sufficient resources
[2025-03-09T22:50:06.715+0000] {spark_submit.py:641} INFO - 25/03/09 22:50:06 WARN TaskSchedulerImpl: Initial job has not accepted any resources; check your cluster UI to ensure that workers are registered and have sufficient resources
[2025-03-09T22:50:21.715+0000] {spark_submit.py:641} INFO - 25/03/09 22:50:21 WARN TaskSchedulerImpl: Initial job has not accepted any resources; check your cluster UI to ensure that workers are registered and have sufficient resources
[2025-03-09T22:50:36.714+0000] {spark_submit.py:641} INFO - 25/03/09 22:50:36 WARN TaskSchedulerImpl: Initial job has not accepted any resources; check your cluster UI to ensure that workers are registered and have sufficient resources
[2025-03-09T22:50:51.714+0000] {spark_submit.py:641} INFO - 25/03/09 22:50:51 WARN TaskSchedulerImpl: Initial job has not accepted any resources; check your cluster UI to ensure that workers are registered and have sufficient resources
[2025-03-09T22:51:06.715+0000] {spark_submit.py:641} INFO - 25/03/09 22:51:06 WARN TaskSchedulerImpl: Initial job has not accepted any resources; check your cluster UI to ensure that workers are registered and have sufficient resources
[2025-03-09T22:51:21.715+0000] {spark_submit.py:641} INFO - 25/03/09 22:51:21 WARN TaskSchedulerImpl: Initial job has not accepted any resources; check your cluster UI to ensure that workers are registered and have sufficient resources
[2025-03-09T22:51:36.713+0000] {spark_submit.py:641} INFO - 25/03/09 22:51:36 WARN TaskSchedulerImpl: Initial job has not accepted any resources; check your cluster UI to ensure that workers are registered and have sufficient resources
[2025-03-09T22:51:51.720+0000] {spark_submit.py:641} INFO - 25/03/09 22:51:51 WARN TaskSchedulerImpl: Initial job has not accepted any resources; check your cluster UI to ensure that workers are registered and have sufficient resources
[2025-03-09T22:52:06.714+0000] {spark_submit.py:641} INFO - 25/03/09 22:52:06 WARN TaskSchedulerImpl: Initial job has not accepted any resources; check your cluster UI to ensure that workers are registered and have sufficient resources
[2025-03-09T22:52:21.715+0000] {spark_submit.py:641} INFO - 25/03/09 22:52:21 WARN TaskSchedulerImpl: Initial job has not accepted any resources; check your cluster UI to ensure that workers are registered and have sufficient resources
[2025-03-09T22:52:36.714+0000] {spark_submit.py:641} INFO - 25/03/09 22:52:36 WARN TaskSchedulerImpl: Initial job has not accepted any resources; check your cluster UI to ensure that workers are registered and have sufficient resources
[2025-03-09T22:52:51.713+0000] {spark_submit.py:641} INFO - 25/03/09 22:52:51 WARN TaskSchedulerImpl: Initial job has not accepted any resources; check your cluster UI to ensure that workers are registered and have sufficient resources
[2025-03-09T22:53:06.714+0000] {spark_submit.py:641} INFO - 25/03/09 22:53:06 WARN TaskSchedulerImpl: Initial job has not accepted any resources; check your cluster UI to ensure that workers are registered and have sufficient resources
[2025-03-09T22:53:21.714+0000] {spark_submit.py:641} INFO - 25/03/09 22:53:21 WARN TaskSchedulerImpl: Initial job has not accepted any resources; check your cluster UI to ensure that workers are registered and have sufficient resources
[2025-03-09T22:53:36.713+0000] {spark_submit.py:641} INFO - 25/03/09 22:53:36 WARN TaskSchedulerImpl: Initial job has not accepted any resources; check your cluster UI to ensure that workers are registered and have sufficient resources
[2025-03-09T22:53:51.714+0000] {spark_submit.py:641} INFO - 25/03/09 22:53:51 WARN TaskSchedulerImpl: Initial job has not accepted any resources; check your cluster UI to ensure that workers are registered and have sufficient resources
[2025-03-09T22:54:06.714+0000] {spark_submit.py:641} INFO - 25/03/09 22:54:06 WARN TaskSchedulerImpl: Initial job has not accepted any resources; check your cluster UI to ensure that workers are registered and have sufficient resources
[2025-03-09T22:54:21.715+0000] {spark_submit.py:641} INFO - 25/03/09 22:54:21 WARN TaskSchedulerImpl: Initial job has not accepted any resources; check your cluster UI to ensure that workers are registered and have sufficient resources
[2025-03-09T22:54:36.714+0000] {spark_submit.py:641} INFO - 25/03/09 22:54:36 WARN TaskSchedulerImpl: Initial job has not accepted any resources; check your cluster UI to ensure that workers are registered and have sufficient resources
[2025-03-09T22:54:51.714+0000] {spark_submit.py:641} INFO - 25/03/09 22:54:51 WARN TaskSchedulerImpl: Initial job has not accepted any resources; check your cluster UI to ensure that workers are registered and have sufficient resources
[2025-03-09T22:55:06.715+0000] {spark_submit.py:641} INFO - 25/03/09 22:55:06 WARN TaskSchedulerImpl: Initial job has not accepted any resources; check your cluster UI to ensure that workers are registered and have sufficient resources
[2025-03-09T22:55:21.715+0000] {spark_submit.py:641} INFO - 25/03/09 22:55:21 WARN TaskSchedulerImpl: Initial job has not accepted any resources; check your cluster UI to ensure that workers are registered and have sufficient resources
[2025-03-09T22:55:36.714+0000] {spark_submit.py:641} INFO - 25/03/09 22:55:36 WARN TaskSchedulerImpl: Initial job has not accepted any resources; check your cluster UI to ensure that workers are registered and have sufficient resources
[2025-03-09T22:55:51.713+0000] {spark_submit.py:641} INFO - 25/03/09 22:55:51 WARN TaskSchedulerImpl: Initial job has not accepted any resources; check your cluster UI to ensure that workers are registered and have sufficient resources
[2025-03-09T22:56:06.714+0000] {spark_submit.py:641} INFO - 25/03/09 22:56:06 WARN TaskSchedulerImpl: Initial job has not accepted any resources; check your cluster UI to ensure that workers are registered and have sufficient resources
[2025-03-09T22:56:12.945+0000] {local_task_job_runner.py:346} WARNING - State of this instance has been externally set to failed. Terminating instance.
[2025-03-09T22:56:12.952+0000] {local_task_job_runner.py:245} INFO - ::endgroup::
[2025-03-09T22:56:12.959+0000] {process_utils.py:132} INFO - Sending 15 to group 520. PIDs of all processes in the group: [522, 578, 520]
[2025-03-09T22:56:12.961+0000] {process_utils.py:87} INFO - Sending the signal 15 to group 520
[2025-03-09T22:56:12.963+0000] {taskinstance.py:3093} ERROR - Received SIGTERM. Terminating subprocesses.
[2025-03-09T22:56:12.965+0000] {spark_submit.py:767} INFO - Sending kill signal to spark-submit
[2025-03-09T22:56:13.068+0000] {taskinstance.py:340} INFO - ::group::Post task execution logs
[2025-03-09T22:56:13.111+0000] {process_utils.py:80} INFO - Process psutil.Process(pid=520, status='terminated', exitcode=0, started='22:49:14') (520) terminated with exit code 0
[2025-03-09T22:56:13.116+0000] {process_utils.py:80} INFO - Process psutil.Process(pid=578, status='terminated', started='22:49:20') (578) terminated with exit code None
[2025-03-09T22:56:13.117+0000] {process_utils.py:80} INFO - Process psutil.Process(pid=522, status='terminated', started='22:49:14') (522) terminated with exit code None
