[2025-03-09T23:12:12.476+0000] {local_task_job_runner.py:123} INFO - ::group::Pre task execution logs
[2025-03-09T23:12:12.510+0000] {taskinstance.py:2613} INFO - Dependencies all met for dep_context=non-requeueable deps ti=<TaskInstance: spark_gcs_job.submit_spark_gcs_job manual__2025-03-09T23:12:11.006756+00:00 [queued]>
[2025-03-09T23:12:12.520+0000] {taskinstance.py:2613} INFO - Dependencies all met for dep_context=requeueable deps ti=<TaskInstance: spark_gcs_job.submit_spark_gcs_job manual__2025-03-09T23:12:11.006756+00:00 [queued]>
[2025-03-09T23:12:12.520+0000] {taskinstance.py:2866} INFO - Starting attempt 1 of 2
[2025-03-09T23:12:12.547+0000] {taskinstance.py:2889} INFO - Executing <Task(SparkSubmitOperator): submit_spark_gcs_job> on 2025-03-09 23:12:11.006756+00:00
[2025-03-09T23:12:12.555+0000] {standard_task_runner.py:104} INFO - Running: ['***', 'tasks', 'run', 'spark_gcs_job', 'submit_spark_gcs_job', 'manual__2025-03-09T23:12:11.006756+00:00', '--job-id', '427', '--raw', '--subdir', 'DAGS_FOLDER/gcs_conn_test.py', '--cfg-path', '/tmp/tmpisiuulap']
[2025-03-09T23:12:12.557+0000] {standard_task_runner.py:105} INFO - Job 427: Subtask submit_spark_gcs_job
[2025-03-09T23:12:12.557+0000] {logging_mixin.py:190} WARNING - /home/***/.local/lib/python3.12/site-packages/***/task/task_runner/standard_task_runner.py:70 DeprecationWarning: This process (pid=1095) is multi-threaded, use of fork() may lead to deadlocks in the child.
[2025-03-09T23:12:12.558+0000] {standard_task_runner.py:72} INFO - Started process 1096 to run task
[2025-03-09T23:12:12.602+0000] {task_command.py:467} INFO - Running <TaskInstance: spark_gcs_job.submit_spark_gcs_job manual__2025-03-09T23:12:11.006756+00:00 [running]> on host 27f453beda85
[2025-03-09T23:12:12.722+0000] {taskinstance.py:3132} INFO - Exporting env vars: AIRFLOW_CTX_DAG_OWNER='***' AIRFLOW_CTX_DAG_ID='spark_gcs_job' AIRFLOW_CTX_TASK_ID='submit_spark_gcs_job' AIRFLOW_CTX_EXECUTION_DATE='2025-03-09T23:12:11.006756+00:00' AIRFLOW_CTX_TRY_NUMBER='1' AIRFLOW_CTX_DAG_RUN_ID='manual__2025-03-09T23:12:11.006756+00:00'
[2025-03-09T23:12:12.723+0000] {taskinstance.py:731} INFO - ::endgroup::
[2025-03-09T23:12:12.787+0000] {base.py:84} INFO - Retrieving connection 'spark_default'
[2025-03-09T23:12:12.790+0000] {spark_submit.py:474} INFO - Spark-Submit cmd: spark-submit --master spark://spark:7077 --conf spark.master=spark://spark:7077 --conf spark.executor.memory=2g --conf spark.executor.cores=1 --conf spark.executor.instances=2 --conf spark.hadoop.fs.gs.impl=com.google.cloud.hadoop.fs.gcs.GoogleHadoopFileSystem --conf spark.hadoop.fs.gs.auth.service.account.enable=true --conf spark.hadoop.fs.gs.auth.service.account.json.keyfile=/opt/***/keys/first-key.json --jars /opt/***/jars/gcs-connector-hadoop3-2.2.0.jar --name arrow-spark --verbose --deploy-mode client /opt/***/jobs/gcc_test_job.py
[2025-03-09T23:12:12.971+0000] {spark_submit.py:641} INFO - /home/***/.local/lib/python3.12/site-packages/pyspark/bin/load-spark-env.sh: line 68: ps: command not found
[2025-03-09T23:12:15.955+0000] {spark_submit.py:641} INFO - Using properties file: null
[2025-03-09T23:12:16.096+0000] {spark_submit.py:641} INFO - Parsed arguments:
[2025-03-09T23:12:16.097+0000] {spark_submit.py:641} INFO - master                  spark://spark:7077
[2025-03-09T23:12:16.097+0000] {spark_submit.py:641} INFO - remote                  null
[2025-03-09T23:12:16.097+0000] {spark_submit.py:641} INFO - deployMode              client
[2025-03-09T23:12:16.098+0000] {spark_submit.py:641} INFO - executorMemory          2g
[2025-03-09T23:12:16.098+0000] {spark_submit.py:641} INFO - executorCores           1
[2025-03-09T23:12:16.098+0000] {spark_submit.py:641} INFO - totalExecutorCores      null
[2025-03-09T23:12:16.098+0000] {spark_submit.py:641} INFO - propertiesFile          null
[2025-03-09T23:12:16.099+0000] {spark_submit.py:641} INFO - driverMemory            null
[2025-03-09T23:12:16.099+0000] {spark_submit.py:641} INFO - driverCores             null
[2025-03-09T23:12:16.099+0000] {spark_submit.py:641} INFO - driverExtraClassPath    null
[2025-03-09T23:12:16.099+0000] {spark_submit.py:641} INFO - driverExtraLibraryPath  null
[2025-03-09T23:12:16.099+0000] {spark_submit.py:641} INFO - driverExtraJavaOptions  null
[2025-03-09T23:12:16.100+0000] {spark_submit.py:641} INFO - supervise               false
[2025-03-09T23:12:16.100+0000] {spark_submit.py:641} INFO - queue                   null
[2025-03-09T23:12:16.100+0000] {spark_submit.py:641} INFO - numExecutors            2
[2025-03-09T23:12:16.100+0000] {spark_submit.py:641} INFO - files                   null
[2025-03-09T23:12:16.100+0000] {spark_submit.py:641} INFO - pyFiles                 null
[2025-03-09T23:12:16.101+0000] {spark_submit.py:641} INFO - archives                null
[2025-03-09T23:12:16.101+0000] {spark_submit.py:641} INFO - mainClass               null
[2025-03-09T23:12:16.101+0000] {spark_submit.py:641} INFO - primaryResource         file:/opt/***/jobs/gcc_test_job.py
[2025-03-09T23:12:16.101+0000] {spark_submit.py:641} INFO - name                    arrow-spark
[2025-03-09T23:12:16.102+0000] {spark_submit.py:641} INFO - childArgs               []
[2025-03-09T23:12:16.102+0000] {spark_submit.py:641} INFO - jars                    file:/opt/***/jars/gcs-connector-hadoop3-2.2.0.jar
[2025-03-09T23:12:16.102+0000] {spark_submit.py:641} INFO - packages                null
[2025-03-09T23:12:16.102+0000] {spark_submit.py:641} INFO - packagesExclusions      null
[2025-03-09T23:12:16.103+0000] {spark_submit.py:641} INFO - repositories            null
[2025-03-09T23:12:16.103+0000] {spark_submit.py:641} INFO - verbose                 true
[2025-03-09T23:12:16.103+0000] {spark_submit.py:641} INFO - 
[2025-03-09T23:12:16.103+0000] {spark_submit.py:641} INFO - Spark properties used, including those specified through
[2025-03-09T23:12:16.103+0000] {spark_submit.py:641} INFO - --conf and those from the properties file null:
[2025-03-09T23:12:16.103+0000] {spark_submit.py:641} INFO - (spark.executor.cores,1)
[2025-03-09T23:12:16.104+0000] {spark_submit.py:641} INFO - (spark.executor.instances,2)
[2025-03-09T23:12:16.104+0000] {spark_submit.py:641} INFO - (spark.executor.memory,2g)
[2025-03-09T23:12:16.104+0000] {spark_submit.py:641} INFO - (spark.hadoop.fs.gs.auth.service.account.enable,true)
[2025-03-09T23:12:16.105+0000] {spark_submit.py:641} INFO - (spark.hadoop.fs.gs.auth.service.account.json.keyfile,/opt/***/keys/first-key.json)
[2025-03-09T23:12:16.105+0000] {spark_submit.py:641} INFO - (spark.hadoop.fs.gs.impl,com.google.cloud.hadoop.fs.gcs.GoogleHadoopFileSystem)
[2025-03-09T23:12:16.105+0000] {spark_submit.py:641} INFO - (spark.master,spark://spark:7077)
[2025-03-09T23:12:16.105+0000] {spark_submit.py:641} INFO - 
[2025-03-09T23:12:16.106+0000] {spark_submit.py:641} INFO - 
[2025-03-09T23:12:16.729+0000] {spark_submit.py:641} INFO - 25/03/09 23:12:16 WARN NativeCodeLoader: Unable to load native-hadoop library for your platform... using builtin-java classes where applicable
[2025-03-09T23:12:17.017+0000] {spark_submit.py:641} INFO - Main class:
[2025-03-09T23:12:17.018+0000] {spark_submit.py:641} INFO - org.apache.spark.deploy.PythonRunner
[2025-03-09T23:12:17.019+0000] {spark_submit.py:641} INFO - Arguments:
[2025-03-09T23:12:17.020+0000] {spark_submit.py:641} INFO - file:/opt/***/jobs/gcc_test_job.py
[2025-03-09T23:12:17.020+0000] {spark_submit.py:641} INFO - null
[2025-03-09T23:12:17.028+0000] {spark_submit.py:641} INFO - Spark config:
[2025-03-09T23:12:17.028+0000] {spark_submit.py:641} INFO - (spark.app.name,arrow-spark)
[2025-03-09T23:12:17.028+0000] {spark_submit.py:641} INFO - (spark.app.submitTime,1741561937004)
[2025-03-09T23:12:17.028+0000] {spark_submit.py:641} INFO - (spark.executor.cores,1)
[2025-03-09T23:12:17.029+0000] {spark_submit.py:641} INFO - (spark.executor.instances,2)
[2025-03-09T23:12:17.029+0000] {spark_submit.py:641} INFO - (spark.executor.memory,2g)
[2025-03-09T23:12:17.029+0000] {spark_submit.py:641} INFO - (spark.hadoop.fs.gs.auth.service.account.enable,true)
[2025-03-09T23:12:17.029+0000] {spark_submit.py:641} INFO - (spark.hadoop.fs.gs.auth.service.account.json.keyfile,/opt/***/keys/first-key.json)
[2025-03-09T23:12:17.030+0000] {spark_submit.py:641} INFO - (spark.hadoop.fs.gs.impl,com.google.cloud.hadoop.fs.gcs.GoogleHadoopFileSystem)
[2025-03-09T23:12:17.030+0000] {spark_submit.py:641} INFO - (spark.jars,file:///opt/***/jars/gcs-connector-hadoop3-2.2.0.jar)
[2025-03-09T23:12:17.030+0000] {spark_submit.py:641} INFO - (spark.master,spark://spark:7077)
[2025-03-09T23:12:17.030+0000] {spark_submit.py:641} INFO - (spark.repl.local.jars,file:///opt/***/jars/gcs-connector-hadoop3-2.2.0.jar)
[2025-03-09T23:12:17.030+0000] {spark_submit.py:641} INFO - (spark.submit.deployMode,client)
[2025-03-09T23:12:17.031+0000] {spark_submit.py:641} INFO - (spark.submit.pyFiles,)
[2025-03-09T23:12:17.031+0000] {spark_submit.py:641} INFO - Classpath elements:
[2025-03-09T23:12:17.032+0000] {spark_submit.py:641} INFO - file:///opt/***/jars/gcs-connector-hadoop3-2.2.0.jar
[2025-03-09T23:12:17.032+0000] {spark_submit.py:641} INFO - 
[2025-03-09T23:12:17.033+0000] {spark_submit.py:641} INFO - 
[2025-03-09T23:12:19.406+0000] {spark_submit.py:641} INFO - 25/03/09 23:12:19 INFO SparkContext: Running Spark version 3.5.5
[2025-03-09T23:12:19.407+0000] {spark_submit.py:641} INFO - 25/03/09 23:12:19 INFO SparkContext: OS info Linux, 5.15.167.4-microsoft-standard-WSL2, amd64
[2025-03-09T23:12:19.408+0000] {spark_submit.py:641} INFO - 25/03/09 23:12:19 INFO SparkContext: Java version 17.0.14
[2025-03-09T23:12:19.440+0000] {spark_submit.py:641} INFO - 25/03/09 23:12:19 INFO ResourceUtils: ==============================================================
[2025-03-09T23:12:19.440+0000] {spark_submit.py:641} INFO - 25/03/09 23:12:19 INFO ResourceUtils: No custom resources configured for spark.driver.
[2025-03-09T23:12:19.441+0000] {spark_submit.py:641} INFO - 25/03/09 23:12:19 INFO ResourceUtils: ==============================================================
[2025-03-09T23:12:19.442+0000] {spark_submit.py:641} INFO - 25/03/09 23:12:19 INFO SparkContext: Submitted application: GCSConnectorTest
[2025-03-09T23:12:19.467+0000] {spark_submit.py:641} INFO - 25/03/09 23:12:19 INFO ResourceProfile: Default ResourceProfile created, executor resources: Map(cores -> name: cores, amount: 1, script: , vendor: , memory -> name: memory, amount: 2048, script: , vendor: , offHeap -> name: offHeap, amount: 0, script: , vendor: ), task resources: Map(cpus -> name: cpus, amount: 1.0)
[2025-03-09T23:12:19.476+0000] {spark_submit.py:641} INFO - 25/03/09 23:12:19 INFO ResourceProfile: Limiting resource is cpus at 1 tasks per executor
[2025-03-09T23:12:19.479+0000] {spark_submit.py:641} INFO - 25/03/09 23:12:19 INFO ResourceProfileManager: Added ResourceProfile id: 0
[2025-03-09T23:12:19.614+0000] {spark_submit.py:641} INFO - 25/03/09 23:12:19 INFO SecurityManager: Changing view acls to: ***
[2025-03-09T23:12:19.614+0000] {spark_submit.py:641} INFO - 25/03/09 23:12:19 INFO SecurityManager: Changing modify acls to: ***
[2025-03-09T23:12:19.615+0000] {spark_submit.py:641} INFO - 25/03/09 23:12:19 INFO SecurityManager: Changing view acls groups to:
[2025-03-09T23:12:19.616+0000] {spark_submit.py:641} INFO - 25/03/09 23:12:19 INFO SecurityManager: Changing modify acls groups to:
[2025-03-09T23:12:19.617+0000] {spark_submit.py:641} INFO - 25/03/09 23:12:19 INFO SecurityManager: SecurityManager: authentication disabled; ui acls disabled; users with view permissions: ***; groups with view permissions: EMPTY; users with modify permissions: ***; groups with modify permissions: EMPTY
[2025-03-09T23:12:19.978+0000] {spark_submit.py:641} INFO - 25/03/09 23:12:19 INFO Utils: Successfully started service 'sparkDriver' on port 46191.
[2025-03-09T23:12:20.033+0000] {spark_submit.py:641} INFO - 25/03/09 23:12:20 INFO SparkEnv: Registering MapOutputTracker
[2025-03-09T23:12:20.084+0000] {spark_submit.py:641} INFO - 25/03/09 23:12:20 INFO SparkEnv: Registering BlockManagerMaster
[2025-03-09T23:12:20.113+0000] {spark_submit.py:641} INFO - 25/03/09 23:12:20 INFO BlockManagerMasterEndpoint: Using org.apache.spark.storage.DefaultTopologyMapper for getting topology information
[2025-03-09T23:12:20.115+0000] {spark_submit.py:641} INFO - 25/03/09 23:12:20 INFO BlockManagerMasterEndpoint: BlockManagerMasterEndpoint up
[2025-03-09T23:12:20.122+0000] {spark_submit.py:641} INFO - 25/03/09 23:12:20 INFO SparkEnv: Registering BlockManagerMasterHeartbeat
[2025-03-09T23:12:20.150+0000] {spark_submit.py:641} INFO - 25/03/09 23:12:20 INFO DiskBlockManager: Created local directory at /tmp/blockmgr-0a067348-04b4-496d-91f2-00707e43d7e5
[2025-03-09T23:12:20.166+0000] {spark_submit.py:641} INFO - 25/03/09 23:12:20 INFO MemoryStore: MemoryStore started with capacity 434.4 MiB
[2025-03-09T23:12:20.187+0000] {spark_submit.py:641} INFO - 25/03/09 23:12:20 INFO SparkEnv: Registering OutputCommitCoordinator
[2025-03-09T23:12:20.418+0000] {spark_submit.py:641} INFO - 25/03/09 23:12:20 INFO JettyUtils: Start Jetty 0.0.0.0:4040 for SparkUI
[2025-03-09T23:12:20.519+0000] {spark_submit.py:641} INFO - 25/03/09 23:12:20 INFO Utils: Successfully started service 'SparkUI' on port 4040.
[2025-03-09T23:12:20.593+0000] {spark_submit.py:641} INFO - 25/03/09 23:12:20 INFO SparkContext: Added JAR file:///opt/***/jars/gcs-connector-hadoop3-2.2.0.jar at spark://27f453beda85:46191/jars/gcs-connector-hadoop3-2.2.0.jar with timestamp 1741561939392
[2025-03-09T23:12:20.754+0000] {spark_submit.py:641} INFO - 25/03/09 23:12:20 INFO StandaloneAppClient$ClientEndpoint: Connecting to master spark://spark:7077...
[2025-03-09T23:12:20.825+0000] {spark_submit.py:641} INFO - 25/03/09 23:12:20 INFO TransportClientFactory: Successfully created connection to spark/172.19.0.5:7077 after 32 ms (0 ms spent in bootstraps)
[2025-03-09T23:12:20.953+0000] {spark_submit.py:641} INFO - 25/03/09 23:12:20 INFO StandaloneSchedulerBackend: Connected to Spark cluster with app ID app-20250309231220-0001
[2025-03-09T23:12:20.963+0000] {spark_submit.py:641} INFO - 25/03/09 23:12:20 INFO Utils: Successfully started service 'org.apache.spark.network.netty.NettyBlockTransferService' on port 45699.
[2025-03-09T23:12:20.964+0000] {spark_submit.py:641} INFO - 25/03/09 23:12:20 INFO NettyBlockTransferService: Server created on 27f453beda85:45699
[2025-03-09T23:12:20.966+0000] {spark_submit.py:641} INFO - 25/03/09 23:12:20 INFO BlockManager: Using org.apache.spark.storage.RandomBlockReplicationPolicy for block replication policy
[2025-03-09T23:12:20.975+0000] {spark_submit.py:641} INFO - 25/03/09 23:12:20 INFO BlockManagerMaster: Registering BlockManager BlockManagerId(driver, 27f453beda85, 45699, None)
[2025-03-09T23:12:20.978+0000] {spark_submit.py:641} INFO - 25/03/09 23:12:20 INFO BlockManagerMasterEndpoint: Registering block manager 27f453beda85:45699 with 434.4 MiB RAM, BlockManagerId(driver, 27f453beda85, 45699, None)
[2025-03-09T23:12:20.981+0000] {spark_submit.py:641} INFO - 25/03/09 23:12:20 INFO BlockManagerMaster: Registered BlockManager BlockManagerId(driver, 27f453beda85, 45699, None)
[2025-03-09T23:12:20.982+0000] {spark_submit.py:641} INFO - 25/03/09 23:12:20 INFO BlockManager: Initialized BlockManager: BlockManagerId(driver, 27f453beda85, 45699, None)
[2025-03-09T23:12:21.231+0000] {spark_submit.py:641} INFO - 25/03/09 23:12:21 INFO StandaloneSchedulerBackend: SchedulerBackend is ready for scheduling beginning after reached minRegisteredResourcesRatio: 0.0
[2025-03-09T23:12:21.539+0000] {spark_submit.py:641} INFO - 25/03/09 23:12:21 INFO SharedState: Setting hive.metastore.warehouse.dir ('null') to the value of spark.sql.warehouse.dir.
[2025-03-09T23:12:21.542+0000] {spark_submit.py:641} INFO - 25/03/09 23:12:21 INFO SharedState: Warehouse path is 'file:/opt/***/spark-warehouse'.
[2025-03-09T23:12:25.192+0000] {spark_submit.py:641} INFO - 25/03/09 23:12:25 INFO InMemoryFileIndex: It took 155 ms to list leaf files for 1 paths.
[2025-03-09T23:12:25.456+0000] {spark_submit.py:641} INFO - 25/03/09 23:12:25 INFO InMemoryFileIndex: It took 86 ms to list leaf files for 1 paths.
[2025-03-09T23:12:28.339+0000] {spark_submit.py:641} INFO - 25/03/09 23:12:28 INFO FileSourceStrategy: Pushed Filters:
[2025-03-09T23:12:28.343+0000] {spark_submit.py:641} INFO - 25/03/09 23:12:28 INFO FileSourceStrategy: Post-Scan Filters: (length(trim(value#0, None)) > 0)
[2025-03-09T23:12:29.003+0000] {spark_submit.py:641} INFO - 25/03/09 23:12:29 INFO CodeGenerator: Code generated in 258.560083 ms
[2025-03-09T23:12:29.064+0000] {spark_submit.py:641} INFO - 25/03/09 23:12:29 INFO MemoryStore: Block broadcast_0 stored as values in memory (estimated size 201.4 KiB, free 434.2 MiB)
[2025-03-09T23:12:29.157+0000] {spark_submit.py:641} INFO - 25/03/09 23:12:29 INFO MemoryStore: Block broadcast_0_piece0 stored as bytes in memory (estimated size 34.9 KiB, free 434.2 MiB)
[2025-03-09T23:12:29.169+0000] {spark_submit.py:641} INFO - 25/03/09 23:12:29 INFO BlockManagerInfo: Added broadcast_0_piece0 in memory on 27f453beda85:45699 (size: 34.9 KiB, free: 434.4 MiB)
[2025-03-09T23:12:29.319+0000] {spark_submit.py:641} INFO - 25/03/09 23:12:29 INFO SparkContext: Created broadcast 0 from csv at NativeMethodAccessorImpl.java:0
[2025-03-09T23:12:29.336+0000] {spark_submit.py:641} INFO - 25/03/09 23:12:29 INFO FileSourceScanExec: Planning scan with bin packing, max size: 4838318 bytes, open cost is considered as scanning 4194304 bytes.
[2025-03-09T23:12:29.438+0000] {spark_submit.py:641} INFO - 25/03/09 23:12:29 INFO SparkContext: Starting job: csv at NativeMethodAccessorImpl.java:0
[2025-03-09T23:12:29.456+0000] {spark_submit.py:641} INFO - 25/03/09 23:12:29 INFO DAGScheduler: Got job 0 (csv at NativeMethodAccessorImpl.java:0) with 1 output partitions
[2025-03-09T23:12:29.457+0000] {spark_submit.py:641} INFO - 25/03/09 23:12:29 INFO DAGScheduler: Final stage: ResultStage 0 (csv at NativeMethodAccessorImpl.java:0)
[2025-03-09T23:12:29.457+0000] {spark_submit.py:641} INFO - 25/03/09 23:12:29 INFO DAGScheduler: Parents of final stage: List()
[2025-03-09T23:12:29.458+0000] {spark_submit.py:641} INFO - 25/03/09 23:12:29 INFO DAGScheduler: Missing parents: List()
[2025-03-09T23:12:29.465+0000] {spark_submit.py:641} INFO - 25/03/09 23:12:29 INFO DAGScheduler: Submitting ResultStage 0 (MapPartitionsRDD[3] at csv at NativeMethodAccessorImpl.java:0), which has no missing parents
[2025-03-09T23:12:29.637+0000] {spark_submit.py:641} INFO - 25/03/09 23:12:29 INFO MemoryStore: Block broadcast_1 stored as values in memory (estimated size 13.5 KiB, free 434.2 MiB)
[2025-03-09T23:12:29.667+0000] {spark_submit.py:641} INFO - 25/03/09 23:12:29 INFO MemoryStore: Block broadcast_1_piece0 stored as bytes in memory (estimated size 6.4 KiB, free 434.1 MiB)
[2025-03-09T23:12:29.668+0000] {spark_submit.py:641} INFO - 25/03/09 23:12:29 INFO BlockManagerInfo: Added broadcast_1_piece0 in memory on 27f453beda85:45699 (size: 6.4 KiB, free: 434.4 MiB)
[2025-03-09T23:12:29.689+0000] {spark_submit.py:641} INFO - 25/03/09 23:12:29 INFO SparkContext: Created broadcast 1 from broadcast at DAGScheduler.scala:1585
[2025-03-09T23:12:29.838+0000] {spark_submit.py:641} INFO - 25/03/09 23:12:29 INFO DAGScheduler: Submitting 1 missing tasks from ResultStage 0 (MapPartitionsRDD[3] at csv at NativeMethodAccessorImpl.java:0) (first 15 tasks are for partitions Vector(0))
[2025-03-09T23:12:29.839+0000] {spark_submit.py:641} INFO - 25/03/09 23:12:29 INFO TaskSchedulerImpl: Adding task set 0.0 with 1 tasks resource profile 0
[2025-03-09T23:12:44.902+0000] {spark_submit.py:641} INFO - 25/03/09 23:12:44 WARN TaskSchedulerImpl: Initial job has not accepted any resources; check your cluster UI to ensure that workers are registered and have sufficient resources
[2025-03-09T23:12:59.900+0000] {spark_submit.py:641} INFO - 25/03/09 23:12:59 WARN TaskSchedulerImpl: Initial job has not accepted any resources; check your cluster UI to ensure that workers are registered and have sufficient resources
[2025-03-09T23:13:14.901+0000] {spark_submit.py:641} INFO - 25/03/09 23:13:14 WARN TaskSchedulerImpl: Initial job has not accepted any resources; check your cluster UI to ensure that workers are registered and have sufficient resources
[2025-03-09T23:13:28.279+0000] {local_task_job_runner.py:346} WARNING - State of this instance has been externally set to failed. Terminating instance.
[2025-03-09T23:13:28.280+0000] {local_task_job_runner.py:245} INFO - ::endgroup::
[2025-03-09T23:13:28.285+0000] {process_utils.py:132} INFO - Sending 15 to group 1096. PIDs of all processes in the group: [1098, 1149, 1096]
[2025-03-09T23:13:28.285+0000] {process_utils.py:87} INFO - Sending the signal 15 to group 1096
[2025-03-09T23:13:28.286+0000] {taskinstance.py:3093} ERROR - Received SIGTERM. Terminating subprocesses.
[2025-03-09T23:13:28.286+0000] {spark_submit.py:767} INFO - Sending kill signal to spark-submit
[2025-03-09T23:13:28.315+0000] {taskinstance.py:340} INFO - ::group::Post task execution logs
[2025-03-09T23:13:28.350+0000] {process_utils.py:80} INFO - Process psutil.Process(pid=1098, status='terminated', started='23:12:12') (1098) terminated with exit code None
[2025-03-09T23:13:28.352+0000] {process_utils.py:80} INFO - Process psutil.Process(pid=1096, status='terminated', exitcode=0, started='23:12:12') (1096) terminated with exit code 0
[2025-03-09T23:13:28.352+0000] {process_utils.py:80} INFO - Process psutil.Process(pid=1149, status='terminated', started='23:12:16') (1149) terminated with exit code None
