[2025-03-09T23:24:45.459+0000] {local_task_job_runner.py:123} INFO - ::group::Pre task execution logs
[2025-03-09T23:24:45.484+0000] {taskinstance.py:2613} INFO - Dependencies all met for dep_context=non-requeueable deps ti=<TaskInstance: spark_gcs_job.submit_spark_gcs_job manual__2025-03-09T23:24:44.627192+00:00 [queued]>
[2025-03-09T23:24:45.500+0000] {taskinstance.py:2613} INFO - Dependencies all met for dep_context=requeueable deps ti=<TaskInstance: spark_gcs_job.submit_spark_gcs_job manual__2025-03-09T23:24:44.627192+00:00 [queued]>
[2025-03-09T23:24:45.500+0000] {taskinstance.py:2866} INFO - Starting attempt 1 of 2
[2025-03-09T23:24:45.515+0000] {taskinstance.py:2889} INFO - Executing <Task(SparkSubmitOperator): submit_spark_gcs_job> on 2025-03-09 23:24:44.627192+00:00
[2025-03-09T23:24:45.529+0000] {standard_task_runner.py:104} INFO - Running: ['***', 'tasks', 'run', 'spark_gcs_job', 'submit_spark_gcs_job', 'manual__2025-03-09T23:24:44.627192+00:00', '--job-id', '428', '--raw', '--subdir', 'DAGS_FOLDER/gcs_conn_test.py', '--cfg-path', '/tmp/tmp_o7guee3']
[2025-03-09T23:24:45.536+0000] {standard_task_runner.py:105} INFO - Job 428: Subtask submit_spark_gcs_job
[2025-03-09T23:24:45.537+0000] {logging_mixin.py:190} WARNING - /home/***/.local/lib/python3.12/site-packages/***/task/task_runner/standard_task_runner.py:70 DeprecationWarning: This process (pid=1459) is multi-threaded, use of fork() may lead to deadlocks in the child.
[2025-03-09T23:24:45.537+0000] {standard_task_runner.py:72} INFO - Started process 1460 to run task
[2025-03-09T23:24:45.593+0000] {task_command.py:467} INFO - Running <TaskInstance: spark_gcs_job.submit_spark_gcs_job manual__2025-03-09T23:24:44.627192+00:00 [running]> on host 27f453beda85
[2025-03-09T23:24:45.874+0000] {taskinstance.py:3132} INFO - Exporting env vars: AIRFLOW_CTX_DAG_OWNER='***' AIRFLOW_CTX_DAG_ID='spark_gcs_job' AIRFLOW_CTX_TASK_ID='submit_spark_gcs_job' AIRFLOW_CTX_EXECUTION_DATE='2025-03-09T23:24:44.627192+00:00' AIRFLOW_CTX_TRY_NUMBER='1' AIRFLOW_CTX_DAG_RUN_ID='manual__2025-03-09T23:24:44.627192+00:00'
[2025-03-09T23:24:45.876+0000] {taskinstance.py:731} INFO - ::endgroup::
[2025-03-09T23:24:45.945+0000] {base.py:84} INFO - Retrieving connection 'spark_default'
[2025-03-09T23:24:45.947+0000] {spark_submit.py:474} INFO - Spark-Submit cmd: spark-submit --master spark://spark:7077 --conf spark.master=spark://spark:7077 --conf spark.executor.memory=2g --conf spark.executor.cores=1 --conf spark.executor.instances=2 --conf spark.hadoop.fs.gs.impl=com.google.cloud.hadoop.fs.gcs.GoogleHadoopFileSystem --conf spark.hadoop.fs.gs.auth.service.account.enable=true --conf spark.hadoop.fs.gs.auth.service.account.json.keyfile=/opt/***/keys/first-key.json --jars /opt/***/jars/gcs-connector-hadoop3-2.2.0.jar --name arrow-spark --verbose --deploy-mode client /opt/***/jobs/gcc_test_job.py
[2025-03-09T23:24:46.133+0000] {spark_submit.py:641} INFO - /home/***/.local/lib/python3.12/site-packages/pyspark/bin/load-spark-env.sh: line 68: ps: command not found
[2025-03-09T23:24:49.700+0000] {spark_submit.py:641} INFO - Using properties file: null
[2025-03-09T23:24:49.855+0000] {spark_submit.py:641} INFO - Parsed arguments:
[2025-03-09T23:24:49.856+0000] {spark_submit.py:641} INFO - master                  spark://spark:7077
[2025-03-09T23:24:49.856+0000] {spark_submit.py:641} INFO - remote                  null
[2025-03-09T23:24:49.856+0000] {spark_submit.py:641} INFO - deployMode              client
[2025-03-09T23:24:49.856+0000] {spark_submit.py:641} INFO - executorMemory          2g
[2025-03-09T23:24:49.856+0000] {spark_submit.py:641} INFO - executorCores           1
[2025-03-09T23:24:49.856+0000] {spark_submit.py:641} INFO - totalExecutorCores      null
[2025-03-09T23:24:49.857+0000] {spark_submit.py:641} INFO - propertiesFile          null
[2025-03-09T23:24:49.857+0000] {spark_submit.py:641} INFO - driverMemory            null
[2025-03-09T23:24:49.857+0000] {spark_submit.py:641} INFO - driverCores             null
[2025-03-09T23:24:49.857+0000] {spark_submit.py:641} INFO - driverExtraClassPath    null
[2025-03-09T23:24:49.857+0000] {spark_submit.py:641} INFO - driverExtraLibraryPath  null
[2025-03-09T23:24:49.857+0000] {spark_submit.py:641} INFO - driverExtraJavaOptions  null
[2025-03-09T23:24:49.857+0000] {spark_submit.py:641} INFO - supervise               false
[2025-03-09T23:24:49.857+0000] {spark_submit.py:641} INFO - queue                   null
[2025-03-09T23:24:49.857+0000] {spark_submit.py:641} INFO - numExecutors            2
[2025-03-09T23:24:49.858+0000] {spark_submit.py:641} INFO - files                   null
[2025-03-09T23:24:49.858+0000] {spark_submit.py:641} INFO - pyFiles                 null
[2025-03-09T23:24:49.858+0000] {spark_submit.py:641} INFO - archives                null
[2025-03-09T23:24:49.858+0000] {spark_submit.py:641} INFO - mainClass               null
[2025-03-09T23:24:49.858+0000] {spark_submit.py:641} INFO - primaryResource         file:/opt/***/jobs/gcc_test_job.py
[2025-03-09T23:24:49.858+0000] {spark_submit.py:641} INFO - name                    arrow-spark
[2025-03-09T23:24:49.858+0000] {spark_submit.py:641} INFO - childArgs               []
[2025-03-09T23:24:49.859+0000] {spark_submit.py:641} INFO - jars                    file:/opt/***/jars/gcs-connector-hadoop3-2.2.0.jar
[2025-03-09T23:24:49.859+0000] {spark_submit.py:641} INFO - packages                null
[2025-03-09T23:24:49.859+0000] {spark_submit.py:641} INFO - packagesExclusions      null
[2025-03-09T23:24:49.859+0000] {spark_submit.py:641} INFO - repositories            null
[2025-03-09T23:24:49.859+0000] {spark_submit.py:641} INFO - verbose                 true
[2025-03-09T23:24:49.859+0000] {spark_submit.py:641} INFO - 
[2025-03-09T23:24:49.859+0000] {spark_submit.py:641} INFO - Spark properties used, including those specified through
[2025-03-09T23:24:49.860+0000] {spark_submit.py:641} INFO - --conf and those from the properties file null:
[2025-03-09T23:24:49.860+0000] {spark_submit.py:641} INFO - (spark.executor.cores,1)
[2025-03-09T23:24:49.860+0000] {spark_submit.py:641} INFO - (spark.executor.instances,2)
[2025-03-09T23:24:49.860+0000] {spark_submit.py:641} INFO - (spark.executor.memory,2g)
[2025-03-09T23:24:49.860+0000] {spark_submit.py:641} INFO - (spark.hadoop.fs.gs.auth.service.account.enable,true)
[2025-03-09T23:24:49.860+0000] {spark_submit.py:641} INFO - (spark.hadoop.fs.gs.auth.service.account.json.keyfile,/opt/***/keys/first-key.json)
[2025-03-09T23:24:49.860+0000] {spark_submit.py:641} INFO - (spark.hadoop.fs.gs.impl,com.google.cloud.hadoop.fs.gcs.GoogleHadoopFileSystem)
[2025-03-09T23:24:49.860+0000] {spark_submit.py:641} INFO - (spark.master,spark://spark:7077)
[2025-03-09T23:24:49.861+0000] {spark_submit.py:641} INFO - 
[2025-03-09T23:24:49.861+0000] {spark_submit.py:641} INFO - 
[2025-03-09T23:24:50.753+0000] {spark_submit.py:641} INFO - 25/03/09 23:24:50 WARN NativeCodeLoader: Unable to load native-hadoop library for your platform... using builtin-java classes where applicable
[2025-03-09T23:24:51.007+0000] {spark_submit.py:641} INFO - Main class:
[2025-03-09T23:24:51.008+0000] {spark_submit.py:641} INFO - org.apache.spark.deploy.PythonRunner
[2025-03-09T23:24:51.008+0000] {spark_submit.py:641} INFO - Arguments:
[2025-03-09T23:24:51.009+0000] {spark_submit.py:641} INFO - file:/opt/***/jobs/gcc_test_job.py
[2025-03-09T23:24:51.009+0000] {spark_submit.py:641} INFO - null
[2025-03-09T23:24:51.011+0000] {spark_submit.py:641} INFO - Spark config:
[2025-03-09T23:24:51.011+0000] {spark_submit.py:641} INFO - (spark.app.name,arrow-spark)
[2025-03-09T23:24:51.011+0000] {spark_submit.py:641} INFO - (spark.app.submitTime,1741562690992)
[2025-03-09T23:24:51.012+0000] {spark_submit.py:641} INFO - (spark.executor.cores,1)
[2025-03-09T23:24:51.012+0000] {spark_submit.py:641} INFO - (spark.executor.instances,2)
[2025-03-09T23:24:51.012+0000] {spark_submit.py:641} INFO - (spark.executor.memory,2g)
[2025-03-09T23:24:51.012+0000] {spark_submit.py:641} INFO - (spark.hadoop.fs.gs.auth.service.account.enable,true)
[2025-03-09T23:24:51.012+0000] {spark_submit.py:641} INFO - (spark.hadoop.fs.gs.auth.service.account.json.keyfile,/opt/***/keys/first-key.json)
[2025-03-09T23:24:51.012+0000] {spark_submit.py:641} INFO - (spark.hadoop.fs.gs.impl,com.google.cloud.hadoop.fs.gcs.GoogleHadoopFileSystem)
[2025-03-09T23:24:51.012+0000] {spark_submit.py:641} INFO - (spark.jars,file:///opt/***/jars/gcs-connector-hadoop3-2.2.0.jar)
[2025-03-09T23:24:51.012+0000] {spark_submit.py:641} INFO - (spark.master,spark://spark:7077)
[2025-03-09T23:24:51.013+0000] {spark_submit.py:641} INFO - (spark.repl.local.jars,file:///opt/***/jars/gcs-connector-hadoop3-2.2.0.jar)
[2025-03-09T23:24:51.013+0000] {spark_submit.py:641} INFO - (spark.submit.deployMode,client)
[2025-03-09T23:24:51.013+0000] {spark_submit.py:641} INFO - (spark.submit.pyFiles,)
[2025-03-09T23:24:51.013+0000] {spark_submit.py:641} INFO - Classpath elements:
[2025-03-09T23:24:51.013+0000] {spark_submit.py:641} INFO - file:///opt/***/jars/gcs-connector-hadoop3-2.2.0.jar
[2025-03-09T23:24:51.013+0000] {spark_submit.py:641} INFO - 
[2025-03-09T23:24:51.013+0000] {spark_submit.py:641} INFO - 
[2025-03-09T23:24:53.015+0000] {spark_submit.py:641} INFO - 25/03/09 23:24:53 INFO SparkContext: Running Spark version 3.5.5
[2025-03-09T23:24:53.016+0000] {spark_submit.py:641} INFO - 25/03/09 23:24:53 INFO SparkContext: OS info Linux, 5.15.167.4-microsoft-standard-WSL2, amd64
[2025-03-09T23:24:53.016+0000] {spark_submit.py:641} INFO - 25/03/09 23:24:53 INFO SparkContext: Java version 17.0.14
[2025-03-09T23:24:53.101+0000] {spark_submit.py:641} INFO - 25/03/09 23:24:53 INFO ResourceUtils: ==============================================================
[2025-03-09T23:24:53.101+0000] {spark_submit.py:641} INFO - 25/03/09 23:24:53 INFO ResourceUtils: No custom resources configured for spark.driver.
[2025-03-09T23:24:53.102+0000] {spark_submit.py:641} INFO - 25/03/09 23:24:53 INFO ResourceUtils: ==============================================================
[2025-03-09T23:24:53.102+0000] {spark_submit.py:641} INFO - 25/03/09 23:24:53 INFO SparkContext: Submitted application: GCSConnectorTest
[2025-03-09T23:24:53.127+0000] {spark_submit.py:641} INFO - 25/03/09 23:24:53 INFO ResourceProfile: Default ResourceProfile created, executor resources: Map(cores -> name: cores, amount: 1, script: , vendor: , memory -> name: memory, amount: 2048, script: , vendor: , offHeap -> name: offHeap, amount: 0, script: , vendor: ), task resources: Map(cpus -> name: cpus, amount: 1.0)
[2025-03-09T23:24:53.135+0000] {spark_submit.py:641} INFO - 25/03/09 23:24:53 INFO ResourceProfile: Limiting resource is cpus at 1 tasks per executor
[2025-03-09T23:24:53.137+0000] {spark_submit.py:641} INFO - 25/03/09 23:24:53 INFO ResourceProfileManager: Added ResourceProfile id: 0
[2025-03-09T23:24:53.236+0000] {spark_submit.py:641} INFO - 25/03/09 23:24:53 INFO SecurityManager: Changing view acls to: ***
[2025-03-09T23:24:53.239+0000] {spark_submit.py:641} INFO - 25/03/09 23:24:53 INFO SecurityManager: Changing modify acls to: ***
[2025-03-09T23:24:53.240+0000] {spark_submit.py:641} INFO - 25/03/09 23:24:53 INFO SecurityManager: Changing view acls groups to:
[2025-03-09T23:24:53.241+0000] {spark_submit.py:641} INFO - 25/03/09 23:24:53 INFO SecurityManager: Changing modify acls groups to:
[2025-03-09T23:24:53.242+0000] {spark_submit.py:641} INFO - 25/03/09 23:24:53 INFO SecurityManager: SecurityManager: authentication disabled; ui acls disabled; users with view permissions: ***; groups with view permissions: EMPTY; users with modify permissions: ***; groups with modify permissions: EMPTY
[2025-03-09T23:24:53.566+0000] {spark_submit.py:641} INFO - 25/03/09 23:24:53 INFO Utils: Successfully started service 'sparkDriver' on port 42453.
[2025-03-09T23:24:53.643+0000] {spark_submit.py:641} INFO - 25/03/09 23:24:53 INFO SparkEnv: Registering MapOutputTracker
[2025-03-09T23:24:53.691+0000] {spark_submit.py:641} INFO - 25/03/09 23:24:53 INFO SparkEnv: Registering BlockManagerMaster
[2025-03-09T23:24:53.722+0000] {spark_submit.py:641} INFO - 25/03/09 23:24:53 INFO BlockManagerMasterEndpoint: Using org.apache.spark.storage.DefaultTopologyMapper for getting topology information
[2025-03-09T23:24:53.723+0000] {spark_submit.py:641} INFO - 25/03/09 23:24:53 INFO BlockManagerMasterEndpoint: BlockManagerMasterEndpoint up
[2025-03-09T23:24:53.729+0000] {spark_submit.py:641} INFO - 25/03/09 23:24:53 INFO SparkEnv: Registering BlockManagerMasterHeartbeat
[2025-03-09T23:24:53.779+0000] {spark_submit.py:641} INFO - 25/03/09 23:24:53 INFO DiskBlockManager: Created local directory at /tmp/blockmgr-129deeba-7bb6-4458-9b29-5ac44de3a6a3
[2025-03-09T23:24:53.798+0000] {spark_submit.py:641} INFO - 25/03/09 23:24:53 INFO MemoryStore: MemoryStore started with capacity 434.4 MiB
[2025-03-09T23:24:53.829+0000] {spark_submit.py:641} INFO - 25/03/09 23:24:53 INFO SparkEnv: Registering OutputCommitCoordinator
[2025-03-09T23:24:54.169+0000] {spark_submit.py:641} INFO - 25/03/09 23:24:54 INFO JettyUtils: Start Jetty 0.0.0.0:4040 for SparkUI
[2025-03-09T23:24:54.325+0000] {spark_submit.py:641} INFO - 25/03/09 23:24:54 INFO Utils: Successfully started service 'SparkUI' on port 4040.
[2025-03-09T23:24:54.379+0000] {spark_submit.py:641} INFO - 25/03/09 23:24:54 INFO SparkContext: Added JAR file:///opt/***/jars/gcs-connector-hadoop3-2.2.0.jar at spark://27f453beda85:42453/jars/gcs-connector-hadoop3-2.2.0.jar with timestamp 1741562692873
[2025-03-09T23:24:54.570+0000] {spark_submit.py:641} INFO - 25/03/09 23:24:54 INFO StandaloneAppClient$ClientEndpoint: Connecting to master spark://spark:7077...
[2025-03-09T23:24:54.635+0000] {spark_submit.py:641} INFO - 25/03/09 23:24:54 INFO TransportClientFactory: Successfully created connection to spark/172.19.0.5:7077 after 30 ms (0 ms spent in bootstraps)
[2025-03-09T23:24:55.054+0000] {spark_submit.py:641} INFO - 25/03/09 23:24:55 INFO StandaloneSchedulerBackend: Connected to Spark cluster with app ID app-20250309232454-0000
[2025-03-09T23:24:55.086+0000] {spark_submit.py:641} INFO - 25/03/09 23:24:55 INFO Utils: Successfully started service 'org.apache.spark.network.netty.NettyBlockTransferService' on port 45029.
[2025-03-09T23:24:55.092+0000] {spark_submit.py:641} INFO - 25/03/09 23:24:55 INFO NettyBlockTransferService: Server created on 27f453beda85:45029
[2025-03-09T23:24:55.101+0000] {spark_submit.py:641} INFO - 25/03/09 23:24:55 INFO BlockManager: Using org.apache.spark.storage.RandomBlockReplicationPolicy for block replication policy
[2025-03-09T23:24:55.133+0000] {spark_submit.py:641} INFO - 25/03/09 23:24:55 INFO BlockManagerMaster: Registering BlockManager BlockManagerId(driver, 27f453beda85, 45029, None)
[2025-03-09T23:24:55.137+0000] {spark_submit.py:641} INFO - 25/03/09 23:24:55 INFO BlockManagerMasterEndpoint: Registering block manager 27f453beda85:45029 with 434.4 MiB RAM, BlockManagerId(driver, 27f453beda85, 45029, None)
[2025-03-09T23:24:55.147+0000] {spark_submit.py:641} INFO - 25/03/09 23:24:55 INFO BlockManagerMaster: Registered BlockManager BlockManagerId(driver, 27f453beda85, 45029, None)
[2025-03-09T23:24:55.147+0000] {spark_submit.py:641} INFO - 25/03/09 23:24:55 INFO BlockManager: Initialized BlockManager: BlockManagerId(driver, 27f453beda85, 45029, None)
[2025-03-09T23:24:55.555+0000] {spark_submit.py:641} INFO - 25/03/09 23:24:55 INFO StandaloneSchedulerBackend: SchedulerBackend is ready for scheduling beginning after reached minRegisteredResourcesRatio: 0.0
[2025-03-09T23:24:55.787+0000] {spark_submit.py:641} INFO - 25/03/09 23:24:55 INFO SharedState: Setting hive.metastore.warehouse.dir ('null') to the value of spark.sql.warehouse.dir.
[2025-03-09T23:24:55.789+0000] {spark_submit.py:641} INFO - 25/03/09 23:24:55 INFO SharedState: Warehouse path is 'file:/opt/***/spark-warehouse'.
[2025-03-09T23:24:59.651+0000] {spark_submit.py:641} INFO - 25/03/09 23:24:59 INFO InMemoryFileIndex: It took 137 ms to list leaf files for 1 paths.
[2025-03-09T23:25:00.012+0000] {spark_submit.py:641} INFO - 25/03/09 23:25:00 INFO InMemoryFileIndex: It took 182 ms to list leaf files for 1 paths.
[2025-03-09T23:25:03.549+0000] {spark_submit.py:641} INFO - 25/03/09 23:25:03 INFO FileSourceStrategy: Pushed Filters:
[2025-03-09T23:25:03.552+0000] {spark_submit.py:641} INFO - 25/03/09 23:25:03 INFO FileSourceStrategy: Post-Scan Filters: (length(trim(value#0, None)) > 0)
[2025-03-09T23:25:04.234+0000] {spark_submit.py:641} INFO - 25/03/09 23:25:04 INFO CodeGenerator: Code generated in 262.129802 ms
[2025-03-09T23:25:04.287+0000] {spark_submit.py:641} INFO - 25/03/09 23:25:04 INFO MemoryStore: Block broadcast_0 stored as values in memory (estimated size 201.4 KiB, free 434.2 MiB)
[2025-03-09T23:25:04.354+0000] {spark_submit.py:641} INFO - 25/03/09 23:25:04 INFO MemoryStore: Block broadcast_0_piece0 stored as bytes in memory (estimated size 34.9 KiB, free 434.2 MiB)
[2025-03-09T23:25:04.357+0000] {spark_submit.py:641} INFO - 25/03/09 23:25:04 INFO BlockManagerInfo: Added broadcast_0_piece0 in memory on 27f453beda85:45029 (size: 34.9 KiB, free: 434.4 MiB)
[2025-03-09T23:25:04.364+0000] {spark_submit.py:641} INFO - 25/03/09 23:25:04 INFO SparkContext: Created broadcast 0 from csv at NativeMethodAccessorImpl.java:0
[2025-03-09T23:25:04.390+0000] {spark_submit.py:641} INFO - 25/03/09 23:25:04 INFO FileSourceScanExec: Planning scan with bin packing, max size: 4838318 bytes, open cost is considered as scanning 4194304 bytes.
[2025-03-09T23:25:04.488+0000] {spark_submit.py:641} INFO - 25/03/09 23:25:04 INFO SparkContext: Starting job: csv at NativeMethodAccessorImpl.java:0
[2025-03-09T23:25:04.504+0000] {spark_submit.py:641} INFO - 25/03/09 23:25:04 INFO DAGScheduler: Got job 0 (csv at NativeMethodAccessorImpl.java:0) with 1 output partitions
[2025-03-09T23:25:04.505+0000] {spark_submit.py:641} INFO - 25/03/09 23:25:04 INFO DAGScheduler: Final stage: ResultStage 0 (csv at NativeMethodAccessorImpl.java:0)
[2025-03-09T23:25:04.505+0000] {spark_submit.py:641} INFO - 25/03/09 23:25:04 INFO DAGScheduler: Parents of final stage: List()
[2025-03-09T23:25:04.506+0000] {spark_submit.py:641} INFO - 25/03/09 23:25:04 INFO DAGScheduler: Missing parents: List()
[2025-03-09T23:25:04.509+0000] {spark_submit.py:641} INFO - 25/03/09 23:25:04 INFO DAGScheduler: Submitting ResultStage 0 (MapPartitionsRDD[3] at csv at NativeMethodAccessorImpl.java:0), which has no missing parents
[2025-03-09T23:25:04.590+0000] {spark_submit.py:641} INFO - 25/03/09 23:25:04 INFO MemoryStore: Block broadcast_1 stored as values in memory (estimated size 13.5 KiB, free 434.2 MiB)
[2025-03-09T23:25:04.605+0000] {spark_submit.py:641} INFO - 25/03/09 23:25:04 INFO MemoryStore: Block broadcast_1_piece0 stored as bytes in memory (estimated size 6.4 KiB, free 434.1 MiB)
[2025-03-09T23:25:04.610+0000] {spark_submit.py:641} INFO - 25/03/09 23:25:04 INFO BlockManagerInfo: Added broadcast_1_piece0 in memory on 27f453beda85:45029 (size: 6.4 KiB, free: 434.4 MiB)
[2025-03-09T23:25:04.613+0000] {spark_submit.py:641} INFO - 25/03/09 23:25:04 INFO SparkContext: Created broadcast 1 from broadcast at DAGScheduler.scala:1585
[2025-03-09T23:25:04.630+0000] {spark_submit.py:641} INFO - 25/03/09 23:25:04 INFO DAGScheduler: Submitting 1 missing tasks from ResultStage 0 (MapPartitionsRDD[3] at csv at NativeMethodAccessorImpl.java:0) (first 15 tasks are for partitions Vector(0))
[2025-03-09T23:25:04.631+0000] {spark_submit.py:641} INFO - 25/03/09 23:25:04 INFO TaskSchedulerImpl: Adding task set 0.0 with 1 tasks resource profile 0
[2025-03-09T23:25:19.643+0000] {spark_submit.py:641} INFO - 25/03/09 23:25:19 WARN TaskSchedulerImpl: Initial job has not accepted any resources; check your cluster UI to ensure that workers are registered and have sufficient resources
[2025-03-09T23:25:34.643+0000] {spark_submit.py:641} INFO - 25/03/09 23:25:34 WARN TaskSchedulerImpl: Initial job has not accepted any resources; check your cluster UI to ensure that workers are registered and have sufficient resources
[2025-03-09T23:25:49.643+0000] {spark_submit.py:641} INFO - 25/03/09 23:25:49 WARN TaskSchedulerImpl: Initial job has not accepted any resources; check your cluster UI to ensure that workers are registered and have sufficient resources
[2025-03-09T23:26:04.643+0000] {spark_submit.py:641} INFO - 25/03/09 23:26:04 WARN TaskSchedulerImpl: Initial job has not accepted any resources; check your cluster UI to ensure that workers are registered and have sufficient resources
[2025-03-09T23:26:19.643+0000] {spark_submit.py:641} INFO - 25/03/09 23:26:19 WARN TaskSchedulerImpl: Initial job has not accepted any resources; check your cluster UI to ensure that workers are registered and have sufficient resources
[2025-03-09T23:26:34.643+0000] {spark_submit.py:641} INFO - 25/03/09 23:26:34 WARN TaskSchedulerImpl: Initial job has not accepted any resources; check your cluster UI to ensure that workers are registered and have sufficient resources
[2025-03-09T23:26:49.643+0000] {spark_submit.py:641} INFO - 25/03/09 23:26:49 WARN TaskSchedulerImpl: Initial job has not accepted any resources; check your cluster UI to ensure that workers are registered and have sufficient resources
[2025-03-09T23:27:04.643+0000] {spark_submit.py:641} INFO - 25/03/09 23:27:04 WARN TaskSchedulerImpl: Initial job has not accepted any resources; check your cluster UI to ensure that workers are registered and have sufficient resources
[2025-03-09T23:27:19.643+0000] {spark_submit.py:641} INFO - 25/03/09 23:27:19 WARN TaskSchedulerImpl: Initial job has not accepted any resources; check your cluster UI to ensure that workers are registered and have sufficient resources
[2025-03-09T23:27:34.645+0000] {spark_submit.py:641} INFO - 25/03/09 23:27:34 WARN TaskSchedulerImpl: Initial job has not accepted any resources; check your cluster UI to ensure that workers are registered and have sufficient resources
[2025-03-09T23:27:49.644+0000] {spark_submit.py:641} INFO - 25/03/09 23:27:49 WARN TaskSchedulerImpl: Initial job has not accepted any resources; check your cluster UI to ensure that workers are registered and have sufficient resources
[2025-03-09T23:28:04.644+0000] {spark_submit.py:641} INFO - 25/03/09 23:28:04 WARN TaskSchedulerImpl: Initial job has not accepted any resources; check your cluster UI to ensure that workers are registered and have sufficient resources
[2025-03-09T23:28:19.644+0000] {spark_submit.py:641} INFO - 25/03/09 23:28:19 WARN TaskSchedulerImpl: Initial job has not accepted any resources; check your cluster UI to ensure that workers are registered and have sufficient resources
[2025-03-09T23:28:34.643+0000] {spark_submit.py:641} INFO - 25/03/09 23:28:34 WARN TaskSchedulerImpl: Initial job has not accepted any resources; check your cluster UI to ensure that workers are registered and have sufficient resources
[2025-03-09T23:28:49.643+0000] {spark_submit.py:641} INFO - 25/03/09 23:28:49 WARN TaskSchedulerImpl: Initial job has not accepted any resources; check your cluster UI to ensure that workers are registered and have sufficient resources
[2025-03-09T23:29:04.643+0000] {spark_submit.py:641} INFO - 25/03/09 23:29:04 WARN TaskSchedulerImpl: Initial job has not accepted any resources; check your cluster UI to ensure that workers are registered and have sufficient resources
[2025-03-09T23:29:19.643+0000] {spark_submit.py:641} INFO - 25/03/09 23:29:19 WARN TaskSchedulerImpl: Initial job has not accepted any resources; check your cluster UI to ensure that workers are registered and have sufficient resources
[2025-03-09T23:29:34.643+0000] {spark_submit.py:641} INFO - 25/03/09 23:29:34 WARN TaskSchedulerImpl: Initial job has not accepted any resources; check your cluster UI to ensure that workers are registered and have sufficient resources
[2025-03-09T23:29:47.971+0000] {local_task_job_runner.py:346} WARNING - State of this instance has been externally set to failed. Terminating instance.
[2025-03-09T23:29:47.972+0000] {local_task_job_runner.py:245} INFO - ::endgroup::
[2025-03-09T23:29:47.975+0000] {process_utils.py:132} INFO - Sending 15 to group 1460. PIDs of all processes in the group: [1462, 1513, 1460]
[2025-03-09T23:29:47.975+0000] {process_utils.py:87} INFO - Sending the signal 15 to group 1460
[2025-03-09T23:29:47.976+0000] {taskinstance.py:3093} ERROR - Received SIGTERM. Terminating subprocesses.
[2025-03-09T23:29:47.976+0000] {spark_submit.py:767} INFO - Sending kill signal to spark-submit
[2025-03-09T23:29:48.013+0000] {taskinstance.py:340} INFO - ::group::Post task execution logs
[2025-03-09T23:29:48.041+0000] {process_utils.py:80} INFO - Process psutil.Process(pid=1462, status='terminated', started='23:24:45') (1462) terminated with exit code None
[2025-03-09T23:29:48.042+0000] {process_utils.py:80} INFO - Process psutil.Process(pid=1460, status='terminated', exitcode=0, started='23:24:45') (1460) terminated with exit code 0
[2025-03-09T23:29:48.043+0000] {process_utils.py:80} INFO - Process psutil.Process(pid=1513, status='terminated', started='23:24:50') (1513) terminated with exit code None
