[2025-03-09T22:37:49.516+0000] {local_task_job_runner.py:123} INFO - ::group::Pre task execution logs
[2025-03-09T22:37:49.537+0000] {taskinstance.py:2613} INFO - Dependencies all met for dep_context=non-requeueable deps ti=<TaskInstance: spark_gcs_job.submit_spark_gcc_job manual__2025-03-09T22:20:07.532183+00:00 [queued]>
[2025-03-09T22:37:49.549+0000] {taskinstance.py:2613} INFO - Dependencies all met for dep_context=requeueable deps ti=<TaskInstance: spark_gcs_job.submit_spark_gcc_job manual__2025-03-09T22:20:07.532183+00:00 [queued]>
[2025-03-09T22:37:49.550+0000] {taskinstance.py:2866} INFO - Starting attempt 2 of 2
[2025-03-09T22:37:49.572+0000] {taskinstance.py:2889} INFO - Executing <Task(SparkSubmitOperator): submit_spark_gcc_job> on 2025-03-09 22:20:07.532183+00:00
[2025-03-09T22:37:49.582+0000] {standard_task_runner.py:104} INFO - Running: ['***', 'tasks', 'run', 'spark_gcs_job', 'submit_spark_gcc_job', 'manual__2025-03-09T22:20:07.532183+00:00', '--job-id', '392', '--raw', '--subdir', 'DAGS_FOLDER/gcs_conn_test.py', '--cfg-path', '/tmp/tmplcqncp_e']
[2025-03-09T22:37:49.587+0000] {standard_task_runner.py:105} INFO - Job 392: Subtask submit_spark_gcc_job
[2025-03-09T22:37:49.587+0000] {logging_mixin.py:190} WARNING - /home/***/.local/lib/python3.12/site-packages/***/task/task_runner/standard_task_runner.py:70 DeprecationWarning: This process (pid=173) is multi-threaded, use of fork() may lead to deadlocks in the child.
[2025-03-09T22:37:49.588+0000] {standard_task_runner.py:72} INFO - Started process 178 to run task
[2025-03-09T22:37:49.642+0000] {task_command.py:467} INFO - Running <TaskInstance: spark_gcs_job.submit_spark_gcc_job manual__2025-03-09T22:20:07.532183+00:00 [running]> on host 27f453beda85
[2025-03-09T22:37:49.771+0000] {taskinstance.py:3132} INFO - Exporting env vars: AIRFLOW_CTX_DAG_OWNER='***' AIRFLOW_CTX_DAG_ID='spark_gcs_job' AIRFLOW_CTX_TASK_ID='submit_spark_gcc_job' AIRFLOW_CTX_EXECUTION_DATE='2025-03-09T22:20:07.532183+00:00' AIRFLOW_CTX_TRY_NUMBER='2' AIRFLOW_CTX_DAG_RUN_ID='manual__2025-03-09T22:20:07.532183+00:00'
[2025-03-09T22:37:49.772+0000] {taskinstance.py:731} INFO - ::endgroup::
[2025-03-09T22:37:49.823+0000] {base.py:84} INFO - Retrieving connection 'spark_default'
[2025-03-09T22:37:49.825+0000] {spark_submit.py:474} INFO - Spark-Submit cmd: spark-submit --master spark://spark:7077 --conf spark.hadoop.fs.gs.impl=com.google.cloud.hadoop.fs.gcs.GoogleHadoopFileSystem --conf spark.hadoop.fs.gs.auth.service.account.enable=true --conf spark.hadoop.fs.gs.auth.service.account.json.keyfile=/opt/***/keys/first-key.json --jars /opt/***/jars/gcs-connector-hadoop3-2.2.0.jar --total-executor-cores 2 --executor-memory 2g --name spark_gcs_job --verbose --deploy-mode client /opt/***/jobs/gcc_test_job.py
[2025-03-09T22:37:49.879+0000] {spark_submit.py:641} INFO - /home/***/.local/lib/python3.12/site-packages/pyspark/bin/load-spark-env.sh: line 68: ps: command not found
[2025-03-09T22:37:53.582+0000] {spark_submit.py:641} INFO - Using properties file: null
[2025-03-09T22:37:53.719+0000] {spark_submit.py:641} INFO - Parsed arguments:
[2025-03-09T22:37:53.719+0000] {spark_submit.py:641} INFO - master                  spark://spark:7077
[2025-03-09T22:37:53.720+0000] {spark_submit.py:641} INFO - remote                  null
[2025-03-09T22:37:53.720+0000] {spark_submit.py:641} INFO - deployMode              client
[2025-03-09T22:37:53.720+0000] {spark_submit.py:641} INFO - executorMemory          2g
[2025-03-09T22:37:53.721+0000] {spark_submit.py:641} INFO - executorCores           null
[2025-03-09T22:37:53.721+0000] {spark_submit.py:641} INFO - totalExecutorCores      2
[2025-03-09T22:37:53.721+0000] {spark_submit.py:641} INFO - propertiesFile          null
[2025-03-09T22:37:53.721+0000] {spark_submit.py:641} INFO - driverMemory            null
[2025-03-09T22:37:53.721+0000] {spark_submit.py:641} INFO - driverCores             null
[2025-03-09T22:37:53.721+0000] {spark_submit.py:641} INFO - driverExtraClassPath    null
[2025-03-09T22:37:53.721+0000] {spark_submit.py:641} INFO - driverExtraLibraryPath  null
[2025-03-09T22:37:53.722+0000] {spark_submit.py:641} INFO - driverExtraJavaOptions  null
[2025-03-09T22:37:53.722+0000] {spark_submit.py:641} INFO - supervise               false
[2025-03-09T22:37:53.722+0000] {spark_submit.py:641} INFO - queue                   null
[2025-03-09T22:37:53.722+0000] {spark_submit.py:641} INFO - numExecutors            null
[2025-03-09T22:37:53.722+0000] {spark_submit.py:641} INFO - files                   null
[2025-03-09T22:37:53.722+0000] {spark_submit.py:641} INFO - pyFiles                 null
[2025-03-09T22:37:53.722+0000] {spark_submit.py:641} INFO - archives                null
[2025-03-09T22:37:53.722+0000] {spark_submit.py:641} INFO - mainClass               null
[2025-03-09T22:37:53.723+0000] {spark_submit.py:641} INFO - primaryResource         file:/opt/***/jobs/gcc_test_job.py
[2025-03-09T22:37:53.723+0000] {spark_submit.py:641} INFO - name                    spark_gcs_job
[2025-03-09T22:37:53.723+0000] {spark_submit.py:641} INFO - childArgs               []
[2025-03-09T22:37:53.723+0000] {spark_submit.py:641} INFO - jars                    file:/opt/***/jars/gcs-connector-hadoop3-2.2.0.jar
[2025-03-09T22:37:53.723+0000] {spark_submit.py:641} INFO - packages                null
[2025-03-09T22:37:53.723+0000] {spark_submit.py:641} INFO - packagesExclusions      null
[2025-03-09T22:37:53.723+0000] {spark_submit.py:641} INFO - repositories            null
[2025-03-09T22:37:53.723+0000] {spark_submit.py:641} INFO - verbose                 true
[2025-03-09T22:37:53.724+0000] {spark_submit.py:641} INFO - 
[2025-03-09T22:37:53.724+0000] {spark_submit.py:641} INFO - Spark properties used, including those specified through
[2025-03-09T22:37:53.724+0000] {spark_submit.py:641} INFO - --conf and those from the properties file null:
[2025-03-09T22:37:53.724+0000] {spark_submit.py:641} INFO - (spark.hadoop.fs.gs.auth.service.account.enable,true)
[2025-03-09T22:37:53.724+0000] {spark_submit.py:641} INFO - (spark.hadoop.fs.gs.auth.service.account.json.keyfile,/opt/***/keys/first-key.json)
[2025-03-09T22:37:53.725+0000] {spark_submit.py:641} INFO - (spark.hadoop.fs.gs.impl,com.google.cloud.hadoop.fs.gcs.GoogleHadoopFileSystem)
[2025-03-09T22:37:53.725+0000] {spark_submit.py:641} INFO - 
[2025-03-09T22:37:53.725+0000] {spark_submit.py:641} INFO - 
[2025-03-09T22:37:54.401+0000] {spark_submit.py:641} INFO - 25/03/09 22:37:54 WARN NativeCodeLoader: Unable to load native-hadoop library for your platform... using builtin-java classes where applicable
[2025-03-09T22:37:54.771+0000] {spark_submit.py:641} INFO - Main class:
[2025-03-09T22:37:54.771+0000] {spark_submit.py:641} INFO - org.apache.spark.deploy.PythonRunner
[2025-03-09T22:37:54.772+0000] {spark_submit.py:641} INFO - Arguments:
[2025-03-09T22:37:54.773+0000] {spark_submit.py:641} INFO - file:/opt/***/jobs/gcc_test_job.py
[2025-03-09T22:37:54.773+0000] {spark_submit.py:641} INFO - null
[2025-03-09T22:37:54.776+0000] {spark_submit.py:641} INFO - Spark config:
[2025-03-09T22:37:54.776+0000] {spark_submit.py:641} INFO - (spark.app.name,spark_gcs_job)
[2025-03-09T22:37:54.776+0000] {spark_submit.py:641} INFO - (spark.app.submitTime,1741559874726)
[2025-03-09T22:37:54.777+0000] {spark_submit.py:641} INFO - (spark.cores.max,2)
[2025-03-09T22:37:54.777+0000] {spark_submit.py:641} INFO - (spark.executor.memory,2g)
[2025-03-09T22:37:54.777+0000] {spark_submit.py:641} INFO - (spark.hadoop.fs.gs.auth.service.account.enable,true)
[2025-03-09T22:37:54.777+0000] {spark_submit.py:641} INFO - (spark.hadoop.fs.gs.auth.service.account.json.keyfile,/opt/***/keys/first-key.json)
[2025-03-09T22:37:54.777+0000] {spark_submit.py:641} INFO - (spark.hadoop.fs.gs.impl,com.google.cloud.hadoop.fs.gcs.GoogleHadoopFileSystem)
[2025-03-09T22:37:54.777+0000] {spark_submit.py:641} INFO - (spark.jars,file:///opt/***/jars/gcs-connector-hadoop3-2.2.0.jar)
[2025-03-09T22:37:54.777+0000] {spark_submit.py:641} INFO - (spark.master,spark://spark:7077)
[2025-03-09T22:37:54.778+0000] {spark_submit.py:641} INFO - (spark.repl.local.jars,file:///opt/***/jars/gcs-connector-hadoop3-2.2.0.jar)
[2025-03-09T22:37:54.778+0000] {spark_submit.py:641} INFO - (spark.submit.deployMode,client)
[2025-03-09T22:37:54.778+0000] {spark_submit.py:641} INFO - (spark.submit.pyFiles,)
[2025-03-09T22:37:54.780+0000] {spark_submit.py:641} INFO - Classpath elements:
[2025-03-09T22:37:54.781+0000] {spark_submit.py:641} INFO - file:///opt/***/jars/gcs-connector-hadoop3-2.2.0.jar
[2025-03-09T22:37:54.782+0000] {spark_submit.py:641} INFO - 
[2025-03-09T22:37:54.782+0000] {spark_submit.py:641} INFO - 
[2025-03-09T22:37:56.274+0000] {spark_submit.py:641} INFO - 25/03/09 22:37:56 INFO SparkContext: Running Spark version 3.5.5
[2025-03-09T22:37:56.275+0000] {spark_submit.py:641} INFO - 25/03/09 22:37:56 INFO SparkContext: OS info Linux, 5.15.167.4-microsoft-standard-WSL2, amd64
[2025-03-09T22:37:56.275+0000] {spark_submit.py:641} INFO - 25/03/09 22:37:56 INFO SparkContext: Java version 17.0.14
[2025-03-09T22:37:56.314+0000] {spark_submit.py:641} INFO - 25/03/09 22:37:56 INFO ResourceUtils: ==============================================================
[2025-03-09T22:37:56.315+0000] {spark_submit.py:641} INFO - 25/03/09 22:37:56 INFO ResourceUtils: No custom resources configured for spark.driver.
[2025-03-09T22:37:56.315+0000] {spark_submit.py:641} INFO - 25/03/09 22:37:56 INFO ResourceUtils: ==============================================================
[2025-03-09T22:37:56.317+0000] {spark_submit.py:641} INFO - 25/03/09 22:37:56 INFO SparkContext: Submitted application: GCSConnectorTest
[2025-03-09T22:37:56.338+0000] {spark_submit.py:641} INFO - 25/03/09 22:37:56 INFO ResourceProfile: Default ResourceProfile created, executor resources: Map(memory -> name: memory, amount: 2048, script: , vendor: , offHeap -> name: offHeap, amount: 0, script: , vendor: ), task resources: Map(cpus -> name: cpus, amount: 1.0)
[2025-03-09T22:37:56.347+0000] {spark_submit.py:641} INFO - 25/03/09 22:37:56 INFO ResourceProfile: Limiting resource is cpu
[2025-03-09T22:37:56.348+0000] {spark_submit.py:641} INFO - 25/03/09 22:37:56 INFO ResourceProfileManager: Added ResourceProfile id: 0
[2025-03-09T22:37:56.474+0000] {spark_submit.py:641} INFO - 25/03/09 22:37:56 INFO SecurityManager: Changing view acls to: ***
[2025-03-09T22:37:56.475+0000] {spark_submit.py:641} INFO - 25/03/09 22:37:56 INFO SecurityManager: Changing modify acls to: ***
[2025-03-09T22:37:56.475+0000] {spark_submit.py:641} INFO - 25/03/09 22:37:56 INFO SecurityManager: Changing view acls groups to:
[2025-03-09T22:37:56.476+0000] {spark_submit.py:641} INFO - 25/03/09 22:37:56 INFO SecurityManager: Changing modify acls groups to:
[2025-03-09T22:37:56.476+0000] {spark_submit.py:641} INFO - 25/03/09 22:37:56 INFO SecurityManager: SecurityManager: authentication disabled; ui acls disabled; users with view permissions: ***; groups with view permissions: EMPTY; users with modify permissions: ***; groups with modify permissions: EMPTY
[2025-03-09T22:37:57.048+0000] {spark_submit.py:641} INFO - 25/03/09 22:37:57 INFO Utils: Successfully started service 'sparkDriver' on port 41263.
[2025-03-09T22:37:57.234+0000] {spark_submit.py:641} INFO - 25/03/09 22:37:57 INFO SparkEnv: Registering MapOutputTracker
[2025-03-09T22:37:57.453+0000] {spark_submit.py:641} INFO - 25/03/09 22:37:57 INFO SparkEnv: Registering BlockManagerMaster
[2025-03-09T22:37:57.750+0000] {spark_submit.py:641} INFO - 25/03/09 22:37:57 INFO BlockManagerMasterEndpoint: Using org.apache.spark.storage.DefaultTopologyMapper for getting topology information
[2025-03-09T22:37:57.751+0000] {spark_submit.py:641} INFO - 25/03/09 22:37:57 INFO BlockManagerMasterEndpoint: BlockManagerMasterEndpoint up
[2025-03-09T22:37:57.785+0000] {spark_submit.py:641} INFO - 25/03/09 22:37:57 INFO SparkEnv: Registering BlockManagerMasterHeartbeat
[2025-03-09T22:37:57.909+0000] {spark_submit.py:641} INFO - 25/03/09 22:37:57 INFO DiskBlockManager: Created local directory at /tmp/blockmgr-1293bad6-e627-4706-add1-55c41e15939e
[2025-03-09T22:37:57.945+0000] {spark_submit.py:641} INFO - 25/03/09 22:37:57 INFO MemoryStore: MemoryStore started with capacity 434.4 MiB
[2025-03-09T22:37:57.982+0000] {spark_submit.py:641} INFO - 25/03/09 22:37:57 INFO SparkEnv: Registering OutputCommitCoordinator
[2025-03-09T22:37:58.401+0000] {spark_submit.py:641} INFO - 25/03/09 22:37:58 INFO JettyUtils: Start Jetty 0.0.0.0:4040 for SparkUI
[2025-03-09T22:37:58.533+0000] {spark_submit.py:641} INFO - 25/03/09 22:37:58 INFO Utils: Successfully started service 'SparkUI' on port 4040.
[2025-03-09T22:37:58.618+0000] {spark_submit.py:641} INFO - 25/03/09 22:37:58 INFO SparkContext: Added JAR file:///opt/***/jars/gcs-connector-hadoop3-2.2.0.jar at spark://27f453beda85:41263/jars/gcs-connector-hadoop3-2.2.0.jar with timestamp 1741559876257
[2025-03-09T22:37:58.817+0000] {spark_submit.py:641} INFO - 25/03/09 22:37:58 INFO StandaloneAppClient$ClientEndpoint: Connecting to master spark://spark:7077...
[2025-03-09T22:38:01.036+0000] {spark_submit.py:641} INFO - 25/03/09 22:38:01 WARN TransportClientFactory: DNS resolution failed for spark/<unresolved>:7077 took 2060 ms
[2025-03-09T22:38:01.101+0000] {spark_submit.py:641} INFO - 25/03/09 22:38:01 WARN StandaloneAppClient$ClientEndpoint: Failed to connect to master spark:7077
[2025-03-09T22:38:01.101+0000] {spark_submit.py:641} INFO - org.apache.spark.SparkException: Exception thrown in awaitResult:
[2025-03-09T22:38:01.101+0000] {spark_submit.py:641} INFO - at org.apache.spark.util.SparkThreadUtils$.awaitResult(SparkThreadUtils.scala:56)
[2025-03-09T22:38:01.102+0000] {spark_submit.py:641} INFO - at org.apache.spark.util.ThreadUtils$.awaitResult(ThreadUtils.scala:310)
[2025-03-09T22:38:01.102+0000] {spark_submit.py:641} INFO - at org.apache.spark.rpc.RpcTimeout.awaitResult(RpcTimeout.scala:75)
[2025-03-09T22:38:01.102+0000] {spark_submit.py:641} INFO - at org.apache.spark.rpc.RpcEnv.setupEndpointRefByURI(RpcEnv.scala:102)
[2025-03-09T22:38:01.102+0000] {spark_submit.py:641} INFO - at org.apache.spark.rpc.RpcEnv.setupEndpointRef(RpcEnv.scala:110)
[2025-03-09T22:38:01.102+0000] {spark_submit.py:641} INFO - at org.apache.spark.deploy.client.StandaloneAppClient$ClientEndpoint$$anon$1.run(StandaloneAppClient.scala:108)
[2025-03-09T22:38:01.102+0000] {spark_submit.py:641} INFO - at java.base/java.util.concurrent.Executors$RunnableAdapter.call(Executors.java:539)
[2025-03-09T22:38:01.103+0000] {spark_submit.py:641} INFO - at java.base/java.util.concurrent.FutureTask.run(FutureTask.java:264)
[2025-03-09T22:38:01.103+0000] {spark_submit.py:641} INFO - at java.base/java.util.concurrent.ThreadPoolExecutor.runWorker(ThreadPoolExecutor.java:1136)
[2025-03-09T22:38:01.103+0000] {spark_submit.py:641} INFO - at java.base/java.util.concurrent.ThreadPoolExecutor$Worker.run(ThreadPoolExecutor.java:635)
[2025-03-09T22:38:01.103+0000] {spark_submit.py:641} INFO - at java.base/java.lang.Thread.run(Thread.java:840)
[2025-03-09T22:38:01.103+0000] {spark_submit.py:641} INFO - Caused by: java.io.IOException: Failed to connect to spark/<unresolved>:7077
[2025-03-09T22:38:01.103+0000] {spark_submit.py:641} INFO - at org.apache.spark.network.client.TransportClientFactory.createClient(TransportClientFactory.java:294)
[2025-03-09T22:38:01.103+0000] {spark_submit.py:641} INFO - at org.apache.spark.network.client.TransportClientFactory.createClient(TransportClientFactory.java:214)
[2025-03-09T22:38:01.104+0000] {spark_submit.py:641} INFO - at org.apache.spark.network.client.TransportClientFactory.createClient(TransportClientFactory.java:226)
[2025-03-09T22:38:01.104+0000] {spark_submit.py:641} INFO - at org.apache.spark.rpc.netty.NettyRpcEnv.createClient(NettyRpcEnv.scala:204)
[2025-03-09T22:38:01.104+0000] {spark_submit.py:641} INFO - at org.apache.spark.rpc.netty.Outbox$$anon$1.call(Outbox.scala:202)
[2025-03-09T22:38:01.104+0000] {spark_submit.py:641} INFO - at org.apache.spark.rpc.netty.Outbox$$anon$1.call(Outbox.scala:198)
[2025-03-09T22:38:01.104+0000] {spark_submit.py:641} INFO - ... 4 more
[2025-03-09T22:38:01.104+0000] {spark_submit.py:641} INFO - Caused by: java.net.UnknownHostException: spark
[2025-03-09T22:38:01.104+0000] {spark_submit.py:641} INFO - at java.base/java.net.InetAddress$CachedAddresses.get(InetAddress.java:801)
[2025-03-09T22:38:01.105+0000] {spark_submit.py:641} INFO - at java.base/java.net.InetAddress.getAllByName0(InetAddress.java:1533)
[2025-03-09T22:38:01.105+0000] {spark_submit.py:641} INFO - at java.base/java.net.InetAddress.getAllByName(InetAddress.java:1385)
[2025-03-09T22:38:01.105+0000] {spark_submit.py:641} INFO - at java.base/java.net.InetAddress.getAllByName(InetAddress.java:1306)
[2025-03-09T22:38:01.105+0000] {spark_submit.py:641} INFO - at java.base/java.net.InetAddress.getByName(InetAddress.java:1256)
[2025-03-09T22:38:01.105+0000] {spark_submit.py:641} INFO - at io.netty.util.internal.SocketUtils$8.run(SocketUtils.java:156)
[2025-03-09T22:38:01.105+0000] {spark_submit.py:641} INFO - at io.netty.util.internal.SocketUtils$8.run(SocketUtils.java:153)
[2025-03-09T22:38:01.105+0000] {spark_submit.py:641} INFO - at java.base/java.security.AccessController.doPrivileged(AccessController.java:569)
[2025-03-09T22:38:01.106+0000] {spark_submit.py:641} INFO - at io.netty.util.internal.SocketUtils.addressByName(SocketUtils.java:153)
[2025-03-09T22:38:01.106+0000] {spark_submit.py:641} INFO - at io.netty.resolver.DefaultNameResolver.doResolve(DefaultNameResolver.java:41)
[2025-03-09T22:38:01.106+0000] {spark_submit.py:641} INFO - at io.netty.resolver.SimpleNameResolver.resolve(SimpleNameResolver.java:61)
[2025-03-09T22:38:01.106+0000] {spark_submit.py:641} INFO - at io.netty.resolver.SimpleNameResolver.resolve(SimpleNameResolver.java:53)
[2025-03-09T22:38:01.106+0000] {spark_submit.py:641} INFO - at io.netty.resolver.InetSocketAddressResolver.doResolve(InetSocketAddressResolver.java:55)
[2025-03-09T22:38:01.106+0000] {spark_submit.py:641} INFO - at io.netty.resolver.InetSocketAddressResolver.doResolve(InetSocketAddressResolver.java:31)
[2025-03-09T22:38:01.106+0000] {spark_submit.py:641} INFO - at io.netty.resolver.AbstractAddressResolver.resolve(AbstractAddressResolver.java:106)
[2025-03-09T22:38:01.107+0000] {spark_submit.py:641} INFO - at io.netty.bootstrap.Bootstrap.doResolveAndConnect0(Bootstrap.java:220)
[2025-03-09T22:38:01.107+0000] {spark_submit.py:641} INFO - at io.netty.bootstrap.Bootstrap.access$000(Bootstrap.java:46)
[2025-03-09T22:38:01.107+0000] {spark_submit.py:641} INFO - at io.netty.bootstrap.Bootstrap$1.operationComplete(Bootstrap.java:189)
[2025-03-09T22:38:01.107+0000] {spark_submit.py:641} INFO - at io.netty.bootstrap.Bootstrap$1.operationComplete(Bootstrap.java:175)
[2025-03-09T22:38:01.107+0000] {spark_submit.py:641} INFO - at io.netty.util.concurrent.DefaultPromise.notifyListener0(DefaultPromise.java:590)
[2025-03-09T22:38:01.107+0000] {spark_submit.py:641} INFO - at io.netty.util.concurrent.DefaultPromise.notifyListenersNow(DefaultPromise.java:557)
[2025-03-09T22:38:01.107+0000] {spark_submit.py:641} INFO - at io.netty.util.concurrent.DefaultPromise.notifyListeners(DefaultPromise.java:492)
[2025-03-09T22:38:01.108+0000] {spark_submit.py:641} INFO - at io.netty.util.concurrent.DefaultPromise.setValue0(DefaultPromise.java:636)
[2025-03-09T22:38:01.108+0000] {spark_submit.py:641} INFO - at io.netty.util.concurrent.DefaultPromise.setSuccess0(DefaultPromise.java:625)
[2025-03-09T22:38:01.108+0000] {spark_submit.py:641} INFO - at io.netty.util.concurrent.DefaultPromise.trySuccess(DefaultPromise.java:105)
[2025-03-09T22:38:01.108+0000] {spark_submit.py:641} INFO - at io.netty.channel.DefaultChannelPromise.trySuccess(DefaultChannelPromise.java:84)
[2025-03-09T22:38:01.108+0000] {spark_submit.py:641} INFO - at io.netty.channel.AbstractChannel$AbstractUnsafe.safeSetSuccess(AbstractChannel.java:990)
[2025-03-09T22:38:01.109+0000] {spark_submit.py:641} INFO - at io.netty.channel.AbstractChannel$AbstractUnsafe.register0(AbstractChannel.java:516)
[2025-03-09T22:38:01.109+0000] {spark_submit.py:641} INFO - at io.netty.channel.AbstractChannel$AbstractUnsafe.access$200(AbstractChannel.java:429)
[2025-03-09T22:38:01.109+0000] {spark_submit.py:641} INFO - at io.netty.channel.AbstractChannel$AbstractUnsafe$1.run(AbstractChannel.java:486)
[2025-03-09T22:38:01.109+0000] {spark_submit.py:641} INFO - at io.netty.util.concurrent.AbstractEventExecutor.runTask(AbstractEventExecutor.java:174)
[2025-03-09T22:38:01.110+0000] {spark_submit.py:641} INFO - at io.netty.util.concurrent.AbstractEventExecutor.safeExecute(AbstractEventExecutor.java:167)
[2025-03-09T22:38:01.110+0000] {spark_submit.py:641} INFO - at io.netty.util.concurrent.SingleThreadEventExecutor.runAllTasks(SingleThreadEventExecutor.java:470)
[2025-03-09T22:38:01.111+0000] {spark_submit.py:641} INFO - at io.netty.channel.nio.NioEventLoop.run(NioEventLoop.java:569)
[2025-03-09T22:38:01.111+0000] {spark_submit.py:641} INFO - at io.netty.util.concurrent.SingleThreadEventExecutor$4.run(SingleThreadEventExecutor.java:997)
[2025-03-09T22:38:01.112+0000] {spark_submit.py:641} INFO - at io.netty.util.internal.ThreadExecutorMap$2.run(ThreadExecutorMap.java:74)
[2025-03-09T22:38:01.112+0000] {spark_submit.py:641} INFO - at io.netty.util.concurrent.FastThreadLocalRunnable.run(FastThreadLocalRunnable.java:30)
[2025-03-09T22:38:01.113+0000] {spark_submit.py:641} INFO - ... 1 more
[2025-03-09T22:38:18.817+0000] {spark_submit.py:641} INFO - 25/03/09 22:38:18 INFO StandaloneAppClient$ClientEndpoint: Connecting to master spark://spark:7077...
[2025-03-09T22:38:20.866+0000] {spark_submit.py:641} INFO - 25/03/09 22:38:20 WARN TransportClientFactory: DNS resolution failed for spark/<unresolved>:7077 took 2047 ms
[2025-03-09T22:38:20.869+0000] {spark_submit.py:641} INFO - 25/03/09 22:38:20 WARN StandaloneAppClient$ClientEndpoint: Failed to connect to master spark:7077
[2025-03-09T22:38:20.870+0000] {spark_submit.py:641} INFO - org.apache.spark.SparkException: Exception thrown in awaitResult:
[2025-03-09T22:38:20.870+0000] {spark_submit.py:641} INFO - at org.apache.spark.util.SparkThreadUtils$.awaitResult(SparkThreadUtils.scala:56)
[2025-03-09T22:38:20.870+0000] {spark_submit.py:641} INFO - at org.apache.spark.util.ThreadUtils$.awaitResult(ThreadUtils.scala:310)
[2025-03-09T22:38:20.870+0000] {spark_submit.py:641} INFO - at org.apache.spark.rpc.RpcTimeout.awaitResult(RpcTimeout.scala:75)
[2025-03-09T22:38:20.870+0000] {spark_submit.py:641} INFO - at org.apache.spark.rpc.RpcEnv.setupEndpointRefByURI(RpcEnv.scala:102)
[2025-03-09T22:38:20.870+0000] {spark_submit.py:641} INFO - at org.apache.spark.rpc.RpcEnv.setupEndpointRef(RpcEnv.scala:110)
[2025-03-09T22:38:20.870+0000] {spark_submit.py:641} INFO - at org.apache.spark.deploy.client.StandaloneAppClient$ClientEndpoint$$anon$1.run(StandaloneAppClient.scala:108)
[2025-03-09T22:38:20.871+0000] {spark_submit.py:641} INFO - at java.base/java.util.concurrent.Executors$RunnableAdapter.call(Executors.java:539)
[2025-03-09T22:38:20.871+0000] {spark_submit.py:641} INFO - at java.base/java.util.concurrent.FutureTask.run(FutureTask.java:264)
[2025-03-09T22:38:20.871+0000] {spark_submit.py:641} INFO - at java.base/java.util.concurrent.ThreadPoolExecutor.runWorker(ThreadPoolExecutor.java:1136)
[2025-03-09T22:38:20.871+0000] {spark_submit.py:641} INFO - at java.base/java.util.concurrent.ThreadPoolExecutor$Worker.run(ThreadPoolExecutor.java:635)
[2025-03-09T22:38:20.871+0000] {spark_submit.py:641} INFO - at java.base/java.lang.Thread.run(Thread.java:840)
[2025-03-09T22:38:20.871+0000] {spark_submit.py:641} INFO - Caused by: java.io.IOException: Failed to connect to spark/<unresolved>:7077
[2025-03-09T22:38:20.871+0000] {spark_submit.py:641} INFO - at org.apache.spark.network.client.TransportClientFactory.createClient(TransportClientFactory.java:294)
[2025-03-09T22:38:20.871+0000] {spark_submit.py:641} INFO - at org.apache.spark.network.client.TransportClientFactory.createClient(TransportClientFactory.java:214)
[2025-03-09T22:38:20.872+0000] {spark_submit.py:641} INFO - at org.apache.spark.network.client.TransportClientFactory.createClient(TransportClientFactory.java:226)
[2025-03-09T22:38:20.872+0000] {spark_submit.py:641} INFO - at org.apache.spark.rpc.netty.NettyRpcEnv.createClient(NettyRpcEnv.scala:204)
[2025-03-09T22:38:20.872+0000] {spark_submit.py:641} INFO - at org.apache.spark.rpc.netty.Outbox$$anon$1.call(Outbox.scala:202)
[2025-03-09T22:38:20.872+0000] {spark_submit.py:641} INFO - at org.apache.spark.rpc.netty.Outbox$$anon$1.call(Outbox.scala:198)
[2025-03-09T22:38:20.873+0000] {spark_submit.py:641} INFO - ... 4 more
[2025-03-09T22:38:20.873+0000] {spark_submit.py:641} INFO - Caused by: java.net.UnknownHostException: spark
[2025-03-09T22:38:20.873+0000] {spark_submit.py:641} INFO - at java.base/java.net.InetAddress$CachedAddresses.get(InetAddress.java:801)
[2025-03-09T22:38:20.874+0000] {spark_submit.py:641} INFO - at java.base/java.net.InetAddress.getAllByName0(InetAddress.java:1533)
[2025-03-09T22:38:20.874+0000] {spark_submit.py:641} INFO - at java.base/java.net.InetAddress.getAllByName(InetAddress.java:1385)
[2025-03-09T22:38:20.874+0000] {spark_submit.py:641} INFO - at java.base/java.net.InetAddress.getAllByName(InetAddress.java:1306)
[2025-03-09T22:38:20.874+0000] {spark_submit.py:641} INFO - at java.base/java.net.InetAddress.getByName(InetAddress.java:1256)
[2025-03-09T22:38:20.874+0000] {spark_submit.py:641} INFO - at io.netty.util.internal.SocketUtils$8.run(SocketUtils.java:156)
[2025-03-09T22:38:20.875+0000] {spark_submit.py:641} INFO - at io.netty.util.internal.SocketUtils$8.run(SocketUtils.java:153)
[2025-03-09T22:38:20.875+0000] {spark_submit.py:641} INFO - at java.base/java.security.AccessController.doPrivileged(AccessController.java:569)
[2025-03-09T22:38:20.875+0000] {spark_submit.py:641} INFO - at io.netty.util.internal.SocketUtils.addressByName(SocketUtils.java:153)
[2025-03-09T22:38:20.875+0000] {spark_submit.py:641} INFO - at io.netty.resolver.DefaultNameResolver.doResolve(DefaultNameResolver.java:41)
[2025-03-09T22:38:20.875+0000] {spark_submit.py:641} INFO - at io.netty.resolver.SimpleNameResolver.resolve(SimpleNameResolver.java:61)
[2025-03-09T22:38:20.875+0000] {spark_submit.py:641} INFO - at io.netty.resolver.SimpleNameResolver.resolve(SimpleNameResolver.java:53)
[2025-03-09T22:38:20.876+0000] {spark_submit.py:641} INFO - at io.netty.resolver.InetSocketAddressResolver.doResolve(InetSocketAddressResolver.java:55)
[2025-03-09T22:38:20.876+0000] {spark_submit.py:641} INFO - at io.netty.resolver.InetSocketAddressResolver.doResolve(InetSocketAddressResolver.java:31)
[2025-03-09T22:38:20.876+0000] {spark_submit.py:641} INFO - at io.netty.resolver.AbstractAddressResolver.resolve(AbstractAddressResolver.java:106)
[2025-03-09T22:38:20.876+0000] {spark_submit.py:641} INFO - at io.netty.bootstrap.Bootstrap.doResolveAndConnect0(Bootstrap.java:220)
[2025-03-09T22:38:20.876+0000] {spark_submit.py:641} INFO - at io.netty.bootstrap.Bootstrap.access$000(Bootstrap.java:46)
[2025-03-09T22:38:20.876+0000] {spark_submit.py:641} INFO - at io.netty.bootstrap.Bootstrap$1.operationComplete(Bootstrap.java:189)
[2025-03-09T22:38:20.877+0000] {spark_submit.py:641} INFO - at io.netty.bootstrap.Bootstrap$1.operationComplete(Bootstrap.java:175)
[2025-03-09T22:38:20.877+0000] {spark_submit.py:641} INFO - at io.netty.util.concurrent.DefaultPromise.notifyListener0(DefaultPromise.java:590)
[2025-03-09T22:38:20.877+0000] {spark_submit.py:641} INFO - at io.netty.util.concurrent.DefaultPromise.notifyListenersNow(DefaultPromise.java:557)
[2025-03-09T22:38:20.877+0000] {spark_submit.py:641} INFO - at io.netty.util.concurrent.DefaultPromise.notifyListeners(DefaultPromise.java:492)
[2025-03-09T22:38:20.877+0000] {spark_submit.py:641} INFO - at io.netty.util.concurrent.DefaultPromise.setValue0(DefaultPromise.java:636)
[2025-03-09T22:38:20.877+0000] {spark_submit.py:641} INFO - at io.netty.util.concurrent.DefaultPromise.setSuccess0(DefaultPromise.java:625)
[2025-03-09T22:38:20.877+0000] {spark_submit.py:641} INFO - at io.netty.util.concurrent.DefaultPromise.trySuccess(DefaultPromise.java:105)
[2025-03-09T22:38:20.877+0000] {spark_submit.py:641} INFO - at io.netty.channel.DefaultChannelPromise.trySuccess(DefaultChannelPromise.java:84)
[2025-03-09T22:38:20.877+0000] {spark_submit.py:641} INFO - at io.netty.channel.AbstractChannel$AbstractUnsafe.safeSetSuccess(AbstractChannel.java:990)
[2025-03-09T22:38:20.878+0000] {spark_submit.py:641} INFO - at io.netty.channel.AbstractChannel$AbstractUnsafe.register0(AbstractChannel.java:516)
[2025-03-09T22:38:20.878+0000] {spark_submit.py:641} INFO - at io.netty.channel.AbstractChannel$AbstractUnsafe.access$200(AbstractChannel.java:429)
[2025-03-09T22:38:20.878+0000] {spark_submit.py:641} INFO - at io.netty.channel.AbstractChannel$AbstractUnsafe$1.run(AbstractChannel.java:486)
[2025-03-09T22:38:20.878+0000] {spark_submit.py:641} INFO - at io.netty.util.concurrent.AbstractEventExecutor.runTask(AbstractEventExecutor.java:174)
[2025-03-09T22:38:20.878+0000] {spark_submit.py:641} INFO - at io.netty.util.concurrent.AbstractEventExecutor.safeExecute(AbstractEventExecutor.java:167)
[2025-03-09T22:38:20.878+0000] {spark_submit.py:641} INFO - at io.netty.util.concurrent.SingleThreadEventExecutor.runAllTasks(SingleThreadEventExecutor.java:470)
[2025-03-09T22:38:20.878+0000] {spark_submit.py:641} INFO - at io.netty.channel.nio.NioEventLoop.run(NioEventLoop.java:569)
[2025-03-09T22:38:20.878+0000] {spark_submit.py:641} INFO - at io.netty.util.concurrent.SingleThreadEventExecutor$4.run(SingleThreadEventExecutor.java:997)
[2025-03-09T22:38:20.879+0000] {spark_submit.py:641} INFO - at io.netty.util.internal.ThreadExecutorMap$2.run(ThreadExecutorMap.java:74)
[2025-03-09T22:38:20.879+0000] {spark_submit.py:641} INFO - at io.netty.util.concurrent.FastThreadLocalRunnable.run(FastThreadLocalRunnable.java:30)
[2025-03-09T22:38:20.879+0000] {spark_submit.py:641} INFO - ... 1 more
[2025-03-09T22:38:38.818+0000] {spark_submit.py:641} INFO - 25/03/09 22:38:38 INFO StandaloneAppClient$ClientEndpoint: Connecting to master spark://spark:7077...
[2025-03-09T22:38:40.862+0000] {spark_submit.py:641} INFO - 25/03/09 22:38:40 WARN TransportClientFactory: DNS resolution failed for spark/<unresolved>:7077 took 2041 ms
[2025-03-09T22:38:40.864+0000] {spark_submit.py:641} INFO - 25/03/09 22:38:40 WARN StandaloneAppClient$ClientEndpoint: Failed to connect to master spark:7077
[2025-03-09T22:38:40.865+0000] {spark_submit.py:641} INFO - org.apache.spark.SparkException: Exception thrown in awaitResult:
[2025-03-09T22:38:40.865+0000] {spark_submit.py:641} INFO - at org.apache.spark.util.SparkThreadUtils$.awaitResult(SparkThreadUtils.scala:56)
[2025-03-09T22:38:40.865+0000] {spark_submit.py:641} INFO - at org.apache.spark.util.ThreadUtils$.awaitResult(ThreadUtils.scala:310)
[2025-03-09T22:38:40.865+0000] {spark_submit.py:641} INFO - at org.apache.spark.rpc.RpcTimeout.awaitResult(RpcTimeout.scala:75)
[2025-03-09T22:38:40.865+0000] {spark_submit.py:641} INFO - at org.apache.spark.rpc.RpcEnv.setupEndpointRefByURI(RpcEnv.scala:102)
[2025-03-09T22:38:40.865+0000] {spark_submit.py:641} INFO - at org.apache.spark.rpc.RpcEnv.setupEndpointRef(RpcEnv.scala:110)
[2025-03-09T22:38:40.865+0000] {spark_submit.py:641} INFO - at org.apache.spark.deploy.client.StandaloneAppClient$ClientEndpoint$$anon$1.run(StandaloneAppClient.scala:108)
[2025-03-09T22:38:40.865+0000] {spark_submit.py:641} INFO - at java.base/java.util.concurrent.Executors$RunnableAdapter.call(Executors.java:539)
[2025-03-09T22:38:40.865+0000] {spark_submit.py:641} INFO - at java.base/java.util.concurrent.FutureTask.run(FutureTask.java:264)
[2025-03-09T22:38:40.866+0000] {spark_submit.py:641} INFO - at java.base/java.util.concurrent.ThreadPoolExecutor.runWorker(ThreadPoolExecutor.java:1136)
[2025-03-09T22:38:40.866+0000] {spark_submit.py:641} INFO - at java.base/java.util.concurrent.ThreadPoolExecutor$Worker.run(ThreadPoolExecutor.java:635)
[2025-03-09T22:38:40.866+0000] {spark_submit.py:641} INFO - at java.base/java.lang.Thread.run(Thread.java:840)
[2025-03-09T22:38:40.866+0000] {spark_submit.py:641} INFO - Caused by: java.io.IOException: Failed to connect to spark/<unresolved>:7077
[2025-03-09T22:38:40.866+0000] {spark_submit.py:641} INFO - at org.apache.spark.network.client.TransportClientFactory.createClient(TransportClientFactory.java:294)
[2025-03-09T22:38:40.866+0000] {spark_submit.py:641} INFO - at org.apache.spark.network.client.TransportClientFactory.createClient(TransportClientFactory.java:214)
[2025-03-09T22:38:40.866+0000] {spark_submit.py:641} INFO - at org.apache.spark.network.client.TransportClientFactory.createClient(TransportClientFactory.java:226)
[2025-03-09T22:38:40.866+0000] {spark_submit.py:641} INFO - at org.apache.spark.rpc.netty.NettyRpcEnv.createClient(NettyRpcEnv.scala:204)
[2025-03-09T22:38:40.866+0000] {spark_submit.py:641} INFO - at org.apache.spark.rpc.netty.Outbox$$anon$1.call(Outbox.scala:202)
[2025-03-09T22:38:40.866+0000] {spark_submit.py:641} INFO - at org.apache.spark.rpc.netty.Outbox$$anon$1.call(Outbox.scala:198)
[2025-03-09T22:38:40.867+0000] {spark_submit.py:641} INFO - ... 4 more
[2025-03-09T22:38:40.867+0000] {spark_submit.py:641} INFO - Caused by: java.net.UnknownHostException: spark
[2025-03-09T22:38:40.867+0000] {spark_submit.py:641} INFO - at java.base/java.net.InetAddress$CachedAddresses.get(InetAddress.java:801)
[2025-03-09T22:38:40.867+0000] {spark_submit.py:641} INFO - at java.base/java.net.InetAddress.getAllByName0(InetAddress.java:1533)
[2025-03-09T22:38:40.867+0000] {spark_submit.py:641} INFO - at java.base/java.net.InetAddress.getAllByName(InetAddress.java:1385)
[2025-03-09T22:38:40.867+0000] {spark_submit.py:641} INFO - at java.base/java.net.InetAddress.getAllByName(InetAddress.java:1306)
[2025-03-09T22:38:40.867+0000] {spark_submit.py:641} INFO - at java.base/java.net.InetAddress.getByName(InetAddress.java:1256)
[2025-03-09T22:38:40.867+0000] {spark_submit.py:641} INFO - at io.netty.util.internal.SocketUtils$8.run(SocketUtils.java:156)
[2025-03-09T22:38:40.867+0000] {spark_submit.py:641} INFO - at io.netty.util.internal.SocketUtils$8.run(SocketUtils.java:153)
[2025-03-09T22:38:40.867+0000] {spark_submit.py:641} INFO - at java.base/java.security.AccessController.doPrivileged(AccessController.java:569)
[2025-03-09T22:38:40.868+0000] {spark_submit.py:641} INFO - at io.netty.util.internal.SocketUtils.addressByName(SocketUtils.java:153)
[2025-03-09T22:38:40.868+0000] {spark_submit.py:641} INFO - at io.netty.resolver.DefaultNameResolver.doResolve(DefaultNameResolver.java:41)
[2025-03-09T22:38:40.868+0000] {spark_submit.py:641} INFO - at io.netty.resolver.SimpleNameResolver.resolve(SimpleNameResolver.java:61)
[2025-03-09T22:38:40.868+0000] {spark_submit.py:641} INFO - at io.netty.resolver.SimpleNameResolver.resolve(SimpleNameResolver.java:53)
[2025-03-09T22:38:40.868+0000] {spark_submit.py:641} INFO - at io.netty.resolver.InetSocketAddressResolver.doResolve(InetSocketAddressResolver.java:55)
[2025-03-09T22:38:40.868+0000] {spark_submit.py:641} INFO - at io.netty.resolver.InetSocketAddressResolver.doResolve(InetSocketAddressResolver.java:31)
[2025-03-09T22:38:40.868+0000] {spark_submit.py:641} INFO - at io.netty.resolver.AbstractAddressResolver.resolve(AbstractAddressResolver.java:106)
[2025-03-09T22:38:40.869+0000] {spark_submit.py:641} INFO - at io.netty.bootstrap.Bootstrap.doResolveAndConnect0(Bootstrap.java:220)
[2025-03-09T22:38:40.869+0000] {spark_submit.py:641} INFO - at io.netty.bootstrap.Bootstrap.access$000(Bootstrap.java:46)
[2025-03-09T22:38:40.869+0000] {spark_submit.py:641} INFO - at io.netty.bootstrap.Bootstrap$1.operationComplete(Bootstrap.java:189)
[2025-03-09T22:38:40.869+0000] {spark_submit.py:641} INFO - at io.netty.bootstrap.Bootstrap$1.operationComplete(Bootstrap.java:175)
[2025-03-09T22:38:40.869+0000] {spark_submit.py:641} INFO - at io.netty.util.concurrent.DefaultPromise.notifyListener0(DefaultPromise.java:590)
[2025-03-09T22:38:40.869+0000] {spark_submit.py:641} INFO - at io.netty.util.concurrent.DefaultPromise.notifyListenersNow(DefaultPromise.java:557)
[2025-03-09T22:38:40.869+0000] {spark_submit.py:641} INFO - at io.netty.util.concurrent.DefaultPromise.notifyListeners(DefaultPromise.java:492)
[2025-03-09T22:38:40.870+0000] {spark_submit.py:641} INFO - at io.netty.util.concurrent.DefaultPromise.setValue0(DefaultPromise.java:636)
[2025-03-09T22:38:40.870+0000] {spark_submit.py:641} INFO - at io.netty.util.concurrent.DefaultPromise.setSuccess0(DefaultPromise.java:625)
[2025-03-09T22:38:40.870+0000] {spark_submit.py:641} INFO - at io.netty.util.concurrent.DefaultPromise.trySuccess(DefaultPromise.java:105)
[2025-03-09T22:38:40.870+0000] {spark_submit.py:641} INFO - at io.netty.channel.DefaultChannelPromise.trySuccess(DefaultChannelPromise.java:84)
[2025-03-09T22:38:40.871+0000] {spark_submit.py:641} INFO - at io.netty.channel.AbstractChannel$AbstractUnsafe.safeSetSuccess(AbstractChannel.java:990)
[2025-03-09T22:38:40.871+0000] {spark_submit.py:641} INFO - at io.netty.channel.AbstractChannel$AbstractUnsafe.register0(AbstractChannel.java:516)
[2025-03-09T22:38:40.871+0000] {spark_submit.py:641} INFO - at io.netty.channel.AbstractChannel$AbstractUnsafe.access$200(AbstractChannel.java:429)
[2025-03-09T22:38:40.871+0000] {spark_submit.py:641} INFO - at io.netty.channel.AbstractChannel$AbstractUnsafe$1.run(AbstractChannel.java:486)
[2025-03-09T22:38:40.871+0000] {spark_submit.py:641} INFO - at io.netty.util.concurrent.AbstractEventExecutor.runTask(AbstractEventExecutor.java:174)
[2025-03-09T22:38:40.871+0000] {spark_submit.py:641} INFO - at io.netty.util.concurrent.AbstractEventExecutor.safeExecute(AbstractEventExecutor.java:167)
[2025-03-09T22:38:40.872+0000] {spark_submit.py:641} INFO - at io.netty.util.concurrent.SingleThreadEventExecutor.runAllTasks(SingleThreadEventExecutor.java:470)
[2025-03-09T22:38:40.872+0000] {spark_submit.py:641} INFO - at io.netty.channel.nio.NioEventLoop.run(NioEventLoop.java:569)
[2025-03-09T22:38:40.872+0000] {spark_submit.py:641} INFO - at io.netty.util.concurrent.SingleThreadEventExecutor$4.run(SingleThreadEventExecutor.java:997)
[2025-03-09T22:38:40.872+0000] {spark_submit.py:641} INFO - at io.netty.util.internal.ThreadExecutorMap$2.run(ThreadExecutorMap.java:74)
[2025-03-09T22:38:40.872+0000] {spark_submit.py:641} INFO - at io.netty.util.concurrent.FastThreadLocalRunnable.run(FastThreadLocalRunnable.java:30)
[2025-03-09T22:38:40.872+0000] {spark_submit.py:641} INFO - ... 1 more
