[2025-03-09T21:26:25.406+0000] {local_task_job_runner.py:123} INFO - ::group::Pre task execution logs
[2025-03-09T21:26:25.455+0000] {taskinstance.py:2613} INFO - Dependencies all met for dep_context=non-requeueable deps ti=<TaskInstance: spark_submit_operator_example.submit_spark_job manual__2025-03-09T21:26:24.292369+00:00 [queued]>
[2025-03-09T21:26:25.478+0000] {taskinstance.py:2613} INFO - Dependencies all met for dep_context=requeueable deps ti=<TaskInstance: spark_submit_operator_example.submit_spark_job manual__2025-03-09T21:26:24.292369+00:00 [queued]>
[2025-03-09T21:26:25.479+0000] {taskinstance.py:2866} INFO - Starting attempt 1 of 1
[2025-03-09T21:26:25.498+0000] {taskinstance.py:2889} INFO - Executing <Task(SparkSubmitOperator): submit_spark_job> on 2025-03-09 21:26:24.292369+00:00
[2025-03-09T21:26:25.511+0000] {standard_task_runner.py:104} INFO - Running: ['***', 'tasks', 'run', 'spark_submit_operator_example', 'submit_spark_job', 'manual__2025-03-09T21:26:24.292369+00:00', '--job-id', '387', '--raw', '--subdir', 'DAGS_FOLDER/spark_submit.py', '--cfg-path', '/tmp/tmpj7zu0sws']
[2025-03-09T21:26:25.515+0000] {standard_task_runner.py:105} INFO - Job 387: Subtask submit_spark_job
[2025-03-09T21:26:25.516+0000] {logging_mixin.py:190} WARNING - /home/***/.local/lib/python3.12/site-packages/***/task/task_runner/standard_task_runner.py:70 DeprecationWarning: This process (pid=204) is multi-threaded, use of fork() may lead to deadlocks in the child.
[2025-03-09T21:26:25.516+0000] {standard_task_runner.py:72} INFO - Started process 205 to run task
[2025-03-09T21:26:25.601+0000] {task_command.py:467} INFO - Running <TaskInstance: spark_submit_operator_example.submit_spark_job manual__2025-03-09T21:26:24.292369+00:00 [running]> on host 54dd29fe44da
[2025-03-09T21:26:25.764+0000] {taskinstance.py:3132} INFO - Exporting env vars: AIRFLOW_CTX_DAG_OWNER='***' AIRFLOW_CTX_DAG_ID='spark_submit_operator_example' AIRFLOW_CTX_TASK_ID='submit_spark_job' AIRFLOW_CTX_EXECUTION_DATE='2025-03-09T21:26:24.292369+00:00' AIRFLOW_CTX_TRY_NUMBER='1' AIRFLOW_CTX_DAG_RUN_ID='manual__2025-03-09T21:26:24.292369+00:00'
[2025-03-09T21:26:25.764+0000] {taskinstance.py:731} INFO - ::endgroup::
[2025-03-09T21:26:25.878+0000] {base.py:84} INFO - Retrieving connection 'spark_default'
[2025-03-09T21:26:25.878+0000] {spark_submit.py:474} INFO - Spark-Submit cmd: spark-submit --master spark://spark:7077 --num-executors 2 --executor-cores 1 --executor-memory 1g --driver-memory 1g --name SparkTest --verbose --deploy-mode client /opt/***/jobs/test_pyspark_job.py
[2025-03-09T21:26:25.951+0000] {spark_submit.py:641} INFO - /home/***/.local/lib/python3.12/site-packages/pyspark/bin/load-spark-env.sh: line 68: ps: command not found
[2025-03-09T21:26:30.331+0000] {spark_submit.py:641} INFO - Using properties file: null
[2025-03-09T21:26:30.467+0000] {spark_submit.py:641} INFO - Parsed arguments:
[2025-03-09T21:26:30.467+0000] {spark_submit.py:641} INFO - master                  spark://spark:7077
[2025-03-09T21:26:30.467+0000] {spark_submit.py:641} INFO - remote                  null
[2025-03-09T21:26:30.468+0000] {spark_submit.py:641} INFO - deployMode              client
[2025-03-09T21:26:30.468+0000] {spark_submit.py:641} INFO - executorMemory          1g
[2025-03-09T21:26:30.468+0000] {spark_submit.py:641} INFO - executorCores           1
[2025-03-09T21:26:30.468+0000] {spark_submit.py:641} INFO - totalExecutorCores      null
[2025-03-09T21:26:30.468+0000] {spark_submit.py:641} INFO - propertiesFile          null
[2025-03-09T21:26:30.468+0000] {spark_submit.py:641} INFO - driverMemory            1g
[2025-03-09T21:26:30.468+0000] {spark_submit.py:641} INFO - driverCores             null
[2025-03-09T21:26:30.469+0000] {spark_submit.py:641} INFO - driverExtraClassPath    null
[2025-03-09T21:26:30.469+0000] {spark_submit.py:641} INFO - driverExtraLibraryPath  null
[2025-03-09T21:26:30.469+0000] {spark_submit.py:641} INFO - driverExtraJavaOptions  null
[2025-03-09T21:26:30.469+0000] {spark_submit.py:641} INFO - supervise               false
[2025-03-09T21:26:30.469+0000] {spark_submit.py:641} INFO - queue                   null
[2025-03-09T21:26:30.469+0000] {spark_submit.py:641} INFO - numExecutors            2
[2025-03-09T21:26:30.469+0000] {spark_submit.py:641} INFO - files                   null
[2025-03-09T21:26:30.469+0000] {spark_submit.py:641} INFO - pyFiles                 null
[2025-03-09T21:26:30.470+0000] {spark_submit.py:641} INFO - archives                null
[2025-03-09T21:26:30.470+0000] {spark_submit.py:641} INFO - mainClass               null
[2025-03-09T21:26:30.470+0000] {spark_submit.py:641} INFO - primaryResource         file:/opt/***/jobs/test_pyspark_job.py
[2025-03-09T21:26:30.470+0000] {spark_submit.py:641} INFO - name                    SparkTest
[2025-03-09T21:26:30.470+0000] {spark_submit.py:641} INFO - childArgs               []
[2025-03-09T21:26:30.470+0000] {spark_submit.py:641} INFO - jars                    null
[2025-03-09T21:26:30.471+0000] {spark_submit.py:641} INFO - packages                null
[2025-03-09T21:26:30.471+0000] {spark_submit.py:641} INFO - packagesExclusions      null
[2025-03-09T21:26:30.471+0000] {spark_submit.py:641} INFO - repositories            null
[2025-03-09T21:26:30.471+0000] {spark_submit.py:641} INFO - verbose                 true
[2025-03-09T21:26:30.471+0000] {spark_submit.py:641} INFO - 
[2025-03-09T21:26:30.471+0000] {spark_submit.py:641} INFO - Spark properties used, including those specified through
[2025-03-09T21:26:30.471+0000] {spark_submit.py:641} INFO - --conf and those from the properties file null:
[2025-03-09T21:26:30.471+0000] {spark_submit.py:641} INFO - (spark.driver.memory,1g)
[2025-03-09T21:26:30.472+0000] {spark_submit.py:641} INFO - 
[2025-03-09T21:26:30.472+0000] {spark_submit.py:641} INFO - 
[2025-03-09T21:26:30.845+0000] {spark_submit.py:641} INFO - Main class:
[2025-03-09T21:26:30.846+0000] {spark_submit.py:641} INFO - org.apache.spark.deploy.PythonRunner
[2025-03-09T21:26:30.846+0000] {spark_submit.py:641} INFO - Arguments:
[2025-03-09T21:26:30.846+0000] {spark_submit.py:641} INFO - file:/opt/***/jobs/test_pyspark_job.py
[2025-03-09T21:26:30.847+0000] {spark_submit.py:641} INFO - null
[2025-03-09T21:26:30.849+0000] {spark_submit.py:641} INFO - Spark config:
[2025-03-09T21:26:30.849+0000] {spark_submit.py:641} INFO - (spark.app.name,SparkTest)
[2025-03-09T21:26:30.849+0000] {spark_submit.py:641} INFO - (spark.app.submitTime,1741555590830)
[2025-03-09T21:26:30.849+0000] {spark_submit.py:641} INFO - (spark.driver.memory,1g)
[2025-03-09T21:26:30.850+0000] {spark_submit.py:641} INFO - (spark.executor.cores,1)
[2025-03-09T21:26:30.850+0000] {spark_submit.py:641} INFO - (spark.executor.memory,1g)
[2025-03-09T21:26:30.850+0000] {spark_submit.py:641} INFO - (spark.master,spark://spark:7077)
[2025-03-09T21:26:30.850+0000] {spark_submit.py:641} INFO - (spark.submit.deployMode,client)
[2025-03-09T21:26:30.850+0000] {spark_submit.py:641} INFO - (spark.submit.pyFiles,)
[2025-03-09T21:26:30.851+0000] {spark_submit.py:641} INFO - Classpath elements:
[2025-03-09T21:26:30.851+0000] {spark_submit.py:641} INFO - 
[2025-03-09T21:26:30.851+0000] {spark_submit.py:641} INFO - 
[2025-03-09T21:26:30.851+0000] {spark_submit.py:641} INFO - 
[2025-03-09T21:26:32.297+0000] {spark_submit.py:641} INFO - 25/03/09 21:26:32 INFO SparkContext: Running Spark version 3.5.5
[2025-03-09T21:26:32.300+0000] {spark_submit.py:641} INFO - 25/03/09 21:26:32 INFO SparkContext: OS info Linux, 5.15.167.4-microsoft-standard-WSL2, amd64
[2025-03-09T21:26:32.300+0000] {spark_submit.py:641} INFO - 25/03/09 21:26:32 INFO SparkContext: Java version 17.0.14
[2025-03-09T21:26:32.421+0000] {spark_submit.py:641} INFO - 25/03/09 21:26:32 WARN NativeCodeLoader: Unable to load native-hadoop library for your platform... using builtin-java classes where applicable
[2025-03-09T21:26:32.590+0000] {spark_submit.py:641} INFO - 25/03/09 21:26:32 INFO ResourceUtils: ==============================================================
[2025-03-09T21:26:32.591+0000] {spark_submit.py:641} INFO - 25/03/09 21:26:32 INFO ResourceUtils: No custom resources configured for spark.driver.
[2025-03-09T21:26:32.591+0000] {spark_submit.py:641} INFO - 25/03/09 21:26:32 INFO ResourceUtils: ==============================================================
[2025-03-09T21:26:32.592+0000] {spark_submit.py:641} INFO - 25/03/09 21:26:32 INFO SparkContext: Submitted application: SparkTest
[2025-03-09T21:26:32.623+0000] {spark_submit.py:641} INFO - 25/03/09 21:26:32 INFO ResourceProfile: Default ResourceProfile created, executor resources: Map(cores -> name: cores, amount: 1, script: , vendor: , memory -> name: memory, amount: 1024, script: , vendor: , offHeap -> name: offHeap, amount: 0, script: , vendor: ), task resources: Map(cpus -> name: cpus, amount: 1.0)
[2025-03-09T21:26:32.633+0000] {spark_submit.py:641} INFO - 25/03/09 21:26:32 INFO ResourceProfile: Limiting resource is cpus at 1 tasks per executor
[2025-03-09T21:26:32.636+0000] {spark_submit.py:641} INFO - 25/03/09 21:26:32 INFO ResourceProfileManager: Added ResourceProfile id: 0
[2025-03-09T21:26:32.720+0000] {spark_submit.py:641} INFO - 25/03/09 21:26:32 INFO SecurityManager: Changing view acls to: ***
[2025-03-09T21:26:32.720+0000] {spark_submit.py:641} INFO - 25/03/09 21:26:32 INFO SecurityManager: Changing modify acls to: ***
[2025-03-09T21:26:32.721+0000] {spark_submit.py:641} INFO - 25/03/09 21:26:32 INFO SecurityManager: Changing view acls groups to:
[2025-03-09T21:26:32.721+0000] {spark_submit.py:641} INFO - 25/03/09 21:26:32 INFO SecurityManager: Changing modify acls groups to:
[2025-03-09T21:26:32.722+0000] {spark_submit.py:641} INFO - 25/03/09 21:26:32 INFO SecurityManager: SecurityManager: authentication disabled; ui acls disabled; users with view permissions: ***; groups with view permissions: EMPTY; users with modify permissions: ***; groups with modify permissions: EMPTY
[2025-03-09T21:26:33.099+0000] {spark_submit.py:641} INFO - 25/03/09 21:26:33 INFO Utils: Successfully started service 'sparkDriver' on port 43951.
[2025-03-09T21:26:33.161+0000] {spark_submit.py:641} INFO - 25/03/09 21:26:33 INFO SparkEnv: Registering MapOutputTracker
[2025-03-09T21:26:33.228+0000] {spark_submit.py:641} INFO - 25/03/09 21:26:33 INFO SparkEnv: Registering BlockManagerMaster
[2025-03-09T21:26:33.267+0000] {spark_submit.py:641} INFO - 25/03/09 21:26:33 INFO BlockManagerMasterEndpoint: Using org.apache.spark.storage.DefaultTopologyMapper for getting topology information
[2025-03-09T21:26:33.268+0000] {spark_submit.py:641} INFO - 25/03/09 21:26:33 INFO BlockManagerMasterEndpoint: BlockManagerMasterEndpoint up
[2025-03-09T21:26:33.280+0000] {spark_submit.py:641} INFO - 25/03/09 21:26:33 INFO SparkEnv: Registering BlockManagerMasterHeartbeat
[2025-03-09T21:26:33.321+0000] {spark_submit.py:641} INFO - 25/03/09 21:26:33 INFO DiskBlockManager: Created local directory at /tmp/blockmgr-00e7e14f-fbef-4502-809c-eec5c3ab6bd6
[2025-03-09T21:26:33.340+0000] {spark_submit.py:641} INFO - 25/03/09 21:26:33 INFO MemoryStore: MemoryStore started with capacity 434.4 MiB
[2025-03-09T21:26:33.361+0000] {spark_submit.py:641} INFO - 25/03/09 21:26:33 INFO SparkEnv: Registering OutputCommitCoordinator
[2025-03-09T21:26:33.599+0000] {spark_submit.py:641} INFO - 25/03/09 21:26:33 INFO JettyUtils: Start Jetty 0.0.0.0:4040 for SparkUI
[2025-03-09T21:26:33.700+0000] {spark_submit.py:641} INFO - 25/03/09 21:26:33 INFO Utils: Successfully started service 'SparkUI' on port 4040.
[2025-03-09T21:26:33.872+0000] {spark_submit.py:641} INFO - 25/03/09 21:26:33 INFO StandaloneAppClient$ClientEndpoint: Connecting to master spark://spark:7077...
[2025-03-09T21:26:33.935+0000] {spark_submit.py:641} INFO - 25/03/09 21:26:33 INFO TransportClientFactory: Successfully created connection to spark/172.19.0.3:7077 after 32 ms (0 ms spent in bootstraps)
[2025-03-09T21:26:34.701+0000] {spark_submit.py:641} INFO - 25/03/09 21:26:34 INFO StandaloneSchedulerBackend: Connected to Spark cluster with app ID app-20250309212634-0000
[2025-03-09T21:26:34.719+0000] {spark_submit.py:641} INFO - 25/03/09 21:26:34 INFO Utils: Successfully started service 'org.apache.spark.network.netty.NettyBlockTransferService' on port 33171.
[2025-03-09T21:26:34.719+0000] {spark_submit.py:641} INFO - 25/03/09 21:26:34 INFO NettyBlockTransferService: Server created on 54dd29fe44da:33171
[2025-03-09T21:26:34.721+0000] {spark_submit.py:641} INFO - 25/03/09 21:26:34 INFO BlockManager: Using org.apache.spark.storage.RandomBlockReplicationPolicy for block replication policy
[2025-03-09T21:26:34.732+0000] {spark_submit.py:641} INFO - 25/03/09 21:26:34 INFO BlockManagerMaster: Registering BlockManager BlockManagerId(driver, 54dd29fe44da, 33171, None)
[2025-03-09T21:26:34.737+0000] {spark_submit.py:641} INFO - 25/03/09 21:26:34 INFO BlockManagerMasterEndpoint: Registering block manager 54dd29fe44da:33171 with 434.4 MiB RAM, BlockManagerId(driver, 54dd29fe44da, 33171, None)
[2025-03-09T21:26:34.740+0000] {spark_submit.py:641} INFO - 25/03/09 21:26:34 INFO BlockManagerMaster: Registered BlockManager BlockManagerId(driver, 54dd29fe44da, 33171, None)
[2025-03-09T21:26:34.742+0000] {spark_submit.py:641} INFO - 25/03/09 21:26:34 INFO BlockManager: Initialized BlockManager: BlockManagerId(driver, 54dd29fe44da, 33171, None)
[2025-03-09T21:26:34.744+0000] {spark_submit.py:641} INFO - 25/03/09 21:26:34 INFO StandaloneAppClient$ClientEndpoint: Executor added: app-20250309212634-0000/0 on worker-20250309212344-172.19.0.4-32987 (172.19.0.4:32987) with 1 core(s)
[2025-03-09T21:26:34.747+0000] {spark_submit.py:641} INFO - 25/03/09 21:26:34 INFO StandaloneSchedulerBackend: Granted executor ID app-20250309212634-0000/0 on hostPort 172.19.0.4:32987 with 1 core(s), 1024.0 MiB RAM
[2025-03-09T21:26:35.069+0000] {spark_submit.py:641} INFO - 25/03/09 21:26:35 INFO StandaloneSchedulerBackend: SchedulerBackend is ready for scheduling beginning after reached minRegisteredResourcesRatio: 0.0
[2025-03-09T21:26:35.410+0000] {spark_submit.py:641} INFO - 25/03/09 21:26:35 INFO StandaloneAppClient$ClientEndpoint: Executor updated: app-20250309212634-0000/0 is now RUNNING
[2025-03-09T21:26:37.506+0000] {spark_submit.py:641} INFO - 25/03/09 21:26:37 INFO SharedState: Setting hive.metastore.warehouse.dir ('null') to the value of spark.sql.warehouse.dir.
[2025-03-09T21:26:37.519+0000] {spark_submit.py:641} INFO - 25/03/09 21:26:37 INFO SharedState: Warehouse path is 'file:/opt/***/spark-warehouse'.
[2025-03-09T21:26:39.523+0000] {spark_submit.py:641} INFO - 25/03/09 21:26:39 INFO StandaloneSchedulerBackend$StandaloneDriverEndpoint: Registered executor NettyRpcEndpointRef(spark-client://Executor) (172.19.0.4:34228) with ID 0,  ResourceProfileId 0
[2025-03-09T21:26:39.635+0000] {spark_submit.py:641} INFO - 25/03/09 21:26:39 INFO BlockManagerMasterEndpoint: Registering block manager 172.19.0.4:38555 with 434.4 MiB RAM, BlockManagerId(0, 172.19.0.4, 38555, None)
[2025-03-09T21:26:41.005+0000] {spark_submit.py:641} INFO - 25/03/09 21:26:41 INFO CodeGenerator: Code generated in 206.863903 ms
[2025-03-09T21:26:41.037+0000] {spark_submit.py:641} INFO - 25/03/09 21:26:41 INFO SparkContext: Starting job: showString at NativeMethodAccessorImpl.java:0
[2025-03-09T21:26:41.052+0000] {spark_submit.py:641} INFO - 25/03/09 21:26:41 INFO DAGScheduler: Got job 0 (showString at NativeMethodAccessorImpl.java:0) with 1 output partitions
[2025-03-09T21:26:41.053+0000] {spark_submit.py:641} INFO - 25/03/09 21:26:41 INFO DAGScheduler: Final stage: ResultStage 0 (showString at NativeMethodAccessorImpl.java:0)
[2025-03-09T21:26:41.053+0000] {spark_submit.py:641} INFO - 25/03/09 21:26:41 INFO DAGScheduler: Parents of final stage: List()
[2025-03-09T21:26:41.054+0000] {spark_submit.py:641} INFO - 25/03/09 21:26:41 INFO DAGScheduler: Missing parents: List()
[2025-03-09T21:26:41.057+0000] {spark_submit.py:641} INFO - 25/03/09 21:26:41 INFO DAGScheduler: Submitting ResultStage 0 (MapPartitionsRDD[6] at showString at NativeMethodAccessorImpl.java:0), which has no missing parents
[2025-03-09T21:26:41.153+0000] {spark_submit.py:641} INFO - 25/03/09 21:26:41 INFO MemoryStore: Block broadcast_0 stored as values in memory (estimated size 12.7 KiB, free 434.4 MiB)
[2025-03-09T21:26:41.262+0000] {spark_submit.py:641} INFO - 25/03/09 21:26:41 INFO MemoryStore: Block broadcast_0_piece0 stored as bytes in memory (estimated size 6.7 KiB, free 434.4 MiB)
[2025-03-09T21:26:41.265+0000] {spark_submit.py:641} INFO - 25/03/09 21:26:41 INFO BlockManagerInfo: Added broadcast_0_piece0 in memory on 54dd29fe44da:33171 (size: 6.7 KiB, free: 434.4 MiB)
[2025-03-09T21:26:41.274+0000] {spark_submit.py:641} INFO - 25/03/09 21:26:41 INFO SparkContext: Created broadcast 0 from broadcast at DAGScheduler.scala:1585
[2025-03-09T21:26:41.293+0000] {spark_submit.py:641} INFO - 25/03/09 21:26:41 INFO DAGScheduler: Submitting 1 missing tasks from ResultStage 0 (MapPartitionsRDD[6] at showString at NativeMethodAccessorImpl.java:0) (first 15 tasks are for partitions Vector(0))
[2025-03-09T21:26:41.295+0000] {spark_submit.py:641} INFO - 25/03/09 21:26:41 INFO TaskSchedulerImpl: Adding task set 0.0 with 1 tasks resource profile 0
[2025-03-09T21:26:41.323+0000] {spark_submit.py:641} INFO - 25/03/09 21:26:41 INFO TaskSetManager: Starting task 0.0 in stage 0.0 (TID 0) (172.19.0.4, executor 0, partition 0, PROCESS_LOCAL, 9019 bytes)
[2025-03-09T21:26:41.582+0000] {spark_submit.py:641} INFO - 25/03/09 21:26:41 INFO BlockManagerInfo: Added broadcast_0_piece0 in memory on 172.19.0.4:38555 (size: 6.7 KiB, free: 434.4 MiB)
[2025-03-09T21:26:44.037+0000] {spark_submit.py:641} INFO - 25/03/09 21:26:44 INFO TaskSetManager: Finished task 0.0 in stage 0.0 (TID 0) in 2723 ms on 172.19.0.4 (executor 0) (1/1)
[2025-03-09T21:26:44.041+0000] {spark_submit.py:641} INFO - 25/03/09 21:26:44 INFO TaskSchedulerImpl: Removed TaskSet 0.0, whose tasks have all completed, from pool
[2025-03-09T21:26:44.050+0000] {spark_submit.py:641} INFO - 25/03/09 21:26:44 INFO PythonAccumulatorV2: Connected to AccumulatorServer at host: 127.0.0.1 port: 46955
[2025-03-09T21:26:44.057+0000] {spark_submit.py:641} INFO - 25/03/09 21:26:44 INFO DAGScheduler: ResultStage 0 (showString at NativeMethodAccessorImpl.java:0) finished in 2.987 s
[2025-03-09T21:26:44.060+0000] {spark_submit.py:641} INFO - 25/03/09 21:26:44 INFO DAGScheduler: Job 0 is finished. Cancelling potential speculative or zombie tasks for this job
[2025-03-09T21:26:44.061+0000] {spark_submit.py:641} INFO - 25/03/09 21:26:44 INFO TaskSchedulerImpl: Killing all running tasks in stage 0: Stage finished
[2025-03-09T21:26:44.063+0000] {spark_submit.py:641} INFO - 25/03/09 21:26:44 INFO DAGScheduler: Job 0 finished: showString at NativeMethodAccessorImpl.java:0, took 3.026262 s
[2025-03-09T21:26:44.080+0000] {spark_submit.py:641} INFO - 25/03/09 21:26:44 INFO SparkContext: Starting job: showString at NativeMethodAccessorImpl.java:0
[2025-03-09T21:26:44.081+0000] {spark_submit.py:641} INFO - 25/03/09 21:26:44 INFO DAGScheduler: Got job 1 (showString at NativeMethodAccessorImpl.java:0) with 1 output partitions
[2025-03-09T21:26:44.082+0000] {spark_submit.py:641} INFO - 25/03/09 21:26:44 INFO DAGScheduler: Final stage: ResultStage 1 (showString at NativeMethodAccessorImpl.java:0)
[2025-03-09T21:26:44.083+0000] {spark_submit.py:641} INFO - 25/03/09 21:26:44 INFO DAGScheduler: Parents of final stage: List()
[2025-03-09T21:26:44.083+0000] {spark_submit.py:641} INFO - 25/03/09 21:26:44 INFO DAGScheduler: Missing parents: List()
[2025-03-09T21:26:44.085+0000] {spark_submit.py:641} INFO - 25/03/09 21:26:44 INFO DAGScheduler: Submitting ResultStage 1 (MapPartitionsRDD[6] at showString at NativeMethodAccessorImpl.java:0), which has no missing parents
[2025-03-09T21:26:44.089+0000] {spark_submit.py:641} INFO - 25/03/09 21:26:44 INFO MemoryStore: Block broadcast_1 stored as values in memory (estimated size 12.7 KiB, free 434.4 MiB)
[2025-03-09T21:26:44.102+0000] {spark_submit.py:641} INFO - 25/03/09 21:26:44 INFO MemoryStore: Block broadcast_1_piece0 stored as bytes in memory (estimated size 6.7 KiB, free 434.4 MiB)
[2025-03-09T21:26:44.103+0000] {spark_submit.py:641} INFO - 25/03/09 21:26:44 INFO BlockManagerInfo: Added broadcast_1_piece0 in memory on 54dd29fe44da:33171 (size: 6.7 KiB, free: 434.4 MiB)
[2025-03-09T21:26:44.104+0000] {spark_submit.py:641} INFO - 25/03/09 21:26:44 INFO SparkContext: Created broadcast 1 from broadcast at DAGScheduler.scala:1585
[2025-03-09T21:26:44.106+0000] {spark_submit.py:641} INFO - 25/03/09 21:26:44 INFO DAGScheduler: Submitting 1 missing tasks from ResultStage 1 (MapPartitionsRDD[6] at showString at NativeMethodAccessorImpl.java:0) (first 15 tasks are for partitions Vector(1))
[2025-03-09T21:26:44.106+0000] {spark_submit.py:641} INFO - 25/03/09 21:26:44 INFO TaskSchedulerImpl: Adding task set 1.0 with 1 tasks resource profile 0
[2025-03-09T21:26:44.108+0000] {spark_submit.py:641} INFO - 25/03/09 21:26:44 INFO TaskSetManager: Starting task 0.0 in stage 1.0 (TID 1) (172.19.0.4, executor 0, partition 1, PROCESS_LOCAL, 9054 bytes)
[2025-03-09T21:26:44.146+0000] {spark_submit.py:641} INFO - 25/03/09 21:26:44 INFO BlockManagerInfo: Removed broadcast_0_piece0 on 54dd29fe44da:33171 in memory (size: 6.7 KiB, free: 434.4 MiB)
[2025-03-09T21:26:44.152+0000] {spark_submit.py:641} INFO - 25/03/09 21:26:44 INFO BlockManagerInfo: Added broadcast_1_piece0 in memory on 172.19.0.4:38555 (size: 6.7 KiB, free: 434.4 MiB)
[2025-03-09T21:26:44.166+0000] {spark_submit.py:641} INFO - 25/03/09 21:26:44 INFO BlockManagerInfo: Removed broadcast_0_piece0 on 172.19.0.4:38555 in memory (size: 6.7 KiB, free: 434.4 MiB)
[2025-03-09T21:26:44.268+0000] {spark_submit.py:641} INFO - 25/03/09 21:26:44 INFO TaskSetManager: Finished task 0.0 in stage 1.0 (TID 1) in 161 ms on 172.19.0.4 (executor 0) (1/1)
[2025-03-09T21:26:44.269+0000] {spark_submit.py:641} INFO - 25/03/09 21:26:44 INFO TaskSchedulerImpl: Removed TaskSet 1.0, whose tasks have all completed, from pool
[2025-03-09T21:26:44.271+0000] {spark_submit.py:641} INFO - 25/03/09 21:26:44 INFO DAGScheduler: ResultStage 1 (showString at NativeMethodAccessorImpl.java:0) finished in 0.183 s
[2025-03-09T21:26:44.272+0000] {spark_submit.py:641} INFO - 25/03/09 21:26:44 INFO DAGScheduler: Job 1 is finished. Cancelling potential speculative or zombie tasks for this job
[2025-03-09T21:26:44.273+0000] {spark_submit.py:641} INFO - 25/03/09 21:26:44 INFO TaskSchedulerImpl: Killing all running tasks in stage 1: Stage finished
[2025-03-09T21:26:44.273+0000] {spark_submit.py:641} INFO - 25/03/09 21:26:44 INFO DAGScheduler: Job 1 finished: showString at NativeMethodAccessorImpl.java:0, took 0.192946 s
[2025-03-09T21:26:44.957+0000] {spark_submit.py:641} INFO - 25/03/09 21:26:44 INFO BlockManagerInfo: Removed broadcast_1_piece0 on 54dd29fe44da:33171 in memory (size: 6.7 KiB, free: 434.4 MiB)
[2025-03-09T21:26:44.962+0000] {spark_submit.py:641} INFO - 25/03/09 21:26:44 INFO BlockManagerInfo: Removed broadcast_1_piece0 on 172.19.0.4:38555 in memory (size: 6.7 KiB, free: 434.4 MiB)
[2025-03-09T21:26:45.384+0000] {spark_submit.py:641} INFO - 25/03/09 21:26:45 INFO CodeGenerator: Code generated in 24.505307 ms
[2025-03-09T21:26:45.402+0000] {spark_submit.py:641} INFO - +----+---+
[2025-03-09T21:26:45.402+0000] {spark_submit.py:641} INFO - |Name|Age|
[2025-03-09T21:26:45.402+0000] {spark_submit.py:641} INFO - +----+---+
[2025-03-09T21:26:45.403+0000] {spark_submit.py:641} INFO - |John| 28|
[2025-03-09T21:26:45.403+0000] {spark_submit.py:641} INFO - |Jane| 25|
[2025-03-09T21:26:45.403+0000] {spark_submit.py:641} INFO - | Doe| 35|
[2025-03-09T21:26:45.404+0000] {spark_submit.py:641} INFO - +----+---+
[2025-03-09T21:26:45.404+0000] {spark_submit.py:641} INFO - 
[2025-03-09T21:26:45.578+0000] {spark_submit.py:641} INFO - 25/03/09 21:26:45 INFO CodeGenerator: Code generated in 13.478239 ms
[2025-03-09T21:26:45.594+0000] {spark_submit.py:641} INFO - 25/03/09 21:26:45 INFO SparkContext: Starting job: showString at NativeMethodAccessorImpl.java:0
[2025-03-09T21:26:45.595+0000] {spark_submit.py:641} INFO - 25/03/09 21:26:45 INFO DAGScheduler: Got job 2 (showString at NativeMethodAccessorImpl.java:0) with 1 output partitions
[2025-03-09T21:26:45.596+0000] {spark_submit.py:641} INFO - 25/03/09 21:26:45 INFO DAGScheduler: Final stage: ResultStage 2 (showString at NativeMethodAccessorImpl.java:0)
[2025-03-09T21:26:45.596+0000] {spark_submit.py:641} INFO - 25/03/09 21:26:45 INFO DAGScheduler: Parents of final stage: List()
[2025-03-09T21:26:45.596+0000] {spark_submit.py:641} INFO - 25/03/09 21:26:45 INFO DAGScheduler: Missing parents: List()
[2025-03-09T21:26:45.597+0000] {spark_submit.py:641} INFO - 25/03/09 21:26:45 INFO DAGScheduler: Submitting ResultStage 2 (MapPartitionsRDD[8] at showString at NativeMethodAccessorImpl.java:0), which has no missing parents
[2025-03-09T21:26:45.601+0000] {spark_submit.py:641} INFO - 25/03/09 21:26:45 INFO MemoryStore: Block broadcast_2 stored as values in memory (estimated size 13.1 KiB, free 434.4 MiB)
[2025-03-09T21:26:45.603+0000] {spark_submit.py:641} INFO - 25/03/09 21:26:45 INFO MemoryStore: Block broadcast_2_piece0 stored as bytes in memory (estimated size 6.8 KiB, free 434.4 MiB)
[2025-03-09T21:26:45.605+0000] {spark_submit.py:641} INFO - 25/03/09 21:26:45 INFO BlockManagerInfo: Added broadcast_2_piece0 in memory on 54dd29fe44da:33171 (size: 6.8 KiB, free: 434.4 MiB)
[2025-03-09T21:26:45.606+0000] {spark_submit.py:641} INFO - 25/03/09 21:26:45 INFO SparkContext: Created broadcast 2 from broadcast at DAGScheduler.scala:1585
[2025-03-09T21:26:45.607+0000] {spark_submit.py:641} INFO - 25/03/09 21:26:45 INFO DAGScheduler: Submitting 1 missing tasks from ResultStage 2 (MapPartitionsRDD[8] at showString at NativeMethodAccessorImpl.java:0) (first 15 tasks are for partitions Vector(0))
[2025-03-09T21:26:45.608+0000] {spark_submit.py:641} INFO - 25/03/09 21:26:45 INFO TaskSchedulerImpl: Adding task set 2.0 with 1 tasks resource profile 0
[2025-03-09T21:26:45.610+0000] {spark_submit.py:641} INFO - 25/03/09 21:26:45 INFO TaskSetManager: Starting task 0.0 in stage 2.0 (TID 2) (172.19.0.4, executor 0, partition 0, PROCESS_LOCAL, 9019 bytes)
[2025-03-09T21:26:45.632+0000] {spark_submit.py:641} INFO - 25/03/09 21:26:45 INFO BlockManagerInfo: Added broadcast_2_piece0 in memory on 172.19.0.4:38555 (size: 6.8 KiB, free: 434.4 MiB)
[2025-03-09T21:26:45.723+0000] {spark_submit.py:641} INFO - 25/03/09 21:26:45 INFO TaskSetManager: Finished task 0.0 in stage 2.0 (TID 2) in 112 ms on 172.19.0.4 (executor 0) (1/1)
[2025-03-09T21:26:45.723+0000] {spark_submit.py:641} INFO - 25/03/09 21:26:45 INFO TaskSchedulerImpl: Removed TaskSet 2.0, whose tasks have all completed, from pool
[2025-03-09T21:26:45.724+0000] {spark_submit.py:641} INFO - 25/03/09 21:26:45 INFO DAGScheduler: ResultStage 2 (showString at NativeMethodAccessorImpl.java:0) finished in 0.126 s
[2025-03-09T21:26:45.725+0000] {spark_submit.py:641} INFO - 25/03/09 21:26:45 INFO DAGScheduler: Job 2 is finished. Cancelling potential speculative or zombie tasks for this job
[2025-03-09T21:26:45.725+0000] {spark_submit.py:641} INFO - 25/03/09 21:26:45 INFO TaskSchedulerImpl: Killing all running tasks in stage 2: Stage finished
[2025-03-09T21:26:45.725+0000] {spark_submit.py:641} INFO - 25/03/09 21:26:45 INFO DAGScheduler: Job 2 finished: showString at NativeMethodAccessorImpl.java:0, took 0.130585 s
[2025-03-09T21:26:45.732+0000] {spark_submit.py:641} INFO - 25/03/09 21:26:45 INFO SparkContext: Starting job: showString at NativeMethodAccessorImpl.java:0
[2025-03-09T21:26:45.734+0000] {spark_submit.py:641} INFO - 25/03/09 21:26:45 INFO DAGScheduler: Got job 3 (showString at NativeMethodAccessorImpl.java:0) with 1 output partitions
[2025-03-09T21:26:45.734+0000] {spark_submit.py:641} INFO - 25/03/09 21:26:45 INFO DAGScheduler: Final stage: ResultStage 3 (showString at NativeMethodAccessorImpl.java:0)
[2025-03-09T21:26:45.734+0000] {spark_submit.py:641} INFO - 25/03/09 21:26:45 INFO DAGScheduler: Parents of final stage: List()
[2025-03-09T21:26:45.735+0000] {spark_submit.py:641} INFO - 25/03/09 21:26:45 INFO DAGScheduler: Missing parents: List()
[2025-03-09T21:26:45.736+0000] {spark_submit.py:641} INFO - 25/03/09 21:26:45 INFO DAGScheduler: Submitting ResultStage 3 (MapPartitionsRDD[8] at showString at NativeMethodAccessorImpl.java:0), which has no missing parents
[2025-03-09T21:26:45.739+0000] {spark_submit.py:641} INFO - 25/03/09 21:26:45 INFO MemoryStore: Block broadcast_3 stored as values in memory (estimated size 13.1 KiB, free 434.4 MiB)
[2025-03-09T21:26:45.748+0000] {spark_submit.py:641} INFO - 25/03/09 21:26:45 INFO MemoryStore: Block broadcast_3_piece0 stored as bytes in memory (estimated size 6.8 KiB, free 434.4 MiB)
[2025-03-09T21:26:45.749+0000] {spark_submit.py:641} INFO - 25/03/09 21:26:45 INFO BlockManagerInfo: Added broadcast_3_piece0 in memory on 54dd29fe44da:33171 (size: 6.8 KiB, free: 434.4 MiB)
[2025-03-09T21:26:45.750+0000] {spark_submit.py:641} INFO - 25/03/09 21:26:45 INFO BlockManagerInfo: Removed broadcast_2_piece0 on 54dd29fe44da:33171 in memory (size: 6.8 KiB, free: 434.4 MiB)
[2025-03-09T21:26:45.750+0000] {spark_submit.py:641} INFO - 25/03/09 21:26:45 INFO SparkContext: Created broadcast 3 from broadcast at DAGScheduler.scala:1585
[2025-03-09T21:26:45.751+0000] {spark_submit.py:641} INFO - 25/03/09 21:26:45 INFO DAGScheduler: Submitting 1 missing tasks from ResultStage 3 (MapPartitionsRDD[8] at showString at NativeMethodAccessorImpl.java:0) (first 15 tasks are for partitions Vector(1))
[2025-03-09T21:26:45.751+0000] {spark_submit.py:641} INFO - 25/03/09 21:26:45 INFO TaskSchedulerImpl: Adding task set 3.0 with 1 tasks resource profile 0
[2025-03-09T21:26:45.755+0000] {spark_submit.py:641} INFO - 25/03/09 21:26:45 INFO TaskSetManager: Starting task 0.0 in stage 3.0 (TID 3) (172.19.0.4, executor 0, partition 1, PROCESS_LOCAL, 9054 bytes)
[2025-03-09T21:26:45.755+0000] {spark_submit.py:641} INFO - 25/03/09 21:26:45 INFO BlockManagerInfo: Removed broadcast_2_piece0 on 172.19.0.4:38555 in memory (size: 6.8 KiB, free: 434.4 MiB)
[2025-03-09T21:26:45.777+0000] {spark_submit.py:641} INFO - 25/03/09 21:26:45 INFO BlockManagerInfo: Added broadcast_3_piece0 in memory on 172.19.0.4:38555 (size: 6.8 KiB, free: 434.4 MiB)
[2025-03-09T21:26:45.869+0000] {spark_submit.py:641} INFO - 25/03/09 21:26:45 INFO TaskSetManager: Finished task 0.0 in stage 3.0 (TID 3) in 116 ms on 172.19.0.4 (executor 0) (1/1)
[2025-03-09T21:26:45.870+0000] {spark_submit.py:641} INFO - 25/03/09 21:26:45 INFO TaskSchedulerImpl: Removed TaskSet 3.0, whose tasks have all completed, from pool
[2025-03-09T21:26:45.871+0000] {spark_submit.py:641} INFO - 25/03/09 21:26:45 INFO DAGScheduler: ResultStage 3 (showString at NativeMethodAccessorImpl.java:0) finished in 0.133 s
[2025-03-09T21:26:45.871+0000] {spark_submit.py:641} INFO - 25/03/09 21:26:45 INFO DAGScheduler: Job 3 is finished. Cancelling potential speculative or zombie tasks for this job
[2025-03-09T21:26:45.872+0000] {spark_submit.py:641} INFO - 25/03/09 21:26:45 INFO TaskSchedulerImpl: Killing all running tasks in stage 3: Stage finished
[2025-03-09T21:26:45.872+0000] {spark_submit.py:641} INFO - 25/03/09 21:26:45 INFO DAGScheduler: Job 3 finished: showString at NativeMethodAccessorImpl.java:0, took 0.139274 s
[2025-03-09T21:26:45.877+0000] {spark_submit.py:641} INFO - +----+---+
[2025-03-09T21:26:45.878+0000] {spark_submit.py:641} INFO - |Name|Age|
[2025-03-09T21:26:45.878+0000] {spark_submit.py:641} INFO - +----+---+
[2025-03-09T21:26:45.878+0000] {spark_submit.py:641} INFO - | Doe| 35|
[2025-03-09T21:26:45.878+0000] {spark_submit.py:641} INFO - +----+---+
[2025-03-09T21:26:45.878+0000] {spark_submit.py:641} INFO - 
[2025-03-09T21:26:45.878+0000] {spark_submit.py:641} INFO - 25/03/09 21:26:45 INFO SparkContext: SparkContext is stopping with exitCode 0.
[2025-03-09T21:26:45.898+0000] {spark_submit.py:641} INFO - 25/03/09 21:26:45 INFO SparkUI: Stopped Spark web UI at http://54dd29fe44da:4040
[2025-03-09T21:26:45.903+0000] {spark_submit.py:641} INFO - 25/03/09 21:26:45 INFO StandaloneSchedulerBackend: Shutting down all executors
[2025-03-09T21:26:45.904+0000] {spark_submit.py:641} INFO - 25/03/09 21:26:45 INFO StandaloneSchedulerBackend$StandaloneDriverEndpoint: Asking each executor to shut down
[2025-03-09T21:26:45.932+0000] {spark_submit.py:641} INFO - 25/03/09 21:26:45 INFO MapOutputTrackerMasterEndpoint: MapOutputTrackerMasterEndpoint stopped!
[2025-03-09T21:26:45.975+0000] {spark_submit.py:641} INFO - 25/03/09 21:26:45 INFO MemoryStore: MemoryStore cleared
[2025-03-09T21:26:45.975+0000] {spark_submit.py:641} INFO - 25/03/09 21:26:45 INFO BlockManager: BlockManager stopped
[2025-03-09T21:26:45.982+0000] {spark_submit.py:641} INFO - 25/03/09 21:26:45 INFO BlockManagerMaster: BlockManagerMaster stopped
[2025-03-09T21:26:45.986+0000] {spark_submit.py:641} INFO - 25/03/09 21:26:45 INFO OutputCommitCoordinator$OutputCommitCoordinatorEndpoint: OutputCommitCoordinator stopped!
[2025-03-09T21:26:46.000+0000] {spark_submit.py:641} INFO - 25/03/09 21:26:45 INFO SparkContext: Successfully stopped SparkContext
[2025-03-09T21:26:47.038+0000] {spark_submit.py:641} INFO - 25/03/09 21:26:47 INFO ShutdownHookManager: Shutdown hook called
[2025-03-09T21:26:47.038+0000] {spark_submit.py:641} INFO - 25/03/09 21:26:47 INFO ShutdownHookManager: Deleting directory /tmp/spark-fd68ce3a-f7b7-4a19-84d4-ade2c8e9f067
[2025-03-09T21:26:47.043+0000] {spark_submit.py:641} INFO - 25/03/09 21:26:47 INFO ShutdownHookManager: Deleting directory /tmp/spark-a9802879-e024-4570-b91e-a120a8ba8a39/pyspark-4a832940-8b2b-4c44-8642-bb6102f7a57e
[2025-03-09T21:26:47.047+0000] {spark_submit.py:641} INFO - 25/03/09 21:26:47 INFO ShutdownHookManager: Deleting directory /tmp/spark-a9802879-e024-4570-b91e-a120a8ba8a39
[2025-03-09T21:26:47.099+0000] {taskinstance.py:340} INFO - ::group::Post task execution logs
[2025-03-09T21:26:47.099+0000] {taskinstance.py:352} INFO - Marking task as SUCCESS. dag_id=spark_submit_operator_example, task_id=submit_spark_job, run_id=manual__2025-03-09T21:26:24.292369+00:00, execution_date=20250309T212624, start_date=20250309T212625, end_date=20250309T212647
[2025-03-09T21:26:47.160+0000] {local_task_job_runner.py:266} INFO - Task exited with return code 0
[2025-03-09T21:26:47.186+0000] {taskinstance.py:3895} INFO - 0 downstream tasks scheduled from follow-on schedule check
[2025-03-09T21:26:47.188+0000] {local_task_job_runner.py:245} INFO - ::endgroup::
