[2025-03-10T00:00:01.111+0000] {local_task_job_runner.py:123} INFO - ::group::Pre task execution logs
[2025-03-10T00:00:01.129+0000] {taskinstance.py:2613} INFO - Dependencies all met for dep_context=non-requeueable deps ti=<TaskInstance: spark_submit_operator_example.submit_spark_job scheduled__2025-03-09T00:00:00+00:00 [queued]>
[2025-03-10T00:00:01.136+0000] {taskinstance.py:2613} INFO - Dependencies all met for dep_context=requeueable deps ti=<TaskInstance: spark_submit_operator_example.submit_spark_job scheduled__2025-03-09T00:00:00+00:00 [queued]>
[2025-03-10T00:00:01.137+0000] {taskinstance.py:2866} INFO - Starting attempt 1 of 1
[2025-03-10T00:00:01.155+0000] {taskinstance.py:2889} INFO - Executing <Task(SparkSubmitOperator): submit_spark_job> on 2025-03-09 00:00:00+00:00
[2025-03-10T00:00:01.164+0000] {standard_task_runner.py:104} INFO - Running: ['***', 'tasks', 'run', 'spark_submit_operator_example', 'submit_spark_job', 'scheduled__2025-03-09T00:00:00+00:00', '--job-id', '466', '--raw', '--subdir', 'DAGS_FOLDER/spark_submit.py', '--cfg-path', '/tmp/tmpxk9of2kj']
[2025-03-10T00:00:01.167+0000] {standard_task_runner.py:105} INFO - Job 466: Subtask submit_spark_job
[2025-03-10T00:00:01.168+0000] {logging_mixin.py:190} WARNING - /home/***/.local/lib/python3.12/site-packages/***/task/task_runner/standard_task_runner.py:70 DeprecationWarning: This process (pid=451) is multi-threaded, use of fork() may lead to deadlocks in the child.
[2025-03-10T00:00:01.168+0000] {standard_task_runner.py:72} INFO - Started process 452 to run task
[2025-03-10T00:00:01.230+0000] {task_command.py:467} INFO - Running <TaskInstance: spark_submit_operator_example.submit_spark_job scheduled__2025-03-09T00:00:00+00:00 [running]> on host 27f453beda85
[2025-03-10T00:00:01.348+0000] {taskinstance.py:3132} INFO - Exporting env vars: AIRFLOW_CTX_DAG_OWNER='***' AIRFLOW_CTX_DAG_ID='spark_submit_operator_example' AIRFLOW_CTX_TASK_ID='submit_spark_job' AIRFLOW_CTX_EXECUTION_DATE='2025-03-09T00:00:00+00:00' AIRFLOW_CTX_TRY_NUMBER='1' AIRFLOW_CTX_DAG_RUN_ID='scheduled__2025-03-09T00:00:00+00:00'
[2025-03-10T00:00:01.348+0000] {taskinstance.py:731} INFO - ::endgroup::
[2025-03-10T00:00:01.371+0000] {base.py:84} INFO - Retrieving connection 'spark_default'
[2025-03-10T00:00:01.371+0000] {spark_submit.py:474} INFO - Spark-Submit cmd: spark-submit --master spark://spark:7077 --num-executors 2 --executor-cores 1 --executor-memory 1g --driver-memory 1g --name SparkTest --verbose --deploy-mode client /opt/***/jobs/test_pyspark_job.py
[2025-03-10T00:00:01.424+0000] {spark_submit.py:641} INFO - /home/***/.local/lib/python3.12/site-packages/pyspark/bin/load-spark-env.sh: line 68: ps: command not found
[2025-03-10T00:00:02.627+0000] {spark_submit.py:641} INFO - Using properties file: null
[2025-03-10T00:00:02.747+0000] {spark_submit.py:641} INFO - Parsed arguments:
[2025-03-10T00:00:02.747+0000] {spark_submit.py:641} INFO - master                  spark://spark:7077
[2025-03-10T00:00:02.747+0000] {spark_submit.py:641} INFO - remote                  null
[2025-03-10T00:00:02.748+0000] {spark_submit.py:641} INFO - deployMode              client
[2025-03-10T00:00:02.748+0000] {spark_submit.py:641} INFO - executorMemory          1g
[2025-03-10T00:00:02.748+0000] {spark_submit.py:641} INFO - executorCores           1
[2025-03-10T00:00:02.748+0000] {spark_submit.py:641} INFO - totalExecutorCores      null
[2025-03-10T00:00:02.748+0000] {spark_submit.py:641} INFO - propertiesFile          null
[2025-03-10T00:00:02.748+0000] {spark_submit.py:641} INFO - driverMemory            1g
[2025-03-10T00:00:02.748+0000] {spark_submit.py:641} INFO - driverCores             null
[2025-03-10T00:00:02.748+0000] {spark_submit.py:641} INFO - driverExtraClassPath    null
[2025-03-10T00:00:02.748+0000] {spark_submit.py:641} INFO - driverExtraLibraryPath  null
[2025-03-10T00:00:02.749+0000] {spark_submit.py:641} INFO - driverExtraJavaOptions  null
[2025-03-10T00:00:02.749+0000] {spark_submit.py:641} INFO - supervise               false
[2025-03-10T00:00:02.749+0000] {spark_submit.py:641} INFO - queue                   null
[2025-03-10T00:00:02.749+0000] {spark_submit.py:641} INFO - numExecutors            2
[2025-03-10T00:00:02.749+0000] {spark_submit.py:641} INFO - files                   null
[2025-03-10T00:00:02.749+0000] {spark_submit.py:641} INFO - pyFiles                 null
[2025-03-10T00:00:02.749+0000] {spark_submit.py:641} INFO - archives                null
[2025-03-10T00:00:02.749+0000] {spark_submit.py:641} INFO - mainClass               null
[2025-03-10T00:00:02.749+0000] {spark_submit.py:641} INFO - primaryResource         file:/opt/***/jobs/test_pyspark_job.py
[2025-03-10T00:00:02.750+0000] {spark_submit.py:641} INFO - name                    SparkTest
[2025-03-10T00:00:02.750+0000] {spark_submit.py:641} INFO - childArgs               []
[2025-03-10T00:00:02.750+0000] {spark_submit.py:641} INFO - jars                    null
[2025-03-10T00:00:02.750+0000] {spark_submit.py:641} INFO - packages                null
[2025-03-10T00:00:02.750+0000] {spark_submit.py:641} INFO - packagesExclusions      null
[2025-03-10T00:00:02.750+0000] {spark_submit.py:641} INFO - repositories            null
[2025-03-10T00:00:02.750+0000] {spark_submit.py:641} INFO - verbose                 true
[2025-03-10T00:00:02.750+0000] {spark_submit.py:641} INFO - 
[2025-03-10T00:00:02.750+0000] {spark_submit.py:641} INFO - Spark properties used, including those specified through
[2025-03-10T00:00:02.751+0000] {spark_submit.py:641} INFO - --conf and those from the properties file null:
[2025-03-10T00:00:02.751+0000] {spark_submit.py:641} INFO - (spark.driver.memory,1g)
[2025-03-10T00:00:02.751+0000] {spark_submit.py:641} INFO - 
[2025-03-10T00:00:02.751+0000] {spark_submit.py:641} INFO - 
[2025-03-10T00:00:03.014+0000] {spark_submit.py:641} INFO - Main class:
[2025-03-10T00:00:03.014+0000] {spark_submit.py:641} INFO - org.apache.spark.deploy.PythonRunner
[2025-03-10T00:00:03.015+0000] {spark_submit.py:641} INFO - Arguments:
[2025-03-10T00:00:03.015+0000] {spark_submit.py:641} INFO - file:/opt/***/jobs/test_pyspark_job.py
[2025-03-10T00:00:03.015+0000] {spark_submit.py:641} INFO - null
[2025-03-10T00:00:03.018+0000] {spark_submit.py:641} INFO - Spark config:
[2025-03-10T00:00:03.018+0000] {spark_submit.py:641} INFO - (spark.app.name,SparkTest)
[2025-03-10T00:00:03.018+0000] {spark_submit.py:641} INFO - (spark.app.submitTime,1741564802985)
[2025-03-10T00:00:03.018+0000] {spark_submit.py:641} INFO - (spark.driver.memory,1g)
[2025-03-10T00:00:03.019+0000] {spark_submit.py:641} INFO - (spark.executor.cores,1)
[2025-03-10T00:00:03.019+0000] {spark_submit.py:641} INFO - (spark.executor.memory,1g)
[2025-03-10T00:00:03.019+0000] {spark_submit.py:641} INFO - (spark.master,spark://spark:7077)
[2025-03-10T00:00:03.019+0000] {spark_submit.py:641} INFO - (spark.submit.deployMode,client)
[2025-03-10T00:00:03.019+0000] {spark_submit.py:641} INFO - (spark.submit.pyFiles,)
[2025-03-10T00:00:03.020+0000] {spark_submit.py:641} INFO - Classpath elements:
[2025-03-10T00:00:03.020+0000] {spark_submit.py:641} INFO - 
[2025-03-10T00:00:03.020+0000] {spark_submit.py:641} INFO - 
[2025-03-10T00:00:03.020+0000] {spark_submit.py:641} INFO - 
[2025-03-10T00:00:04.112+0000] {spark_submit.py:641} INFO - 25/03/10 00:00:04 INFO SparkContext: Running Spark version 3.5.5
[2025-03-10T00:00:04.114+0000] {spark_submit.py:641} INFO - 25/03/10 00:00:04 INFO SparkContext: OS info Linux, 5.15.167.4-microsoft-standard-WSL2, amd64
[2025-03-10T00:00:04.115+0000] {spark_submit.py:641} INFO - 25/03/10 00:00:04 INFO SparkContext: Java version 17.0.14
[2025-03-10T00:00:04.165+0000] {spark_submit.py:641} INFO - 25/03/10 00:00:04 WARN NativeCodeLoader: Unable to load native-hadoop library for your platform... using builtin-java classes where applicable
[2025-03-10T00:00:04.253+0000] {spark_submit.py:641} INFO - 25/03/10 00:00:04 INFO ResourceUtils: ==============================================================
[2025-03-10T00:00:04.253+0000] {spark_submit.py:641} INFO - 25/03/10 00:00:04 INFO ResourceUtils: No custom resources configured for spark.driver.
[2025-03-10T00:00:04.253+0000] {spark_submit.py:641} INFO - 25/03/10 00:00:04 INFO ResourceUtils: ==============================================================
[2025-03-10T00:00:04.253+0000] {spark_submit.py:641} INFO - 25/03/10 00:00:04 INFO SparkContext: Submitted application: SparkTest
[2025-03-10T00:00:04.277+0000] {spark_submit.py:641} INFO - 25/03/10 00:00:04 INFO ResourceProfile: Default ResourceProfile created, executor resources: Map(cores -> name: cores, amount: 1, script: , vendor: , memory -> name: memory, amount: 1024, script: , vendor: , offHeap -> name: offHeap, amount: 0, script: , vendor: ), task resources: Map(cpus -> name: cpus, amount: 1.0)
[2025-03-10T00:00:04.286+0000] {spark_submit.py:641} INFO - 25/03/10 00:00:04 INFO ResourceProfile: Limiting resource is cpus at 1 tasks per executor
[2025-03-10T00:00:04.289+0000] {spark_submit.py:641} INFO - 25/03/10 00:00:04 INFO ResourceProfileManager: Added ResourceProfile id: 0
[2025-03-10T00:00:04.362+0000] {spark_submit.py:641} INFO - 25/03/10 00:00:04 INFO SecurityManager: Changing view acls to: ***
[2025-03-10T00:00:04.363+0000] {spark_submit.py:641} INFO - 25/03/10 00:00:04 INFO SecurityManager: Changing modify acls to: ***
[2025-03-10T00:00:04.363+0000] {spark_submit.py:641} INFO - 25/03/10 00:00:04 INFO SecurityManager: Changing view acls groups to:
[2025-03-10T00:00:04.363+0000] {spark_submit.py:641} INFO - 25/03/10 00:00:04 INFO SecurityManager: Changing modify acls groups to:
[2025-03-10T00:00:04.364+0000] {spark_submit.py:641} INFO - 25/03/10 00:00:04 INFO SecurityManager: SecurityManager: authentication disabled; ui acls disabled; users with view permissions: ***; groups with view permissions: EMPTY; users with modify permissions: ***; groups with modify permissions: EMPTY
[2025-03-10T00:00:04.594+0000] {spark_submit.py:641} INFO - 25/03/10 00:00:04 INFO Utils: Successfully started service 'sparkDriver' on port 35747.
[2025-03-10T00:00:04.623+0000] {spark_submit.py:641} INFO - 25/03/10 00:00:04 INFO SparkEnv: Registering MapOutputTracker
[2025-03-10T00:00:04.663+0000] {spark_submit.py:641} INFO - 25/03/10 00:00:04 INFO SparkEnv: Registering BlockManagerMaster
[2025-03-10T00:00:04.682+0000] {spark_submit.py:641} INFO - 25/03/10 00:00:04 INFO BlockManagerMasterEndpoint: Using org.apache.spark.storage.DefaultTopologyMapper for getting topology information
[2025-03-10T00:00:04.684+0000] {spark_submit.py:641} INFO - 25/03/10 00:00:04 INFO BlockManagerMasterEndpoint: BlockManagerMasterEndpoint up
[2025-03-10T00:00:04.690+0000] {spark_submit.py:641} INFO - 25/03/10 00:00:04 INFO SparkEnv: Registering BlockManagerMasterHeartbeat
[2025-03-10T00:00:04.709+0000] {spark_submit.py:641} INFO - 25/03/10 00:00:04 INFO DiskBlockManager: Created local directory at /tmp/blockmgr-aea058f7-de7b-4a9c-9586-38db366c6a9d
[2025-03-10T00:00:04.723+0000] {spark_submit.py:641} INFO - 25/03/10 00:00:04 INFO MemoryStore: MemoryStore started with capacity 434.4 MiB
[2025-03-10T00:00:04.742+0000] {spark_submit.py:641} INFO - 25/03/10 00:00:04 INFO SparkEnv: Registering OutputCommitCoordinator
[2025-03-10T00:00:04.867+0000] {spark_submit.py:641} INFO - 25/03/10 00:00:04 INFO JettyUtils: Start Jetty 0.0.0.0:4040 for SparkUI
[2025-03-10T00:00:04.955+0000] {spark_submit.py:641} INFO - 25/03/10 00:00:04 INFO Utils: Successfully started service 'SparkUI' on port 4040.
[2025-03-10T00:00:05.140+0000] {spark_submit.py:641} INFO - 25/03/10 00:00:05 INFO StandaloneAppClient$ClientEndpoint: Connecting to master spark://spark:7077...
[2025-03-10T00:00:13.164+0000] {spark_submit.py:641} INFO - 25/03/10 00:00:13 WARN TransportClientFactory: DNS resolution failed for spark/<unresolved>:7077 took 8003 ms
[2025-03-10T00:00:13.193+0000] {spark_submit.py:641} INFO - 25/03/10 00:00:13 WARN StandaloneAppClient$ClientEndpoint: Failed to connect to master spark:7077
[2025-03-10T00:00:13.194+0000] {spark_submit.py:641} INFO - org.apache.spark.SparkException: Exception thrown in awaitResult:
[2025-03-10T00:00:13.194+0000] {spark_submit.py:641} INFO - at org.apache.spark.util.SparkThreadUtils$.awaitResult(SparkThreadUtils.scala:56)
[2025-03-10T00:00:13.194+0000] {spark_submit.py:641} INFO - at org.apache.spark.util.ThreadUtils$.awaitResult(ThreadUtils.scala:310)
[2025-03-10T00:00:13.194+0000] {spark_submit.py:641} INFO - at org.apache.spark.rpc.RpcTimeout.awaitResult(RpcTimeout.scala:75)
[2025-03-10T00:00:13.194+0000] {spark_submit.py:641} INFO - at org.apache.spark.rpc.RpcEnv.setupEndpointRefByURI(RpcEnv.scala:102)
[2025-03-10T00:00:13.194+0000] {spark_submit.py:641} INFO - at org.apache.spark.rpc.RpcEnv.setupEndpointRef(RpcEnv.scala:110)
[2025-03-10T00:00:13.194+0000] {spark_submit.py:641} INFO - at org.apache.spark.deploy.client.StandaloneAppClient$ClientEndpoint$$anon$1.run(StandaloneAppClient.scala:108)
[2025-03-10T00:00:13.194+0000] {spark_submit.py:641} INFO - at java.base/java.util.concurrent.Executors$RunnableAdapter.call(Executors.java:539)
[2025-03-10T00:00:13.194+0000] {spark_submit.py:641} INFO - at java.base/java.util.concurrent.FutureTask.run(FutureTask.java:264)
[2025-03-10T00:00:13.195+0000] {spark_submit.py:641} INFO - at java.base/java.util.concurrent.ThreadPoolExecutor.runWorker(ThreadPoolExecutor.java:1136)
[2025-03-10T00:00:13.195+0000] {spark_submit.py:641} INFO - at java.base/java.util.concurrent.ThreadPoolExecutor$Worker.run(ThreadPoolExecutor.java:635)
[2025-03-10T00:00:13.195+0000] {spark_submit.py:641} INFO - at java.base/java.lang.Thread.run(Thread.java:840)
[2025-03-10T00:00:13.195+0000] {spark_submit.py:641} INFO - Caused by: java.io.IOException: Failed to connect to spark/<unresolved>:7077
[2025-03-10T00:00:13.195+0000] {spark_submit.py:641} INFO - at org.apache.spark.network.client.TransportClientFactory.createClient(TransportClientFactory.java:294)
[2025-03-10T00:00:13.195+0000] {spark_submit.py:641} INFO - at org.apache.spark.network.client.TransportClientFactory.createClient(TransportClientFactory.java:214)
[2025-03-10T00:00:13.195+0000] {spark_submit.py:641} INFO - at org.apache.spark.network.client.TransportClientFactory.createClient(TransportClientFactory.java:226)
[2025-03-10T00:00:13.195+0000] {spark_submit.py:641} INFO - at org.apache.spark.rpc.netty.NettyRpcEnv.createClient(NettyRpcEnv.scala:204)
[2025-03-10T00:00:13.195+0000] {spark_submit.py:641} INFO - at org.apache.spark.rpc.netty.Outbox$$anon$1.call(Outbox.scala:202)
[2025-03-10T00:00:13.195+0000] {spark_submit.py:641} INFO - at org.apache.spark.rpc.netty.Outbox$$anon$1.call(Outbox.scala:198)
[2025-03-10T00:00:13.195+0000] {spark_submit.py:641} INFO - ... 4 more
[2025-03-10T00:00:13.196+0000] {spark_submit.py:641} INFO - Caused by: java.net.UnknownHostException: spark
[2025-03-10T00:00:13.196+0000] {spark_submit.py:641} INFO - at java.base/java.net.InetAddress$CachedAddresses.get(InetAddress.java:801)
[2025-03-10T00:00:13.196+0000] {spark_submit.py:641} INFO - at java.base/java.net.InetAddress.getAllByName0(InetAddress.java:1533)
[2025-03-10T00:00:13.196+0000] {spark_submit.py:641} INFO - at java.base/java.net.InetAddress.getAllByName(InetAddress.java:1385)
[2025-03-10T00:00:13.196+0000] {spark_submit.py:641} INFO - at java.base/java.net.InetAddress.getAllByName(InetAddress.java:1306)
[2025-03-10T00:00:13.196+0000] {spark_submit.py:641} INFO - at java.base/java.net.InetAddress.getByName(InetAddress.java:1256)
[2025-03-10T00:00:13.196+0000] {spark_submit.py:641} INFO - at io.netty.util.internal.SocketUtils$8.run(SocketUtils.java:156)
[2025-03-10T00:00:13.196+0000] {spark_submit.py:641} INFO - at io.netty.util.internal.SocketUtils$8.run(SocketUtils.java:153)
[2025-03-10T00:00:13.196+0000] {spark_submit.py:641} INFO - at java.base/java.security.AccessController.doPrivileged(AccessController.java:569)
[2025-03-10T00:00:13.196+0000] {spark_submit.py:641} INFO - at io.netty.util.internal.SocketUtils.addressByName(SocketUtils.java:153)
[2025-03-10T00:00:13.196+0000] {spark_submit.py:641} INFO - at io.netty.resolver.DefaultNameResolver.doResolve(DefaultNameResolver.java:41)
[2025-03-10T00:00:13.197+0000] {spark_submit.py:641} INFO - at io.netty.resolver.SimpleNameResolver.resolve(SimpleNameResolver.java:61)
[2025-03-10T00:00:13.197+0000] {spark_submit.py:641} INFO - at io.netty.resolver.SimpleNameResolver.resolve(SimpleNameResolver.java:53)
[2025-03-10T00:00:13.197+0000] {spark_submit.py:641} INFO - at io.netty.resolver.InetSocketAddressResolver.doResolve(InetSocketAddressResolver.java:55)
[2025-03-10T00:00:13.197+0000] {spark_submit.py:641} INFO - at io.netty.resolver.InetSocketAddressResolver.doResolve(InetSocketAddressResolver.java:31)
[2025-03-10T00:00:13.197+0000] {spark_submit.py:641} INFO - at io.netty.resolver.AbstractAddressResolver.resolve(AbstractAddressResolver.java:106)
[2025-03-10T00:00:13.197+0000] {spark_submit.py:641} INFO - at io.netty.bootstrap.Bootstrap.doResolveAndConnect0(Bootstrap.java:220)
[2025-03-10T00:00:13.197+0000] {spark_submit.py:641} INFO - at io.netty.bootstrap.Bootstrap.access$000(Bootstrap.java:46)
[2025-03-10T00:00:13.197+0000] {spark_submit.py:641} INFO - at io.netty.bootstrap.Bootstrap$1.operationComplete(Bootstrap.java:189)
[2025-03-10T00:00:13.197+0000] {spark_submit.py:641} INFO - at io.netty.bootstrap.Bootstrap$1.operationComplete(Bootstrap.java:175)
[2025-03-10T00:00:13.197+0000] {spark_submit.py:641} INFO - at io.netty.util.concurrent.DefaultPromise.notifyListener0(DefaultPromise.java:590)
[2025-03-10T00:00:13.197+0000] {spark_submit.py:641} INFO - at io.netty.util.concurrent.DefaultPromise.notifyListenersNow(DefaultPromise.java:557)
[2025-03-10T00:00:13.198+0000] {spark_submit.py:641} INFO - at io.netty.util.concurrent.DefaultPromise.notifyListeners(DefaultPromise.java:492)
[2025-03-10T00:00:13.198+0000] {spark_submit.py:641} INFO - at io.netty.util.concurrent.DefaultPromise.setValue0(DefaultPromise.java:636)
[2025-03-10T00:00:13.198+0000] {spark_submit.py:641} INFO - at io.netty.util.concurrent.DefaultPromise.setSuccess0(DefaultPromise.java:625)
[2025-03-10T00:00:13.198+0000] {spark_submit.py:641} INFO - at io.netty.util.concurrent.DefaultPromise.trySuccess(DefaultPromise.java:105)
[2025-03-10T00:00:13.198+0000] {spark_submit.py:641} INFO - at io.netty.channel.DefaultChannelPromise.trySuccess(DefaultChannelPromise.java:84)
[2025-03-10T00:00:13.198+0000] {spark_submit.py:641} INFO - at io.netty.channel.AbstractChannel$AbstractUnsafe.safeSetSuccess(AbstractChannel.java:990)
[2025-03-10T00:00:13.198+0000] {spark_submit.py:641} INFO - at io.netty.channel.AbstractChannel$AbstractUnsafe.register0(AbstractChannel.java:516)
[2025-03-10T00:00:13.198+0000] {spark_submit.py:641} INFO - at io.netty.channel.AbstractChannel$AbstractUnsafe.access$200(AbstractChannel.java:429)
[2025-03-10T00:00:13.198+0000] {spark_submit.py:641} INFO - at io.netty.channel.AbstractChannel$AbstractUnsafe$1.run(AbstractChannel.java:486)
[2025-03-10T00:00:13.198+0000] {spark_submit.py:641} INFO - at io.netty.util.concurrent.AbstractEventExecutor.runTask(AbstractEventExecutor.java:174)
[2025-03-10T00:00:13.198+0000] {spark_submit.py:641} INFO - at io.netty.util.concurrent.AbstractEventExecutor.safeExecute(AbstractEventExecutor.java:167)
[2025-03-10T00:00:13.199+0000] {spark_submit.py:641} INFO - at io.netty.util.concurrent.SingleThreadEventExecutor.runAllTasks(SingleThreadEventExecutor.java:470)
[2025-03-10T00:00:13.199+0000] {spark_submit.py:641} INFO - at io.netty.channel.nio.NioEventLoop.run(NioEventLoop.java:569)
[2025-03-10T00:00:13.199+0000] {spark_submit.py:641} INFO - at io.netty.util.concurrent.SingleThreadEventExecutor$4.run(SingleThreadEventExecutor.java:997)
[2025-03-10T00:00:13.199+0000] {spark_submit.py:641} INFO - at io.netty.util.internal.ThreadExecutorMap$2.run(ThreadExecutorMap.java:74)
[2025-03-10T00:00:13.199+0000] {spark_submit.py:641} INFO - at io.netty.util.concurrent.FastThreadLocalRunnable.run(FastThreadLocalRunnable.java:30)
[2025-03-10T00:00:13.199+0000] {spark_submit.py:641} INFO - ... 1 more
[2025-03-10T00:00:25.142+0000] {spark_submit.py:641} INFO - 25/03/10 00:00:25 INFO StandaloneAppClient$ClientEndpoint: Connecting to master spark://spark:7077...
[2025-03-10T00:00:33.149+0000] {spark_submit.py:641} INFO - 25/03/10 00:00:33 WARN TransportClientFactory: DNS resolution failed for spark/<unresolved>:7077 took 8003 ms
[2025-03-10T00:00:33.152+0000] {spark_submit.py:641} INFO - 25/03/10 00:00:33 WARN StandaloneAppClient$ClientEndpoint: Failed to connect to master spark:7077
[2025-03-10T00:00:33.153+0000] {spark_submit.py:641} INFO - org.apache.spark.SparkException: Exception thrown in awaitResult:
[2025-03-10T00:00:33.153+0000] {spark_submit.py:641} INFO - at org.apache.spark.util.SparkThreadUtils$.awaitResult(SparkThreadUtils.scala:56)
[2025-03-10T00:00:33.153+0000] {spark_submit.py:641} INFO - at org.apache.spark.util.ThreadUtils$.awaitResult(ThreadUtils.scala:310)
[2025-03-10T00:00:33.153+0000] {spark_submit.py:641} INFO - at org.apache.spark.rpc.RpcTimeout.awaitResult(RpcTimeout.scala:75)
[2025-03-10T00:00:33.153+0000] {spark_submit.py:641} INFO - at org.apache.spark.rpc.RpcEnv.setupEndpointRefByURI(RpcEnv.scala:102)
[2025-03-10T00:00:33.153+0000] {spark_submit.py:641} INFO - at org.apache.spark.rpc.RpcEnv.setupEndpointRef(RpcEnv.scala:110)
[2025-03-10T00:00:33.153+0000] {spark_submit.py:641} INFO - at org.apache.spark.deploy.client.StandaloneAppClient$ClientEndpoint$$anon$1.run(StandaloneAppClient.scala:108)
[2025-03-10T00:00:33.153+0000] {spark_submit.py:641} INFO - at java.base/java.util.concurrent.Executors$RunnableAdapter.call(Executors.java:539)
[2025-03-10T00:00:33.154+0000] {spark_submit.py:641} INFO - at java.base/java.util.concurrent.FutureTask.run(FutureTask.java:264)
[2025-03-10T00:00:33.154+0000] {spark_submit.py:641} INFO - at java.base/java.util.concurrent.ThreadPoolExecutor.runWorker(ThreadPoolExecutor.java:1136)
[2025-03-10T00:00:33.154+0000] {spark_submit.py:641} INFO - at java.base/java.util.concurrent.ThreadPoolExecutor$Worker.run(ThreadPoolExecutor.java:635)
[2025-03-10T00:00:33.154+0000] {spark_submit.py:641} INFO - at java.base/java.lang.Thread.run(Thread.java:840)
[2025-03-10T00:00:33.154+0000] {spark_submit.py:641} INFO - Caused by: java.io.IOException: Failed to connect to spark/<unresolved>:7077
[2025-03-10T00:00:33.154+0000] {spark_submit.py:641} INFO - at org.apache.spark.network.client.TransportClientFactory.createClient(TransportClientFactory.java:294)
[2025-03-10T00:00:33.154+0000] {spark_submit.py:641} INFO - at org.apache.spark.network.client.TransportClientFactory.createClient(TransportClientFactory.java:214)
[2025-03-10T00:00:33.154+0000] {spark_submit.py:641} INFO - at org.apache.spark.network.client.TransportClientFactory.createClient(TransportClientFactory.java:226)
[2025-03-10T00:00:33.154+0000] {spark_submit.py:641} INFO - at org.apache.spark.rpc.netty.NettyRpcEnv.createClient(NettyRpcEnv.scala:204)
[2025-03-10T00:00:33.154+0000] {spark_submit.py:641} INFO - at org.apache.spark.rpc.netty.Outbox$$anon$1.call(Outbox.scala:202)
[2025-03-10T00:00:33.154+0000] {spark_submit.py:641} INFO - at org.apache.spark.rpc.netty.Outbox$$anon$1.call(Outbox.scala:198)
[2025-03-10T00:00:33.155+0000] {spark_submit.py:641} INFO - ... 4 more
[2025-03-10T00:00:33.155+0000] {spark_submit.py:641} INFO - Caused by: java.net.UnknownHostException: spark
[2025-03-10T00:00:33.155+0000] {spark_submit.py:641} INFO - at java.base/java.net.InetAddress$CachedAddresses.get(InetAddress.java:801)
[2025-03-10T00:00:33.155+0000] {spark_submit.py:641} INFO - at java.base/java.net.InetAddress.getAllByName0(InetAddress.java:1533)
[2025-03-10T00:00:33.155+0000] {spark_submit.py:641} INFO - at java.base/java.net.InetAddress.getAllByName(InetAddress.java:1385)
[2025-03-10T00:00:33.155+0000] {spark_submit.py:641} INFO - at java.base/java.net.InetAddress.getAllByName(InetAddress.java:1306)
[2025-03-10T00:00:33.155+0000] {spark_submit.py:641} INFO - at java.base/java.net.InetAddress.getByName(InetAddress.java:1256)
[2025-03-10T00:00:33.155+0000] {spark_submit.py:641} INFO - at io.netty.util.internal.SocketUtils$8.run(SocketUtils.java:156)
[2025-03-10T00:00:33.155+0000] {spark_submit.py:641} INFO - at io.netty.util.internal.SocketUtils$8.run(SocketUtils.java:153)
[2025-03-10T00:00:33.155+0000] {spark_submit.py:641} INFO - at java.base/java.security.AccessController.doPrivileged(AccessController.java:569)
[2025-03-10T00:00:33.155+0000] {spark_submit.py:641} INFO - at io.netty.util.internal.SocketUtils.addressByName(SocketUtils.java:153)
[2025-03-10T00:00:33.156+0000] {spark_submit.py:641} INFO - at io.netty.resolver.DefaultNameResolver.doResolve(DefaultNameResolver.java:41)
[2025-03-10T00:00:33.156+0000] {spark_submit.py:641} INFO - at io.netty.resolver.SimpleNameResolver.resolve(SimpleNameResolver.java:61)
[2025-03-10T00:00:33.156+0000] {spark_submit.py:641} INFO - at io.netty.resolver.SimpleNameResolver.resolve(SimpleNameResolver.java:53)
[2025-03-10T00:00:33.156+0000] {spark_submit.py:641} INFO - at io.netty.resolver.InetSocketAddressResolver.doResolve(InetSocketAddressResolver.java:55)
[2025-03-10T00:00:33.156+0000] {spark_submit.py:641} INFO - at io.netty.resolver.InetSocketAddressResolver.doResolve(InetSocketAddressResolver.java:31)
[2025-03-10T00:00:33.156+0000] {spark_submit.py:641} INFO - at io.netty.resolver.AbstractAddressResolver.resolve(AbstractAddressResolver.java:106)
[2025-03-10T00:00:33.156+0000] {spark_submit.py:641} INFO - at io.netty.bootstrap.Bootstrap.doResolveAndConnect0(Bootstrap.java:220)
[2025-03-10T00:00:33.156+0000] {spark_submit.py:641} INFO - at io.netty.bootstrap.Bootstrap.access$000(Bootstrap.java:46)
[2025-03-10T00:00:33.157+0000] {spark_submit.py:641} INFO - at io.netty.bootstrap.Bootstrap$1.operationComplete(Bootstrap.java:189)
[2025-03-10T00:00:33.157+0000] {spark_submit.py:641} INFO - at io.netty.bootstrap.Bootstrap$1.operationComplete(Bootstrap.java:175)
[2025-03-10T00:00:33.157+0000] {spark_submit.py:641} INFO - at io.netty.util.concurrent.DefaultPromise.notifyListener0(DefaultPromise.java:590)
[2025-03-10T00:00:33.157+0000] {spark_submit.py:641} INFO - at io.netty.util.concurrent.DefaultPromise.notifyListenersNow(DefaultPromise.java:557)
[2025-03-10T00:00:33.157+0000] {spark_submit.py:641} INFO - at io.netty.util.concurrent.DefaultPromise.notifyListeners(DefaultPromise.java:492)
[2025-03-10T00:00:33.157+0000] {spark_submit.py:641} INFO - at io.netty.util.concurrent.DefaultPromise.setValue0(DefaultPromise.java:636)
[2025-03-10T00:00:33.157+0000] {spark_submit.py:641} INFO - at io.netty.util.concurrent.DefaultPromise.setSuccess0(DefaultPromise.java:625)
[2025-03-10T00:00:33.158+0000] {spark_submit.py:641} INFO - at io.netty.util.concurrent.DefaultPromise.trySuccess(DefaultPromise.java:105)
[2025-03-10T00:00:33.158+0000] {spark_submit.py:641} INFO - at io.netty.channel.DefaultChannelPromise.trySuccess(DefaultChannelPromise.java:84)
[2025-03-10T00:00:33.158+0000] {spark_submit.py:641} INFO - at io.netty.channel.AbstractChannel$AbstractUnsafe.safeSetSuccess(AbstractChannel.java:990)
[2025-03-10T00:00:33.158+0000] {spark_submit.py:641} INFO - at io.netty.channel.AbstractChannel$AbstractUnsafe.register0(AbstractChannel.java:516)
[2025-03-10T00:00:33.158+0000] {spark_submit.py:641} INFO - at io.netty.channel.AbstractChannel$AbstractUnsafe.access$200(AbstractChannel.java:429)
[2025-03-10T00:00:33.158+0000] {spark_submit.py:641} INFO - at io.netty.channel.AbstractChannel$AbstractUnsafe$1.run(AbstractChannel.java:486)
[2025-03-10T00:00:33.158+0000] {spark_submit.py:641} INFO - at io.netty.util.concurrent.AbstractEventExecutor.runTask(AbstractEventExecutor.java:174)
[2025-03-10T00:00:33.159+0000] {spark_submit.py:641} INFO - at io.netty.util.concurrent.AbstractEventExecutor.safeExecute(AbstractEventExecutor.java:167)
[2025-03-10T00:00:33.159+0000] {spark_submit.py:641} INFO - at io.netty.util.concurrent.SingleThreadEventExecutor.runAllTasks(SingleThreadEventExecutor.java:470)
[2025-03-10T00:00:33.159+0000] {spark_submit.py:641} INFO - at io.netty.channel.nio.NioEventLoop.run(NioEventLoop.java:569)
[2025-03-10T00:00:33.159+0000] {spark_submit.py:641} INFO - at io.netty.util.concurrent.SingleThreadEventExecutor$4.run(SingleThreadEventExecutor.java:997)
[2025-03-10T00:00:33.159+0000] {spark_submit.py:641} INFO - at io.netty.util.internal.ThreadExecutorMap$2.run(ThreadExecutorMap.java:74)
[2025-03-10T00:00:33.159+0000] {spark_submit.py:641} INFO - at io.netty.util.concurrent.FastThreadLocalRunnable.run(FastThreadLocalRunnable.java:30)
[2025-03-10T00:00:33.160+0000] {spark_submit.py:641} INFO - ... 1 more
[2025-03-10T00:00:45.142+0000] {spark_submit.py:641} INFO - 25/03/10 00:00:45 INFO StandaloneAppClient$ClientEndpoint: Connecting to master spark://spark:7077...
[2025-03-10T00:00:53.150+0000] {spark_submit.py:641} INFO - 25/03/10 00:00:53 WARN TransportClientFactory: DNS resolution failed for spark/<unresolved>:7077 took 8005 ms
[2025-03-10T00:00:53.154+0000] {spark_submit.py:641} INFO - 25/03/10 00:00:53 WARN StandaloneAppClient$ClientEndpoint: Failed to connect to master spark:7077
[2025-03-10T00:00:53.154+0000] {spark_submit.py:641} INFO - org.apache.spark.SparkException: Exception thrown in awaitResult:
[2025-03-10T00:00:53.154+0000] {spark_submit.py:641} INFO - at org.apache.spark.util.SparkThreadUtils$.awaitResult(SparkThreadUtils.scala:56)
[2025-03-10T00:00:53.155+0000] {spark_submit.py:641} INFO - at org.apache.spark.util.ThreadUtils$.awaitResult(ThreadUtils.scala:310)
[2025-03-10T00:00:53.155+0000] {spark_submit.py:641} INFO - at org.apache.spark.rpc.RpcTimeout.awaitResult(RpcTimeout.scala:75)
[2025-03-10T00:00:53.155+0000] {spark_submit.py:641} INFO - at org.apache.spark.rpc.RpcEnv.setupEndpointRefByURI(RpcEnv.scala:102)
[2025-03-10T00:00:53.155+0000] {spark_submit.py:641} INFO - at org.apache.spark.rpc.RpcEnv.setupEndpointRef(RpcEnv.scala:110)
[2025-03-10T00:00:53.155+0000] {spark_submit.py:641} INFO - at org.apache.spark.deploy.client.StandaloneAppClient$ClientEndpoint$$anon$1.run(StandaloneAppClient.scala:108)
[2025-03-10T00:00:53.156+0000] {spark_submit.py:641} INFO - at java.base/java.util.concurrent.Executors$RunnableAdapter.call(Executors.java:539)
[2025-03-10T00:00:53.156+0000] {spark_submit.py:641} INFO - at java.base/java.util.concurrent.FutureTask.run(FutureTask.java:264)
[2025-03-10T00:00:53.156+0000] {spark_submit.py:641} INFO - at java.base/java.util.concurrent.ThreadPoolExecutor.runWorker(ThreadPoolExecutor.java:1136)
[2025-03-10T00:00:53.156+0000] {spark_submit.py:641} INFO - at java.base/java.util.concurrent.ThreadPoolExecutor$Worker.run(ThreadPoolExecutor.java:635)
[2025-03-10T00:00:53.156+0000] {spark_submit.py:641} INFO - at java.base/java.lang.Thread.run(Thread.java:840)
[2025-03-10T00:00:53.156+0000] {spark_submit.py:641} INFO - Caused by: java.io.IOException: Failed to connect to spark/<unresolved>:7077
[2025-03-10T00:00:53.156+0000] {spark_submit.py:641} INFO - at org.apache.spark.network.client.TransportClientFactory.createClient(TransportClientFactory.java:294)
[2025-03-10T00:00:53.156+0000] {spark_submit.py:641} INFO - at org.apache.spark.network.client.TransportClientFactory.createClient(TransportClientFactory.java:214)
[2025-03-10T00:00:53.156+0000] {spark_submit.py:641} INFO - at org.apache.spark.network.client.TransportClientFactory.createClient(TransportClientFactory.java:226)
[2025-03-10T00:00:53.156+0000] {spark_submit.py:641} INFO - at org.apache.spark.rpc.netty.NettyRpcEnv.createClient(NettyRpcEnv.scala:204)
[2025-03-10T00:00:53.157+0000] {spark_submit.py:641} INFO - at org.apache.spark.rpc.netty.Outbox$$anon$1.call(Outbox.scala:202)
[2025-03-10T00:00:53.157+0000] {spark_submit.py:641} INFO - at org.apache.spark.rpc.netty.Outbox$$anon$1.call(Outbox.scala:198)
[2025-03-10T00:00:53.157+0000] {spark_submit.py:641} INFO - ... 4 more
[2025-03-10T00:00:53.157+0000] {spark_submit.py:641} INFO - Caused by: java.net.UnknownHostException: spark
[2025-03-10T00:00:53.157+0000] {spark_submit.py:641} INFO - at java.base/java.net.InetAddress$CachedAddresses.get(InetAddress.java:801)
[2025-03-10T00:00:53.157+0000] {spark_submit.py:641} INFO - at java.base/java.net.InetAddress.getAllByName0(InetAddress.java:1533)
[2025-03-10T00:00:53.157+0000] {spark_submit.py:641} INFO - at java.base/java.net.InetAddress.getAllByName(InetAddress.java:1385)
[2025-03-10T00:00:53.157+0000] {spark_submit.py:641} INFO - at java.base/java.net.InetAddress.getAllByName(InetAddress.java:1306)
[2025-03-10T00:00:53.157+0000] {spark_submit.py:641} INFO - at java.base/java.net.InetAddress.getByName(InetAddress.java:1256)
[2025-03-10T00:00:53.157+0000] {spark_submit.py:641} INFO - at io.netty.util.internal.SocketUtils$8.run(SocketUtils.java:156)
[2025-03-10T00:00:53.158+0000] {spark_submit.py:641} INFO - at io.netty.util.internal.SocketUtils$8.run(SocketUtils.java:153)
[2025-03-10T00:00:53.158+0000] {spark_submit.py:641} INFO - at java.base/java.security.AccessController.doPrivileged(AccessController.java:569)
[2025-03-10T00:00:53.158+0000] {spark_submit.py:641} INFO - at io.netty.util.internal.SocketUtils.addressByName(SocketUtils.java:153)
[2025-03-10T00:00:53.158+0000] {spark_submit.py:641} INFO - at io.netty.resolver.DefaultNameResolver.doResolve(DefaultNameResolver.java:41)
[2025-03-10T00:00:53.158+0000] {spark_submit.py:641} INFO - at io.netty.resolver.SimpleNameResolver.resolve(SimpleNameResolver.java:61)
[2025-03-10T00:00:53.158+0000] {spark_submit.py:641} INFO - at io.netty.resolver.SimpleNameResolver.resolve(SimpleNameResolver.java:53)
[2025-03-10T00:00:53.158+0000] {spark_submit.py:641} INFO - at io.netty.resolver.InetSocketAddressResolver.doResolve(InetSocketAddressResolver.java:55)
[2025-03-10T00:00:53.158+0000] {spark_submit.py:641} INFO - at io.netty.resolver.InetSocketAddressResolver.doResolve(InetSocketAddressResolver.java:31)
[2025-03-10T00:00:53.158+0000] {spark_submit.py:641} INFO - at io.netty.resolver.AbstractAddressResolver.resolve(AbstractAddressResolver.java:106)
[2025-03-10T00:00:53.158+0000] {spark_submit.py:641} INFO - at io.netty.bootstrap.Bootstrap.doResolveAndConnect0(Bootstrap.java:220)
[2025-03-10T00:00:53.158+0000] {spark_submit.py:641} INFO - at io.netty.bootstrap.Bootstrap.access$000(Bootstrap.java:46)
[2025-03-10T00:00:53.159+0000] {spark_submit.py:641} INFO - at io.netty.bootstrap.Bootstrap$1.operationComplete(Bootstrap.java:189)
[2025-03-10T00:00:53.159+0000] {spark_submit.py:641} INFO - at io.netty.bootstrap.Bootstrap$1.operationComplete(Bootstrap.java:175)
[2025-03-10T00:00:53.159+0000] {spark_submit.py:641} INFO - at io.netty.util.concurrent.DefaultPromise.notifyListener0(DefaultPromise.java:590)
[2025-03-10T00:00:53.159+0000] {spark_submit.py:641} INFO - at io.netty.util.concurrent.DefaultPromise.notifyListenersNow(DefaultPromise.java:557)
[2025-03-10T00:00:53.159+0000] {spark_submit.py:641} INFO - at io.netty.util.concurrent.DefaultPromise.notifyListeners(DefaultPromise.java:492)
[2025-03-10T00:00:53.159+0000] {spark_submit.py:641} INFO - at io.netty.util.concurrent.DefaultPromise.setValue0(DefaultPromise.java:636)
[2025-03-10T00:00:53.159+0000] {spark_submit.py:641} INFO - at io.netty.util.concurrent.DefaultPromise.setSuccess0(DefaultPromise.java:625)
[2025-03-10T00:00:53.159+0000] {spark_submit.py:641} INFO - at io.netty.util.concurrent.DefaultPromise.trySuccess(DefaultPromise.java:105)
[2025-03-10T00:00:53.159+0000] {spark_submit.py:641} INFO - at io.netty.channel.DefaultChannelPromise.trySuccess(DefaultChannelPromise.java:84)
[2025-03-10T00:00:53.159+0000] {spark_submit.py:641} INFO - at io.netty.channel.AbstractChannel$AbstractUnsafe.safeSetSuccess(AbstractChannel.java:990)
[2025-03-10T00:00:53.159+0000] {spark_submit.py:641} INFO - at io.netty.channel.AbstractChannel$AbstractUnsafe.register0(AbstractChannel.java:516)
[2025-03-10T00:00:53.159+0000] {spark_submit.py:641} INFO - at io.netty.channel.AbstractChannel$AbstractUnsafe.access$200(AbstractChannel.java:429)
[2025-03-10T00:00:53.160+0000] {spark_submit.py:641} INFO - at io.netty.channel.AbstractChannel$AbstractUnsafe$1.run(AbstractChannel.java:486)
[2025-03-10T00:00:53.160+0000] {spark_submit.py:641} INFO - at io.netty.util.concurrent.AbstractEventExecutor.runTask(AbstractEventExecutor.java:174)
[2025-03-10T00:00:53.160+0000] {spark_submit.py:641} INFO - at io.netty.util.concurrent.AbstractEventExecutor.safeExecute(AbstractEventExecutor.java:167)
[2025-03-10T00:00:53.160+0000] {spark_submit.py:641} INFO - at io.netty.util.concurrent.SingleThreadEventExecutor.runAllTasks(SingleThreadEventExecutor.java:470)
[2025-03-10T00:00:53.160+0000] {spark_submit.py:641} INFO - at io.netty.channel.nio.NioEventLoop.run(NioEventLoop.java:569)
[2025-03-10T00:00:53.160+0000] {spark_submit.py:641} INFO - at io.netty.util.concurrent.SingleThreadEventExecutor$4.run(SingleThreadEventExecutor.java:997)
[2025-03-10T00:00:53.160+0000] {spark_submit.py:641} INFO - at io.netty.util.internal.ThreadExecutorMap$2.run(ThreadExecutorMap.java:74)
[2025-03-10T00:00:53.160+0000] {spark_submit.py:641} INFO - at io.netty.util.concurrent.FastThreadLocalRunnable.run(FastThreadLocalRunnable.java:30)
[2025-03-10T00:00:53.161+0000] {spark_submit.py:641} INFO - ... 1 more
[2025-03-10T00:01:05.144+0000] {spark_submit.py:641} INFO - 25/03/10 00:01:05 ERROR StandaloneSchedulerBackend: Application has been killed. Reason: All masters are unresponsive! Giving up.
[2025-03-10T00:01:05.149+0000] {spark_submit.py:641} INFO - 25/03/10 00:01:05 WARN StandaloneSchedulerBackend: Application ID is not initialized yet.
[2025-03-10T00:01:05.155+0000] {spark_submit.py:641} INFO - 25/03/10 00:01:05 INFO Utils: Successfully started service 'org.apache.spark.network.netty.NettyBlockTransferService' on port 43631.
[2025-03-10T00:01:05.155+0000] {spark_submit.py:641} INFO - 25/03/10 00:01:05 INFO NettyBlockTransferService: Server created on 27f453beda85:43631
[2025-03-10T00:01:05.160+0000] {spark_submit.py:641} INFO - 25/03/10 00:01:05 INFO BlockManager: Using org.apache.spark.storage.RandomBlockReplicationPolicy for block replication policy
[2025-03-10T00:01:05.169+0000] {spark_submit.py:641} INFO - 25/03/10 00:01:05 INFO BlockManagerMaster: Registering BlockManager BlockManagerId(driver, 27f453beda85, 43631, None)
[2025-03-10T00:01:05.172+0000] {spark_submit.py:641} INFO - 25/03/10 00:01:05 INFO BlockManagerMasterEndpoint: Registering block manager 27f453beda85:43631 with 434.4 MiB RAM, BlockManagerId(driver, 27f453beda85, 43631, None)
[2025-03-10T00:01:05.174+0000] {spark_submit.py:641} INFO - 25/03/10 00:01:05 INFO BlockManagerMaster: Registered BlockManager BlockManagerId(driver, 27f453beda85, 43631, None)
[2025-03-10T00:01:05.177+0000] {spark_submit.py:641} INFO - 25/03/10 00:01:05 INFO BlockManager: Initialized BlockManager: BlockManagerId(driver, 27f453beda85, 43631, None)
[2025-03-10T00:01:05.415+0000] {spark_submit.py:641} INFO - 25/03/10 00:01:05 INFO StandaloneSchedulerBackend: SchedulerBackend is ready for scheduling beginning after reached minRegisteredResourcesRatio: 0.0
[2025-03-10T00:01:05.819+0000] {spark_submit.py:641} INFO - 25/03/10 00:01:05 INFO SparkContext: SparkContext is stopping with exitCode 0.
[2025-03-10T00:01:05.840+0000] {spark_submit.py:641} INFO - 25/03/10 00:01:05 INFO SparkUI: Stopped Spark web UI at http://27f453beda85:4040
[2025-03-10T00:01:05.851+0000] {spark_submit.py:641} INFO - 25/03/10 00:01:05 INFO StandaloneSchedulerBackend: Shutting down all executors
[2025-03-10T00:01:05.854+0000] {spark_submit.py:641} INFO - 25/03/10 00:01:05 INFO StandaloneSchedulerBackend$StandaloneDriverEndpoint: Asking each executor to shut down
[2025-03-10T00:01:05.868+0000] {spark_submit.py:641} INFO - 25/03/10 00:01:05 WARN StandaloneAppClient$ClientEndpoint: Drop UnregisterApplication(null) because has not yet connected to master
[2025-03-10T00:01:05.878+0000] {spark_submit.py:641} INFO - 25/03/10 00:01:05 INFO MapOutputTrackerMasterEndpoint: MapOutputTrackerMasterEndpoint stopped!
[2025-03-10T00:01:05.895+0000] {spark_submit.py:641} INFO - 25/03/10 00:01:05 INFO MemoryStore: MemoryStore cleared
[2025-03-10T00:01:05.896+0000] {spark_submit.py:641} INFO - 25/03/10 00:01:05 INFO BlockManager: BlockManager stopped
[2025-03-10T00:01:05.905+0000] {spark_submit.py:641} INFO - 25/03/10 00:01:05 INFO BlockManagerMaster: BlockManagerMaster stopped
[2025-03-10T00:01:05.907+0000] {spark_submit.py:641} INFO - 25/03/10 00:01:05 INFO OutputCommitCoordinator$OutputCommitCoordinatorEndpoint: OutputCommitCoordinator stopped!
[2025-03-10T00:01:05.916+0000] {spark_submit.py:641} INFO - 25/03/10 00:01:05 INFO SparkContext: Successfully stopped SparkContext
[2025-03-10T00:01:07.211+0000] {spark_submit.py:641} INFO - 25/03/10 00:01:07 INFO SharedState: Setting hive.metastore.warehouse.dir ('null') to the value of spark.sql.warehouse.dir.
[2025-03-10T00:01:07.216+0000] {spark_submit.py:641} INFO - 25/03/10 00:01:07 INFO SharedState: Warehouse path is 'file:/opt/***/spark-warehouse'.
[2025-03-10T00:01:07.250+0000] {spark_submit.py:641} INFO - Traceback (most recent call last):
[2025-03-10T00:01:07.251+0000] {spark_submit.py:641} INFO - File "/opt/***/jobs/test_pyspark_job.py", line 12, in <module>
[2025-03-10T00:01:07.251+0000] {spark_submit.py:641} INFO - df = spark.createDataFrame(data, columns)
[2025-03-10T00:01:07.251+0000] {spark_submit.py:641} INFO - ^^^^^^^^^^^^^^^^^^^^^^^^^^^^^^^^^^^^
[2025-03-10T00:01:07.251+0000] {spark_submit.py:641} INFO - File "/home/***/.local/lib/python3.12/site-packages/pyspark/python/lib/pyspark.zip/pyspark/sql/session.py", line 1443, in createDataFrame
[2025-03-10T00:01:07.251+0000] {spark_submit.py:641} INFO - File "/home/***/.local/lib/python3.12/site-packages/pyspark/python/lib/pyspark.zip/pyspark/sql/session.py", line 1485, in _create_dataframe
[2025-03-10T00:01:07.251+0000] {spark_submit.py:641} INFO - File "/home/***/.local/lib/python3.12/site-packages/pyspark/python/lib/pyspark.zip/pyspark/sql/session.py", line 1093, in _createFromLocal
[2025-03-10T00:01:07.251+0000] {spark_submit.py:641} INFO - File "/home/***/.local/lib/python3.12/site-packages/pyspark/python/lib/pyspark.zip/pyspark/sql/session.py", line 952, in _inferSchemaFromList
[2025-03-10T00:01:07.252+0000] {spark_submit.py:641} INFO - File "/home/***/.local/lib/python3.12/site-packages/pyspark/python/lib/pyspark.zip/pyspark/sql/session.py", line 624, in _jconf
[2025-03-10T00:01:07.252+0000] {spark_submit.py:641} INFO - File "/home/***/.local/lib/python3.12/site-packages/pyspark/python/lib/py4j-0.10.9.7-src.zip/py4j/java_gateway.py", line 1322, in __call__
[2025-03-10T00:01:07.252+0000] {spark_submit.py:641} INFO - File "/home/***/.local/lib/python3.12/site-packages/pyspark/python/lib/pyspark.zip/pyspark/errors/exceptions/captured.py", line 179, in deco
[2025-03-10T00:01:07.252+0000] {spark_submit.py:641} INFO - File "/home/***/.local/lib/python3.12/site-packages/pyspark/python/lib/py4j-0.10.9.7-src.zip/py4j/protocol.py", line 326, in get_return_value
[2025-03-10T00:01:07.253+0000] {spark_submit.py:641} INFO - py4j.protocol.Py4JJavaError: An error occurred while calling o26.sessionState.
[2025-03-10T00:01:07.254+0000] {spark_submit.py:641} INFO - : java.lang.IllegalStateException: LiveListenerBus is stopped.
[2025-03-10T00:01:07.254+0000] {spark_submit.py:641} INFO - at org.apache.spark.scheduler.LiveListenerBus.addToQueue(LiveListenerBus.scala:92)
[2025-03-10T00:01:07.254+0000] {spark_submit.py:641} INFO - at org.apache.spark.scheduler.LiveListenerBus.addToStatusQueue(LiveListenerBus.scala:75)
[2025-03-10T00:01:07.254+0000] {spark_submit.py:641} INFO - at org.apache.spark.sql.internal.SharedState.<init>(SharedState.scala:115)
[2025-03-10T00:01:07.254+0000] {spark_submit.py:641} INFO - at org.apache.spark.sql.SparkSession.$anonfun$sharedState$1(SparkSession.scala:143)
[2025-03-10T00:01:07.254+0000] {spark_submit.py:641} INFO - at scala.Option.getOrElse(Option.scala:189)
[2025-03-10T00:01:07.254+0000] {spark_submit.py:641} INFO - at org.apache.spark.sql.SparkSession.sharedState$lzycompute(SparkSession.scala:143)
[2025-03-10T00:01:07.254+0000] {spark_submit.py:641} INFO - at org.apache.spark.sql.SparkSession.sharedState(SparkSession.scala:142)
[2025-03-10T00:01:07.255+0000] {spark_submit.py:641} INFO - at org.apache.spark.sql.SparkSession.$anonfun$sessionState$2(SparkSession.scala:162)
[2025-03-10T00:01:07.255+0000] {spark_submit.py:641} INFO - at scala.Option.getOrElse(Option.scala:189)
[2025-03-10T00:01:07.255+0000] {spark_submit.py:641} INFO - at org.apache.spark.sql.SparkSession.sessionState$lzycompute(SparkSession.scala:160)
[2025-03-10T00:01:07.255+0000] {spark_submit.py:641} INFO - at org.apache.spark.sql.SparkSession.sessionState(SparkSession.scala:157)
[2025-03-10T00:01:07.260+0000] {spark_submit.py:641} INFO - at java.base/jdk.internal.reflect.NativeMethodAccessorImpl.invoke0(Native Method)
[2025-03-10T00:01:07.260+0000] {spark_submit.py:641} INFO - at java.base/jdk.internal.reflect.NativeMethodAccessorImpl.invoke(NativeMethodAccessorImpl.java:77)
[2025-03-10T00:01:07.260+0000] {spark_submit.py:641} INFO - at java.base/jdk.internal.reflect.DelegatingMethodAccessorImpl.invoke(DelegatingMethodAccessorImpl.java:43)
[2025-03-10T00:01:07.260+0000] {spark_submit.py:641} INFO - at java.base/java.lang.reflect.Method.invoke(Method.java:569)
[2025-03-10T00:01:07.260+0000] {spark_submit.py:641} INFO - at py4j.reflection.MethodInvoker.invoke(MethodInvoker.java:244)
[2025-03-10T00:01:07.260+0000] {spark_submit.py:641} INFO - at py4j.reflection.ReflectionEngine.invoke(ReflectionEngine.java:374)
[2025-03-10T00:01:07.261+0000] {spark_submit.py:641} INFO - at py4j.Gateway.invoke(Gateway.java:282)
[2025-03-10T00:01:07.261+0000] {spark_submit.py:641} INFO - at py4j.commands.AbstractCommand.invokeMethod(AbstractCommand.java:132)
[2025-03-10T00:01:07.261+0000] {spark_submit.py:641} INFO - at py4j.commands.CallCommand.execute(CallCommand.java:79)
[2025-03-10T00:01:07.261+0000] {spark_submit.py:641} INFO - at py4j.ClientServerConnection.waitForCommands(ClientServerConnection.java:182)
[2025-03-10T00:01:07.261+0000] {spark_submit.py:641} INFO - at py4j.ClientServerConnection.run(ClientServerConnection.java:106)
[2025-03-10T00:01:07.261+0000] {spark_submit.py:641} INFO - at java.base/java.lang.Thread.run(Thread.java:840)
[2025-03-10T00:01:07.261+0000] {spark_submit.py:641} INFO - 
[2025-03-10T00:01:07.380+0000] {spark_submit.py:641} INFO - 25/03/10 00:01:07 INFO ShutdownHookManager: Shutdown hook called
[2025-03-10T00:01:07.381+0000] {spark_submit.py:641} INFO - 25/03/10 00:01:07 INFO ShutdownHookManager: Deleting directory /tmp/spark-19bce4c2-1638-4f19-98ee-eedda2922e50
[2025-03-10T00:01:07.385+0000] {spark_submit.py:641} INFO - 25/03/10 00:01:07 INFO ShutdownHookManager: Deleting directory /tmp/spark-19bce4c2-1638-4f19-98ee-eedda2922e50/pyspark-4f6ec493-fc56-4127-bbc8-f87695dc0cad
[2025-03-10T00:01:07.389+0000] {spark_submit.py:641} INFO - 25/03/10 00:01:07 INFO ShutdownHookManager: Deleting directory /tmp/spark-df68bc11-81e7-4b08-abbe-bb7e6d06b172
[2025-03-10T00:01:07.430+0000] {taskinstance.py:3311} ERROR - Task failed with exception
Traceback (most recent call last):
  File "/home/airflow/.local/lib/python3.12/site-packages/airflow/models/taskinstance.py", line 767, in _execute_task
    result = _execute_callable(context=context, **execute_callable_kwargs)
             ^^^^^^^^^^^^^^^^^^^^^^^^^^^^^^^^^^^^^^^^^^^^^^^^^^^^^^^^^^^^^
  File "/home/airflow/.local/lib/python3.12/site-packages/airflow/models/taskinstance.py", line 733, in _execute_callable
    return ExecutionCallableRunner(
           ^^^^^^^^^^^^^^^^^^^^^^^^
  File "/home/airflow/.local/lib/python3.12/site-packages/airflow/utils/operator_helpers.py", line 252, in run
    return self.func(*args, **kwargs)
           ^^^^^^^^^^^^^^^^^^^^^^^^^^
  File "/home/airflow/.local/lib/python3.12/site-packages/airflow/models/baseoperator.py", line 422, in wrapper
    return func(self, *args, **kwargs)
           ^^^^^^^^^^^^^^^^^^^^^^^^^^^
  File "/home/airflow/.local/lib/python3.12/site-packages/airflow/providers/apache/spark/operators/spark_submit.py", line 177, in execute
    self._hook.submit(self.application)
  File "/home/airflow/.local/lib/python3.12/site-packages/airflow/providers/apache/spark/hooks/spark_submit.py", line 567, in submit
    raise AirflowException(
airflow.exceptions.AirflowException: Cannot execute: spark-submit --master spark://spark:7077 --num-executors 2 --executor-cores 1 --executor-memory 1g --driver-memory 1g --name SparkTest --verbose --deploy-mode client /opt/***/jobs/test_pyspark_job.py. Error code is: 1.
[2025-03-10T00:01:07.434+0000] {taskinstance.py:1225} INFO - Marking task as FAILED. dag_id=spark_submit_operator_example, task_id=submit_spark_job, run_id=scheduled__2025-03-09T00:00:00+00:00, execution_date=20250309T000000, start_date=20250310T000001, end_date=20250310T000107
[2025-03-10T00:01:07.450+0000] {taskinstance.py:340} INFO - ::group::Post task execution logs
[2025-03-10T00:01:07.450+0000] {standard_task_runner.py:124} ERROR - Failed to execute job 466 for task submit_spark_job (Cannot execute: spark-submit --master spark://spark:7077 --num-executors 2 --executor-cores 1 --executor-memory 1g --driver-memory 1g --name SparkTest --verbose --deploy-mode client /opt/***/jobs/test_pyspark_job.py. Error code is: 1.; 452)
Traceback (most recent call last):
  File "/home/airflow/.local/lib/python3.12/site-packages/airflow/task/task_runner/standard_task_runner.py", line 117, in _start_by_fork
    ret = args.func(args, dag=self.dag)
          ^^^^^^^^^^^^^^^^^^^^^^^^^^^^^
  File "/home/airflow/.local/lib/python3.12/site-packages/airflow/cli/cli_config.py", line 49, in command
    return func(*args, **kwargs)
           ^^^^^^^^^^^^^^^^^^^^^
  File "/home/airflow/.local/lib/python3.12/site-packages/airflow/utils/cli.py", line 116, in wrapper
    return f(*args, **kwargs)
           ^^^^^^^^^^^^^^^^^^
  File "/home/airflow/.local/lib/python3.12/site-packages/airflow/cli/commands/task_command.py", line 483, in task_run
    task_return_code = _run_task_by_selected_method(args, _dag, ti)
                       ^^^^^^^^^^^^^^^^^^^^^^^^^^^^^^^^^^^^^^^^^^^^
  File "/home/airflow/.local/lib/python3.12/site-packages/airflow/cli/commands/task_command.py", line 256, in _run_task_by_selected_method
    return _run_raw_task(args, ti)
           ^^^^^^^^^^^^^^^^^^^^^^^
  File "/home/airflow/.local/lib/python3.12/site-packages/airflow/cli/commands/task_command.py", line 341, in _run_raw_task
    return ti._run_raw_task(
           ^^^^^^^^^^^^^^^^^
  File "/home/airflow/.local/lib/python3.12/site-packages/airflow/utils/session.py", line 97, in wrapper
    return func(*args, session=session, **kwargs)
           ^^^^^^^^^^^^^^^^^^^^^^^^^^^^^^^^^^^^^^
  File "/home/airflow/.local/lib/python3.12/site-packages/airflow/models/taskinstance.py", line 3005, in _run_raw_task
    return _run_raw_task(
           ^^^^^^^^^^^^^^
  File "/home/airflow/.local/lib/python3.12/site-packages/airflow/models/taskinstance.py", line 273, in _run_raw_task
    TaskInstance._execute_task_with_callbacks(
  File "/home/airflow/.local/lib/python3.12/site-packages/airflow/models/taskinstance.py", line 3159, in _execute_task_with_callbacks
    result = self._execute_task(context, task_orig)
             ^^^^^^^^^^^^^^^^^^^^^^^^^^^^^^^^^^^^^^
  File "/home/airflow/.local/lib/python3.12/site-packages/airflow/models/taskinstance.py", line 3183, in _execute_task
    return _execute_task(self, context, task_orig)
           ^^^^^^^^^^^^^^^^^^^^^^^^^^^^^^^^^^^^^^^
  File "/home/airflow/.local/lib/python3.12/site-packages/airflow/models/taskinstance.py", line 767, in _execute_task
    result = _execute_callable(context=context, **execute_callable_kwargs)
             ^^^^^^^^^^^^^^^^^^^^^^^^^^^^^^^^^^^^^^^^^^^^^^^^^^^^^^^^^^^^^
  File "/home/airflow/.local/lib/python3.12/site-packages/airflow/models/taskinstance.py", line 733, in _execute_callable
    return ExecutionCallableRunner(
           ^^^^^^^^^^^^^^^^^^^^^^^^
  File "/home/airflow/.local/lib/python3.12/site-packages/airflow/utils/operator_helpers.py", line 252, in run
    return self.func(*args, **kwargs)
           ^^^^^^^^^^^^^^^^^^^^^^^^^^
  File "/home/airflow/.local/lib/python3.12/site-packages/airflow/models/baseoperator.py", line 422, in wrapper
    return func(self, *args, **kwargs)
           ^^^^^^^^^^^^^^^^^^^^^^^^^^^
  File "/home/airflow/.local/lib/python3.12/site-packages/airflow/providers/apache/spark/operators/spark_submit.py", line 177, in execute
    self._hook.submit(self.application)
  File "/home/airflow/.local/lib/python3.12/site-packages/airflow/providers/apache/spark/hooks/spark_submit.py", line 567, in submit
    raise AirflowException(
airflow.exceptions.AirflowException: Cannot execute: spark-submit --master spark://spark:7077 --num-executors 2 --executor-cores 1 --executor-memory 1g --driver-memory 1g --name SparkTest --verbose --deploy-mode client /opt/***/jobs/test_pyspark_job.py. Error code is: 1.
[2025-03-10T00:01:07.491+0000] {local_task_job_runner.py:266} INFO - Task exited with return code 1
[2025-03-10T00:01:07.507+0000] {taskinstance.py:3895} INFO - 0 downstream tasks scheduled from follow-on schedule check
[2025-03-10T00:01:07.512+0000] {local_task_job_runner.py:245} INFO - ::endgroup::
