[2025-03-09T21:50:01.769+0000] {local_task_job_runner.py:123} INFO - ::group::Pre task execution logs
[2025-03-09T21:50:01.816+0000] {taskinstance.py:2613} INFO - Dependencies all met for dep_context=non-requeueable deps ti=<TaskInstance: spark_gcs_job.submit_spark_gcc_job manual__2025-03-09T21:49:59.139116+00:00 [queued]>
[2025-03-09T21:50:01.841+0000] {taskinstance.py:2613} INFO - Dependencies all met for dep_context=requeueable deps ti=<TaskInstance: spark_gcs_job.submit_spark_gcc_job manual__2025-03-09T21:49:59.139116+00:00 [queued]>
[2025-03-09T21:50:01.841+0000] {taskinstance.py:2866} INFO - Starting attempt 1 of 2
[2025-03-09T21:50:01.879+0000] {taskinstance.py:2889} INFO - Executing <Task(SparkSubmitOperator): submit_spark_gcc_job> on 2025-03-09 21:49:59.139116+00:00
[2025-03-09T21:50:01.890+0000] {standard_task_runner.py:104} INFO - Running: ['***', 'tasks', 'run', 'spark_gcs_job', 'submit_spark_gcc_job', 'manual__2025-03-09T21:49:59.139116+00:00', '--job-id', '389', '--raw', '--subdir', 'DAGS_FOLDER/spark_submit.py', '--cfg-path', '/tmp/tmp57gk90dx']
[2025-03-09T21:50:01.893+0000] {standard_task_runner.py:105} INFO - Job 389: Subtask submit_spark_gcc_job
[2025-03-09T21:50:01.893+0000] {logging_mixin.py:190} WARNING - /home/***/.local/lib/python3.12/site-packages/***/task/task_runner/standard_task_runner.py:70 DeprecationWarning: This process (pid=187) is multi-threaded, use of fork() may lead to deadlocks in the child.
[2025-03-09T21:50:01.894+0000] {standard_task_runner.py:72} INFO - Started process 190 to run task
[2025-03-09T21:50:01.978+0000] {task_command.py:467} INFO - Running <TaskInstance: spark_gcs_job.submit_spark_gcc_job manual__2025-03-09T21:49:59.139116+00:00 [running]> on host 27f453beda85
[2025-03-09T21:50:02.101+0000] {taskinstance.py:3132} INFO - Exporting env vars: AIRFLOW_CTX_DAG_OWNER='***' AIRFLOW_CTX_DAG_ID='spark_gcs_job' AIRFLOW_CTX_TASK_ID='submit_spark_gcc_job' AIRFLOW_CTX_EXECUTION_DATE='2025-03-09T21:49:59.139116+00:00' AIRFLOW_CTX_TRY_NUMBER='1' AIRFLOW_CTX_DAG_RUN_ID='manual__2025-03-09T21:49:59.139116+00:00'
[2025-03-09T21:50:02.103+0000] {taskinstance.py:731} INFO - ::endgroup::
[2025-03-09T21:50:02.193+0000] {base.py:84} INFO - Retrieving connection 'spark_default'
[2025-03-09T21:50:02.194+0000] {spark_submit.py:474} INFO - Spark-Submit cmd: spark-submit --master spark://spark:7077 --conf spark.hadoop.fs.gs.impl=com.google.cloud.hadoop.fs.gcs.GoogleHadoopFileSystem --conf spark.hadoop.fs.gs.auth.service.account.enable=true --conf spark.hadoop.fs.gs.auth.service.account.json.keyfile=/opt/***/keys/first-key.json --jars /opt/***/jars/gcs-connector-hadoop3-2.2.0.jar --total-executor-cores 2 --executor-memory 2g --name spark_gcs_job --verbose --deploy-mode client /opt/***/jobs/gcc_test_job.py
[2025-03-09T21:50:02.379+0000] {spark_submit.py:641} INFO - /home/***/.local/lib/python3.12/site-packages/pyspark/bin/load-spark-env.sh: line 68: ps: command not found
[2025-03-09T21:50:05.573+0000] {spark_submit.py:641} INFO - Using properties file: null
[2025-03-09T21:50:05.696+0000] {spark_submit.py:641} INFO - Parsed arguments:
[2025-03-09T21:50:05.697+0000] {spark_submit.py:641} INFO - master                  spark://spark:7077
[2025-03-09T21:50:05.697+0000] {spark_submit.py:641} INFO - remote                  null
[2025-03-09T21:50:05.697+0000] {spark_submit.py:641} INFO - deployMode              client
[2025-03-09T21:50:05.697+0000] {spark_submit.py:641} INFO - executorMemory          2g
[2025-03-09T21:50:05.697+0000] {spark_submit.py:641} INFO - executorCores           null
[2025-03-09T21:50:05.698+0000] {spark_submit.py:641} INFO - totalExecutorCores      2
[2025-03-09T21:50:05.698+0000] {spark_submit.py:641} INFO - propertiesFile          null
[2025-03-09T21:50:05.698+0000] {spark_submit.py:641} INFO - driverMemory            null
[2025-03-09T21:50:05.698+0000] {spark_submit.py:641} INFO - driverCores             null
[2025-03-09T21:50:05.698+0000] {spark_submit.py:641} INFO - driverExtraClassPath    null
[2025-03-09T21:50:05.698+0000] {spark_submit.py:641} INFO - driverExtraLibraryPath  null
[2025-03-09T21:50:05.698+0000] {spark_submit.py:641} INFO - driverExtraJavaOptions  null
[2025-03-09T21:50:05.699+0000] {spark_submit.py:641} INFO - supervise               false
[2025-03-09T21:50:05.699+0000] {spark_submit.py:641} INFO - queue                   null
[2025-03-09T21:50:05.699+0000] {spark_submit.py:641} INFO - numExecutors            null
[2025-03-09T21:50:05.699+0000] {spark_submit.py:641} INFO - files                   null
[2025-03-09T21:50:05.699+0000] {spark_submit.py:641} INFO - pyFiles                 null
[2025-03-09T21:50:05.699+0000] {spark_submit.py:641} INFO - archives                null
[2025-03-09T21:50:05.700+0000] {spark_submit.py:641} INFO - mainClass               null
[2025-03-09T21:50:05.700+0000] {spark_submit.py:641} INFO - primaryResource         file:/opt/***/jobs/gcc_test_job.py
[2025-03-09T21:50:05.700+0000] {spark_submit.py:641} INFO - name                    spark_gcs_job
[2025-03-09T21:50:05.700+0000] {spark_submit.py:641} INFO - childArgs               []
[2025-03-09T21:50:05.700+0000] {spark_submit.py:641} INFO - jars                    file:/opt/***/jars/gcs-connector-hadoop3-2.2.0.jar
[2025-03-09T21:50:05.700+0000] {spark_submit.py:641} INFO - packages                null
[2025-03-09T21:50:05.700+0000] {spark_submit.py:641} INFO - packagesExclusions      null
[2025-03-09T21:50:05.701+0000] {spark_submit.py:641} INFO - repositories            null
[2025-03-09T21:50:05.701+0000] {spark_submit.py:641} INFO - verbose                 true
[2025-03-09T21:50:05.701+0000] {spark_submit.py:641} INFO - 
[2025-03-09T21:50:05.701+0000] {spark_submit.py:641} INFO - Spark properties used, including those specified through
[2025-03-09T21:50:05.701+0000] {spark_submit.py:641} INFO - --conf and those from the properties file null:
[2025-03-09T21:50:05.701+0000] {spark_submit.py:641} INFO - (spark.hadoop.fs.gs.auth.service.account.enable,true)
[2025-03-09T21:50:05.701+0000] {spark_submit.py:641} INFO - (spark.hadoop.fs.gs.auth.service.account.json.keyfile,/opt/***/keys/first-key.json)
[2025-03-09T21:50:05.702+0000] {spark_submit.py:641} INFO - (spark.hadoop.fs.gs.impl,com.google.cloud.hadoop.fs.gcs.GoogleHadoopFileSystem)
[2025-03-09T21:50:05.702+0000] {spark_submit.py:641} INFO - 
[2025-03-09T21:50:05.702+0000] {spark_submit.py:641} INFO - 
[2025-03-09T21:50:06.250+0000] {spark_submit.py:641} INFO - 25/03/09 21:50:06 WARN NativeCodeLoader: Unable to load native-hadoop library for your platform... using builtin-java classes where applicable
[2025-03-09T21:50:06.556+0000] {spark_submit.py:641} INFO - Main class:
[2025-03-09T21:50:06.556+0000] {spark_submit.py:641} INFO - org.apache.spark.deploy.PythonRunner
[2025-03-09T21:50:06.557+0000] {spark_submit.py:641} INFO - Arguments:
[2025-03-09T21:50:06.557+0000] {spark_submit.py:641} INFO - file:/opt/***/jobs/gcc_test_job.py
[2025-03-09T21:50:06.557+0000] {spark_submit.py:641} INFO - null
[2025-03-09T21:50:06.559+0000] {spark_submit.py:641} INFO - Spark config:
[2025-03-09T21:50:06.560+0000] {spark_submit.py:641} INFO - (spark.app.name,spark_gcs_job)
[2025-03-09T21:50:06.560+0000] {spark_submit.py:641} INFO - (spark.app.submitTime,1741557006536)
[2025-03-09T21:50:06.560+0000] {spark_submit.py:641} INFO - (spark.cores.max,2)
[2025-03-09T21:50:06.560+0000] {spark_submit.py:641} INFO - (spark.executor.memory,2g)
[2025-03-09T21:50:06.560+0000] {spark_submit.py:641} INFO - (spark.hadoop.fs.gs.auth.service.account.enable,true)
[2025-03-09T21:50:06.560+0000] {spark_submit.py:641} INFO - (spark.hadoop.fs.gs.auth.service.account.json.keyfile,/opt/***/keys/first-key.json)
[2025-03-09T21:50:06.560+0000] {spark_submit.py:641} INFO - (spark.hadoop.fs.gs.impl,com.google.cloud.hadoop.fs.gcs.GoogleHadoopFileSystem)
[2025-03-09T21:50:06.561+0000] {spark_submit.py:641} INFO - (spark.jars,file:///opt/***/jars/gcs-connector-hadoop3-2.2.0.jar)
[2025-03-09T21:50:06.561+0000] {spark_submit.py:641} INFO - (spark.master,spark://spark:7077)
[2025-03-09T21:50:06.561+0000] {spark_submit.py:641} INFO - (spark.repl.local.jars,file:///opt/***/jars/gcs-connector-hadoop3-2.2.0.jar)
[2025-03-09T21:50:06.561+0000] {spark_submit.py:641} INFO - (spark.submit.deployMode,client)
[2025-03-09T21:50:06.561+0000] {spark_submit.py:641} INFO - (spark.submit.pyFiles,)
[2025-03-09T21:50:06.562+0000] {spark_submit.py:641} INFO - Classpath elements:
[2025-03-09T21:50:06.562+0000] {spark_submit.py:641} INFO - file:///opt/***/jars/gcs-connector-hadoop3-2.2.0.jar
[2025-03-09T21:50:06.562+0000] {spark_submit.py:641} INFO - 
[2025-03-09T21:50:06.562+0000] {spark_submit.py:641} INFO - 
[2025-03-09T21:50:08.375+0000] {spark_submit.py:641} INFO - 25/03/09 21:50:08 INFO SparkContext: Running Spark version 3.5.5
[2025-03-09T21:50:08.375+0000] {spark_submit.py:641} INFO - 25/03/09 21:50:08 INFO SparkContext: OS info Linux, 5.15.167.4-microsoft-standard-WSL2, amd64
[2025-03-09T21:50:08.376+0000] {spark_submit.py:641} INFO - 25/03/09 21:50:08 INFO SparkContext: Java version 17.0.14
[2025-03-09T21:50:08.421+0000] {spark_submit.py:641} INFO - 25/03/09 21:50:08 INFO ResourceUtils: ==============================================================
[2025-03-09T21:50:08.421+0000] {spark_submit.py:641} INFO - 25/03/09 21:50:08 INFO ResourceUtils: No custom resources configured for spark.driver.
[2025-03-09T21:50:08.422+0000] {spark_submit.py:641} INFO - 25/03/09 21:50:08 INFO ResourceUtils: ==============================================================
[2025-03-09T21:50:08.422+0000] {spark_submit.py:641} INFO - 25/03/09 21:50:08 INFO SparkContext: Submitted application: GCSConnectorTest
[2025-03-09T21:50:08.461+0000] {spark_submit.py:641} INFO - 25/03/09 21:50:08 INFO ResourceProfile: Default ResourceProfile created, executor resources: Map(memory -> name: memory, amount: 2048, script: , vendor: , offHeap -> name: offHeap, amount: 0, script: , vendor: ), task resources: Map(cpus -> name: cpus, amount: 1.0)
[2025-03-09T21:50:08.471+0000] {spark_submit.py:641} INFO - 25/03/09 21:50:08 INFO ResourceProfile: Limiting resource is cpu
[2025-03-09T21:50:08.472+0000] {spark_submit.py:641} INFO - 25/03/09 21:50:08 INFO ResourceProfileManager: Added ResourceProfile id: 0
[2025-03-09T21:50:08.676+0000] {spark_submit.py:641} INFO - 25/03/09 21:50:08 INFO SecurityManager: Changing view acls to: ***
[2025-03-09T21:50:08.677+0000] {spark_submit.py:641} INFO - 25/03/09 21:50:08 INFO SecurityManager: Changing modify acls to: ***
[2025-03-09T21:50:08.677+0000] {spark_submit.py:641} INFO - 25/03/09 21:50:08 INFO SecurityManager: Changing view acls groups to:
[2025-03-09T21:50:08.678+0000] {spark_submit.py:641} INFO - 25/03/09 21:50:08 INFO SecurityManager: Changing modify acls groups to:
[2025-03-09T21:50:08.678+0000] {spark_submit.py:641} INFO - 25/03/09 21:50:08 INFO SecurityManager: SecurityManager: authentication disabled; ui acls disabled; users with view permissions: ***; groups with view permissions: EMPTY; users with modify permissions: ***; groups with modify permissions: EMPTY
[2025-03-09T21:50:09.138+0000] {spark_submit.py:641} INFO - 25/03/09 21:50:09 INFO Utils: Successfully started service 'sparkDriver' on port 43035.
[2025-03-09T21:50:09.212+0000] {spark_submit.py:641} INFO - 25/03/09 21:50:09 INFO SparkEnv: Registering MapOutputTracker
[2025-03-09T21:50:09.267+0000] {spark_submit.py:641} INFO - 25/03/09 21:50:09 INFO SparkEnv: Registering BlockManagerMaster
[2025-03-09T21:50:09.304+0000] {spark_submit.py:641} INFO - 25/03/09 21:50:09 INFO BlockManagerMasterEndpoint: Using org.apache.spark.storage.DefaultTopologyMapper for getting topology information
[2025-03-09T21:50:09.305+0000] {spark_submit.py:641} INFO - 25/03/09 21:50:09 INFO BlockManagerMasterEndpoint: BlockManagerMasterEndpoint up
[2025-03-09T21:50:09.312+0000] {spark_submit.py:641} INFO - 25/03/09 21:50:09 INFO SparkEnv: Registering BlockManagerMasterHeartbeat
[2025-03-09T21:50:09.360+0000] {spark_submit.py:641} INFO - 25/03/09 21:50:09 INFO DiskBlockManager: Created local directory at /tmp/blockmgr-8bbcca23-513d-430e-9bb5-4f8af41ebdec
[2025-03-09T21:50:09.386+0000] {spark_submit.py:641} INFO - 25/03/09 21:50:09 INFO MemoryStore: MemoryStore started with capacity 434.4 MiB
[2025-03-09T21:50:09.414+0000] {spark_submit.py:641} INFO - 25/03/09 21:50:09 INFO SparkEnv: Registering OutputCommitCoordinator
[2025-03-09T21:50:09.655+0000] {spark_submit.py:641} INFO - 25/03/09 21:50:09 INFO JettyUtils: Start Jetty 0.0.0.0:4040 for SparkUI
[2025-03-09T21:50:09.777+0000] {spark_submit.py:641} INFO - 25/03/09 21:50:09 INFO Utils: Successfully started service 'SparkUI' on port 4040.
[2025-03-09T21:50:09.833+0000] {spark_submit.py:641} INFO - 25/03/09 21:50:09 INFO SparkContext: Added JAR file:///opt/***/jars/gcs-connector-hadoop3-2.2.0.jar at spark://27f453beda85:43035/jars/gcs-connector-hadoop3-2.2.0.jar with timestamp 1741557008350
[2025-03-09T21:50:09.974+0000] {spark_submit.py:641} INFO - 25/03/09 21:50:09 INFO StandaloneAppClient$ClientEndpoint: Connecting to master spark://spark:7077...
[2025-03-09T21:50:10.062+0000] {spark_submit.py:641} INFO - 25/03/09 21:50:10 INFO TransportClientFactory: Successfully created connection to spark/172.19.0.3:7077 after 46 ms (0 ms spent in bootstraps)
[2025-03-09T21:50:10.955+0000] {spark_submit.py:641} INFO - 25/03/09 21:50:10 INFO StandaloneSchedulerBackend: Connected to Spark cluster with app ID app-20250309215010-0001
[2025-03-09T21:50:10.970+0000] {spark_submit.py:641} INFO - 25/03/09 21:50:10 INFO Utils: Successfully started service 'org.apache.spark.network.netty.NettyBlockTransferService' on port 41991.
[2025-03-09T21:50:10.971+0000] {spark_submit.py:641} INFO - 25/03/09 21:50:10 INFO NettyBlockTransferService: Server created on 27f453beda85:41991
[2025-03-09T21:50:10.973+0000] {spark_submit.py:641} INFO - 25/03/09 21:50:10 INFO BlockManager: Using org.apache.spark.storage.RandomBlockReplicationPolicy for block replication policy
[2025-03-09T21:50:10.985+0000] {spark_submit.py:641} INFO - 25/03/09 21:50:10 INFO BlockManagerMaster: Registering BlockManager BlockManagerId(driver, 27f453beda85, 41991, None)
[2025-03-09T21:50:10.990+0000] {spark_submit.py:641} INFO - 25/03/09 21:50:10 INFO BlockManagerMasterEndpoint: Registering block manager 27f453beda85:41991 with 434.4 MiB RAM, BlockManagerId(driver, 27f453beda85, 41991, None)
[2025-03-09T21:50:10.994+0000] {spark_submit.py:641} INFO - 25/03/09 21:50:10 INFO BlockManagerMaster: Registered BlockManager BlockManagerId(driver, 27f453beda85, 41991, None)
[2025-03-09T21:50:10.995+0000] {spark_submit.py:641} INFO - 25/03/09 21:50:10 INFO BlockManager: Initialized BlockManager: BlockManagerId(driver, 27f453beda85, 41991, None)
[2025-03-09T21:50:11.307+0000] {spark_submit.py:641} INFO - 25/03/09 21:50:11 INFO StandaloneSchedulerBackend: SchedulerBackend is ready for scheduling beginning after reached minRegisteredResourcesRatio: 0.0
[2025-03-09T21:50:11.625+0000] {spark_submit.py:641} INFO - 25/03/09 21:50:11 INFO SharedState: Setting hive.metastore.warehouse.dir ('null') to the value of spark.sql.warehouse.dir.
[2025-03-09T21:50:11.628+0000] {spark_submit.py:641} INFO - 25/03/09 21:50:11 INFO SharedState: Warehouse path is 'file:/opt/***/spark-warehouse'.
[2025-03-09T21:50:15.422+0000] {spark_submit.py:641} INFO - 25/03/09 21:50:15 INFO InMemoryFileIndex: It took 189 ms to list leaf files for 1 paths.
[2025-03-09T21:50:15.761+0000] {spark_submit.py:641} INFO - 25/03/09 21:50:15 INFO InMemoryFileIndex: It took 72 ms to list leaf files for 1 paths.
[2025-03-09T21:50:18.285+0000] {spark_submit.py:641} INFO - 25/03/09 21:50:18 INFO FileSourceStrategy: Pushed Filters:
[2025-03-09T21:50:18.288+0000] {spark_submit.py:641} INFO - 25/03/09 21:50:18 INFO FileSourceStrategy: Post-Scan Filters: (length(trim(value#0, None)) > 0)
[2025-03-09T21:50:18.919+0000] {spark_submit.py:641} INFO - 25/03/09 21:50:18 INFO CodeGenerator: Code generated in 218.354212 ms
[2025-03-09T21:50:18.996+0000] {spark_submit.py:641} INFO - 25/03/09 21:50:18 INFO MemoryStore: Block broadcast_0 stored as values in memory (estimated size 201.3 KiB, free 434.2 MiB)
[2025-03-09T21:50:19.103+0000] {spark_submit.py:641} INFO - 25/03/09 21:50:19 INFO MemoryStore: Block broadcast_0_piece0 stored as bytes in memory (estimated size 34.9 KiB, free 434.2 MiB)
[2025-03-09T21:50:19.108+0000] {spark_submit.py:641} INFO - 25/03/09 21:50:19 INFO BlockManagerInfo: Added broadcast_0_piece0 in memory on 27f453beda85:41991 (size: 34.9 KiB, free: 434.4 MiB)
[2025-03-09T21:50:19.116+0000] {spark_submit.py:641} INFO - 25/03/09 21:50:19 INFO SparkContext: Created broadcast 0 from csv at NativeMethodAccessorImpl.java:0
[2025-03-09T21:50:19.130+0000] {spark_submit.py:641} INFO - 25/03/09 21:50:19 INFO FileSourceScanExec: Planning scan with bin packing, max size: 4838318 bytes, open cost is considered as scanning 4194304 bytes.
[2025-03-09T21:50:19.261+0000] {spark_submit.py:641} INFO - 25/03/09 21:50:19 INFO SparkContext: Starting job: csv at NativeMethodAccessorImpl.java:0
[2025-03-09T21:50:19.282+0000] {spark_submit.py:641} INFO - 25/03/09 21:50:19 INFO DAGScheduler: Got job 0 (csv at NativeMethodAccessorImpl.java:0) with 1 output partitions
[2025-03-09T21:50:19.283+0000] {spark_submit.py:641} INFO - 25/03/09 21:50:19 INFO DAGScheduler: Final stage: ResultStage 0 (csv at NativeMethodAccessorImpl.java:0)
[2025-03-09T21:50:19.283+0000] {spark_submit.py:641} INFO - 25/03/09 21:50:19 INFO DAGScheduler: Parents of final stage: List()
[2025-03-09T21:50:19.283+0000] {spark_submit.py:641} INFO - 25/03/09 21:50:19 INFO DAGScheduler: Missing parents: List()
[2025-03-09T21:50:19.286+0000] {spark_submit.py:641} INFO - 25/03/09 21:50:19 INFO DAGScheduler: Submitting ResultStage 0 (MapPartitionsRDD[3] at csv at NativeMethodAccessorImpl.java:0), which has no missing parents
[2025-03-09T21:50:19.375+0000] {spark_submit.py:641} INFO - 25/03/09 21:50:19 INFO MemoryStore: Block broadcast_1 stored as values in memory (estimated size 13.5 KiB, free 434.2 MiB)
[2025-03-09T21:50:19.385+0000] {spark_submit.py:641} INFO - 25/03/09 21:50:19 INFO MemoryStore: Block broadcast_1_piece0 stored as bytes in memory (estimated size 6.4 KiB, free 434.1 MiB)
[2025-03-09T21:50:19.386+0000] {spark_submit.py:641} INFO - 25/03/09 21:50:19 INFO BlockManagerInfo: Added broadcast_1_piece0 in memory on 27f453beda85:41991 (size: 6.4 KiB, free: 434.4 MiB)
[2025-03-09T21:50:19.387+0000] {spark_submit.py:641} INFO - 25/03/09 21:50:19 INFO SparkContext: Created broadcast 1 from broadcast at DAGScheduler.scala:1585
[2025-03-09T21:50:19.412+0000] {spark_submit.py:641} INFO - 25/03/09 21:50:19 INFO DAGScheduler: Submitting 1 missing tasks from ResultStage 0 (MapPartitionsRDD[3] at csv at NativeMethodAccessorImpl.java:0) (first 15 tasks are for partitions Vector(0))
[2025-03-09T21:50:19.414+0000] {spark_submit.py:641} INFO - 25/03/09 21:50:19 INFO TaskSchedulerImpl: Adding task set 0.0 with 1 tasks resource profile 0
[2025-03-09T21:50:34.505+0000] {spark_submit.py:641} INFO - 25/03/09 21:50:34 WARN TaskSchedulerImpl: Initial job has not accepted any resources; check your cluster UI to ensure that workers are registered and have sufficient resources
[2025-03-09T21:50:49.440+0000] {spark_submit.py:641} INFO - 25/03/09 21:50:49 WARN TaskSchedulerImpl: Initial job has not accepted any resources; check your cluster UI to ensure that workers are registered and have sufficient resources
[2025-03-09T21:51:04.436+0000] {spark_submit.py:641} INFO - 25/03/09 21:51:04 WARN TaskSchedulerImpl: Initial job has not accepted any resources; check your cluster UI to ensure that workers are registered and have sufficient resources
[2025-03-09T21:51:19.435+0000] {spark_submit.py:641} INFO - 25/03/09 21:51:19 WARN TaskSchedulerImpl: Initial job has not accepted any resources; check your cluster UI to ensure that workers are registered and have sufficient resources
[2025-03-09T21:51:34.431+0000] {spark_submit.py:641} INFO - 25/03/09 21:51:34 WARN TaskSchedulerImpl: Initial job has not accepted any resources; check your cluster UI to ensure that workers are registered and have sufficient resources
[2025-03-09T21:51:49.441+0000] {spark_submit.py:641} INFO - 25/03/09 21:51:49 WARN TaskSchedulerImpl: Initial job has not accepted any resources; check your cluster UI to ensure that workers are registered and have sufficient resources
[2025-03-09T21:52:04.435+0000] {spark_submit.py:641} INFO - 25/03/09 21:52:04 WARN TaskSchedulerImpl: Initial job has not accepted any resources; check your cluster UI to ensure that workers are registered and have sufficient resources
[2025-03-09T21:52:19.440+0000] {spark_submit.py:641} INFO - 25/03/09 21:52:19 WARN TaskSchedulerImpl: Initial job has not accepted any resources; check your cluster UI to ensure that workers are registered and have sufficient resources
[2025-03-09T21:52:34.436+0000] {spark_submit.py:641} INFO - 25/03/09 21:52:34 WARN TaskSchedulerImpl: Initial job has not accepted any resources; check your cluster UI to ensure that workers are registered and have sufficient resources
[2025-03-09T21:52:49.437+0000] {spark_submit.py:641} INFO - 25/03/09 21:52:49 WARN TaskSchedulerImpl: Initial job has not accepted any resources; check your cluster UI to ensure that workers are registered and have sufficient resources
[2025-03-09T21:53:04.431+0000] {spark_submit.py:641} INFO - 25/03/09 21:53:04 WARN TaskSchedulerImpl: Initial job has not accepted any resources; check your cluster UI to ensure that workers are registered and have sufficient resources
[2025-03-09T21:53:19.438+0000] {spark_submit.py:641} INFO - 25/03/09 21:53:19 WARN TaskSchedulerImpl: Initial job has not accepted any resources; check your cluster UI to ensure that workers are registered and have sufficient resources
[2025-03-09T21:53:34.432+0000] {spark_submit.py:641} INFO - 25/03/09 21:53:34 WARN TaskSchedulerImpl: Initial job has not accepted any resources; check your cluster UI to ensure that workers are registered and have sufficient resources
[2025-03-09T21:53:49.443+0000] {spark_submit.py:641} INFO - 25/03/09 21:53:49 WARN TaskSchedulerImpl: Initial job has not accepted any resources; check your cluster UI to ensure that workers are registered and have sufficient resources
[2025-03-09T21:54:04.438+0000] {spark_submit.py:641} INFO - 25/03/09 21:54:04 WARN TaskSchedulerImpl: Initial job has not accepted any resources; check your cluster UI to ensure that workers are registered and have sufficient resources
[2025-03-09T21:54:19.440+0000] {spark_submit.py:641} INFO - 25/03/09 21:54:19 WARN TaskSchedulerImpl: Initial job has not accepted any resources; check your cluster UI to ensure that workers are registered and have sufficient resources
[2025-03-09T21:54:34.438+0000] {spark_submit.py:641} INFO - 25/03/09 21:54:34 WARN TaskSchedulerImpl: Initial job has not accepted any resources; check your cluster UI to ensure that workers are registered and have sufficient resources
[2025-03-09T21:54:49.439+0000] {spark_submit.py:641} INFO - 25/03/09 21:54:49 WARN TaskSchedulerImpl: Initial job has not accepted any resources; check your cluster UI to ensure that workers are registered and have sufficient resources
[2025-03-09T21:55:04.440+0000] {spark_submit.py:641} INFO - 25/03/09 21:55:04 WARN TaskSchedulerImpl: Initial job has not accepted any resources; check your cluster UI to ensure that workers are registered and have sufficient resources
[2025-03-09T21:55:19.460+0000] {spark_submit.py:641} INFO - 25/03/09 21:55:19 WARN TaskSchedulerImpl: Initial job has not accepted any resources; check your cluster UI to ensure that workers are registered and have sufficient resources
[2025-03-09T21:55:34.439+0000] {spark_submit.py:641} INFO - 25/03/09 21:55:34 WARN TaskSchedulerImpl: Initial job has not accepted any resources; check your cluster UI to ensure that workers are registered and have sufficient resources
[2025-03-09T21:55:49.438+0000] {spark_submit.py:641} INFO - 25/03/09 21:55:49 WARN TaskSchedulerImpl: Initial job has not accepted any resources; check your cluster UI to ensure that workers are registered and have sufficient resources
[2025-03-09T21:56:04.436+0000] {spark_submit.py:641} INFO - 25/03/09 21:56:04 WARN TaskSchedulerImpl: Initial job has not accepted any resources; check your cluster UI to ensure that workers are registered and have sufficient resources
[2025-03-09T21:56:19.456+0000] {spark_submit.py:641} INFO - 25/03/09 21:56:19 WARN TaskSchedulerImpl: Initial job has not accepted any resources; check your cluster UI to ensure that workers are registered and have sufficient resources
[2025-03-09T21:56:34.436+0000] {spark_submit.py:641} INFO - 25/03/09 21:56:34 WARN TaskSchedulerImpl: Initial job has not accepted any resources; check your cluster UI to ensure that workers are registered and have sufficient resources
[2025-03-09T21:56:49.443+0000] {spark_submit.py:641} INFO - 25/03/09 21:56:49 WARN TaskSchedulerImpl: Initial job has not accepted any resources; check your cluster UI to ensure that workers are registered and have sufficient resources
[2025-03-09T21:57:04.433+0000] {spark_submit.py:641} INFO - 25/03/09 21:57:04 WARN TaskSchedulerImpl: Initial job has not accepted any resources; check your cluster UI to ensure that workers are registered and have sufficient resources
[2025-03-09T21:57:19.443+0000] {spark_submit.py:641} INFO - 25/03/09 21:57:19 WARN TaskSchedulerImpl: Initial job has not accepted any resources; check your cluster UI to ensure that workers are registered and have sufficient resources
[2025-03-09T21:57:34.452+0000] {spark_submit.py:641} INFO - 25/03/09 21:57:34 WARN TaskSchedulerImpl: Initial job has not accepted any resources; check your cluster UI to ensure that workers are registered and have sufficient resources
[2025-03-09T21:57:49.442+0000] {spark_submit.py:641} INFO - 25/03/09 21:57:49 WARN TaskSchedulerImpl: Initial job has not accepted any resources; check your cluster UI to ensure that workers are registered and have sufficient resources
[2025-03-09T21:58:04.445+0000] {spark_submit.py:641} INFO - 25/03/09 21:58:04 WARN TaskSchedulerImpl: Initial job has not accepted any resources; check your cluster UI to ensure that workers are registered and have sufficient resources
[2025-03-09T21:58:19.438+0000] {spark_submit.py:641} INFO - 25/03/09 21:58:19 WARN TaskSchedulerImpl: Initial job has not accepted any resources; check your cluster UI to ensure that workers are registered and have sufficient resources
[2025-03-09T21:58:34.433+0000] {spark_submit.py:641} INFO - 25/03/09 21:58:34 WARN TaskSchedulerImpl: Initial job has not accepted any resources; check your cluster UI to ensure that workers are registered and have sufficient resources
[2025-03-09T21:58:49.447+0000] {spark_submit.py:641} INFO - 25/03/09 21:58:49 WARN TaskSchedulerImpl: Initial job has not accepted any resources; check your cluster UI to ensure that workers are registered and have sufficient resources
[2025-03-09T21:59:04.440+0000] {spark_submit.py:641} INFO - 25/03/09 21:59:04 WARN TaskSchedulerImpl: Initial job has not accepted any resources; check your cluster UI to ensure that workers are registered and have sufficient resources
[2025-03-09T21:59:19.444+0000] {spark_submit.py:641} INFO - 25/03/09 21:59:19 WARN TaskSchedulerImpl: Initial job has not accepted any resources; check your cluster UI to ensure that workers are registered and have sufficient resources
[2025-03-09T21:59:34.433+0000] {spark_submit.py:641} INFO - 25/03/09 21:59:34 WARN TaskSchedulerImpl: Initial job has not accepted any resources; check your cluster UI to ensure that workers are registered and have sufficient resources
[2025-03-09T21:59:49.443+0000] {spark_submit.py:641} INFO - 25/03/09 21:59:49 WARN TaskSchedulerImpl: Initial job has not accepted any resources; check your cluster UI to ensure that workers are registered and have sufficient resources
[2025-03-09T22:00:04.461+0000] {spark_submit.py:641} INFO - 25/03/09 22:00:04 WARN TaskSchedulerImpl: Initial job has not accepted any resources; check your cluster UI to ensure that workers are registered and have sufficient resources
[2025-03-09T22:00:19.445+0000] {spark_submit.py:641} INFO - 25/03/09 22:00:19 WARN TaskSchedulerImpl: Initial job has not accepted any resources; check your cluster UI to ensure that workers are registered and have sufficient resources
[2025-03-09T22:00:34.441+0000] {spark_submit.py:641} INFO - 25/03/09 22:00:34 WARN TaskSchedulerImpl: Initial job has not accepted any resources; check your cluster UI to ensure that workers are registered and have sufficient resources
[2025-03-09T22:00:49.439+0000] {spark_submit.py:641} INFO - 25/03/09 22:00:49 WARN TaskSchedulerImpl: Initial job has not accepted any resources; check your cluster UI to ensure that workers are registered and have sufficient resources
[2025-03-09T22:01:04.433+0000] {spark_submit.py:641} INFO - 25/03/09 22:01:04 WARN TaskSchedulerImpl: Initial job has not accepted any resources; check your cluster UI to ensure that workers are registered and have sufficient resources
[2025-03-09T22:01:19.441+0000] {spark_submit.py:641} INFO - 25/03/09 22:01:19 WARN TaskSchedulerImpl: Initial job has not accepted any resources; check your cluster UI to ensure that workers are registered and have sufficient resources
[2025-03-09T22:01:34.437+0000] {spark_submit.py:641} INFO - 25/03/09 22:01:34 WARN TaskSchedulerImpl: Initial job has not accepted any resources; check your cluster UI to ensure that workers are registered and have sufficient resources
[2025-03-09T22:01:49.442+0000] {spark_submit.py:641} INFO - 25/03/09 22:01:49 WARN TaskSchedulerImpl: Initial job has not accepted any resources; check your cluster UI to ensure that workers are registered and have sufficient resources
[2025-03-09T22:02:04.438+0000] {spark_submit.py:641} INFO - 25/03/09 22:02:04 WARN TaskSchedulerImpl: Initial job has not accepted any resources; check your cluster UI to ensure that workers are registered and have sufficient resources
[2025-03-09T22:02:19.445+0000] {spark_submit.py:641} INFO - 25/03/09 22:02:19 WARN TaskSchedulerImpl: Initial job has not accepted any resources; check your cluster UI to ensure that workers are registered and have sufficient resources
[2025-03-09T22:02:34.447+0000] {spark_submit.py:641} INFO - 25/03/09 22:02:34 WARN TaskSchedulerImpl: Initial job has not accepted any resources; check your cluster UI to ensure that workers are registered and have sufficient resources
[2025-03-09T22:02:49.443+0000] {spark_submit.py:641} INFO - 25/03/09 22:02:49 WARN TaskSchedulerImpl: Initial job has not accepted any resources; check your cluster UI to ensure that workers are registered and have sufficient resources
[2025-03-09T22:03:04.436+0000] {spark_submit.py:641} INFO - 25/03/09 22:03:04 WARN TaskSchedulerImpl: Initial job has not accepted any resources; check your cluster UI to ensure that workers are registered and have sufficient resources
[2025-03-09T22:03:19.453+0000] {spark_submit.py:641} INFO - 25/03/09 22:03:19 WARN TaskSchedulerImpl: Initial job has not accepted any resources; check your cluster UI to ensure that workers are registered and have sufficient resources
[2025-03-09T22:03:34.438+0000] {spark_submit.py:641} INFO - 25/03/09 22:03:34 WARN TaskSchedulerImpl: Initial job has not accepted any resources; check your cluster UI to ensure that workers are registered and have sufficient resources
[2025-03-09T22:03:49.456+0000] {spark_submit.py:641} INFO - 25/03/09 22:03:49 WARN TaskSchedulerImpl: Initial job has not accepted any resources; check your cluster UI to ensure that workers are registered and have sufficient resources
[2025-03-09T22:04:04.436+0000] {spark_submit.py:641} INFO - 25/03/09 22:04:04 WARN TaskSchedulerImpl: Initial job has not accepted any resources; check your cluster UI to ensure that workers are registered and have sufficient resources
[2025-03-09T22:04:19.437+0000] {spark_submit.py:641} INFO - 25/03/09 22:04:19 WARN TaskSchedulerImpl: Initial job has not accepted any resources; check your cluster UI to ensure that workers are registered and have sufficient resources
[2025-03-09T22:04:34.451+0000] {spark_submit.py:641} INFO - 25/03/09 22:04:34 WARN TaskSchedulerImpl: Initial job has not accepted any resources; check your cluster UI to ensure that workers are registered and have sufficient resources
[2025-03-09T22:04:49.466+0000] {spark_submit.py:641} INFO - 25/03/09 22:04:49 WARN TaskSchedulerImpl: Initial job has not accepted any resources; check your cluster UI to ensure that workers are registered and have sufficient resources
[2025-03-09T22:05:04.438+0000] {spark_submit.py:641} INFO - 25/03/09 22:05:04 WARN TaskSchedulerImpl: Initial job has not accepted any resources; check your cluster UI to ensure that workers are registered and have sufficient resources
[2025-03-09T22:05:19.457+0000] {spark_submit.py:641} INFO - 25/03/09 22:05:19 WARN TaskSchedulerImpl: Initial job has not accepted any resources; check your cluster UI to ensure that workers are registered and have sufficient resources
[2025-03-09T22:05:34.436+0000] {spark_submit.py:641} INFO - 25/03/09 22:05:34 WARN TaskSchedulerImpl: Initial job has not accepted any resources; check your cluster UI to ensure that workers are registered and have sufficient resources
[2025-03-09T22:05:49.448+0000] {spark_submit.py:641} INFO - 25/03/09 22:05:49 WARN TaskSchedulerImpl: Initial job has not accepted any resources; check your cluster UI to ensure that workers are registered and have sufficient resources
[2025-03-09T22:06:04.438+0000] {spark_submit.py:641} INFO - 25/03/09 22:06:04 WARN TaskSchedulerImpl: Initial job has not accepted any resources; check your cluster UI to ensure that workers are registered and have sufficient resources
[2025-03-09T22:06:19.477+0000] {spark_submit.py:641} INFO - 25/03/09 22:06:19 WARN TaskSchedulerImpl: Initial job has not accepted any resources; check your cluster UI to ensure that workers are registered and have sufficient resources
[2025-03-09T22:06:34.449+0000] {spark_submit.py:641} INFO - 25/03/09 22:06:34 WARN TaskSchedulerImpl: Initial job has not accepted any resources; check your cluster UI to ensure that workers are registered and have sufficient resources
[2025-03-09T22:06:49.450+0000] {spark_submit.py:641} INFO - 25/03/09 22:06:49 WARN TaskSchedulerImpl: Initial job has not accepted any resources; check your cluster UI to ensure that workers are registered and have sufficient resources
[2025-03-09T22:07:04.448+0000] {spark_submit.py:641} INFO - 25/03/09 22:07:04 WARN TaskSchedulerImpl: Initial job has not accepted any resources; check your cluster UI to ensure that workers are registered and have sufficient resources
[2025-03-09T22:07:19.453+0000] {spark_submit.py:641} INFO - 25/03/09 22:07:19 WARN TaskSchedulerImpl: Initial job has not accepted any resources; check your cluster UI to ensure that workers are registered and have sufficient resources
[2025-03-09T22:07:34.454+0000] {spark_submit.py:641} INFO - 25/03/09 22:07:34 WARN TaskSchedulerImpl: Initial job has not accepted any resources; check your cluster UI to ensure that workers are registered and have sufficient resources
[2025-03-09T22:07:49.453+0000] {spark_submit.py:641} INFO - 25/03/09 22:07:49 WARN TaskSchedulerImpl: Initial job has not accepted any resources; check your cluster UI to ensure that workers are registered and have sufficient resources
[2025-03-09T22:08:04.443+0000] {spark_submit.py:641} INFO - 25/03/09 22:08:04 WARN TaskSchedulerImpl: Initial job has not accepted any resources; check your cluster UI to ensure that workers are registered and have sufficient resources
[2025-03-09T22:08:19.453+0000] {spark_submit.py:641} INFO - 25/03/09 22:08:19 WARN TaskSchedulerImpl: Initial job has not accepted any resources; check your cluster UI to ensure that workers are registered and have sufficient resources
[2025-03-09T22:08:34.434+0000] {spark_submit.py:641} INFO - 25/03/09 22:08:34 WARN TaskSchedulerImpl: Initial job has not accepted any resources; check your cluster UI to ensure that workers are registered and have sufficient resources
[2025-03-09T22:08:49.458+0000] {spark_submit.py:641} INFO - 25/03/09 22:08:49 WARN TaskSchedulerImpl: Initial job has not accepted any resources; check your cluster UI to ensure that workers are registered and have sufficient resources
[2025-03-09T22:09:04.447+0000] {spark_submit.py:641} INFO - 25/03/09 22:09:04 WARN TaskSchedulerImpl: Initial job has not accepted any resources; check your cluster UI to ensure that workers are registered and have sufficient resources
[2025-03-09T22:09:19.452+0000] {spark_submit.py:641} INFO - 25/03/09 22:09:19 WARN TaskSchedulerImpl: Initial job has not accepted any resources; check your cluster UI to ensure that workers are registered and have sufficient resources
[2025-03-09T22:09:34.464+0000] {spark_submit.py:641} INFO - 25/03/09 22:09:34 WARN TaskSchedulerImpl: Initial job has not accepted any resources; check your cluster UI to ensure that workers are registered and have sufficient resources
[2025-03-09T22:09:49.467+0000] {spark_submit.py:641} INFO - 25/03/09 22:09:49 WARN TaskSchedulerImpl: Initial job has not accepted any resources; check your cluster UI to ensure that workers are registered and have sufficient resources
[2025-03-09T22:10:04.459+0000] {spark_submit.py:641} INFO - 25/03/09 22:10:04 WARN TaskSchedulerImpl: Initial job has not accepted any resources; check your cluster UI to ensure that workers are registered and have sufficient resources
[2025-03-09T22:10:19.451+0000] {spark_submit.py:641} INFO - 25/03/09 22:10:19 WARN TaskSchedulerImpl: Initial job has not accepted any resources; check your cluster UI to ensure that workers are registered and have sufficient resources
[2025-03-09T22:10:34.434+0000] {spark_submit.py:641} INFO - 25/03/09 22:10:34 WARN TaskSchedulerImpl: Initial job has not accepted any resources; check your cluster UI to ensure that workers are registered and have sufficient resources
[2025-03-09T22:10:49.459+0000] {spark_submit.py:641} INFO - 25/03/09 22:10:49 WARN TaskSchedulerImpl: Initial job has not accepted any resources; check your cluster UI to ensure that workers are registered and have sufficient resources
[2025-03-09T22:11:04.434+0000] {spark_submit.py:641} INFO - 25/03/09 22:11:04 WARN TaskSchedulerImpl: Initial job has not accepted any resources; check your cluster UI to ensure that workers are registered and have sufficient resources
[2025-03-09T22:11:19.453+0000] {spark_submit.py:641} INFO - 25/03/09 22:11:19 WARN TaskSchedulerImpl: Initial job has not accepted any resources; check your cluster UI to ensure that workers are registered and have sufficient resources
[2025-03-09T22:11:34.444+0000] {spark_submit.py:641} INFO - 25/03/09 22:11:34 WARN TaskSchedulerImpl: Initial job has not accepted any resources; check your cluster UI to ensure that workers are registered and have sufficient resources
[2025-03-09T22:11:49.450+0000] {spark_submit.py:641} INFO - 25/03/09 22:11:49 WARN TaskSchedulerImpl: Initial job has not accepted any resources; check your cluster UI to ensure that workers are registered and have sufficient resources
[2025-03-09T22:12:04.439+0000] {spark_submit.py:641} INFO - 25/03/09 22:12:04 WARN TaskSchedulerImpl: Initial job has not accepted any resources; check your cluster UI to ensure that workers are registered and have sufficient resources
[2025-03-09T22:12:19.463+0000] {spark_submit.py:641} INFO - 25/03/09 22:12:19 WARN TaskSchedulerImpl: Initial job has not accepted any resources; check your cluster UI to ensure that workers are registered and have sufficient resources
[2025-03-09T22:12:34.450+0000] {spark_submit.py:641} INFO - 25/03/09 22:12:34 WARN TaskSchedulerImpl: Initial job has not accepted any resources; check your cluster UI to ensure that workers are registered and have sufficient resources
[2025-03-09T22:12:49.566+0000] {spark_submit.py:641} INFO - 25/03/09 22:12:49 WARN TaskSchedulerImpl: Initial job has not accepted any resources; check your cluster UI to ensure that workers are registered and have sufficient resources
[2025-03-09T22:13:04.524+0000] {spark_submit.py:641} INFO - 25/03/09 22:13:04 WARN TaskSchedulerImpl: Initial job has not accepted any resources; check your cluster UI to ensure that workers are registered and have sufficient resources
[2025-03-09T22:13:17.271+0000] {job.py:229} INFO - Heartbeat recovered after 17.87 seconds
[2025-03-09T22:13:19.502+0000] {spark_submit.py:641} INFO - 25/03/09 22:13:19 WARN TaskSchedulerImpl: Initial job has not accepted any resources; check your cluster UI to ensure that workers are registered and have sufficient resources
[2025-03-09T22:13:34.462+0000] {spark_submit.py:641} INFO - 25/03/09 22:13:34 WARN TaskSchedulerImpl: Initial job has not accepted any resources; check your cluster UI to ensure that workers are registered and have sufficient resources
[2025-03-09T22:13:49.455+0000] {spark_submit.py:641} INFO - 25/03/09 22:13:49 WARN TaskSchedulerImpl: Initial job has not accepted any resources; check your cluster UI to ensure that workers are registered and have sufficient resources
[2025-03-09T22:14:05.135+0000] {spark_submit.py:641} INFO - 25/03/09 22:14:04 WARN TaskSchedulerImpl: Initial job has not accepted any resources; check your cluster UI to ensure that workers are registered and have sufficient resources
[2025-03-09T22:14:13.921+0000] {job.py:229} INFO - Heartbeat recovered after 16.71 seconds
[2025-03-09T22:14:19.856+0000] {spark_submit.py:641} INFO - 25/03/09 22:14:19 WARN TaskSchedulerImpl: Initial job has not accepted any resources; check your cluster UI to ensure that workers are registered and have sufficient resources
[2025-03-09T22:14:42.763+0000] {spark_submit.py:641} INFO - 25/03/09 22:14:40 WARN TaskSchedulerImpl: Initial job has not accepted any resources; check your cluster UI to ensure that workers are registered and have sufficient resources
[2025-03-09T22:15:02.606+0000] {spark_submit.py:641} INFO - 25/03/09 22:14:55 WARN TaskSchedulerImpl: Initial job has not accepted any resources; check your cluster UI to ensure that workers are registered and have sufficient resources
[2025-03-09T22:15:06.744+0000] {spark_submit.py:641} INFO - 25/03/09 22:15:05 WARN TaskSchedulerImpl: Initial job has not accepted any resources; check your cluster UI to ensure that workers are registered and have sufficient resources
[2025-03-09T22:15:21.986+0000] {spark_submit.py:641} INFO - 25/03/09 22:15:19 WARN TaskSchedulerImpl: Initial job has not accepted any resources; check your cluster UI to ensure that workers are registered and have sufficient resources
[2025-03-09T22:16:14.107+0000] {spark_submit.py:641} INFO - 25/03/09 22:15:36 WARN TaskSchedulerImpl: Initial job has not accepted any resources; check your cluster UI to ensure that workers are registered and have sufficient resources
[2025-03-09T22:16:38.196+0000] {spark_submit.py:641} INFO - 25/03/09 22:15:53 WARN TaskSchedulerImpl: Initial job has not accepted any resources; check your cluster UI to ensure that workers are registered and have sufficient resources
[2025-03-09T22:17:13.324+0000] {spark_submit.py:641} INFO - 25/03/09 22:16:08 WARN TaskSchedulerImpl: Initial job has not accepted any resources; check your cluster UI to ensure that workers are registered and have sufficient resources
[2025-03-09T22:17:16.926+0000] {spark_submit.py:641} INFO - 25/03/09 22:16:22 WARN TaskSchedulerImpl: Initial job has not accepted any resources; check your cluster UI to ensure that workers are registered and have sufficient resources
[2025-03-09T22:17:17.041+0000] {spark_submit.py:641} INFO - 25/03/09 22:16:37 WARN TaskSchedulerImpl: Initial job has not accepted any resources; check your cluster UI to ensure that workers are registered and have sufficient resources
[2025-03-09T22:17:17.041+0000] {spark_submit.py:641} INFO - 25/03/09 22:16:54 WARN TaskSchedulerImpl: Initial job has not accepted any resources; check your cluster UI to ensure that workers are registered and have sufficient resources
[2025-03-09T22:17:17.042+0000] {spark_submit.py:641} INFO - 25/03/09 22:17:09 WARN TaskSchedulerImpl: Initial job has not accepted any resources; check your cluster UI to ensure that workers are registered and have sufficient resources
[2025-03-09T22:17:17.145+0000] {spark_submit.py:641} INFO - 25/03/09 22:17:17 INFO AsyncEventQueue: Process of event SparkListenerExecutorMetricsUpdate(driver,WrappedArray(),Map((-1,-1) -> org.apache.spark.executor.ExecutorMetrics@7c81ea73)) by listener AppStatusListener took 3.041963995s.
[2025-03-09T22:17:19.563+0000] {spark_submit.py:641} INFO - 25/03/09 22:17:19 WARN TaskSchedulerImpl: Initial job has not accepted any resources; check your cluster UI to ensure that workers are registered and have sufficient resources
[2025-03-09T22:17:22.384+0000] {job.py:229} INFO - Heartbeat recovered after 189.08 seconds
[2025-03-09T22:17:34.430+0000] {spark_submit.py:641} INFO - 25/03/09 22:17:34 WARN TaskSchedulerImpl: Initial job has not accepted any resources; check your cluster UI to ensure that workers are registered and have sufficient resources
[2025-03-09T22:17:49.430+0000] {spark_submit.py:641} INFO - 25/03/09 22:17:49 WARN TaskSchedulerImpl: Initial job has not accepted any resources; check your cluster UI to ensure that workers are registered and have sufficient resources
[2025-03-09T22:18:04.430+0000] {spark_submit.py:641} INFO - 25/03/09 22:18:04 WARN TaskSchedulerImpl: Initial job has not accepted any resources; check your cluster UI to ensure that workers are registered and have sufficient resources
[2025-03-09T22:18:19.430+0000] {spark_submit.py:641} INFO - 25/03/09 22:18:19 WARN TaskSchedulerImpl: Initial job has not accepted any resources; check your cluster UI to ensure that workers are registered and have sufficient resources
[2025-03-09T22:18:34.430+0000] {spark_submit.py:641} INFO - 25/03/09 22:18:34 WARN TaskSchedulerImpl: Initial job has not accepted any resources; check your cluster UI to ensure that workers are registered and have sufficient resources
[2025-03-09T22:18:49.430+0000] {spark_submit.py:641} INFO - 25/03/09 22:18:49 WARN TaskSchedulerImpl: Initial job has not accepted any resources; check your cluster UI to ensure that workers are registered and have sufficient resources
[2025-03-09T22:19:04.430+0000] {spark_submit.py:641} INFO - 25/03/09 22:19:04 WARN TaskSchedulerImpl: Initial job has not accepted any resources; check your cluster UI to ensure that workers are registered and have sufficient resources
[2025-03-09T22:19:19.430+0000] {spark_submit.py:641} INFO - 25/03/09 22:19:19 WARN TaskSchedulerImpl: Initial job has not accepted any resources; check your cluster UI to ensure that workers are registered and have sufficient resources
[2025-03-09T22:19:34.438+0000] {spark_submit.py:641} INFO - 25/03/09 22:19:34 WARN TaskSchedulerImpl: Initial job has not accepted any resources; check your cluster UI to ensure that workers are registered and have sufficient resources
[2025-03-09T22:19:49.436+0000] {spark_submit.py:641} INFO - 25/03/09 22:19:49 WARN TaskSchedulerImpl: Initial job has not accepted any resources; check your cluster UI to ensure that workers are registered and have sufficient resources
[2025-03-09T22:20:04.452+0000] {spark_submit.py:641} INFO - 25/03/09 22:20:04 WARN TaskSchedulerImpl: Initial job has not accepted any resources; check your cluster UI to ensure that workers are registered and have sufficient resources
[2025-03-09T22:20:09.257+0000] {local_task_job_runner.py:346} WARNING - State of this instance has been externally set to failed. Terminating instance.
[2025-03-09T22:20:09.261+0000] {local_task_job_runner.py:245} INFO - ::endgroup::
[2025-03-09T22:20:09.267+0000] {process_utils.py:132} INFO - Sending 15 to group 190. PIDs of all processes in the group: [192, 250, 190]
[2025-03-09T22:20:09.269+0000] {process_utils.py:87} INFO - Sending the signal 15 to group 190
[2025-03-09T22:20:09.272+0000] {taskinstance.py:3093} ERROR - Received SIGTERM. Terminating subprocesses.
[2025-03-09T22:20:09.278+0000] {process_utils.py:80} INFO - Process psutil.Process(pid=250, status='terminated', started='21:50:06') (250) terminated with exit code None
[2025-03-09T22:20:09.278+0000] {spark_submit.py:767} INFO - Sending kill signal to spark-submit
[2025-03-09T22:20:09.547+0000] {taskinstance.py:340} INFO - ::group::Post task execution logs
[2025-03-09T22:20:09.586+0000] {process_utils.py:80} INFO - Process psutil.Process(pid=192, status='terminated', started='21:50:01') (192) terminated with exit code None
[2025-03-09T22:20:09.586+0000] {process_utils.py:80} INFO - Process psutil.Process(pid=190, status='terminated', exitcode=0, started='21:50:01') (190) terminated with exit code 0
