[2025-03-09T23:51:19.279+0000] {local_task_job_runner.py:123} INFO - ::group::Pre task execution logs
[2025-03-09T23:51:19.306+0000] {taskinstance.py:2613} INFO - Dependencies all met for dep_context=non-requeueable deps ti=<TaskInstance: spark_gcs_job.submit_spark_gcs_job manual__2025-03-09T23:30:30.057279+00:00 [queued]>
[2025-03-09T23:51:19.322+0000] {taskinstance.py:2613} INFO - Dependencies all met for dep_context=requeueable deps ti=<TaskInstance: spark_gcs_job.submit_spark_gcs_job manual__2025-03-09T23:30:30.057279+00:00 [queued]>
[2025-03-09T23:51:19.322+0000] {taskinstance.py:2866} INFO - Starting attempt 3 of 2
[2025-03-09T23:51:19.343+0000] {taskinstance.py:2889} INFO - Executing <Task(SparkSubmitOperator): submit_spark_gcs_job> on 2025-03-09 23:30:30.057279+00:00
[2025-03-09T23:51:19.354+0000] {logging_mixin.py:190} WARNING - /home/***/.local/lib/python3.12/site-packages/***/task/task_runner/standard_task_runner.py:70 DeprecationWarning: This process (pid=173) is multi-threaded, use of fork() may lead to deadlocks in the child.
[2025-03-09T23:51:19.355+0000] {standard_task_runner.py:72} INFO - Started process 178 to run task
[2025-03-09T23:51:19.355+0000] {standard_task_runner.py:104} INFO - Running: ['***', 'tasks', 'run', 'spark_gcs_job', 'submit_spark_gcs_job', 'manual__2025-03-09T23:30:30.057279+00:00', '--job-id', '432', '--raw', '--subdir', 'DAGS_FOLDER/gcs_conn_test.py', '--cfg-path', '/tmp/tmp9e4xmybf']
[2025-03-09T23:51:19.357+0000] {standard_task_runner.py:105} INFO - Job 432: Subtask submit_spark_gcs_job
[2025-03-09T23:51:19.423+0000] {task_command.py:467} INFO - Running <TaskInstance: spark_gcs_job.submit_spark_gcs_job manual__2025-03-09T23:30:30.057279+00:00 [running]> on host 27f453beda85
[2025-03-09T23:51:19.554+0000] {taskinstance.py:3132} INFO - Exporting env vars: AIRFLOW_CTX_DAG_OWNER='***' AIRFLOW_CTX_DAG_ID='spark_gcs_job' AIRFLOW_CTX_TASK_ID='submit_spark_gcs_job' AIRFLOW_CTX_EXECUTION_DATE='2025-03-09T23:30:30.057279+00:00' AIRFLOW_CTX_TRY_NUMBER='3' AIRFLOW_CTX_DAG_RUN_ID='manual__2025-03-09T23:30:30.057279+00:00'
[2025-03-09T23:51:19.554+0000] {taskinstance.py:731} INFO - ::endgroup::
[2025-03-09T23:51:19.595+0000] {base.py:84} INFO - Retrieving connection 'spark_default'
[2025-03-09T23:51:19.596+0000] {spark_submit.py:474} INFO - Spark-Submit cmd: spark-submit --master spark://spark:7077 --conf spark.master=spark://spark:7077 --conf spark.executor.memory=2g --conf spark.executor.cores=1 --conf spark.executor.instances=2 --conf spark.hadoop.fs.gs.impl=com.google.cloud.hadoop.fs.gcs.GoogleHadoopFileSystem --conf spark.hadoop.fs.gs.auth.service.account.enable=true --conf spark.hadoop.fs.gs.auth.service.account.json.keyfile=/opt/***/keys/first-key.json --jars /opt/***/jars/gcs-connector-hadoop3-2.2.0.jar --name arrow-spark --verbose --deploy-mode client /opt/***/jobs/gcc_test_job.py
[2025-03-09T23:51:19.658+0000] {spark_submit.py:641} INFO - /home/***/.local/lib/python3.12/site-packages/pyspark/bin/load-spark-env.sh: line 68: ps: command not found
[2025-03-09T23:51:22.704+0000] {spark_submit.py:641} INFO - Using properties file: null
[2025-03-09T23:51:22.846+0000] {spark_submit.py:641} INFO - Parsed arguments:
[2025-03-09T23:51:22.847+0000] {spark_submit.py:641} INFO - master                  spark://spark:7077
[2025-03-09T23:51:22.847+0000] {spark_submit.py:641} INFO - remote                  null
[2025-03-09T23:51:22.847+0000] {spark_submit.py:641} INFO - deployMode              client
[2025-03-09T23:51:22.847+0000] {spark_submit.py:641} INFO - executorMemory          2g
[2025-03-09T23:51:22.848+0000] {spark_submit.py:641} INFO - executorCores           1
[2025-03-09T23:51:22.848+0000] {spark_submit.py:641} INFO - totalExecutorCores      null
[2025-03-09T23:51:22.848+0000] {spark_submit.py:641} INFO - propertiesFile          null
[2025-03-09T23:51:22.848+0000] {spark_submit.py:641} INFO - driverMemory            null
[2025-03-09T23:51:22.848+0000] {spark_submit.py:641} INFO - driverCores             null
[2025-03-09T23:51:22.849+0000] {spark_submit.py:641} INFO - driverExtraClassPath    null
[2025-03-09T23:51:22.850+0000] {spark_submit.py:641} INFO - driverExtraLibraryPath  null
[2025-03-09T23:51:22.850+0000] {spark_submit.py:641} INFO - driverExtraJavaOptions  null
[2025-03-09T23:51:22.851+0000] {spark_submit.py:641} INFO - supervise               false
[2025-03-09T23:51:22.851+0000] {spark_submit.py:641} INFO - queue                   null
[2025-03-09T23:51:22.851+0000] {spark_submit.py:641} INFO - numExecutors            2
[2025-03-09T23:51:22.851+0000] {spark_submit.py:641} INFO - files                   null
[2025-03-09T23:51:22.852+0000] {spark_submit.py:641} INFO - pyFiles                 null
[2025-03-09T23:51:22.852+0000] {spark_submit.py:641} INFO - archives                null
[2025-03-09T23:51:22.852+0000] {spark_submit.py:641} INFO - mainClass               null
[2025-03-09T23:51:22.852+0000] {spark_submit.py:641} INFO - primaryResource         file:/opt/***/jobs/gcc_test_job.py
[2025-03-09T23:51:22.852+0000] {spark_submit.py:641} INFO - name                    arrow-spark
[2025-03-09T23:51:22.853+0000] {spark_submit.py:641} INFO - childArgs               []
[2025-03-09T23:51:22.853+0000] {spark_submit.py:641} INFO - jars                    file:/opt/***/jars/gcs-connector-hadoop3-2.2.0.jar
[2025-03-09T23:51:22.853+0000] {spark_submit.py:641} INFO - packages                null
[2025-03-09T23:51:22.853+0000] {spark_submit.py:641} INFO - packagesExclusions      null
[2025-03-09T23:51:22.853+0000] {spark_submit.py:641} INFO - repositories            null
[2025-03-09T23:51:22.853+0000] {spark_submit.py:641} INFO - verbose                 true
[2025-03-09T23:51:22.854+0000] {spark_submit.py:641} INFO - 
[2025-03-09T23:51:22.854+0000] {spark_submit.py:641} INFO - Spark properties used, including those specified through
[2025-03-09T23:51:22.854+0000] {spark_submit.py:641} INFO - --conf and those from the properties file null:
[2025-03-09T23:51:22.854+0000] {spark_submit.py:641} INFO - (spark.executor.cores,1)
[2025-03-09T23:51:22.854+0000] {spark_submit.py:641} INFO - (spark.executor.instances,2)
[2025-03-09T23:51:22.854+0000] {spark_submit.py:641} INFO - (spark.executor.memory,2g)
[2025-03-09T23:51:22.854+0000] {spark_submit.py:641} INFO - (spark.hadoop.fs.gs.auth.service.account.enable,true)
[2025-03-09T23:51:22.855+0000] {spark_submit.py:641} INFO - (spark.hadoop.fs.gs.auth.service.account.json.keyfile,/opt/***/keys/first-key.json)
[2025-03-09T23:51:22.855+0000] {spark_submit.py:641} INFO - (spark.hadoop.fs.gs.impl,com.google.cloud.hadoop.fs.gcs.GoogleHadoopFileSystem)
[2025-03-09T23:51:22.855+0000] {spark_submit.py:641} INFO - (spark.master,spark://spark:7077)
[2025-03-09T23:51:22.855+0000] {spark_submit.py:641} INFO - 
[2025-03-09T23:51:22.855+0000] {spark_submit.py:641} INFO - 
[2025-03-09T23:51:23.588+0000] {spark_submit.py:641} INFO - 25/03/09 23:51:23 WARN NativeCodeLoader: Unable to load native-hadoop library for your platform... using builtin-java classes where applicable
[2025-03-09T23:51:23.921+0000] {spark_submit.py:641} INFO - Main class:
[2025-03-09T23:51:23.921+0000] {spark_submit.py:641} INFO - org.apache.spark.deploy.PythonRunner
[2025-03-09T23:51:23.921+0000] {spark_submit.py:641} INFO - Arguments:
[2025-03-09T23:51:23.922+0000] {spark_submit.py:641} INFO - file:/opt/***/jobs/gcc_test_job.py
[2025-03-09T23:51:23.922+0000] {spark_submit.py:641} INFO - null
[2025-03-09T23:51:23.923+0000] {spark_submit.py:641} INFO - Spark config:
[2025-03-09T23:51:23.923+0000] {spark_submit.py:641} INFO - (spark.app.name,arrow-spark)
[2025-03-09T23:51:23.924+0000] {spark_submit.py:641} INFO - (spark.app.submitTime,1741564283907)
[2025-03-09T23:51:23.924+0000] {spark_submit.py:641} INFO - (spark.executor.cores,1)
[2025-03-09T23:51:23.924+0000] {spark_submit.py:641} INFO - (spark.executor.instances,2)
[2025-03-09T23:51:23.924+0000] {spark_submit.py:641} INFO - (spark.executor.memory,2g)
[2025-03-09T23:51:23.924+0000] {spark_submit.py:641} INFO - (spark.hadoop.fs.gs.auth.service.account.enable,true)
[2025-03-09T23:51:23.924+0000] {spark_submit.py:641} INFO - (spark.hadoop.fs.gs.auth.service.account.json.keyfile,/opt/***/keys/first-key.json)
[2025-03-09T23:51:23.924+0000] {spark_submit.py:641} INFO - (spark.hadoop.fs.gs.impl,com.google.cloud.hadoop.fs.gcs.GoogleHadoopFileSystem)
[2025-03-09T23:51:23.924+0000] {spark_submit.py:641} INFO - (spark.jars,file:///opt/***/jars/gcs-connector-hadoop3-2.2.0.jar)
[2025-03-09T23:51:23.924+0000] {spark_submit.py:641} INFO - (spark.master,spark://spark:7077)
[2025-03-09T23:51:23.924+0000] {spark_submit.py:641} INFO - (spark.repl.local.jars,file:///opt/***/jars/gcs-connector-hadoop3-2.2.0.jar)
[2025-03-09T23:51:23.925+0000] {spark_submit.py:641} INFO - (spark.submit.deployMode,client)
[2025-03-09T23:51:23.925+0000] {spark_submit.py:641} INFO - (spark.submit.pyFiles,)
[2025-03-09T23:51:23.927+0000] {spark_submit.py:641} INFO - Classpath elements:
[2025-03-09T23:51:23.927+0000] {spark_submit.py:641} INFO - file:///opt/***/jars/gcs-connector-hadoop3-2.2.0.jar
[2025-03-09T23:51:23.927+0000] {spark_submit.py:641} INFO - 
[2025-03-09T23:51:23.927+0000] {spark_submit.py:641} INFO - 
[2025-03-09T23:51:25.281+0000] {spark_submit.py:641} INFO - 25/03/09 23:51:25 INFO SparkContext: Running Spark version 3.5.5
[2025-03-09T23:51:25.282+0000] {spark_submit.py:641} INFO - 25/03/09 23:51:25 INFO SparkContext: OS info Linux, 5.15.167.4-microsoft-standard-WSL2, amd64
[2025-03-09T23:51:25.283+0000] {spark_submit.py:641} INFO - 25/03/09 23:51:25 INFO SparkContext: Java version 17.0.14
[2025-03-09T23:51:25.328+0000] {spark_submit.py:641} INFO - 25/03/09 23:51:25 INFO ResourceUtils: ==============================================================
[2025-03-09T23:51:25.328+0000] {spark_submit.py:641} INFO - 25/03/09 23:51:25 INFO ResourceUtils: No custom resources configured for spark.driver.
[2025-03-09T23:51:25.329+0000] {spark_submit.py:641} INFO - 25/03/09 23:51:25 INFO ResourceUtils: ==============================================================
[2025-03-09T23:51:25.330+0000] {spark_submit.py:641} INFO - 25/03/09 23:51:25 INFO SparkContext: Submitted application: GCSConnectorTest
[2025-03-09T23:51:25.371+0000] {spark_submit.py:641} INFO - 25/03/09 23:51:25 INFO ResourceProfile: Default ResourceProfile created, executor resources: Map(cores -> name: cores, amount: 1, script: , vendor: , memory -> name: memory, amount: 2048, script: , vendor: , offHeap -> name: offHeap, amount: 0, script: , vendor: ), task resources: Map(cpus -> name: cpus, amount: 1.0)
[2025-03-09T23:51:25.385+0000] {spark_submit.py:641} INFO - 25/03/09 23:51:25 INFO ResourceProfile: Limiting resource is cpus at 1 tasks per executor
[2025-03-09T23:51:25.390+0000] {spark_submit.py:641} INFO - 25/03/09 23:51:25 INFO ResourceProfileManager: Added ResourceProfile id: 0
[2025-03-09T23:51:25.542+0000] {spark_submit.py:641} INFO - 25/03/09 23:51:25 INFO SecurityManager: Changing view acls to: ***
[2025-03-09T23:51:25.542+0000] {spark_submit.py:641} INFO - 25/03/09 23:51:25 INFO SecurityManager: Changing modify acls to: ***
[2025-03-09T23:51:25.542+0000] {spark_submit.py:641} INFO - 25/03/09 23:51:25 INFO SecurityManager: Changing view acls groups to:
[2025-03-09T23:51:25.543+0000] {spark_submit.py:641} INFO - 25/03/09 23:51:25 INFO SecurityManager: Changing modify acls groups to:
[2025-03-09T23:51:25.544+0000] {spark_submit.py:641} INFO - 25/03/09 23:51:25 INFO SecurityManager: SecurityManager: authentication disabled; ui acls disabled; users with view permissions: ***; groups with view permissions: EMPTY; users with modify permissions: ***; groups with modify permissions: EMPTY
[2025-03-09T23:51:25.945+0000] {spark_submit.py:641} INFO - 25/03/09 23:51:25 INFO Utils: Successfully started service 'sparkDriver' on port 44965.
[2025-03-09T23:51:25.991+0000] {spark_submit.py:641} INFO - 25/03/09 23:51:25 INFO SparkEnv: Registering MapOutputTracker
[2025-03-09T23:51:26.038+0000] {spark_submit.py:641} INFO - 25/03/09 23:51:26 INFO SparkEnv: Registering BlockManagerMaster
[2025-03-09T23:51:26.067+0000] {spark_submit.py:641} INFO - 25/03/09 23:51:26 INFO BlockManagerMasterEndpoint: Using org.apache.spark.storage.DefaultTopologyMapper for getting topology information
[2025-03-09T23:51:26.068+0000] {spark_submit.py:641} INFO - 25/03/09 23:51:26 INFO BlockManagerMasterEndpoint: BlockManagerMasterEndpoint up
[2025-03-09T23:51:26.072+0000] {spark_submit.py:641} INFO - 25/03/09 23:51:26 INFO SparkEnv: Registering BlockManagerMasterHeartbeat
[2025-03-09T23:51:26.111+0000] {spark_submit.py:641} INFO - 25/03/09 23:51:26 INFO DiskBlockManager: Created local directory at /tmp/blockmgr-126c047a-9bed-4a6b-82a9-c86b5a497865
[2025-03-09T23:51:26.128+0000] {spark_submit.py:641} INFO - 25/03/09 23:51:26 INFO MemoryStore: MemoryStore started with capacity 434.4 MiB
[2025-03-09T23:51:26.144+0000] {spark_submit.py:641} INFO - 25/03/09 23:51:26 INFO SparkEnv: Registering OutputCommitCoordinator
[2025-03-09T23:51:26.341+0000] {spark_submit.py:641} INFO - 25/03/09 23:51:26 INFO JettyUtils: Start Jetty 0.0.0.0:4040 for SparkUI
[2025-03-09T23:51:26.459+0000] {spark_submit.py:641} INFO - 25/03/09 23:51:26 INFO Utils: Successfully started service 'SparkUI' on port 4040.
[2025-03-09T23:51:26.510+0000] {spark_submit.py:641} INFO - 25/03/09 23:51:26 INFO SparkContext: Added JAR file:///opt/***/jars/gcs-connector-hadoop3-2.2.0.jar at spark://27f453beda85:44965/jars/gcs-connector-hadoop3-2.2.0.jar with timestamp 1741564285260
[2025-03-09T23:51:26.640+0000] {spark_submit.py:641} INFO - 25/03/09 23:51:26 INFO StandaloneAppClient$ClientEndpoint: Connecting to master spark://spark:7077...
[2025-03-09T23:51:28.734+0000] {spark_submit.py:641} INFO - 25/03/09 23:51:28 WARN TransportClientFactory: DNS resolution failed for spark/<unresolved>:7077 took 2048 ms
[2025-03-09T23:51:28.812+0000] {spark_submit.py:641} INFO - 25/03/09 23:51:28 WARN StandaloneAppClient$ClientEndpoint: Failed to connect to master spark:7077
[2025-03-09T23:51:28.813+0000] {spark_submit.py:641} INFO - org.apache.spark.SparkException: Exception thrown in awaitResult:
[2025-03-09T23:51:28.814+0000] {spark_submit.py:641} INFO - at org.apache.spark.util.SparkThreadUtils$.awaitResult(SparkThreadUtils.scala:56)
[2025-03-09T23:51:28.814+0000] {spark_submit.py:641} INFO - at org.apache.spark.util.ThreadUtils$.awaitResult(ThreadUtils.scala:310)
[2025-03-09T23:51:28.814+0000] {spark_submit.py:641} INFO - at org.apache.spark.rpc.RpcTimeout.awaitResult(RpcTimeout.scala:75)
[2025-03-09T23:51:28.814+0000] {spark_submit.py:641} INFO - at org.apache.spark.rpc.RpcEnv.setupEndpointRefByURI(RpcEnv.scala:102)
[2025-03-09T23:51:28.814+0000] {spark_submit.py:641} INFO - at org.apache.spark.rpc.RpcEnv.setupEndpointRef(RpcEnv.scala:110)
[2025-03-09T23:51:28.814+0000] {spark_submit.py:641} INFO - at org.apache.spark.deploy.client.StandaloneAppClient$ClientEndpoint$$anon$1.run(StandaloneAppClient.scala:108)
[2025-03-09T23:51:28.815+0000] {spark_submit.py:641} INFO - at java.base/java.util.concurrent.Executors$RunnableAdapter.call(Executors.java:539)
[2025-03-09T23:51:28.815+0000] {spark_submit.py:641} INFO - at java.base/java.util.concurrent.FutureTask.run(FutureTask.java:264)
[2025-03-09T23:51:28.815+0000] {spark_submit.py:641} INFO - at java.base/java.util.concurrent.ThreadPoolExecutor.runWorker(ThreadPoolExecutor.java:1136)
[2025-03-09T23:51:28.815+0000] {spark_submit.py:641} INFO - at java.base/java.util.concurrent.ThreadPoolExecutor$Worker.run(ThreadPoolExecutor.java:635)
[2025-03-09T23:51:28.815+0000] {spark_submit.py:641} INFO - at java.base/java.lang.Thread.run(Thread.java:840)
[2025-03-09T23:51:28.815+0000] {spark_submit.py:641} INFO - Caused by: java.io.IOException: Failed to connect to spark/<unresolved>:7077
[2025-03-09T23:51:28.816+0000] {spark_submit.py:641} INFO - at org.apache.spark.network.client.TransportClientFactory.createClient(TransportClientFactory.java:294)
[2025-03-09T23:51:28.816+0000] {spark_submit.py:641} INFO - at org.apache.spark.network.client.TransportClientFactory.createClient(TransportClientFactory.java:214)
[2025-03-09T23:51:28.816+0000] {spark_submit.py:641} INFO - at org.apache.spark.network.client.TransportClientFactory.createClient(TransportClientFactory.java:226)
[2025-03-09T23:51:28.816+0000] {spark_submit.py:641} INFO - at org.apache.spark.rpc.netty.NettyRpcEnv.createClient(NettyRpcEnv.scala:204)
[2025-03-09T23:51:28.816+0000] {spark_submit.py:641} INFO - at org.apache.spark.rpc.netty.Outbox$$anon$1.call(Outbox.scala:202)
[2025-03-09T23:51:28.816+0000] {spark_submit.py:641} INFO - at org.apache.spark.rpc.netty.Outbox$$anon$1.call(Outbox.scala:198)
[2025-03-09T23:51:28.816+0000] {spark_submit.py:641} INFO - ... 4 more
[2025-03-09T23:51:28.816+0000] {spark_submit.py:641} INFO - Caused by: java.net.UnknownHostException: spark
[2025-03-09T23:51:28.816+0000] {spark_submit.py:641} INFO - at java.base/java.net.InetAddress$CachedAddresses.get(InetAddress.java:801)
[2025-03-09T23:51:28.816+0000] {spark_submit.py:641} INFO - at java.base/java.net.InetAddress.getAllByName0(InetAddress.java:1533)
[2025-03-09T23:51:28.816+0000] {spark_submit.py:641} INFO - at java.base/java.net.InetAddress.getAllByName(InetAddress.java:1385)
[2025-03-09T23:51:28.817+0000] {spark_submit.py:641} INFO - at java.base/java.net.InetAddress.getAllByName(InetAddress.java:1306)
[2025-03-09T23:51:28.817+0000] {spark_submit.py:641} INFO - at java.base/java.net.InetAddress.getByName(InetAddress.java:1256)
[2025-03-09T23:51:28.817+0000] {spark_submit.py:641} INFO - at io.netty.util.internal.SocketUtils$8.run(SocketUtils.java:156)
[2025-03-09T23:51:28.817+0000] {spark_submit.py:641} INFO - at io.netty.util.internal.SocketUtils$8.run(SocketUtils.java:153)
[2025-03-09T23:51:28.817+0000] {spark_submit.py:641} INFO - at java.base/java.security.AccessController.doPrivileged(AccessController.java:569)
[2025-03-09T23:51:28.817+0000] {spark_submit.py:641} INFO - at io.netty.util.internal.SocketUtils.addressByName(SocketUtils.java:153)
[2025-03-09T23:51:28.817+0000] {spark_submit.py:641} INFO - at io.netty.resolver.DefaultNameResolver.doResolve(DefaultNameResolver.java:41)
[2025-03-09T23:51:28.817+0000] {spark_submit.py:641} INFO - at io.netty.resolver.SimpleNameResolver.resolve(SimpleNameResolver.java:61)
[2025-03-09T23:51:28.818+0000] {spark_submit.py:641} INFO - at io.netty.resolver.SimpleNameResolver.resolve(SimpleNameResolver.java:53)
[2025-03-09T23:51:28.818+0000] {spark_submit.py:641} INFO - at io.netty.resolver.InetSocketAddressResolver.doResolve(InetSocketAddressResolver.java:55)
[2025-03-09T23:51:28.818+0000] {spark_submit.py:641} INFO - at io.netty.resolver.InetSocketAddressResolver.doResolve(InetSocketAddressResolver.java:31)
[2025-03-09T23:51:28.818+0000] {spark_submit.py:641} INFO - at io.netty.resolver.AbstractAddressResolver.resolve(AbstractAddressResolver.java:106)
[2025-03-09T23:51:28.818+0000] {spark_submit.py:641} INFO - at io.netty.bootstrap.Bootstrap.doResolveAndConnect0(Bootstrap.java:220)
[2025-03-09T23:51:28.818+0000] {spark_submit.py:641} INFO - at io.netty.bootstrap.Bootstrap.access$000(Bootstrap.java:46)
[2025-03-09T23:51:28.818+0000] {spark_submit.py:641} INFO - at io.netty.bootstrap.Bootstrap$1.operationComplete(Bootstrap.java:189)
[2025-03-09T23:51:28.819+0000] {spark_submit.py:641} INFO - at io.netty.bootstrap.Bootstrap$1.operationComplete(Bootstrap.java:175)
[2025-03-09T23:51:28.819+0000] {spark_submit.py:641} INFO - at io.netty.util.concurrent.DefaultPromise.notifyListener0(DefaultPromise.java:590)
[2025-03-09T23:51:28.819+0000] {spark_submit.py:641} INFO - at io.netty.util.concurrent.DefaultPromise.notifyListenersNow(DefaultPromise.java:557)
[2025-03-09T23:51:28.819+0000] {spark_submit.py:641} INFO - at io.netty.util.concurrent.DefaultPromise.notifyListeners(DefaultPromise.java:492)
[2025-03-09T23:51:28.820+0000] {spark_submit.py:641} INFO - at io.netty.util.concurrent.DefaultPromise.setValue0(DefaultPromise.java:636)
[2025-03-09T23:51:28.820+0000] {spark_submit.py:641} INFO - at io.netty.util.concurrent.DefaultPromise.setSuccess0(DefaultPromise.java:625)
[2025-03-09T23:51:28.820+0000] {spark_submit.py:641} INFO - at io.netty.util.concurrent.DefaultPromise.trySuccess(DefaultPromise.java:105)
[2025-03-09T23:51:28.821+0000] {spark_submit.py:641} INFO - at io.netty.channel.DefaultChannelPromise.trySuccess(DefaultChannelPromise.java:84)
[2025-03-09T23:51:28.821+0000] {spark_submit.py:641} INFO - at io.netty.channel.AbstractChannel$AbstractUnsafe.safeSetSuccess(AbstractChannel.java:990)
[2025-03-09T23:51:28.821+0000] {spark_submit.py:641} INFO - at io.netty.channel.AbstractChannel$AbstractUnsafe.register0(AbstractChannel.java:516)
[2025-03-09T23:51:28.821+0000] {spark_submit.py:641} INFO - at io.netty.channel.AbstractChannel$AbstractUnsafe.access$200(AbstractChannel.java:429)
[2025-03-09T23:51:28.821+0000] {spark_submit.py:641} INFO - at io.netty.channel.AbstractChannel$AbstractUnsafe$1.run(AbstractChannel.java:486)
[2025-03-09T23:51:28.821+0000] {spark_submit.py:641} INFO - at io.netty.util.concurrent.AbstractEventExecutor.runTask(AbstractEventExecutor.java:174)
[2025-03-09T23:51:28.821+0000] {spark_submit.py:641} INFO - at io.netty.util.concurrent.AbstractEventExecutor.safeExecute(AbstractEventExecutor.java:167)
[2025-03-09T23:51:28.822+0000] {spark_submit.py:641} INFO - at io.netty.util.concurrent.SingleThreadEventExecutor.runAllTasks(SingleThreadEventExecutor.java:470)
[2025-03-09T23:51:28.822+0000] {spark_submit.py:641} INFO - at io.netty.channel.nio.NioEventLoop.run(NioEventLoop.java:569)
[2025-03-09T23:51:28.822+0000] {spark_submit.py:641} INFO - at io.netty.util.concurrent.SingleThreadEventExecutor$4.run(SingleThreadEventExecutor.java:997)
[2025-03-09T23:51:28.822+0000] {spark_submit.py:641} INFO - at io.netty.util.internal.ThreadExecutorMap$2.run(ThreadExecutorMap.java:74)
[2025-03-09T23:51:28.822+0000] {spark_submit.py:641} INFO - at io.netty.util.concurrent.FastThreadLocalRunnable.run(FastThreadLocalRunnable.java:30)
[2025-03-09T23:51:28.822+0000] {spark_submit.py:641} INFO - ... 1 more
[2025-03-09T23:51:46.637+0000] {spark_submit.py:641} INFO - 25/03/09 23:51:46 INFO StandaloneAppClient$ClientEndpoint: Connecting to master spark://spark:7077...
[2025-03-09T23:51:48.684+0000] {spark_submit.py:641} INFO - 25/03/09 23:51:48 WARN TransportClientFactory: DNS resolution failed for spark/<unresolved>:7077 took 2043 ms
[2025-03-09T23:51:48.686+0000] {spark_submit.py:641} INFO - 25/03/09 23:51:48 WARN StandaloneAppClient$ClientEndpoint: Failed to connect to master spark:7077
[2025-03-09T23:51:48.687+0000] {spark_submit.py:641} INFO - org.apache.spark.SparkException: Exception thrown in awaitResult:
[2025-03-09T23:51:48.687+0000] {spark_submit.py:641} INFO - at org.apache.spark.util.SparkThreadUtils$.awaitResult(SparkThreadUtils.scala:56)
[2025-03-09T23:51:48.688+0000] {spark_submit.py:641} INFO - at org.apache.spark.util.ThreadUtils$.awaitResult(ThreadUtils.scala:310)
[2025-03-09T23:51:48.688+0000] {spark_submit.py:641} INFO - at org.apache.spark.rpc.RpcTimeout.awaitResult(RpcTimeout.scala:75)
[2025-03-09T23:51:48.688+0000] {spark_submit.py:641} INFO - at org.apache.spark.rpc.RpcEnv.setupEndpointRefByURI(RpcEnv.scala:102)
[2025-03-09T23:51:48.689+0000] {spark_submit.py:641} INFO - at org.apache.spark.rpc.RpcEnv.setupEndpointRef(RpcEnv.scala:110)
[2025-03-09T23:51:48.689+0000] {spark_submit.py:641} INFO - at org.apache.spark.deploy.client.StandaloneAppClient$ClientEndpoint$$anon$1.run(StandaloneAppClient.scala:108)
[2025-03-09T23:51:48.689+0000] {spark_submit.py:641} INFO - at java.base/java.util.concurrent.Executors$RunnableAdapter.call(Executors.java:539)
[2025-03-09T23:51:48.689+0000] {spark_submit.py:641} INFO - at java.base/java.util.concurrent.FutureTask.run(FutureTask.java:264)
[2025-03-09T23:51:48.690+0000] {spark_submit.py:641} INFO - at java.base/java.util.concurrent.ThreadPoolExecutor.runWorker(ThreadPoolExecutor.java:1136)
[2025-03-09T23:51:48.690+0000] {spark_submit.py:641} INFO - at java.base/java.util.concurrent.ThreadPoolExecutor$Worker.run(ThreadPoolExecutor.java:635)
[2025-03-09T23:51:48.690+0000] {spark_submit.py:641} INFO - at java.base/java.lang.Thread.run(Thread.java:840)
[2025-03-09T23:51:48.690+0000] {spark_submit.py:641} INFO - Caused by: java.io.IOException: Failed to connect to spark/<unresolved>:7077
[2025-03-09T23:51:48.690+0000] {spark_submit.py:641} INFO - at org.apache.spark.network.client.TransportClientFactory.createClient(TransportClientFactory.java:294)
[2025-03-09T23:51:48.691+0000] {spark_submit.py:641} INFO - at org.apache.spark.network.client.TransportClientFactory.createClient(TransportClientFactory.java:214)
[2025-03-09T23:51:48.691+0000] {spark_submit.py:641} INFO - at org.apache.spark.network.client.TransportClientFactory.createClient(TransportClientFactory.java:226)
[2025-03-09T23:51:48.691+0000] {spark_submit.py:641} INFO - at org.apache.spark.rpc.netty.NettyRpcEnv.createClient(NettyRpcEnv.scala:204)
[2025-03-09T23:51:48.691+0000] {spark_submit.py:641} INFO - at org.apache.spark.rpc.netty.Outbox$$anon$1.call(Outbox.scala:202)
[2025-03-09T23:51:48.691+0000] {spark_submit.py:641} INFO - at org.apache.spark.rpc.netty.Outbox$$anon$1.call(Outbox.scala:198)
[2025-03-09T23:51:48.692+0000] {spark_submit.py:641} INFO - ... 4 more
[2025-03-09T23:51:48.692+0000] {spark_submit.py:641} INFO - Caused by: java.net.UnknownHostException: spark
[2025-03-09T23:51:48.692+0000] {spark_submit.py:641} INFO - at java.base/java.net.InetAddress$CachedAddresses.get(InetAddress.java:801)
[2025-03-09T23:51:48.692+0000] {spark_submit.py:641} INFO - at java.base/java.net.InetAddress.getAllByName0(InetAddress.java:1533)
[2025-03-09T23:51:48.692+0000] {spark_submit.py:641} INFO - at java.base/java.net.InetAddress.getAllByName(InetAddress.java:1385)
[2025-03-09T23:51:48.692+0000] {spark_submit.py:641} INFO - at java.base/java.net.InetAddress.getAllByName(InetAddress.java:1306)
[2025-03-09T23:51:48.693+0000] {spark_submit.py:641} INFO - at java.base/java.net.InetAddress.getByName(InetAddress.java:1256)
[2025-03-09T23:51:48.693+0000] {spark_submit.py:641} INFO - at io.netty.util.internal.SocketUtils$8.run(SocketUtils.java:156)
[2025-03-09T23:51:48.693+0000] {spark_submit.py:641} INFO - at io.netty.util.internal.SocketUtils$8.run(SocketUtils.java:153)
[2025-03-09T23:51:48.693+0000] {spark_submit.py:641} INFO - at java.base/java.security.AccessController.doPrivileged(AccessController.java:569)
[2025-03-09T23:51:48.693+0000] {spark_submit.py:641} INFO - at io.netty.util.internal.SocketUtils.addressByName(SocketUtils.java:153)
[2025-03-09T23:51:48.693+0000] {spark_submit.py:641} INFO - at io.netty.resolver.DefaultNameResolver.doResolve(DefaultNameResolver.java:41)
[2025-03-09T23:51:48.693+0000] {spark_submit.py:641} INFO - at io.netty.resolver.SimpleNameResolver.resolve(SimpleNameResolver.java:61)
[2025-03-09T23:51:48.693+0000] {spark_submit.py:641} INFO - at io.netty.resolver.SimpleNameResolver.resolve(SimpleNameResolver.java:53)
[2025-03-09T23:51:48.694+0000] {spark_submit.py:641} INFO - at io.netty.resolver.InetSocketAddressResolver.doResolve(InetSocketAddressResolver.java:55)
[2025-03-09T23:51:48.694+0000] {spark_submit.py:641} INFO - at io.netty.resolver.InetSocketAddressResolver.doResolve(InetSocketAddressResolver.java:31)
[2025-03-09T23:51:48.694+0000] {spark_submit.py:641} INFO - at io.netty.resolver.AbstractAddressResolver.resolve(AbstractAddressResolver.java:106)
[2025-03-09T23:51:48.694+0000] {spark_submit.py:641} INFO - at io.netty.bootstrap.Bootstrap.doResolveAndConnect0(Bootstrap.java:220)
[2025-03-09T23:51:48.694+0000] {spark_submit.py:641} INFO - at io.netty.bootstrap.Bootstrap.access$000(Bootstrap.java:46)
[2025-03-09T23:51:48.694+0000] {spark_submit.py:641} INFO - at io.netty.bootstrap.Bootstrap$1.operationComplete(Bootstrap.java:189)
[2025-03-09T23:51:48.694+0000] {spark_submit.py:641} INFO - at io.netty.bootstrap.Bootstrap$1.operationComplete(Bootstrap.java:175)
[2025-03-09T23:51:48.694+0000] {spark_submit.py:641} INFO - at io.netty.util.concurrent.DefaultPromise.notifyListener0(DefaultPromise.java:590)
[2025-03-09T23:51:48.694+0000] {spark_submit.py:641} INFO - at io.netty.util.concurrent.DefaultPromise.notifyListenersNow(DefaultPromise.java:557)
[2025-03-09T23:51:48.695+0000] {spark_submit.py:641} INFO - at io.netty.util.concurrent.DefaultPromise.notifyListeners(DefaultPromise.java:492)
[2025-03-09T23:51:48.695+0000] {spark_submit.py:641} INFO - at io.netty.util.concurrent.DefaultPromise.setValue0(DefaultPromise.java:636)
[2025-03-09T23:51:48.695+0000] {spark_submit.py:641} INFO - at io.netty.util.concurrent.DefaultPromise.setSuccess0(DefaultPromise.java:625)
[2025-03-09T23:51:48.695+0000] {spark_submit.py:641} INFO - at io.netty.util.concurrent.DefaultPromise.trySuccess(DefaultPromise.java:105)
[2025-03-09T23:51:48.696+0000] {spark_submit.py:641} INFO - at io.netty.channel.DefaultChannelPromise.trySuccess(DefaultChannelPromise.java:84)
[2025-03-09T23:51:48.696+0000] {spark_submit.py:641} INFO - at io.netty.channel.AbstractChannel$AbstractUnsafe.safeSetSuccess(AbstractChannel.java:990)
[2025-03-09T23:51:48.696+0000] {spark_submit.py:641} INFO - at io.netty.channel.AbstractChannel$AbstractUnsafe.register0(AbstractChannel.java:516)
[2025-03-09T23:51:48.697+0000] {spark_submit.py:641} INFO - at io.netty.channel.AbstractChannel$AbstractUnsafe.access$200(AbstractChannel.java:429)
[2025-03-09T23:51:48.697+0000] {spark_submit.py:641} INFO - at io.netty.channel.AbstractChannel$AbstractUnsafe$1.run(AbstractChannel.java:486)
[2025-03-09T23:51:48.697+0000] {spark_submit.py:641} INFO - at io.netty.util.concurrent.AbstractEventExecutor.runTask(AbstractEventExecutor.java:174)
[2025-03-09T23:51:48.698+0000] {spark_submit.py:641} INFO - at io.netty.util.concurrent.AbstractEventExecutor.safeExecute(AbstractEventExecutor.java:167)
[2025-03-09T23:51:48.698+0000] {spark_submit.py:641} INFO - at io.netty.util.concurrent.SingleThreadEventExecutor.runAllTasks(SingleThreadEventExecutor.java:470)
[2025-03-09T23:51:48.698+0000] {spark_submit.py:641} INFO - at io.netty.channel.nio.NioEventLoop.run(NioEventLoop.java:569)
[2025-03-09T23:51:48.699+0000] {spark_submit.py:641} INFO - at io.netty.util.concurrent.SingleThreadEventExecutor$4.run(SingleThreadEventExecutor.java:997)
[2025-03-09T23:51:48.699+0000] {spark_submit.py:641} INFO - at io.netty.util.internal.ThreadExecutorMap$2.run(ThreadExecutorMap.java:74)
[2025-03-09T23:51:48.704+0000] {spark_submit.py:641} INFO - at io.netty.util.concurrent.FastThreadLocalRunnable.run(FastThreadLocalRunnable.java:30)
[2025-03-09T23:51:48.704+0000] {spark_submit.py:641} INFO - ... 1 more
