[2025-03-09T23:52:50.609+0000] {local_task_job_runner.py:123} INFO - ::group::Pre task execution logs
[2025-03-09T23:52:50.631+0000] {taskinstance.py:2613} INFO - Dependencies all met for dep_context=non-requeueable deps ti=<TaskInstance: spark_gcs_job.submit_spark_gcs_job manual__2025-03-09T23:30:30.057279+00:00 [queued]>
[2025-03-09T23:52:50.643+0000] {taskinstance.py:2613} INFO - Dependencies all met for dep_context=requeueable deps ti=<TaskInstance: spark_gcs_job.submit_spark_gcs_job manual__2025-03-09T23:30:30.057279+00:00 [queued]>
[2025-03-09T23:52:50.643+0000] {taskinstance.py:2866} INFO - Starting attempt 4 of 2
[2025-03-09T23:52:50.659+0000] {taskinstance.py:2889} INFO - Executing <Task(SparkSubmitOperator): submit_spark_gcs_job> on 2025-03-09 23:30:30.057279+00:00
[2025-03-09T23:52:50.665+0000] {standard_task_runner.py:104} INFO - Running: ['***', 'tasks', 'run', 'spark_gcs_job', 'submit_spark_gcs_job', 'manual__2025-03-09T23:30:30.057279+00:00', '--job-id', '465', '--raw', '--subdir', 'DAGS_FOLDER/gcs_conn_test.py', '--cfg-path', '/tmp/tmpj0j6xsbg']
[2025-03-09T23:52:50.670+0000] {standard_task_runner.py:105} INFO - Job 465: Subtask submit_spark_gcs_job
[2025-03-09T23:52:50.670+0000] {logging_mixin.py:190} WARNING - /home/***/.local/lib/python3.12/site-packages/***/task/task_runner/standard_task_runner.py:70 DeprecationWarning: This process (pid=166) is multi-threaded, use of fork() may lead to deadlocks in the child.
[2025-03-09T23:52:50.671+0000] {standard_task_runner.py:72} INFO - Started process 177 to run task
[2025-03-09T23:52:50.717+0000] {task_command.py:467} INFO - Running <TaskInstance: spark_gcs_job.submit_spark_gcs_job manual__2025-03-09T23:30:30.057279+00:00 [running]> on host 27f453beda85
[2025-03-09T23:52:50.807+0000] {taskinstance.py:3132} INFO - Exporting env vars: AIRFLOW_CTX_DAG_OWNER='***' AIRFLOW_CTX_DAG_ID='spark_gcs_job' AIRFLOW_CTX_TASK_ID='submit_spark_gcs_job' AIRFLOW_CTX_EXECUTION_DATE='2025-03-09T23:30:30.057279+00:00' AIRFLOW_CTX_TRY_NUMBER='4' AIRFLOW_CTX_DAG_RUN_ID='manual__2025-03-09T23:30:30.057279+00:00'
[2025-03-09T23:52:50.808+0000] {taskinstance.py:731} INFO - ::endgroup::
[2025-03-09T23:52:50.857+0000] {base.py:84} INFO - Retrieving connection 'spark_default'
[2025-03-09T23:52:50.858+0000] {spark_submit.py:474} INFO - Spark-Submit cmd: spark-submit --master spark://spark:7077 --conf spark.master=spark://spark:7077 --conf spark.executor.memory=2g --conf spark.executor.cores=1 --conf spark.executor.instances=2 --conf spark.hadoop.fs.gs.impl=com.google.cloud.hadoop.fs.gcs.GoogleHadoopFileSystem --conf spark.hadoop.fs.gs.auth.service.account.enable=true --conf spark.hadoop.fs.gs.auth.service.account.json.keyfile=/opt/***/keys/first-key.json --jars /opt/***/jars/gcs-connector-hadoop3-2.2.0.jar --name arrow-spark --verbose --deploy-mode client /opt/***/jobs/gcc_test_job.py
[2025-03-09T23:52:50.911+0000] {spark_submit.py:641} INFO - /home/***/.local/lib/python3.12/site-packages/pyspark/bin/load-spark-env.sh: line 68: ps: command not found
[2025-03-09T23:52:53.528+0000] {spark_submit.py:641} INFO - Using properties file: null
[2025-03-09T23:52:53.671+0000] {spark_submit.py:641} INFO - Parsed arguments:
[2025-03-09T23:52:53.672+0000] {spark_submit.py:641} INFO - master                  spark://spark:7077
[2025-03-09T23:52:53.672+0000] {spark_submit.py:641} INFO - remote                  null
[2025-03-09T23:52:53.672+0000] {spark_submit.py:641} INFO - deployMode              client
[2025-03-09T23:52:53.672+0000] {spark_submit.py:641} INFO - executorMemory          2g
[2025-03-09T23:52:53.672+0000] {spark_submit.py:641} INFO - executorCores           1
[2025-03-09T23:52:53.672+0000] {spark_submit.py:641} INFO - totalExecutorCores      null
[2025-03-09T23:52:53.673+0000] {spark_submit.py:641} INFO - propertiesFile          null
[2025-03-09T23:52:53.673+0000] {spark_submit.py:641} INFO - driverMemory            null
[2025-03-09T23:52:53.673+0000] {spark_submit.py:641} INFO - driverCores             null
[2025-03-09T23:52:53.673+0000] {spark_submit.py:641} INFO - driverExtraClassPath    null
[2025-03-09T23:52:53.673+0000] {spark_submit.py:641} INFO - driverExtraLibraryPath  null
[2025-03-09T23:52:53.673+0000] {spark_submit.py:641} INFO - driverExtraJavaOptions  null
[2025-03-09T23:52:53.673+0000] {spark_submit.py:641} INFO - supervise               false
[2025-03-09T23:52:53.673+0000] {spark_submit.py:641} INFO - queue                   null
[2025-03-09T23:52:53.673+0000] {spark_submit.py:641} INFO - numExecutors            2
[2025-03-09T23:52:53.673+0000] {spark_submit.py:641} INFO - files                   null
[2025-03-09T23:52:53.674+0000] {spark_submit.py:641} INFO - pyFiles                 null
[2025-03-09T23:52:53.674+0000] {spark_submit.py:641} INFO - archives                null
[2025-03-09T23:52:53.674+0000] {spark_submit.py:641} INFO - mainClass               null
[2025-03-09T23:52:53.674+0000] {spark_submit.py:641} INFO - primaryResource         file:/opt/***/jobs/gcc_test_job.py
[2025-03-09T23:52:53.674+0000] {spark_submit.py:641} INFO - name                    arrow-spark
[2025-03-09T23:52:53.674+0000] {spark_submit.py:641} INFO - childArgs               []
[2025-03-09T23:52:53.674+0000] {spark_submit.py:641} INFO - jars                    file:/opt/***/jars/gcs-connector-hadoop3-2.2.0.jar
[2025-03-09T23:52:53.674+0000] {spark_submit.py:641} INFO - packages                null
[2025-03-09T23:52:53.674+0000] {spark_submit.py:641} INFO - packagesExclusions      null
[2025-03-09T23:52:53.675+0000] {spark_submit.py:641} INFO - repositories            null
[2025-03-09T23:52:53.675+0000] {spark_submit.py:641} INFO - verbose                 true
[2025-03-09T23:52:53.675+0000] {spark_submit.py:641} INFO - 
[2025-03-09T23:52:53.675+0000] {spark_submit.py:641} INFO - Spark properties used, including those specified through
[2025-03-09T23:52:53.675+0000] {spark_submit.py:641} INFO - --conf and those from the properties file null:
[2025-03-09T23:52:53.675+0000] {spark_submit.py:641} INFO - (spark.executor.cores,1)
[2025-03-09T23:52:53.675+0000] {spark_submit.py:641} INFO - (spark.executor.instances,2)
[2025-03-09T23:52:53.675+0000] {spark_submit.py:641} INFO - (spark.executor.memory,2g)
[2025-03-09T23:52:53.675+0000] {spark_submit.py:641} INFO - (spark.hadoop.fs.gs.auth.service.account.enable,true)
[2025-03-09T23:52:53.675+0000] {spark_submit.py:641} INFO - (spark.hadoop.fs.gs.auth.service.account.json.keyfile,/opt/***/keys/first-key.json)
[2025-03-09T23:52:53.676+0000] {spark_submit.py:641} INFO - (spark.hadoop.fs.gs.impl,com.google.cloud.hadoop.fs.gcs.GoogleHadoopFileSystem)
[2025-03-09T23:52:53.676+0000] {spark_submit.py:641} INFO - (spark.master,spark://spark:7077)
[2025-03-09T23:52:53.676+0000] {spark_submit.py:641} INFO - 
[2025-03-09T23:52:53.676+0000] {spark_submit.py:641} INFO - 
[2025-03-09T23:52:54.172+0000] {spark_submit.py:641} INFO - 25/03/09 23:52:54 WARN NativeCodeLoader: Unable to load native-hadoop library for your platform... using builtin-java classes where applicable
[2025-03-09T23:52:54.491+0000] {spark_submit.py:641} INFO - Main class:
[2025-03-09T23:52:54.491+0000] {spark_submit.py:641} INFO - org.apache.spark.deploy.PythonRunner
[2025-03-09T23:52:54.493+0000] {spark_submit.py:641} INFO - Arguments:
[2025-03-09T23:52:54.493+0000] {spark_submit.py:641} INFO - file:/opt/***/jobs/gcc_test_job.py
[2025-03-09T23:52:54.494+0000] {spark_submit.py:641} INFO - null
[2025-03-09T23:52:54.495+0000] {spark_submit.py:641} INFO - Spark config:
[2025-03-09T23:52:54.496+0000] {spark_submit.py:641} INFO - (spark.app.name,arrow-spark)
[2025-03-09T23:52:54.496+0000] {spark_submit.py:641} INFO - (spark.app.submitTime,1741564374455)
[2025-03-09T23:52:54.496+0000] {spark_submit.py:641} INFO - (spark.executor.cores,1)
[2025-03-09T23:52:54.496+0000] {spark_submit.py:641} INFO - (spark.executor.instances,2)
[2025-03-09T23:52:54.496+0000] {spark_submit.py:641} INFO - (spark.executor.memory,2g)
[2025-03-09T23:52:54.496+0000] {spark_submit.py:641} INFO - (spark.hadoop.fs.gs.auth.service.account.enable,true)
[2025-03-09T23:52:54.497+0000] {spark_submit.py:641} INFO - (spark.hadoop.fs.gs.auth.service.account.json.keyfile,/opt/***/keys/first-key.json)
[2025-03-09T23:52:54.499+0000] {spark_submit.py:641} INFO - (spark.hadoop.fs.gs.impl,com.google.cloud.hadoop.fs.gcs.GoogleHadoopFileSystem)
[2025-03-09T23:52:54.499+0000] {spark_submit.py:641} INFO - (spark.jars,file:///opt/***/jars/gcs-connector-hadoop3-2.2.0.jar)
[2025-03-09T23:52:54.500+0000] {spark_submit.py:641} INFO - (spark.master,spark://spark:7077)
[2025-03-09T23:52:54.500+0000] {spark_submit.py:641} INFO - (spark.repl.local.jars,file:///opt/***/jars/gcs-connector-hadoop3-2.2.0.jar)
[2025-03-09T23:52:54.501+0000] {spark_submit.py:641} INFO - (spark.submit.deployMode,client)
[2025-03-09T23:52:54.501+0000] {spark_submit.py:641} INFO - (spark.submit.pyFiles,)
[2025-03-09T23:52:54.502+0000] {spark_submit.py:641} INFO - Classpath elements:
[2025-03-09T23:52:54.502+0000] {spark_submit.py:641} INFO - file:///opt/***/jars/gcs-connector-hadoop3-2.2.0.jar
[2025-03-09T23:52:54.503+0000] {spark_submit.py:641} INFO - 
[2025-03-09T23:52:54.503+0000] {spark_submit.py:641} INFO - 
[2025-03-09T23:52:55.890+0000] {spark_submit.py:641} INFO - 25/03/09 23:52:55 INFO SparkContext: Running Spark version 3.5.5
[2025-03-09T23:52:55.891+0000] {spark_submit.py:641} INFO - 25/03/09 23:52:55 INFO SparkContext: OS info Linux, 5.15.167.4-microsoft-standard-WSL2, amd64
[2025-03-09T23:52:55.892+0000] {spark_submit.py:641} INFO - 25/03/09 23:52:55 INFO SparkContext: Java version 17.0.14
[2025-03-09T23:52:55.956+0000] {spark_submit.py:641} INFO - 25/03/09 23:52:55 INFO ResourceUtils: ==============================================================
[2025-03-09T23:52:55.957+0000] {spark_submit.py:641} INFO - 25/03/09 23:52:55 INFO ResourceUtils: No custom resources configured for spark.driver.
[2025-03-09T23:52:55.958+0000] {spark_submit.py:641} INFO - 25/03/09 23:52:55 INFO ResourceUtils: ==============================================================
[2025-03-09T23:52:55.958+0000] {spark_submit.py:641} INFO - 25/03/09 23:52:55 INFO SparkContext: Submitted application: GCSConnectorTest
[2025-03-09T23:52:55.993+0000] {spark_submit.py:641} INFO - 25/03/09 23:52:55 INFO ResourceProfile: Default ResourceProfile created, executor resources: Map(cores -> name: cores, amount: 1, script: , vendor: , memory -> name: memory, amount: 2048, script: , vendor: , offHeap -> name: offHeap, amount: 0, script: , vendor: ), task resources: Map(cpus -> name: cpus, amount: 1.0)
[2025-03-09T23:52:56.011+0000] {spark_submit.py:641} INFO - 25/03/09 23:52:56 INFO ResourceProfile: Limiting resource is cpus at 1 tasks per executor
[2025-03-09T23:52:56.017+0000] {spark_submit.py:641} INFO - 25/03/09 23:52:56 INFO ResourceProfileManager: Added ResourceProfile id: 0
[2025-03-09T23:52:56.225+0000] {spark_submit.py:641} INFO - 25/03/09 23:52:56 INFO SecurityManager: Changing view acls to: ***
[2025-03-09T23:52:56.225+0000] {spark_submit.py:641} INFO - 25/03/09 23:52:56 INFO SecurityManager: Changing modify acls to: ***
[2025-03-09T23:52:56.225+0000] {spark_submit.py:641} INFO - 25/03/09 23:52:56 INFO SecurityManager: Changing view acls groups to:
[2025-03-09T23:52:56.240+0000] {spark_submit.py:641} INFO - 25/03/09 23:52:56 INFO SecurityManager: Changing modify acls groups to:
[2025-03-09T23:52:56.240+0000] {spark_submit.py:641} INFO - 25/03/09 23:52:56 INFO SecurityManager: SecurityManager: authentication disabled; ui acls disabled; users with view permissions: ***; groups with view permissions: EMPTY; users with modify permissions: ***; groups with modify permissions: EMPTY
[2025-03-09T23:52:56.829+0000] {spark_submit.py:641} INFO - 25/03/09 23:52:56 INFO Utils: Successfully started service 'sparkDriver' on port 38351.
[2025-03-09T23:52:56.958+0000] {spark_submit.py:641} INFO - 25/03/09 23:52:56 INFO SparkEnv: Registering MapOutputTracker
[2025-03-09T23:52:57.091+0000] {spark_submit.py:641} INFO - 25/03/09 23:52:57 INFO SparkEnv: Registering BlockManagerMaster
[2025-03-09T23:52:57.156+0000] {spark_submit.py:641} INFO - 25/03/09 23:52:57 INFO BlockManagerMasterEndpoint: Using org.apache.spark.storage.DefaultTopologyMapper for getting topology information
[2025-03-09T23:52:57.157+0000] {spark_submit.py:641} INFO - 25/03/09 23:52:57 INFO BlockManagerMasterEndpoint: BlockManagerMasterEndpoint up
[2025-03-09T23:52:57.165+0000] {spark_submit.py:641} INFO - 25/03/09 23:52:57 INFO SparkEnv: Registering BlockManagerMasterHeartbeat
[2025-03-09T23:52:57.226+0000] {spark_submit.py:641} INFO - 25/03/09 23:52:57 INFO DiskBlockManager: Created local directory at /tmp/blockmgr-da02a28d-3752-4491-8ca5-07e64ea8cac9
[2025-03-09T23:52:57.306+0000] {spark_submit.py:641} INFO - 25/03/09 23:52:57 INFO MemoryStore: MemoryStore started with capacity 434.4 MiB
[2025-03-09T23:52:57.336+0000] {spark_submit.py:641} INFO - 25/03/09 23:52:57 INFO SparkEnv: Registering OutputCommitCoordinator
[2025-03-09T23:52:57.557+0000] {spark_submit.py:641} INFO - 25/03/09 23:52:57 INFO JettyUtils: Start Jetty 0.0.0.0:4040 for SparkUI
[2025-03-09T23:52:57.744+0000] {spark_submit.py:641} INFO - 25/03/09 23:52:57 INFO Utils: Successfully started service 'SparkUI' on port 4040.
[2025-03-09T23:52:57.824+0000] {spark_submit.py:641} INFO - 25/03/09 23:52:57 INFO SparkContext: Added JAR file:///opt/***/jars/gcs-connector-hadoop3-2.2.0.jar at spark://27f453beda85:38351/jars/gcs-connector-hadoop3-2.2.0.jar with timestamp 1741564375865
[2025-03-09T23:52:58.091+0000] {spark_submit.py:641} INFO - 25/03/09 23:52:58 INFO StandaloneAppClient$ClientEndpoint: Connecting to master spark://spark:7077...
[2025-03-09T23:53:00.200+0000] {spark_submit.py:641} INFO - 25/03/09 23:53:00 WARN TransportClientFactory: DNS resolution failed for spark/<unresolved>:7077 took 2039 ms
[2025-03-09T23:53:00.268+0000] {spark_submit.py:641} INFO - 25/03/09 23:53:00 WARN StandaloneAppClient$ClientEndpoint: Failed to connect to master spark:7077
[2025-03-09T23:53:00.268+0000] {spark_submit.py:641} INFO - org.apache.spark.SparkException: Exception thrown in awaitResult:
[2025-03-09T23:53:00.269+0000] {spark_submit.py:641} INFO - at org.apache.spark.util.SparkThreadUtils$.awaitResult(SparkThreadUtils.scala:56)
[2025-03-09T23:53:00.269+0000] {spark_submit.py:641} INFO - at org.apache.spark.util.ThreadUtils$.awaitResult(ThreadUtils.scala:310)
[2025-03-09T23:53:00.269+0000] {spark_submit.py:641} INFO - at org.apache.spark.rpc.RpcTimeout.awaitResult(RpcTimeout.scala:75)
[2025-03-09T23:53:00.269+0000] {spark_submit.py:641} INFO - at org.apache.spark.rpc.RpcEnv.setupEndpointRefByURI(RpcEnv.scala:102)
[2025-03-09T23:53:00.269+0000] {spark_submit.py:641} INFO - at org.apache.spark.rpc.RpcEnv.setupEndpointRef(RpcEnv.scala:110)
[2025-03-09T23:53:00.269+0000] {spark_submit.py:641} INFO - at org.apache.spark.deploy.client.StandaloneAppClient$ClientEndpoint$$anon$1.run(StandaloneAppClient.scala:108)
[2025-03-09T23:53:00.270+0000] {spark_submit.py:641} INFO - at java.base/java.util.concurrent.Executors$RunnableAdapter.call(Executors.java:539)
[2025-03-09T23:53:00.270+0000] {spark_submit.py:641} INFO - at java.base/java.util.concurrent.FutureTask.run(FutureTask.java:264)
[2025-03-09T23:53:00.270+0000] {spark_submit.py:641} INFO - at java.base/java.util.concurrent.ThreadPoolExecutor.runWorker(ThreadPoolExecutor.java:1136)
[2025-03-09T23:53:00.270+0000] {spark_submit.py:641} INFO - at java.base/java.util.concurrent.ThreadPoolExecutor$Worker.run(ThreadPoolExecutor.java:635)
[2025-03-09T23:53:00.270+0000] {spark_submit.py:641} INFO - at java.base/java.lang.Thread.run(Thread.java:840)
[2025-03-09T23:53:00.270+0000] {spark_submit.py:641} INFO - Caused by: java.io.IOException: Failed to connect to spark/<unresolved>:7077
[2025-03-09T23:53:00.270+0000] {spark_submit.py:641} INFO - at org.apache.spark.network.client.TransportClientFactory.createClient(TransportClientFactory.java:294)
[2025-03-09T23:53:00.270+0000] {spark_submit.py:641} INFO - at org.apache.spark.network.client.TransportClientFactory.createClient(TransportClientFactory.java:214)
[2025-03-09T23:53:00.270+0000] {spark_submit.py:641} INFO - at org.apache.spark.network.client.TransportClientFactory.createClient(TransportClientFactory.java:226)
[2025-03-09T23:53:00.271+0000] {spark_submit.py:641} INFO - at org.apache.spark.rpc.netty.NettyRpcEnv.createClient(NettyRpcEnv.scala:204)
[2025-03-09T23:53:00.271+0000] {spark_submit.py:641} INFO - at org.apache.spark.rpc.netty.Outbox$$anon$1.call(Outbox.scala:202)
[2025-03-09T23:53:00.271+0000] {spark_submit.py:641} INFO - at org.apache.spark.rpc.netty.Outbox$$anon$1.call(Outbox.scala:198)
[2025-03-09T23:53:00.271+0000] {spark_submit.py:641} INFO - ... 4 more
[2025-03-09T23:53:00.271+0000] {spark_submit.py:641} INFO - Caused by: java.net.UnknownHostException: spark
[2025-03-09T23:53:00.271+0000] {spark_submit.py:641} INFO - at java.base/java.net.InetAddress$CachedAddresses.get(InetAddress.java:801)
[2025-03-09T23:53:00.271+0000] {spark_submit.py:641} INFO - at java.base/java.net.InetAddress.getAllByName0(InetAddress.java:1533)
[2025-03-09T23:53:00.271+0000] {spark_submit.py:641} INFO - at java.base/java.net.InetAddress.getAllByName(InetAddress.java:1385)
[2025-03-09T23:53:00.271+0000] {spark_submit.py:641} INFO - at java.base/java.net.InetAddress.getAllByName(InetAddress.java:1306)
[2025-03-09T23:53:00.271+0000] {spark_submit.py:641} INFO - at java.base/java.net.InetAddress.getByName(InetAddress.java:1256)
[2025-03-09T23:53:00.272+0000] {spark_submit.py:641} INFO - at io.netty.util.internal.SocketUtils$8.run(SocketUtils.java:156)
[2025-03-09T23:53:00.272+0000] {spark_submit.py:641} INFO - at io.netty.util.internal.SocketUtils$8.run(SocketUtils.java:153)
[2025-03-09T23:53:00.272+0000] {spark_submit.py:641} INFO - at java.base/java.security.AccessController.doPrivileged(AccessController.java:569)
[2025-03-09T23:53:00.272+0000] {spark_submit.py:641} INFO - at io.netty.util.internal.SocketUtils.addressByName(SocketUtils.java:153)
[2025-03-09T23:53:00.272+0000] {spark_submit.py:641} INFO - at io.netty.resolver.DefaultNameResolver.doResolve(DefaultNameResolver.java:41)
[2025-03-09T23:53:00.272+0000] {spark_submit.py:641} INFO - at io.netty.resolver.SimpleNameResolver.resolve(SimpleNameResolver.java:61)
[2025-03-09T23:53:00.272+0000] {spark_submit.py:641} INFO - at io.netty.resolver.SimpleNameResolver.resolve(SimpleNameResolver.java:53)
[2025-03-09T23:53:00.272+0000] {spark_submit.py:641} INFO - at io.netty.resolver.InetSocketAddressResolver.doResolve(InetSocketAddressResolver.java:55)
[2025-03-09T23:53:00.272+0000] {spark_submit.py:641} INFO - at io.netty.resolver.InetSocketAddressResolver.doResolve(InetSocketAddressResolver.java:31)
[2025-03-09T23:53:00.272+0000] {spark_submit.py:641} INFO - at io.netty.resolver.AbstractAddressResolver.resolve(AbstractAddressResolver.java:106)
[2025-03-09T23:53:00.273+0000] {spark_submit.py:641} INFO - at io.netty.bootstrap.Bootstrap.doResolveAndConnect0(Bootstrap.java:220)
[2025-03-09T23:53:00.273+0000] {spark_submit.py:641} INFO - at io.netty.bootstrap.Bootstrap.access$000(Bootstrap.java:46)
[2025-03-09T23:53:00.273+0000] {spark_submit.py:641} INFO - at io.netty.bootstrap.Bootstrap$1.operationComplete(Bootstrap.java:189)
[2025-03-09T23:53:00.273+0000] {spark_submit.py:641} INFO - at io.netty.bootstrap.Bootstrap$1.operationComplete(Bootstrap.java:175)
[2025-03-09T23:53:00.273+0000] {spark_submit.py:641} INFO - at io.netty.util.concurrent.DefaultPromise.notifyListener0(DefaultPromise.java:590)
[2025-03-09T23:53:00.273+0000] {spark_submit.py:641} INFO - at io.netty.util.concurrent.DefaultPromise.notifyListenersNow(DefaultPromise.java:557)
[2025-03-09T23:53:00.273+0000] {spark_submit.py:641} INFO - at io.netty.util.concurrent.DefaultPromise.notifyListeners(DefaultPromise.java:492)
[2025-03-09T23:53:00.273+0000] {spark_submit.py:641} INFO - at io.netty.util.concurrent.DefaultPromise.setValue0(DefaultPromise.java:636)
[2025-03-09T23:53:00.273+0000] {spark_submit.py:641} INFO - at io.netty.util.concurrent.DefaultPromise.setSuccess0(DefaultPromise.java:625)
[2025-03-09T23:53:00.273+0000] {spark_submit.py:641} INFO - at io.netty.util.concurrent.DefaultPromise.trySuccess(DefaultPromise.java:105)
[2025-03-09T23:53:00.274+0000] {spark_submit.py:641} INFO - at io.netty.channel.DefaultChannelPromise.trySuccess(DefaultChannelPromise.java:84)
[2025-03-09T23:53:00.274+0000] {spark_submit.py:641} INFO - at io.netty.channel.AbstractChannel$AbstractUnsafe.safeSetSuccess(AbstractChannel.java:990)
[2025-03-09T23:53:00.274+0000] {spark_submit.py:641} INFO - at io.netty.channel.AbstractChannel$AbstractUnsafe.register0(AbstractChannel.java:516)
[2025-03-09T23:53:00.274+0000] {spark_submit.py:641} INFO - at io.netty.channel.AbstractChannel$AbstractUnsafe.access$200(AbstractChannel.java:429)
[2025-03-09T23:53:00.274+0000] {spark_submit.py:641} INFO - at io.netty.channel.AbstractChannel$AbstractUnsafe$1.run(AbstractChannel.java:486)
[2025-03-09T23:53:00.274+0000] {spark_submit.py:641} INFO - at io.netty.util.concurrent.AbstractEventExecutor.runTask(AbstractEventExecutor.java:174)
[2025-03-09T23:53:00.274+0000] {spark_submit.py:641} INFO - at io.netty.util.concurrent.AbstractEventExecutor.safeExecute(AbstractEventExecutor.java:167)
[2025-03-09T23:53:00.274+0000] {spark_submit.py:641} INFO - at io.netty.util.concurrent.SingleThreadEventExecutor.runAllTasks(SingleThreadEventExecutor.java:470)
[2025-03-09T23:53:00.274+0000] {spark_submit.py:641} INFO - at io.netty.channel.nio.NioEventLoop.run(NioEventLoop.java:569)
[2025-03-09T23:53:00.275+0000] {spark_submit.py:641} INFO - at io.netty.util.concurrent.SingleThreadEventExecutor$4.run(SingleThreadEventExecutor.java:997)
[2025-03-09T23:53:00.275+0000] {spark_submit.py:641} INFO - at io.netty.util.internal.ThreadExecutorMap$2.run(ThreadExecutorMap.java:74)
[2025-03-09T23:53:00.275+0000] {spark_submit.py:641} INFO - at io.netty.util.concurrent.FastThreadLocalRunnable.run(FastThreadLocalRunnable.java:30)
[2025-03-09T23:53:00.275+0000] {spark_submit.py:641} INFO - ... 1 more
[2025-03-09T23:53:18.088+0000] {spark_submit.py:641} INFO - 25/03/09 23:53:18 INFO StandaloneAppClient$ClientEndpoint: Connecting to master spark://spark:7077...
[2025-03-09T23:53:20.133+0000] {spark_submit.py:641} INFO - 25/03/09 23:53:20 WARN TransportClientFactory: DNS resolution failed for spark/<unresolved>:7077 took 2040 ms
[2025-03-09T23:53:20.135+0000] {spark_submit.py:641} INFO - 25/03/09 23:53:20 WARN StandaloneAppClient$ClientEndpoint: Failed to connect to master spark:7077
[2025-03-09T23:53:20.135+0000] {spark_submit.py:641} INFO - org.apache.spark.SparkException: Exception thrown in awaitResult:
[2025-03-09T23:53:20.135+0000] {spark_submit.py:641} INFO - at org.apache.spark.util.SparkThreadUtils$.awaitResult(SparkThreadUtils.scala:56)
[2025-03-09T23:53:20.136+0000] {spark_submit.py:641} INFO - at org.apache.spark.util.ThreadUtils$.awaitResult(ThreadUtils.scala:310)
[2025-03-09T23:53:20.136+0000] {spark_submit.py:641} INFO - at org.apache.spark.rpc.RpcTimeout.awaitResult(RpcTimeout.scala:75)
[2025-03-09T23:53:20.136+0000] {spark_submit.py:641} INFO - at org.apache.spark.rpc.RpcEnv.setupEndpointRefByURI(RpcEnv.scala:102)
[2025-03-09T23:53:20.136+0000] {spark_submit.py:641} INFO - at org.apache.spark.rpc.RpcEnv.setupEndpointRef(RpcEnv.scala:110)
[2025-03-09T23:53:20.136+0000] {spark_submit.py:641} INFO - at org.apache.spark.deploy.client.StandaloneAppClient$ClientEndpoint$$anon$1.run(StandaloneAppClient.scala:108)
[2025-03-09T23:53:20.136+0000] {spark_submit.py:641} INFO - at java.base/java.util.concurrent.Executors$RunnableAdapter.call(Executors.java:539)
[2025-03-09T23:53:20.136+0000] {spark_submit.py:641} INFO - at java.base/java.util.concurrent.FutureTask.run(FutureTask.java:264)
[2025-03-09T23:53:20.137+0000] {spark_submit.py:641} INFO - at java.base/java.util.concurrent.ThreadPoolExecutor.runWorker(ThreadPoolExecutor.java:1136)
[2025-03-09T23:53:20.137+0000] {spark_submit.py:641} INFO - at java.base/java.util.concurrent.ThreadPoolExecutor$Worker.run(ThreadPoolExecutor.java:635)
[2025-03-09T23:53:20.137+0000] {spark_submit.py:641} INFO - at java.base/java.lang.Thread.run(Thread.java:840)
[2025-03-09T23:53:20.137+0000] {spark_submit.py:641} INFO - Caused by: java.io.IOException: Failed to connect to spark/<unresolved>:7077
[2025-03-09T23:53:20.137+0000] {spark_submit.py:641} INFO - at org.apache.spark.network.client.TransportClientFactory.createClient(TransportClientFactory.java:294)
[2025-03-09T23:53:20.137+0000] {spark_submit.py:641} INFO - at org.apache.spark.network.client.TransportClientFactory.createClient(TransportClientFactory.java:214)
[2025-03-09T23:53:20.137+0000] {spark_submit.py:641} INFO - at org.apache.spark.network.client.TransportClientFactory.createClient(TransportClientFactory.java:226)
[2025-03-09T23:53:20.137+0000] {spark_submit.py:641} INFO - at org.apache.spark.rpc.netty.NettyRpcEnv.createClient(NettyRpcEnv.scala:204)
[2025-03-09T23:53:20.138+0000] {spark_submit.py:641} INFO - at org.apache.spark.rpc.netty.Outbox$$anon$1.call(Outbox.scala:202)
[2025-03-09T23:53:20.138+0000] {spark_submit.py:641} INFO - at org.apache.spark.rpc.netty.Outbox$$anon$1.call(Outbox.scala:198)
[2025-03-09T23:53:20.138+0000] {spark_submit.py:641} INFO - ... 4 more
[2025-03-09T23:53:20.138+0000] {spark_submit.py:641} INFO - Caused by: java.net.UnknownHostException: spark
[2025-03-09T23:53:20.139+0000] {spark_submit.py:641} INFO - at java.base/java.net.InetAddress$CachedAddresses.get(InetAddress.java:801)
[2025-03-09T23:53:20.139+0000] {spark_submit.py:641} INFO - at java.base/java.net.InetAddress.getAllByName0(InetAddress.java:1533)
[2025-03-09T23:53:20.139+0000] {spark_submit.py:641} INFO - at java.base/java.net.InetAddress.getAllByName(InetAddress.java:1385)
[2025-03-09T23:53:20.139+0000] {spark_submit.py:641} INFO - at java.base/java.net.InetAddress.getAllByName(InetAddress.java:1306)
[2025-03-09T23:53:20.139+0000] {spark_submit.py:641} INFO - at java.base/java.net.InetAddress.getByName(InetAddress.java:1256)
[2025-03-09T23:53:20.140+0000] {spark_submit.py:641} INFO - at io.netty.util.internal.SocketUtils$8.run(SocketUtils.java:156)
[2025-03-09T23:53:20.140+0000] {spark_submit.py:641} INFO - at io.netty.util.internal.SocketUtils$8.run(SocketUtils.java:153)
[2025-03-09T23:53:20.140+0000] {spark_submit.py:641} INFO - at java.base/java.security.AccessController.doPrivileged(AccessController.java:569)
[2025-03-09T23:53:20.141+0000] {spark_submit.py:641} INFO - at io.netty.util.internal.SocketUtils.addressByName(SocketUtils.java:153)
[2025-03-09T23:53:20.141+0000] {spark_submit.py:641} INFO - at io.netty.resolver.DefaultNameResolver.doResolve(DefaultNameResolver.java:41)
[2025-03-09T23:53:20.141+0000] {spark_submit.py:641} INFO - at io.netty.resolver.SimpleNameResolver.resolve(SimpleNameResolver.java:61)
[2025-03-09T23:53:20.141+0000] {spark_submit.py:641} INFO - at io.netty.resolver.SimpleNameResolver.resolve(SimpleNameResolver.java:53)
[2025-03-09T23:53:20.141+0000] {spark_submit.py:641} INFO - at io.netty.resolver.InetSocketAddressResolver.doResolve(InetSocketAddressResolver.java:55)
[2025-03-09T23:53:20.141+0000] {spark_submit.py:641} INFO - at io.netty.resolver.InetSocketAddressResolver.doResolve(InetSocketAddressResolver.java:31)
[2025-03-09T23:53:20.141+0000] {spark_submit.py:641} INFO - at io.netty.resolver.AbstractAddressResolver.resolve(AbstractAddressResolver.java:106)
[2025-03-09T23:53:20.141+0000] {spark_submit.py:641} INFO - at io.netty.bootstrap.Bootstrap.doResolveAndConnect0(Bootstrap.java:220)
[2025-03-09T23:53:20.142+0000] {spark_submit.py:641} INFO - at io.netty.bootstrap.Bootstrap.access$000(Bootstrap.java:46)
[2025-03-09T23:53:20.142+0000] {spark_submit.py:641} INFO - at io.netty.bootstrap.Bootstrap$1.operationComplete(Bootstrap.java:189)
[2025-03-09T23:53:20.142+0000] {spark_submit.py:641} INFO - at io.netty.bootstrap.Bootstrap$1.operationComplete(Bootstrap.java:175)
[2025-03-09T23:53:20.142+0000] {spark_submit.py:641} INFO - at io.netty.util.concurrent.DefaultPromise.notifyListener0(DefaultPromise.java:590)
[2025-03-09T23:53:20.142+0000] {spark_submit.py:641} INFO - at io.netty.util.concurrent.DefaultPromise.notifyListenersNow(DefaultPromise.java:557)
[2025-03-09T23:53:20.142+0000] {spark_submit.py:641} INFO - at io.netty.util.concurrent.DefaultPromise.notifyListeners(DefaultPromise.java:492)
[2025-03-09T23:53:20.143+0000] {spark_submit.py:641} INFO - at io.netty.util.concurrent.DefaultPromise.setValue0(DefaultPromise.java:636)
[2025-03-09T23:53:20.143+0000] {spark_submit.py:641} INFO - at io.netty.util.concurrent.DefaultPromise.setSuccess0(DefaultPromise.java:625)
[2025-03-09T23:53:20.143+0000] {spark_submit.py:641} INFO - at io.netty.util.concurrent.DefaultPromise.trySuccess(DefaultPromise.java:105)
[2025-03-09T23:53:20.143+0000] {spark_submit.py:641} INFO - at io.netty.channel.DefaultChannelPromise.trySuccess(DefaultChannelPromise.java:84)
[2025-03-09T23:53:20.144+0000] {spark_submit.py:641} INFO - at io.netty.channel.AbstractChannel$AbstractUnsafe.safeSetSuccess(AbstractChannel.java:990)
[2025-03-09T23:53:20.144+0000] {spark_submit.py:641} INFO - at io.netty.channel.AbstractChannel$AbstractUnsafe.register0(AbstractChannel.java:516)
[2025-03-09T23:53:20.144+0000] {spark_submit.py:641} INFO - at io.netty.channel.AbstractChannel$AbstractUnsafe.access$200(AbstractChannel.java:429)
[2025-03-09T23:53:20.144+0000] {spark_submit.py:641} INFO - at io.netty.channel.AbstractChannel$AbstractUnsafe$1.run(AbstractChannel.java:486)
[2025-03-09T23:53:20.144+0000] {spark_submit.py:641} INFO - at io.netty.util.concurrent.AbstractEventExecutor.runTask(AbstractEventExecutor.java:174)
[2025-03-09T23:53:20.144+0000] {spark_submit.py:641} INFO - at io.netty.util.concurrent.AbstractEventExecutor.safeExecute(AbstractEventExecutor.java:167)
[2025-03-09T23:53:20.144+0000] {spark_submit.py:641} INFO - at io.netty.util.concurrent.SingleThreadEventExecutor.runAllTasks(SingleThreadEventExecutor.java:470)
[2025-03-09T23:53:20.144+0000] {spark_submit.py:641} INFO - at io.netty.channel.nio.NioEventLoop.run(NioEventLoop.java:569)
[2025-03-09T23:53:20.144+0000] {spark_submit.py:641} INFO - at io.netty.util.concurrent.SingleThreadEventExecutor$4.run(SingleThreadEventExecutor.java:997)
[2025-03-09T23:53:20.145+0000] {spark_submit.py:641} INFO - at io.netty.util.internal.ThreadExecutorMap$2.run(ThreadExecutorMap.java:74)
[2025-03-09T23:53:20.145+0000] {spark_submit.py:641} INFO - at io.netty.util.concurrent.FastThreadLocalRunnable.run(FastThreadLocalRunnable.java:30)
[2025-03-09T23:53:20.145+0000] {spark_submit.py:641} INFO - ... 1 more
[2025-03-09T23:53:38.089+0000] {spark_submit.py:641} INFO - 25/03/09 23:53:38 INFO StandaloneAppClient$ClientEndpoint: Connecting to master spark://spark:7077...
[2025-03-09T23:53:40.129+0000] {spark_submit.py:641} INFO - 25/03/09 23:53:40 WARN TransportClientFactory: DNS resolution failed for spark/<unresolved>:7077 took 2037 ms
[2025-03-09T23:53:40.136+0000] {spark_submit.py:641} INFO - 25/03/09 23:53:40 WARN StandaloneAppClient$ClientEndpoint: Failed to connect to master spark:7077
[2025-03-09T23:53:40.137+0000] {spark_submit.py:641} INFO - org.apache.spark.SparkException: Exception thrown in awaitResult:
[2025-03-09T23:53:40.138+0000] {spark_submit.py:641} INFO - at org.apache.spark.util.SparkThreadUtils$.awaitResult(SparkThreadUtils.scala:56)
[2025-03-09T23:53:40.138+0000] {spark_submit.py:641} INFO - at org.apache.spark.util.ThreadUtils$.awaitResult(ThreadUtils.scala:310)
[2025-03-09T23:53:40.138+0000] {spark_submit.py:641} INFO - at org.apache.spark.rpc.RpcTimeout.awaitResult(RpcTimeout.scala:75)
[2025-03-09T23:53:40.138+0000] {spark_submit.py:641} INFO - at org.apache.spark.rpc.RpcEnv.setupEndpointRefByURI(RpcEnv.scala:102)
[2025-03-09T23:53:40.138+0000] {spark_submit.py:641} INFO - at org.apache.spark.rpc.RpcEnv.setupEndpointRef(RpcEnv.scala:110)
[2025-03-09T23:53:40.138+0000] {spark_submit.py:641} INFO - at org.apache.spark.deploy.client.StandaloneAppClient$ClientEndpoint$$anon$1.run(StandaloneAppClient.scala:108)
[2025-03-09T23:53:40.139+0000] {spark_submit.py:641} INFO - at java.base/java.util.concurrent.Executors$RunnableAdapter.call(Executors.java:539)
[2025-03-09T23:53:40.139+0000] {spark_submit.py:641} INFO - at java.base/java.util.concurrent.FutureTask.run(FutureTask.java:264)
[2025-03-09T23:53:40.139+0000] {spark_submit.py:641} INFO - at java.base/java.util.concurrent.ThreadPoolExecutor.runWorker(ThreadPoolExecutor.java:1136)
[2025-03-09T23:53:40.139+0000] {spark_submit.py:641} INFO - at java.base/java.util.concurrent.ThreadPoolExecutor$Worker.run(ThreadPoolExecutor.java:635)
[2025-03-09T23:53:40.139+0000] {spark_submit.py:641} INFO - at java.base/java.lang.Thread.run(Thread.java:840)
[2025-03-09T23:53:40.139+0000] {spark_submit.py:641} INFO - Caused by: java.io.IOException: Failed to connect to spark/<unresolved>:7077
[2025-03-09T23:53:40.139+0000] {spark_submit.py:641} INFO - at org.apache.spark.network.client.TransportClientFactory.createClient(TransportClientFactory.java:294)
[2025-03-09T23:53:40.139+0000] {spark_submit.py:641} INFO - at org.apache.spark.network.client.TransportClientFactory.createClient(TransportClientFactory.java:214)
[2025-03-09T23:53:40.139+0000] {spark_submit.py:641} INFO - at org.apache.spark.network.client.TransportClientFactory.createClient(TransportClientFactory.java:226)
[2025-03-09T23:53:40.139+0000] {spark_submit.py:641} INFO - at org.apache.spark.rpc.netty.NettyRpcEnv.createClient(NettyRpcEnv.scala:204)
[2025-03-09T23:53:40.140+0000] {spark_submit.py:641} INFO - at org.apache.spark.rpc.netty.Outbox$$anon$1.call(Outbox.scala:202)
[2025-03-09T23:53:40.140+0000] {spark_submit.py:641} INFO - at org.apache.spark.rpc.netty.Outbox$$anon$1.call(Outbox.scala:198)
[2025-03-09T23:53:40.140+0000] {spark_submit.py:641} INFO - ... 4 more
[2025-03-09T23:53:40.140+0000] {spark_submit.py:641} INFO - Caused by: java.net.UnknownHostException: spark
[2025-03-09T23:53:40.140+0000] {spark_submit.py:641} INFO - at java.base/java.net.InetAddress$CachedAddresses.get(InetAddress.java:801)
[2025-03-09T23:53:40.140+0000] {spark_submit.py:641} INFO - at java.base/java.net.InetAddress.getAllByName0(InetAddress.java:1533)
[2025-03-09T23:53:40.140+0000] {spark_submit.py:641} INFO - at java.base/java.net.InetAddress.getAllByName(InetAddress.java:1385)
[2025-03-09T23:53:40.140+0000] {spark_submit.py:641} INFO - at java.base/java.net.InetAddress.getAllByName(InetAddress.java:1306)
[2025-03-09T23:53:40.140+0000] {spark_submit.py:641} INFO - at java.base/java.net.InetAddress.getByName(InetAddress.java:1256)
[2025-03-09T23:53:40.140+0000] {spark_submit.py:641} INFO - at io.netty.util.internal.SocketUtils$8.run(SocketUtils.java:156)
[2025-03-09T23:53:40.141+0000] {spark_submit.py:641} INFO - at io.netty.util.internal.SocketUtils$8.run(SocketUtils.java:153)
[2025-03-09T23:53:40.141+0000] {spark_submit.py:641} INFO - at java.base/java.security.AccessController.doPrivileged(AccessController.java:569)
[2025-03-09T23:53:40.141+0000] {spark_submit.py:641} INFO - at io.netty.util.internal.SocketUtils.addressByName(SocketUtils.java:153)
[2025-03-09T23:53:40.141+0000] {spark_submit.py:641} INFO - at io.netty.resolver.DefaultNameResolver.doResolve(DefaultNameResolver.java:41)
[2025-03-09T23:53:40.141+0000] {spark_submit.py:641} INFO - at io.netty.resolver.SimpleNameResolver.resolve(SimpleNameResolver.java:61)
[2025-03-09T23:53:40.141+0000] {spark_submit.py:641} INFO - at io.netty.resolver.SimpleNameResolver.resolve(SimpleNameResolver.java:53)
[2025-03-09T23:53:40.141+0000] {spark_submit.py:641} INFO - at io.netty.resolver.InetSocketAddressResolver.doResolve(InetSocketAddressResolver.java:55)
[2025-03-09T23:53:40.141+0000] {spark_submit.py:641} INFO - at io.netty.resolver.InetSocketAddressResolver.doResolve(InetSocketAddressResolver.java:31)
[2025-03-09T23:53:40.141+0000] {spark_submit.py:641} INFO - at io.netty.resolver.AbstractAddressResolver.resolve(AbstractAddressResolver.java:106)
[2025-03-09T23:53:40.142+0000] {spark_submit.py:641} INFO - at io.netty.bootstrap.Bootstrap.doResolveAndConnect0(Bootstrap.java:220)
[2025-03-09T23:53:40.142+0000] {spark_submit.py:641} INFO - at io.netty.bootstrap.Bootstrap.doResolveAndConnect(Bootstrap.java:171)
[2025-03-09T23:53:40.142+0000] {spark_submit.py:641} INFO - at io.netty.bootstrap.Bootstrap.connect(Bootstrap.java:148)
[2025-03-09T23:53:40.142+0000] {spark_submit.py:641} INFO - at org.apache.spark.network.client.TransportClientFactory.createClient(TransportClientFactory.java:279)
[2025-03-09T23:53:40.142+0000] {spark_submit.py:641} INFO - ... 9 more
[2025-03-09T23:53:58.090+0000] {spark_submit.py:641} INFO - 25/03/09 23:53:58 WARN StandaloneSchedulerBackend: Application ID is not initialized yet.
[2025-03-09T23:53:58.091+0000] {spark_submit.py:641} INFO - 25/03/09 23:53:58 ERROR StandaloneSchedulerBackend: Application has been killed. Reason: All masters are unresponsive! Giving up.
[2025-03-09T23:53:58.107+0000] {spark_submit.py:641} INFO - 25/03/09 23:53:58 INFO Utils: Successfully started service 'org.apache.spark.network.netty.NettyBlockTransferService' on port 41773.
[2025-03-09T23:53:58.107+0000] {spark_submit.py:641} INFO - 25/03/09 23:53:58 INFO NettyBlockTransferService: Server created on 27f453beda85:41773
[2025-03-09T23:53:58.111+0000] {spark_submit.py:641} INFO - 25/03/09 23:53:58 INFO BlockManager: Using org.apache.spark.storage.RandomBlockReplicationPolicy for block replication policy
[2025-03-09T23:53:58.127+0000] {spark_submit.py:641} INFO - 25/03/09 23:53:58 INFO BlockManagerMaster: Registering BlockManager BlockManagerId(driver, 27f453beda85, 41773, None)
[2025-03-09T23:53:58.132+0000] {spark_submit.py:641} INFO - 25/03/09 23:53:58 INFO BlockManagerMasterEndpoint: Registering block manager 27f453beda85:41773 with 434.4 MiB RAM, BlockManagerId(driver, 27f453beda85, 41773, None)
[2025-03-09T23:53:58.135+0000] {spark_submit.py:641} INFO - 25/03/09 23:53:58 INFO BlockManagerMaster: Registered BlockManager BlockManagerId(driver, 27f453beda85, 41773, None)
[2025-03-09T23:53:58.140+0000] {spark_submit.py:641} INFO - 25/03/09 23:53:58 INFO BlockManager: Initialized BlockManager: BlockManagerId(driver, 27f453beda85, 41773, None)
[2025-03-09T23:53:58.426+0000] {spark_submit.py:641} INFO - 25/03/09 23:53:58 INFO StandaloneSchedulerBackend: SchedulerBackend is ready for scheduling beginning after reached minRegisteredResourcesRatio: 0.0
[2025-03-09T23:53:58.851+0000] {spark_submit.py:641} INFO - 25/03/09 23:53:58 INFO SharedState: Setting hive.metastore.warehouse.dir ('null') to the value of spark.sql.warehouse.dir.
[2025-03-09T23:53:58.858+0000] {spark_submit.py:641} INFO - 25/03/09 23:53:58 INFO SharedState: Warehouse path is 'file:/opt/***/spark-warehouse'.
[2025-03-09T23:53:58.959+0000] {spark_submit.py:641} INFO - 25/03/09 23:53:58 INFO SparkContext: SparkContext is stopping with exitCode 0.
[2025-03-09T23:53:58.979+0000] {spark_submit.py:641} INFO - 25/03/09 23:53:58 INFO SparkUI: Stopped Spark web UI at http://27f453beda85:4040
[2025-03-09T23:53:58.983+0000] {spark_submit.py:641} INFO - 25/03/09 23:53:58 INFO StandaloneSchedulerBackend: Shutting down all executors
[2025-03-09T23:53:58.986+0000] {spark_submit.py:641} INFO - 25/03/09 23:53:58 INFO StandaloneSchedulerBackend$StandaloneDriverEndpoint: Asking each executor to shut down
[2025-03-09T23:53:58.994+0000] {spark_submit.py:641} INFO - 25/03/09 23:53:58 WARN StandaloneAppClient$ClientEndpoint: Drop UnregisterApplication(null) because has not yet connected to master
[2025-03-09T23:53:59.026+0000] {spark_submit.py:641} INFO - 25/03/09 23:53:59 INFO MapOutputTrackerMasterEndpoint: MapOutputTrackerMasterEndpoint stopped!
[2025-03-09T23:53:59.064+0000] {spark_submit.py:641} INFO - 25/03/09 23:53:59 INFO MemoryStore: MemoryStore cleared
[2025-03-09T23:53:59.065+0000] {spark_submit.py:641} INFO - 25/03/09 23:53:59 INFO BlockManager: BlockManager stopped
[2025-03-09T23:53:59.069+0000] {spark_submit.py:641} INFO - 25/03/09 23:53:59 INFO BlockManagerMaster: BlockManagerMaster stopped
[2025-03-09T23:53:59.072+0000] {spark_submit.py:641} INFO - 25/03/09 23:53:59 INFO OutputCommitCoordinator$OutputCommitCoordinatorEndpoint: OutputCommitCoordinator stopped!
[2025-03-09T23:53:59.083+0000] {spark_submit.py:641} INFO - 25/03/09 23:53:59 INFO SparkContext: Successfully stopped SparkContext
[2025-03-09T23:54:01.699+0000] {spark_submit.py:641} INFO - 25/03/09 23:54:01 INFO InMemoryFileIndex: It took 126 ms to list leaf files for 1 paths.
[2025-03-09T23:54:01.957+0000] {spark_submit.py:641} INFO - 25/03/09 23:54:01 INFO InMemoryFileIndex: It took 102 ms to list leaf files for 1 paths.
[2025-03-09T23:54:04.108+0000] {spark_submit.py:641} INFO - 25/03/09 23:54:04 INFO FileSourceStrategy: Pushed Filters:
[2025-03-09T23:54:04.111+0000] {spark_submit.py:641} INFO - 25/03/09 23:54:04 INFO FileSourceStrategy: Post-Scan Filters: (length(trim(value#0, None)) > 0)
[2025-03-09T23:54:04.525+0000] {spark_submit.py:641} INFO - 25/03/09 23:54:04 INFO CodeGenerator: Code generated in 196.164357 ms
[2025-03-09T23:54:04.558+0000] {spark_submit.py:641} INFO - Traceback (most recent call last):
[2025-03-09T23:54:04.558+0000] {spark_submit.py:641} INFO - File "/opt/***/jobs/gcc_test_job.py", line 11, in <module>
[2025-03-09T23:54:04.558+0000] {spark_submit.py:641} INFO - df = spark.read.csv(gcs_bucket_path, header=True)
[2025-03-09T23:54:04.559+0000] {spark_submit.py:641} INFO - ^^^^^^^^^^^^^^^^^^^^^^^^^^^^^^^^^^^^^^^^^^^^
[2025-03-09T23:54:04.559+0000] {spark_submit.py:641} INFO - File "/home/***/.local/lib/python3.12/site-packages/pyspark/python/lib/pyspark.zip/pyspark/sql/readwriter.py", line 740, in csv
[2025-03-09T23:54:04.559+0000] {spark_submit.py:641} INFO - File "/home/***/.local/lib/python3.12/site-packages/pyspark/python/lib/py4j-0.10.9.7-src.zip/py4j/java_gateway.py", line 1322, in __call__
[2025-03-09T23:54:04.559+0000] {spark_submit.py:641} INFO - File "/home/***/.local/lib/python3.12/site-packages/pyspark/python/lib/pyspark.zip/pyspark/errors/exceptions/captured.py", line 179, in deco
[2025-03-09T23:54:04.559+0000] {spark_submit.py:641} INFO - File "/home/***/.local/lib/python3.12/site-packages/pyspark/python/lib/py4j-0.10.9.7-src.zip/py4j/protocol.py", line 326, in get_return_value
[2025-03-09T23:54:04.560+0000] {spark_submit.py:641} INFO - py4j.protocol.Py4JJavaError: An error occurred while calling o33.csv.
[2025-03-09T23:54:04.560+0000] {spark_submit.py:641} INFO - : java.lang.IllegalStateException: Cannot call methods on a stopped SparkContext.
[2025-03-09T23:54:04.560+0000] {spark_submit.py:641} INFO - This stopped SparkContext was created at:
[2025-03-09T23:54:04.560+0000] {spark_submit.py:641} INFO - 
[2025-03-09T23:54:04.561+0000] {spark_submit.py:641} INFO - org.apache.spark.api.java.JavaSparkContext.<init>(JavaSparkContext.scala:58)
[2025-03-09T23:54:04.561+0000] {spark_submit.py:641} INFO - java.base/jdk.internal.reflect.NativeConstructorAccessorImpl.newInstance0(Native Method)
[2025-03-09T23:54:04.561+0000] {spark_submit.py:641} INFO - java.base/jdk.internal.reflect.NativeConstructorAccessorImpl.newInstance(NativeConstructorAccessorImpl.java:77)
[2025-03-09T23:54:04.561+0000] {spark_submit.py:641} INFO - java.base/jdk.internal.reflect.DelegatingConstructorAccessorImpl.newInstance(DelegatingConstructorAccessorImpl.java:45)
[2025-03-09T23:54:04.561+0000] {spark_submit.py:641} INFO - java.base/java.lang.reflect.Constructor.newInstanceWithCaller(Constructor.java:500)
[2025-03-09T23:54:04.561+0000] {spark_submit.py:641} INFO - java.base/java.lang.reflect.Constructor.newInstance(Constructor.java:481)
[2025-03-09T23:54:04.561+0000] {spark_submit.py:641} INFO - py4j.reflection.MethodInvoker.invoke(MethodInvoker.java:247)
[2025-03-09T23:54:04.561+0000] {spark_submit.py:641} INFO - py4j.reflection.ReflectionEngine.invoke(ReflectionEngine.java:374)
[2025-03-09T23:54:04.561+0000] {spark_submit.py:641} INFO - py4j.Gateway.invoke(Gateway.java:238)
[2025-03-09T23:54:04.562+0000] {spark_submit.py:641} INFO - py4j.commands.ConstructorCommand.invokeConstructor(ConstructorCommand.java:80)
[2025-03-09T23:54:04.562+0000] {spark_submit.py:641} INFO - py4j.commands.ConstructorCommand.execute(ConstructorCommand.java:69)
[2025-03-09T23:54:04.562+0000] {spark_submit.py:641} INFO - py4j.ClientServerConnection.waitForCommands(ClientServerConnection.java:182)
[2025-03-09T23:54:04.562+0000] {spark_submit.py:641} INFO - py4j.ClientServerConnection.run(ClientServerConnection.java:106)
[2025-03-09T23:54:04.562+0000] {spark_submit.py:641} INFO - java.base/java.lang.Thread.run(Thread.java:840)
[2025-03-09T23:54:04.562+0000] {spark_submit.py:641} INFO - 
[2025-03-09T23:54:04.562+0000] {spark_submit.py:641} INFO - The currently active SparkContext was created at:
[2025-03-09T23:54:04.562+0000] {spark_submit.py:641} INFO - 
[2025-03-09T23:54:04.562+0000] {spark_submit.py:641} INFO - (No active SparkContext.)
[2025-03-09T23:54:04.562+0000] {spark_submit.py:641} INFO - 
[2025-03-09T23:54:04.562+0000] {spark_submit.py:641} INFO - at org.apache.spark.SparkContext.assertNotStopped(SparkContext.scala:122)
[2025-03-09T23:54:04.563+0000] {spark_submit.py:641} INFO - at org.apache.spark.SparkContext.broadcastInternal(SparkContext.scala:1654)
[2025-03-09T23:54:04.563+0000] {spark_submit.py:641} INFO - at org.apache.spark.SparkContext.broadcast(SparkContext.scala:1639)
[2025-03-09T23:54:04.563+0000] {spark_submit.py:641} INFO - at org.apache.spark.sql.execution.datasources.text.TextFileFormat.buildReader(TextFileFormat.scala:106)
[2025-03-09T23:54:04.563+0000] {spark_submit.py:641} INFO - at org.apache.spark.sql.execution.datasources.FileFormat.buildReaderWithPartitionValues(FileFormat.scala:138)
[2025-03-09T23:54:04.563+0000] {spark_submit.py:641} INFO - at org.apache.spark.sql.execution.datasources.FileFormat.buildReaderWithPartitionValues$(FileFormat.scala:129)
[2025-03-09T23:54:04.563+0000] {spark_submit.py:641} INFO - at org.apache.spark.sql.execution.datasources.TextBasedFileFormat.buildReaderWithPartitionValues(FileFormat.scala:346)
[2025-03-09T23:54:04.563+0000] {spark_submit.py:641} INFO - at org.apache.spark.sql.execution.FileSourceScanExec.inputRDD$lzycompute(DataSourceScanExec.scala:548)
[2025-03-09T23:54:04.563+0000] {spark_submit.py:641} INFO - at org.apache.spark.sql.execution.FileSourceScanExec.inputRDD(DataSourceScanExec.scala:537)
[2025-03-09T23:54:04.563+0000] {spark_submit.py:641} INFO - at org.apache.spark.sql.execution.FileSourceScanExec.doExecute(DataSourceScanExec.scala:575)
[2025-03-09T23:54:04.563+0000] {spark_submit.py:641} INFO - at org.apache.spark.sql.execution.SparkPlan.$anonfun$execute$1(SparkPlan.scala:195)
[2025-03-09T23:54:04.563+0000] {spark_submit.py:641} INFO - at org.apache.spark.sql.execution.SparkPlan.$anonfun$executeQuery$1(SparkPlan.scala:246)
[2025-03-09T23:54:04.564+0000] {spark_submit.py:641} INFO - at org.apache.spark.rdd.RDDOperationScope$.withScope(RDDOperationScope.scala:151)
[2025-03-09T23:54:04.564+0000] {spark_submit.py:641} INFO - at org.apache.spark.sql.execution.SparkPlan.executeQuery(SparkPlan.scala:243)
[2025-03-09T23:54:04.564+0000] {spark_submit.py:641} INFO - at org.apache.spark.sql.execution.SparkPlan.execute(SparkPlan.scala:191)
[2025-03-09T23:54:04.564+0000] {spark_submit.py:641} INFO - at org.apache.spark.sql.execution.InputAdapter.inputRDD(WholeStageCodegenExec.scala:527)
[2025-03-09T23:54:04.564+0000] {spark_submit.py:641} INFO - at org.apache.spark.sql.execution.InputRDDCodegen.inputRDDs(WholeStageCodegenExec.scala:455)
[2025-03-09T23:54:04.564+0000] {spark_submit.py:641} INFO - at org.apache.spark.sql.execution.InputRDDCodegen.inputRDDs$(WholeStageCodegenExec.scala:454)
[2025-03-09T23:54:04.564+0000] {spark_submit.py:641} INFO - at org.apache.spark.sql.execution.InputAdapter.inputRDDs(WholeStageCodegenExec.scala:498)
[2025-03-09T23:54:04.564+0000] {spark_submit.py:641} INFO - at org.apache.spark.sql.execution.FilterExec.inputRDDs(basicPhysicalOperators.scala:242)
[2025-03-09T23:54:04.564+0000] {spark_submit.py:641} INFO - at org.apache.spark.sql.execution.WholeStageCodegenExec.doExecute(WholeStageCodegenExec.scala:751)
[2025-03-09T23:54:04.564+0000] {spark_submit.py:641} INFO - at org.apache.spark.sql.execution.SparkPlan.$anonfun$execute$1(SparkPlan.scala:195)
[2025-03-09T23:54:04.565+0000] {spark_submit.py:641} INFO - at org.apache.spark.sql.execution.SparkPlan.$anonfun$executeQuery$1(SparkPlan.scala:246)
[2025-03-09T23:54:04.565+0000] {spark_submit.py:641} INFO - at org.apache.spark.rdd.RDDOperationScope$.withScope(RDDOperationScope.scala:151)
[2025-03-09T23:54:04.565+0000] {spark_submit.py:641} INFO - at org.apache.spark.sql.execution.SparkPlan.executeQuery(SparkPlan.scala:243)
[2025-03-09T23:54:04.565+0000] {spark_submit.py:641} INFO - at org.apache.spark.sql.execution.SparkPlan.execute(SparkPlan.scala:191)
[2025-03-09T23:54:04.565+0000] {spark_submit.py:641} INFO - at org.apache.spark.sql.execution.SparkPlan.getByteArrayRdd(SparkPlan.scala:364)
[2025-03-09T23:54:04.565+0000] {spark_submit.py:641} INFO - at org.apache.spark.sql.execution.SparkPlan.executeTake(SparkPlan.scala:498)
[2025-03-09T23:54:04.565+0000] {spark_submit.py:641} INFO - at org.apache.spark.sql.execution.SparkPlan.executeTake(SparkPlan.scala:483)
[2025-03-09T23:54:04.565+0000] {spark_submit.py:641} INFO - at org.apache.spark.sql.execution.CollectLimitExec.executeCollect(limit.scala:61)
[2025-03-09T23:54:04.565+0000] {spark_submit.py:641} INFO - at org.apache.spark.sql.Dataset.collectFromPlan(Dataset.scala:4333)
[2025-03-09T23:54:04.565+0000] {spark_submit.py:641} INFO - at org.apache.spark.sql.Dataset.$anonfun$head$1(Dataset.scala:3316)
[2025-03-09T23:54:04.566+0000] {spark_submit.py:641} INFO - at org.apache.spark.sql.Dataset.$anonfun$withAction$2(Dataset.scala:4323)
[2025-03-09T23:54:04.566+0000] {spark_submit.py:641} INFO - at org.apache.spark.sql.execution.QueryExecution$.withInternalError(QueryExecution.scala:546)
[2025-03-09T23:54:04.566+0000] {spark_submit.py:641} INFO - at org.apache.spark.sql.Dataset.$anonfun$withAction$1(Dataset.scala:4321)
[2025-03-09T23:54:04.566+0000] {spark_submit.py:641} INFO - at org.apache.spark.sql.execution.SQLExecution$.$anonfun$withNewExecutionId$6(SQLExecution.scala:125)
[2025-03-09T23:54:04.566+0000] {spark_submit.py:641} INFO - at org.apache.spark.sql.execution.SQLExecution$.withSQLConfPropagated(SQLExecution.scala:201)
[2025-03-09T23:54:04.567+0000] {spark_submit.py:641} INFO - at org.apache.spark.sql.execution.SQLExecution$.$anonfun$withNewExecutionId$1(SQLExecution.scala:108)
[2025-03-09T23:54:04.567+0000] {spark_submit.py:641} INFO - at org.apache.spark.sql.SparkSession.withActive(SparkSession.scala:900)
[2025-03-09T23:54:04.567+0000] {spark_submit.py:641} INFO - at org.apache.spark.sql.execution.SQLExecution$.withNewExecutionId(SQLExecution.scala:66)
[2025-03-09T23:54:04.567+0000] {spark_submit.py:641} INFO - at org.apache.spark.sql.Dataset.withAction(Dataset.scala:4321)
[2025-03-09T23:54:04.567+0000] {spark_submit.py:641} INFO - at org.apache.spark.sql.Dataset.head(Dataset.scala:3316)
[2025-03-09T23:54:04.567+0000] {spark_submit.py:641} INFO - at org.apache.spark.sql.Dataset.take(Dataset.scala:3539)
[2025-03-09T23:54:04.567+0000] {spark_submit.py:641} INFO - at org.apache.spark.sql.execution.datasources.csv.TextInputCSVDataSource$.infer(CSVDataSource.scala:111)
[2025-03-09T23:54:04.568+0000] {spark_submit.py:641} INFO - at org.apache.spark.sql.execution.datasources.csv.CSVDataSource.inferSchema(CSVDataSource.scala:64)
[2025-03-09T23:54:04.568+0000] {spark_submit.py:641} INFO - at org.apache.spark.sql.execution.datasources.csv.CSVFileFormat.inferSchema(CSVFileFormat.scala:62)
[2025-03-09T23:54:04.568+0000] {spark_submit.py:641} INFO - at org.apache.spark.sql.execution.datasources.DataSource.$anonfun$getOrInferFileFormatSchema$11(DataSource.scala:208)
[2025-03-09T23:54:04.568+0000] {spark_submit.py:641} INFO - at scala.Option.orElse(Option.scala:447)
[2025-03-09T23:54:04.568+0000] {spark_submit.py:641} INFO - at org.apache.spark.sql.execution.datasources.DataSource.getOrInferFileFormatSchema(DataSource.scala:205)
[2025-03-09T23:54:04.568+0000] {spark_submit.py:641} INFO - at org.apache.spark.sql.execution.datasources.DataSource.resolveRelation(DataSource.scala:407)
[2025-03-09T23:54:04.569+0000] {spark_submit.py:641} INFO - at org.apache.spark.sql.DataFrameReader.loadV1Source(DataFrameReader.scala:229)
[2025-03-09T23:54:04.569+0000] {spark_submit.py:641} INFO - at org.apache.spark.sql.DataFrameReader.$anonfun$load$2(DataFrameReader.scala:211)
[2025-03-09T23:54:04.569+0000] {spark_submit.py:641} INFO - at scala.Option.getOrElse(Option.scala:189)
[2025-03-09T23:54:04.569+0000] {spark_submit.py:641} INFO - at org.apache.spark.sql.DataFrameReader.load(DataFrameReader.scala:211)
[2025-03-09T23:54:04.569+0000] {spark_submit.py:641} INFO - at org.apache.spark.sql.DataFrameReader.csv(DataFrameReader.scala:538)
[2025-03-09T23:54:04.569+0000] {spark_submit.py:641} INFO - at java.base/jdk.internal.reflect.NativeMethodAccessorImpl.invoke0(Native Method)
[2025-03-09T23:54:04.569+0000] {spark_submit.py:641} INFO - at java.base/jdk.internal.reflect.NativeMethodAccessorImpl.invoke(NativeMethodAccessorImpl.java:77)
[2025-03-09T23:54:04.569+0000] {spark_submit.py:641} INFO - at java.base/jdk.internal.reflect.DelegatingMethodAccessorImpl.invoke(DelegatingMethodAccessorImpl.java:43)
[2025-03-09T23:54:04.570+0000] {spark_submit.py:641} INFO - at java.base/java.lang.reflect.Method.invoke(Method.java:569)
[2025-03-09T23:54:04.570+0000] {spark_submit.py:641} INFO - at py4j.reflection.MethodInvoker.invoke(MethodInvoker.java:244)
[2025-03-09T23:54:04.570+0000] {spark_submit.py:641} INFO - at py4j.reflection.ReflectionEngine.invoke(ReflectionEngine.java:374)
[2025-03-09T23:54:04.570+0000] {spark_submit.py:641} INFO - at py4j.Gateway.invoke(Gateway.java:282)
[2025-03-09T23:54:04.570+0000] {spark_submit.py:641} INFO - at py4j.commands.AbstractCommand.invokeMethod(AbstractCommand.java:132)
[2025-03-09T23:54:04.570+0000] {spark_submit.py:641} INFO - at py4j.commands.CallCommand.execute(CallCommand.java:79)
[2025-03-09T23:54:04.570+0000] {spark_submit.py:641} INFO - at py4j.ClientServerConnection.waitForCommands(ClientServerConnection.java:182)
[2025-03-09T23:54:04.570+0000] {spark_submit.py:641} INFO - at py4j.ClientServerConnection.run(ClientServerConnection.java:106)
[2025-03-09T23:54:04.570+0000] {spark_submit.py:641} INFO - at java.base/java.lang.Thread.run(Thread.java:840)
[2025-03-09T23:54:04.570+0000] {spark_submit.py:641} INFO - 
[2025-03-09T23:54:04.619+0000] {spark_submit.py:641} INFO - 25/03/09 23:54:04 INFO ShutdownHookManager: Shutdown hook called
[2025-03-09T23:54:04.620+0000] {spark_submit.py:641} INFO - 25/03/09 23:54:04 INFO ShutdownHookManager: Deleting directory /tmp/spark-d2f01721-edb2-4732-807c-c137eb1c522a
[2025-03-09T23:54:04.624+0000] {spark_submit.py:641} INFO - 25/03/09 23:54:04 INFO ShutdownHookManager: Deleting directory /tmp/spark-402d8500-cb3d-4cc7-a762-c6e13b633440/pyspark-05684ed3-ca3b-4e5e-811d-ba9958e58f00
[2025-03-09T23:54:04.628+0000] {spark_submit.py:641} INFO - 25/03/09 23:54:04 INFO ShutdownHookManager: Deleting directory /tmp/spark-402d8500-cb3d-4cc7-a762-c6e13b633440
[2025-03-09T23:54:04.700+0000] {taskinstance.py:3311} ERROR - Task failed with exception
Traceback (most recent call last):
  File "/home/airflow/.local/lib/python3.12/site-packages/airflow/models/taskinstance.py", line 767, in _execute_task
    result = _execute_callable(context=context, **execute_callable_kwargs)
             ^^^^^^^^^^^^^^^^^^^^^^^^^^^^^^^^^^^^^^^^^^^^^^^^^^^^^^^^^^^^^
  File "/home/airflow/.local/lib/python3.12/site-packages/airflow/models/taskinstance.py", line 733, in _execute_callable
    return ExecutionCallableRunner(
           ^^^^^^^^^^^^^^^^^^^^^^^^
  File "/home/airflow/.local/lib/python3.12/site-packages/airflow/utils/operator_helpers.py", line 252, in run
    return self.func(*args, **kwargs)
           ^^^^^^^^^^^^^^^^^^^^^^^^^^
  File "/home/airflow/.local/lib/python3.12/site-packages/airflow/models/baseoperator.py", line 422, in wrapper
    return func(self, *args, **kwargs)
           ^^^^^^^^^^^^^^^^^^^^^^^^^^^
  File "/home/airflow/.local/lib/python3.12/site-packages/airflow/providers/apache/spark/operators/spark_submit.py", line 177, in execute
    self._hook.submit(self.application)
  File "/home/airflow/.local/lib/python3.12/site-packages/airflow/providers/apache/spark/hooks/spark_submit.py", line 567, in submit
    raise AirflowException(
airflow.exceptions.AirflowException: Cannot execute: spark-submit --master spark://spark:7077 --conf spark.master=spark://spark:7077 --conf spark.executor.memory=2g --conf spark.executor.cores=1 --conf spark.executor.instances=2 --conf spark.hadoop.fs.gs.impl=com.google.cloud.hadoop.fs.gcs.GoogleHadoopFileSystem --conf spark.hadoop.fs.gs.auth.service.account.enable=true --conf spark.hadoop.fs.gs.auth.service.account.json.keyfile=/opt/***/keys/first-key.json --jars /opt/***/jars/gcs-connector-hadoop3-2.2.0.jar --name arrow-spark --verbose --deploy-mode client /opt/***/jobs/gcc_test_job.py. Error code is: 1.
[2025-03-09T23:54:04.707+0000] {taskinstance.py:1225} INFO - Marking task as FAILED. dag_id=spark_gcs_job, task_id=submit_spark_gcs_job, run_id=manual__2025-03-09T23:30:30.057279+00:00, execution_date=20250309T233030, start_date=20250309T235250, end_date=20250309T235404
[2025-03-09T23:54:04.727+0000] {taskinstance.py:340} INFO - ::group::Post task execution logs
[2025-03-09T23:54:04.728+0000] {standard_task_runner.py:124} ERROR - Failed to execute job 465 for task submit_spark_gcs_job (Cannot execute: spark-submit --master spark://spark:7077 --conf spark.master=spark://spark:7077 --conf spark.executor.memory=2g --conf spark.executor.cores=1 --conf spark.executor.instances=2 --conf spark.hadoop.fs.gs.impl=com.google.cloud.hadoop.fs.gcs.GoogleHadoopFileSystem --conf spark.hadoop.fs.gs.auth.service.account.enable=true --conf spark.hadoop.fs.gs.auth.service.account.json.keyfile=/opt/***/keys/first-key.json --jars /opt/***/jars/gcs-connector-hadoop3-2.2.0.jar --name arrow-spark --verbose --deploy-mode client /opt/***/jobs/gcc_test_job.py. Error code is: 1.; 177)
Traceback (most recent call last):
  File "/home/airflow/.local/lib/python3.12/site-packages/airflow/task/task_runner/standard_task_runner.py", line 117, in _start_by_fork
    ret = args.func(args, dag=self.dag)
          ^^^^^^^^^^^^^^^^^^^^^^^^^^^^^
  File "/home/airflow/.local/lib/python3.12/site-packages/airflow/cli/cli_config.py", line 49, in command
    return func(*args, **kwargs)
           ^^^^^^^^^^^^^^^^^^^^^
  File "/home/airflow/.local/lib/python3.12/site-packages/airflow/utils/cli.py", line 116, in wrapper
    return f(*args, **kwargs)
           ^^^^^^^^^^^^^^^^^^
  File "/home/airflow/.local/lib/python3.12/site-packages/airflow/cli/commands/task_command.py", line 483, in task_run
    task_return_code = _run_task_by_selected_method(args, _dag, ti)
                       ^^^^^^^^^^^^^^^^^^^^^^^^^^^^^^^^^^^^^^^^^^^^
  File "/home/airflow/.local/lib/python3.12/site-packages/airflow/cli/commands/task_command.py", line 256, in _run_task_by_selected_method
    return _run_raw_task(args, ti)
           ^^^^^^^^^^^^^^^^^^^^^^^
  File "/home/airflow/.local/lib/python3.12/site-packages/airflow/cli/commands/task_command.py", line 341, in _run_raw_task
    return ti._run_raw_task(
           ^^^^^^^^^^^^^^^^^
  File "/home/airflow/.local/lib/python3.12/site-packages/airflow/utils/session.py", line 97, in wrapper
    return func(*args, session=session, **kwargs)
           ^^^^^^^^^^^^^^^^^^^^^^^^^^^^^^^^^^^^^^
  File "/home/airflow/.local/lib/python3.12/site-packages/airflow/models/taskinstance.py", line 3005, in _run_raw_task
    return _run_raw_task(
           ^^^^^^^^^^^^^^
  File "/home/airflow/.local/lib/python3.12/site-packages/airflow/models/taskinstance.py", line 273, in _run_raw_task
    TaskInstance._execute_task_with_callbacks(
  File "/home/airflow/.local/lib/python3.12/site-packages/airflow/models/taskinstance.py", line 3159, in _execute_task_with_callbacks
    result = self._execute_task(context, task_orig)
             ^^^^^^^^^^^^^^^^^^^^^^^^^^^^^^^^^^^^^^
  File "/home/airflow/.local/lib/python3.12/site-packages/airflow/models/taskinstance.py", line 3183, in _execute_task
    return _execute_task(self, context, task_orig)
           ^^^^^^^^^^^^^^^^^^^^^^^^^^^^^^^^^^^^^^^
  File "/home/airflow/.local/lib/python3.12/site-packages/airflow/models/taskinstance.py", line 767, in _execute_task
    result = _execute_callable(context=context, **execute_callable_kwargs)
             ^^^^^^^^^^^^^^^^^^^^^^^^^^^^^^^^^^^^^^^^^^^^^^^^^^^^^^^^^^^^^
  File "/home/airflow/.local/lib/python3.12/site-packages/airflow/models/taskinstance.py", line 733, in _execute_callable
    return ExecutionCallableRunner(
           ^^^^^^^^^^^^^^^^^^^^^^^^
  File "/home/airflow/.local/lib/python3.12/site-packages/airflow/utils/operator_helpers.py", line 252, in run
    return self.func(*args, **kwargs)
           ^^^^^^^^^^^^^^^^^^^^^^^^^^
  File "/home/airflow/.local/lib/python3.12/site-packages/airflow/models/baseoperator.py", line 422, in wrapper
    return func(self, *args, **kwargs)
           ^^^^^^^^^^^^^^^^^^^^^^^^^^^
  File "/home/airflow/.local/lib/python3.12/site-packages/airflow/providers/apache/spark/operators/spark_submit.py", line 177, in execute
    self._hook.submit(self.application)
  File "/home/airflow/.local/lib/python3.12/site-packages/airflow/providers/apache/spark/hooks/spark_submit.py", line 567, in submit
    raise AirflowException(
airflow.exceptions.AirflowException: Cannot execute: spark-submit --master spark://spark:7077 --conf spark.master=spark://spark:7077 --conf spark.executor.memory=2g --conf spark.executor.cores=1 --conf spark.executor.instances=2 --conf spark.hadoop.fs.gs.impl=com.google.cloud.hadoop.fs.gcs.GoogleHadoopFileSystem --conf spark.hadoop.fs.gs.auth.service.account.enable=true --conf spark.hadoop.fs.gs.auth.service.account.json.keyfile=/opt/***/keys/first-key.json --jars /opt/***/jars/gcs-connector-hadoop3-2.2.0.jar --name arrow-spark --verbose --deploy-mode client /opt/***/jobs/gcc_test_job.py. Error code is: 1.
[2025-03-09T23:54:04.747+0000] {local_task_job_runner.py:266} INFO - Task exited with return code 1
[2025-03-09T23:54:04.762+0000] {taskinstance.py:3895} INFO - 0 downstream tasks scheduled from follow-on schedule check
[2025-03-09T23:54:04.764+0000] {local_task_job_runner.py:245} INFO - ::endgroup::
