[2025-03-09T23:46:12.020+0000] {local_task_job_runner.py:123} INFO - ::group::Pre task execution logs
[2025-03-09T23:46:12.056+0000] {taskinstance.py:2613} INFO - Dependencies all met for dep_context=non-requeueable deps ti=<TaskInstance: spark_gcs_job.submit_spark_gcs_job manual__2025-03-09T23:30:30.057279+00:00 [queued]>
[2025-03-09T23:46:12.068+0000] {taskinstance.py:2613} INFO - Dependencies all met for dep_context=requeueable deps ti=<TaskInstance: spark_gcs_job.submit_spark_gcs_job manual__2025-03-09T23:30:30.057279+00:00 [queued]>
[2025-03-09T23:46:12.069+0000] {taskinstance.py:2866} INFO - Starting attempt 2 of 2
[2025-03-09T23:46:12.093+0000] {taskinstance.py:2889} INFO - Executing <Task(SparkSubmitOperator): submit_spark_gcs_job> on 2025-03-09 23:30:30.057279+00:00
[2025-03-09T23:46:12.100+0000] {standard_task_runner.py:104} INFO - Running: ['***', 'tasks', 'run', 'spark_gcs_job', 'submit_spark_gcs_job', 'manual__2025-03-09T23:30:30.057279+00:00', '--job-id', '430', '--raw', '--subdir', 'DAGS_FOLDER/gcs_conn_test.py', '--cfg-path', '/tmp/tmp_ckebrwo']
[2025-03-09T23:46:12.104+0000] {standard_task_runner.py:105} INFO - Job 430: Subtask submit_spark_gcs_job
[2025-03-09T23:46:12.108+0000] {logging_mixin.py:190} WARNING - /home/***/.local/lib/python3.12/site-packages/***/task/task_runner/standard_task_runner.py:70 DeprecationWarning: This process (pid=1920) is multi-threaded, use of fork() may lead to deadlocks in the child.
[2025-03-09T23:46:12.109+0000] {standard_task_runner.py:72} INFO - Started process 1921 to run task
[2025-03-09T23:46:12.156+0000] {task_command.py:467} INFO - Running <TaskInstance: spark_gcs_job.submit_spark_gcs_job manual__2025-03-09T23:30:30.057279+00:00 [running]> on host 27f453beda85
[2025-03-09T23:46:12.300+0000] {taskinstance.py:3132} INFO - Exporting env vars: AIRFLOW_CTX_DAG_OWNER='***' AIRFLOW_CTX_DAG_ID='spark_gcs_job' AIRFLOW_CTX_TASK_ID='submit_spark_gcs_job' AIRFLOW_CTX_EXECUTION_DATE='2025-03-09T23:30:30.057279+00:00' AIRFLOW_CTX_TRY_NUMBER='2' AIRFLOW_CTX_DAG_RUN_ID='manual__2025-03-09T23:30:30.057279+00:00'
[2025-03-09T23:46:12.301+0000] {taskinstance.py:731} INFO - ::endgroup::
[2025-03-09T23:46:12.459+0000] {base.py:84} INFO - Retrieving connection 'spark_default'
[2025-03-09T23:46:12.462+0000] {spark_submit.py:474} INFO - Spark-Submit cmd: spark-submit --master spark://spark:7077 --conf spark.master=spark://spark:7077 --conf spark.executor.memory=2g --conf spark.executor.cores=1 --conf spark.executor.instances=2 --conf spark.hadoop.fs.gs.impl=com.google.cloud.hadoop.fs.gcs.GoogleHadoopFileSystem --conf spark.hadoop.fs.gs.auth.service.account.enable=true --conf spark.hadoop.fs.gs.auth.service.account.json.keyfile=/opt/***/keys/first-key.json --jars /opt/***/jars/gcs-connector-hadoop3-2.2.0.jar --name arrow-spark --verbose --deploy-mode client /opt/***/jobs/gcc_test_job.py
[2025-03-09T23:46:13.045+0000] {spark_submit.py:641} INFO - /home/***/.local/lib/python3.12/site-packages/pyspark/bin/load-spark-env.sh: line 68: ps: command not found
[2025-03-09T23:46:17.849+0000] {spark_submit.py:641} INFO - Using properties file: null
[2025-03-09T23:46:18.114+0000] {spark_submit.py:641} INFO - Parsed arguments:
[2025-03-09T23:46:18.115+0000] {spark_submit.py:641} INFO - master                  spark://spark:7077
[2025-03-09T23:46:18.115+0000] {spark_submit.py:641} INFO - remote                  null
[2025-03-09T23:46:18.115+0000] {spark_submit.py:641} INFO - deployMode              client
[2025-03-09T23:46:18.115+0000] {spark_submit.py:641} INFO - executorMemory          2g
[2025-03-09T23:46:18.115+0000] {spark_submit.py:641} INFO - executorCores           1
[2025-03-09T23:46:18.115+0000] {spark_submit.py:641} INFO - totalExecutorCores      null
[2025-03-09T23:46:18.115+0000] {spark_submit.py:641} INFO - propertiesFile          null
[2025-03-09T23:46:18.116+0000] {spark_submit.py:641} INFO - driverMemory            null
[2025-03-09T23:46:18.118+0000] {spark_submit.py:641} INFO - driverCores             null
[2025-03-09T23:46:18.120+0000] {spark_submit.py:641} INFO - driverExtraClassPath    null
[2025-03-09T23:46:18.123+0000] {spark_submit.py:641} INFO - driverExtraLibraryPath  null
[2025-03-09T23:46:18.123+0000] {spark_submit.py:641} INFO - driverExtraJavaOptions  null
[2025-03-09T23:46:18.123+0000] {spark_submit.py:641} INFO - supervise               false
[2025-03-09T23:46:18.124+0000] {spark_submit.py:641} INFO - queue                   null
[2025-03-09T23:46:18.124+0000] {spark_submit.py:641} INFO - numExecutors            2
[2025-03-09T23:46:18.124+0000] {spark_submit.py:641} INFO - files                   null
[2025-03-09T23:46:18.127+0000] {spark_submit.py:641} INFO - pyFiles                 null
[2025-03-09T23:46:18.127+0000] {spark_submit.py:641} INFO - archives                null
[2025-03-09T23:46:18.127+0000] {spark_submit.py:641} INFO - mainClass               null
[2025-03-09T23:46:18.128+0000] {spark_submit.py:641} INFO - primaryResource         file:/opt/***/jobs/gcc_test_job.py
[2025-03-09T23:46:18.128+0000] {spark_submit.py:641} INFO - name                    arrow-spark
[2025-03-09T23:46:18.129+0000] {spark_submit.py:641} INFO - childArgs               []
[2025-03-09T23:46:18.129+0000] {spark_submit.py:641} INFO - jars                    file:/opt/***/jars/gcs-connector-hadoop3-2.2.0.jar
[2025-03-09T23:46:18.129+0000] {spark_submit.py:641} INFO - packages                null
[2025-03-09T23:46:18.129+0000] {spark_submit.py:641} INFO - packagesExclusions      null
[2025-03-09T23:46:18.139+0000] {spark_submit.py:641} INFO - repositories            null
[2025-03-09T23:46:18.140+0000] {spark_submit.py:641} INFO - verbose                 true
[2025-03-09T23:46:18.140+0000] {spark_submit.py:641} INFO - 
[2025-03-09T23:46:18.141+0000] {spark_submit.py:641} INFO - Spark properties used, including those specified through
[2025-03-09T23:46:18.141+0000] {spark_submit.py:641} INFO - --conf and those from the properties file null:
[2025-03-09T23:46:18.141+0000] {spark_submit.py:641} INFO - (spark.executor.cores,1)
[2025-03-09T23:46:18.141+0000] {spark_submit.py:641} INFO - (spark.executor.instances,2)
[2025-03-09T23:46:18.141+0000] {spark_submit.py:641} INFO - (spark.executor.memory,2g)
[2025-03-09T23:46:18.142+0000] {spark_submit.py:641} INFO - (spark.hadoop.fs.gs.auth.service.account.enable,true)
[2025-03-09T23:46:18.142+0000] {spark_submit.py:641} INFO - (spark.hadoop.fs.gs.auth.service.account.json.keyfile,/opt/***/keys/first-key.json)
[2025-03-09T23:46:18.142+0000] {spark_submit.py:641} INFO - (spark.hadoop.fs.gs.impl,com.google.cloud.hadoop.fs.gcs.GoogleHadoopFileSystem)
[2025-03-09T23:46:18.142+0000] {spark_submit.py:641} INFO - (spark.master,spark://spark:7077)
[2025-03-09T23:46:18.142+0000] {spark_submit.py:641} INFO - 
[2025-03-09T23:46:18.142+0000] {spark_submit.py:641} INFO - 
[2025-03-09T23:46:19.258+0000] {spark_submit.py:641} INFO - 25/03/09 23:46:19 WARN NativeCodeLoader: Unable to load native-hadoop library for your platform... using builtin-java classes where applicable
[2025-03-09T23:46:19.941+0000] {spark_submit.py:641} INFO - Main class:
[2025-03-09T23:46:19.941+0000] {spark_submit.py:641} INFO - org.apache.spark.deploy.PythonRunner
[2025-03-09T23:46:19.942+0000] {spark_submit.py:641} INFO - Arguments:
[2025-03-09T23:46:19.943+0000] {spark_submit.py:641} INFO - file:/opt/***/jobs/gcc_test_job.py
[2025-03-09T23:46:19.943+0000] {spark_submit.py:641} INFO - null
[2025-03-09T23:46:19.947+0000] {spark_submit.py:641} INFO - Spark config:
[2025-03-09T23:46:19.948+0000] {spark_submit.py:641} INFO - (spark.app.name,arrow-spark)
[2025-03-09T23:46:19.948+0000] {spark_submit.py:641} INFO - (spark.app.submitTime,1741563979909)
[2025-03-09T23:46:19.948+0000] {spark_submit.py:641} INFO - (spark.executor.cores,1)
[2025-03-09T23:46:19.948+0000] {spark_submit.py:641} INFO - (spark.executor.instances,2)
[2025-03-09T23:46:19.949+0000] {spark_submit.py:641} INFO - (spark.executor.memory,2g)
[2025-03-09T23:46:19.949+0000] {spark_submit.py:641} INFO - (spark.hadoop.fs.gs.auth.service.account.enable,true)
[2025-03-09T23:46:19.949+0000] {spark_submit.py:641} INFO - (spark.hadoop.fs.gs.auth.service.account.json.keyfile,/opt/***/keys/first-key.json)
[2025-03-09T23:46:19.950+0000] {spark_submit.py:641} INFO - (spark.hadoop.fs.gs.impl,com.google.cloud.hadoop.fs.gcs.GoogleHadoopFileSystem)
[2025-03-09T23:46:19.952+0000] {spark_submit.py:641} INFO - (spark.jars,file:///opt/***/jars/gcs-connector-hadoop3-2.2.0.jar)
[2025-03-09T23:46:19.955+0000] {spark_submit.py:641} INFO - (spark.master,spark://spark:7077)
[2025-03-09T23:46:19.957+0000] {spark_submit.py:641} INFO - (spark.repl.local.jars,file:///opt/***/jars/gcs-connector-hadoop3-2.2.0.jar)
[2025-03-09T23:46:19.957+0000] {spark_submit.py:641} INFO - (spark.submit.deployMode,client)
[2025-03-09T23:46:19.957+0000] {spark_submit.py:641} INFO - (spark.submit.pyFiles,)
[2025-03-09T23:46:19.957+0000] {spark_submit.py:641} INFO - Classpath elements:
[2025-03-09T23:46:19.957+0000] {spark_submit.py:641} INFO - file:///opt/***/jars/gcs-connector-hadoop3-2.2.0.jar
[2025-03-09T23:46:19.959+0000] {spark_submit.py:641} INFO - 
[2025-03-09T23:46:19.960+0000] {spark_submit.py:641} INFO - 
[2025-03-09T23:46:22.660+0000] {spark_submit.py:641} INFO - 25/03/09 23:46:22 INFO SparkContext: Running Spark version 3.5.5
[2025-03-09T23:46:22.661+0000] {spark_submit.py:641} INFO - 25/03/09 23:46:22 INFO SparkContext: OS info Linux, 5.15.167.4-microsoft-standard-WSL2, amd64
[2025-03-09T23:46:22.662+0000] {spark_submit.py:641} INFO - 25/03/09 23:46:22 INFO SparkContext: Java version 17.0.14
[2025-03-09T23:46:22.705+0000] {spark_submit.py:641} INFO - 25/03/09 23:46:22 INFO ResourceUtils: ==============================================================
[2025-03-09T23:46:22.706+0000] {spark_submit.py:641} INFO - 25/03/09 23:46:22 INFO ResourceUtils: No custom resources configured for spark.driver.
[2025-03-09T23:46:22.707+0000] {spark_submit.py:641} INFO - 25/03/09 23:46:22 INFO ResourceUtils: ==============================================================
[2025-03-09T23:46:22.707+0000] {spark_submit.py:641} INFO - 25/03/09 23:46:22 INFO SparkContext: Submitted application: GCSConnectorTest
[2025-03-09T23:46:22.741+0000] {spark_submit.py:641} INFO - 25/03/09 23:46:22 INFO ResourceProfile: Default ResourceProfile created, executor resources: Map(cores -> name: cores, amount: 1, script: , vendor: , memory -> name: memory, amount: 2048, script: , vendor: , offHeap -> name: offHeap, amount: 0, script: , vendor: ), task resources: Map(cpus -> name: cpus, amount: 1.0)
[2025-03-09T23:46:22.755+0000] {spark_submit.py:641} INFO - 25/03/09 23:46:22 INFO ResourceProfile: Limiting resource is cpus at 1 tasks per executor
[2025-03-09T23:46:22.758+0000] {spark_submit.py:641} INFO - 25/03/09 23:46:22 INFO ResourceProfileManager: Added ResourceProfile id: 0
[2025-03-09T23:46:22.869+0000] {spark_submit.py:641} INFO - 25/03/09 23:46:22 INFO SecurityManager: Changing view acls to: ***
[2025-03-09T23:46:22.873+0000] {spark_submit.py:641} INFO - 25/03/09 23:46:22 INFO SecurityManager: Changing modify acls to: ***
[2025-03-09T23:46:22.886+0000] {spark_submit.py:641} INFO - 25/03/09 23:46:22 INFO SecurityManager: Changing view acls groups to:
[2025-03-09T23:46:22.888+0000] {spark_submit.py:641} INFO - 25/03/09 23:46:22 INFO SecurityManager: Changing modify acls groups to:
[2025-03-09T23:46:22.890+0000] {spark_submit.py:641} INFO - 25/03/09 23:46:22 INFO SecurityManager: SecurityManager: authentication disabled; ui acls disabled; users with view permissions: ***; groups with view permissions: EMPTY; users with modify permissions: ***; groups with modify permissions: EMPTY
[2025-03-09T23:46:23.523+0000] {spark_submit.py:641} INFO - 25/03/09 23:46:23 INFO Utils: Successfully started service 'sparkDriver' on port 39011.
[2025-03-09T23:46:23.620+0000] {spark_submit.py:641} INFO - 25/03/09 23:46:23 INFO SparkEnv: Registering MapOutputTracker
[2025-03-09T23:46:23.680+0000] {spark_submit.py:641} INFO - 25/03/09 23:46:23 INFO SparkEnv: Registering BlockManagerMaster
[2025-03-09T23:46:23.728+0000] {spark_submit.py:641} INFO - 25/03/09 23:46:23 INFO BlockManagerMasterEndpoint: Using org.apache.spark.storage.DefaultTopologyMapper for getting topology information
[2025-03-09T23:46:23.729+0000] {spark_submit.py:641} INFO - 25/03/09 23:46:23 INFO BlockManagerMasterEndpoint: BlockManagerMasterEndpoint up
[2025-03-09T23:46:23.739+0000] {spark_submit.py:641} INFO - 25/03/09 23:46:23 INFO SparkEnv: Registering BlockManagerMasterHeartbeat
[2025-03-09T23:46:23.794+0000] {spark_submit.py:641} INFO - 25/03/09 23:46:23 INFO DiskBlockManager: Created local directory at /tmp/blockmgr-41754947-801a-408a-8aba-3b851114a1ac
[2025-03-09T23:46:23.823+0000] {spark_submit.py:641} INFO - 25/03/09 23:46:23 INFO MemoryStore: MemoryStore started with capacity 434.4 MiB
[2025-03-09T23:46:23.854+0000] {spark_submit.py:641} INFO - 25/03/09 23:46:23 INFO SparkEnv: Registering OutputCommitCoordinator
[2025-03-09T23:46:24.118+0000] {spark_submit.py:641} INFO - 25/03/09 23:46:24 INFO JettyUtils: Start Jetty 0.0.0.0:4040 for SparkUI
[2025-03-09T23:46:24.231+0000] {spark_submit.py:641} INFO - 25/03/09 23:46:24 INFO Utils: Successfully started service 'SparkUI' on port 4040.
[2025-03-09T23:46:24.292+0000] {spark_submit.py:641} INFO - 25/03/09 23:46:24 INFO SparkContext: Added JAR file:///opt/***/jars/gcs-connector-hadoop3-2.2.0.jar at spark://27f453beda85:39011/jars/gcs-connector-hadoop3-2.2.0.jar with timestamp 1741563982632
[2025-03-09T23:46:24.471+0000] {spark_submit.py:641} INFO - 25/03/09 23:46:24 INFO StandaloneAppClient$ClientEndpoint: Connecting to master spark://spark:7077...
[2025-03-09T23:46:24.558+0000] {spark_submit.py:641} INFO - 25/03/09 23:46:24 INFO TransportClientFactory: Successfully created connection to spark/172.19.0.5:7077 after 48 ms (0 ms spent in bootstraps)
[2025-03-09T23:46:24.757+0000] {spark_submit.py:641} INFO - 25/03/09 23:46:24 INFO StandaloneSchedulerBackend: Connected to Spark cluster with app ID app-20250309234624-0002
[2025-03-09T23:46:24.779+0000] {spark_submit.py:641} INFO - 25/03/09 23:46:24 INFO StandaloneAppClient$ClientEndpoint: Executor added: app-20250309234624-0002/0 on worker-20250309233004-172.19.0.6-44019 (172.19.0.6:44019) with 1 core(s)
[2025-03-09T23:46:24.780+0000] {spark_submit.py:641} INFO - 25/03/09 23:46:24 INFO StandaloneSchedulerBackend: Granted executor ID app-20250309234624-0002/0 on hostPort 172.19.0.6:44019 with 1 core(s), 2.0 GiB RAM
[2025-03-09T23:46:24.780+0000] {spark_submit.py:641} INFO - 25/03/09 23:46:24 INFO StandaloneAppClient$ClientEndpoint: Executor added: app-20250309234624-0002/1 on worker-20250309233004-172.19.0.6-44019 (172.19.0.6:44019) with 1 core(s)
[2025-03-09T23:46:24.780+0000] {spark_submit.py:641} INFO - 25/03/09 23:46:24 INFO StandaloneSchedulerBackend: Granted executor ID app-20250309234624-0002/1 on hostPort 172.19.0.6:44019 with 1 core(s), 2.0 GiB RAM
[2025-03-09T23:46:24.819+0000] {spark_submit.py:641} INFO - 25/03/09 23:46:24 INFO Utils: Successfully started service 'org.apache.spark.network.netty.NettyBlockTransferService' on port 37265.
[2025-03-09T23:46:24.820+0000] {spark_submit.py:641} INFO - 25/03/09 23:46:24 INFO NettyBlockTransferService: Server created on 27f453beda85:37265
[2025-03-09T23:46:24.821+0000] {spark_submit.py:641} INFO - 25/03/09 23:46:24 INFO BlockManager: Using org.apache.spark.storage.RandomBlockReplicationPolicy for block replication policy
[2025-03-09T23:46:24.837+0000] {spark_submit.py:641} INFO - 25/03/09 23:46:24 INFO BlockManagerMaster: Registering BlockManager BlockManagerId(driver, 27f453beda85, 37265, None)
[2025-03-09T23:46:24.839+0000] {spark_submit.py:641} INFO - 25/03/09 23:46:24 INFO BlockManagerMasterEndpoint: Registering block manager 27f453beda85:37265 with 434.4 MiB RAM, BlockManagerId(driver, 27f453beda85, 37265, None)
[2025-03-09T23:46:24.856+0000] {spark_submit.py:641} INFO - 25/03/09 23:46:24 INFO BlockManagerMaster: Registered BlockManager BlockManagerId(driver, 27f453beda85, 37265, None)
[2025-03-09T23:46:24.858+0000] {spark_submit.py:641} INFO - 25/03/09 23:46:24 INFO BlockManager: Initialized BlockManager: BlockManagerId(driver, 27f453beda85, 37265, None)
[2025-03-09T23:46:25.051+0000] {spark_submit.py:641} INFO - 25/03/09 23:46:25 INFO StandaloneAppClient$ClientEndpoint: Executor updated: app-20250309234624-0002/0 is now RUNNING
[2025-03-09T23:46:25.055+0000] {spark_submit.py:641} INFO - 25/03/09 23:46:25 INFO StandaloneAppClient$ClientEndpoint: Executor updated: app-20250309234624-0002/1 is now RUNNING
[2025-03-09T23:46:25.557+0000] {spark_submit.py:641} INFO - 25/03/09 23:46:25 INFO StandaloneSchedulerBackend: SchedulerBackend is ready for scheduling beginning after reached minRegisteredResourcesRatio: 0.0
[2025-03-09T23:46:27.109+0000] {spark_submit.py:641} INFO - 25/03/09 23:46:27 INFO SharedState: Setting hive.metastore.warehouse.dir ('null') to the value of spark.sql.warehouse.dir.
[2025-03-09T23:46:27.111+0000] {spark_submit.py:641} INFO - 25/03/09 23:46:27 INFO SharedState: Warehouse path is 'file:/opt/***/spark-warehouse'.
[2025-03-09T23:46:34.384+0000] {spark_submit.py:641} INFO - 25/03/09 23:46:34 INFO InMemoryFileIndex: It took 445 ms to list leaf files for 1 paths.
[2025-03-09T23:46:34.791+0000] {spark_submit.py:641} INFO - 25/03/09 23:46:34 INFO InMemoryFileIndex: It took 86 ms to list leaf files for 1 paths.
[2025-03-09T23:48:38.301+0000] {spark_submit.py:641} INFO - 25/03/09 23:48:38 INFO StandaloneSchedulerBackend$StandaloneDriverEndpoint: Registered executor NettyRpcEndpointRef(spark-client://Executor) (172.19.0.6:47278) with ID 1,  ResourceProfileId 0
[2025-03-09T23:48:38.367+0000] {spark_submit.py:641} INFO - 25/03/09 23:48:38 INFO StandaloneSchedulerBackend$StandaloneDriverEndpoint: Registered executor NettyRpcEndpointRef(spark-client://Executor) (172.19.0.6:47264) with ID 0,  ResourceProfileId 0
[2025-03-09T23:48:39.620+0000] {spark_submit.py:641} INFO - 25/03/09 23:48:39 INFO BlockManagerMasterEndpoint: Registering block manager 172.19.0.6:33299 with 1048.8 MiB RAM, BlockManagerId(0, 172.19.0.6, 33299, None)
[2025-03-09T23:48:39.652+0000] {spark_submit.py:641} INFO - 25/03/09 23:48:39 INFO BlockManagerMasterEndpoint: Registering block manager 172.19.0.6:43635 with 1048.8 MiB RAM, BlockManagerId(1, 172.19.0.6, 43635, None)
[2025-03-09T23:48:41.015+0000] {job.py:229} INFO - Heartbeat recovered after 116.44 seconds
[2025-03-09T23:48:41.518+0000] {spark_submit.py:641} INFO - 25/03/09 23:48:41 INFO FileSourceStrategy: Pushed Filters:
[2025-03-09T23:48:41.547+0000] {spark_submit.py:641} INFO - 25/03/09 23:48:41 INFO FileSourceStrategy: Post-Scan Filters: (length(trim(value#0, None)) > 0)
[2025-03-09T23:48:42.769+0000] {spark_submit.py:641} INFO - 25/03/09 23:48:42 INFO CodeGenerator: Code generated in 536.340247 ms
[2025-03-09T23:48:42.895+0000] {spark_submit.py:641} INFO - 25/03/09 23:48:42 INFO MemoryStore: Block broadcast_0 stored as values in memory (estimated size 201.4 KiB, free 434.2 MiB)
[2025-03-09T23:48:43.164+0000] {spark_submit.py:641} INFO - 25/03/09 23:48:43 INFO MemoryStore: Block broadcast_0_piece0 stored as bytes in memory (estimated size 34.9 KiB, free 434.2 MiB)
[2025-03-09T23:48:43.183+0000] {spark_submit.py:641} INFO - 25/03/09 23:48:43 INFO BlockManagerInfo: Added broadcast_0_piece0 in memory on 27f453beda85:37265 (size: 34.9 KiB, free: 434.4 MiB)
[2025-03-09T23:48:43.188+0000] {spark_submit.py:641} INFO - 25/03/09 23:48:43 INFO SparkContext: Created broadcast 0 from csv at NativeMethodAccessorImpl.java:0
[2025-03-09T23:48:43.217+0000] {spark_submit.py:641} INFO - 25/03/09 23:48:43 INFO FileSourceScanExec: Planning scan with bin packing, max size: 4838318 bytes, open cost is considered as scanning 4194304 bytes.
[2025-03-09T23:48:43.805+0000] {spark_submit.py:641} INFO - 25/03/09 23:48:43 INFO SparkContext: Starting job: csv at NativeMethodAccessorImpl.java:0
[2025-03-09T23:48:43.890+0000] {spark_submit.py:641} INFO - 25/03/09 23:48:43 INFO DAGScheduler: Got job 0 (csv at NativeMethodAccessorImpl.java:0) with 1 output partitions
[2025-03-09T23:48:43.897+0000] {spark_submit.py:641} INFO - 25/03/09 23:48:43 INFO DAGScheduler: Final stage: ResultStage 0 (csv at NativeMethodAccessorImpl.java:0)
[2025-03-09T23:48:43.897+0000] {spark_submit.py:641} INFO - 25/03/09 23:48:43 INFO DAGScheduler: Parents of final stage: List()
[2025-03-09T23:48:43.897+0000] {spark_submit.py:641} INFO - 25/03/09 23:48:43 INFO DAGScheduler: Missing parents: List()
[2025-03-09T23:48:43.900+0000] {spark_submit.py:641} INFO - 25/03/09 23:48:43 INFO DAGScheduler: Submitting ResultStage 0 (MapPartitionsRDD[3] at csv at NativeMethodAccessorImpl.java:0), which has no missing parents
[2025-03-09T23:48:44.225+0000] {spark_submit.py:641} INFO - 25/03/09 23:48:44 INFO MemoryStore: Block broadcast_1 stored as values in memory (estimated size 13.5 KiB, free 434.2 MiB)
[2025-03-09T23:48:44.255+0000] {spark_submit.py:641} INFO - 25/03/09 23:48:44 INFO MemoryStore: Block broadcast_1_piece0 stored as bytes in memory (estimated size 6.4 KiB, free 434.1 MiB)
[2025-03-09T23:48:44.256+0000] {spark_submit.py:641} INFO - 25/03/09 23:48:44 INFO BlockManagerInfo: Added broadcast_1_piece0 in memory on 27f453beda85:37265 (size: 6.4 KiB, free: 434.4 MiB)
[2025-03-09T23:48:44.256+0000] {spark_submit.py:641} INFO - 25/03/09 23:48:44 INFO SparkContext: Created broadcast 1 from broadcast at DAGScheduler.scala:1585
[2025-03-09T23:48:44.610+0000] {spark_submit.py:641} INFO - 25/03/09 23:48:44 INFO DAGScheduler: Submitting 1 missing tasks from ResultStage 0 (MapPartitionsRDD[3] at csv at NativeMethodAccessorImpl.java:0) (first 15 tasks are for partitions Vector(0))
[2025-03-09T23:48:44.703+0000] {spark_submit.py:641} INFO - 25/03/09 23:48:44 INFO TaskSchedulerImpl: Adding task set 0.0 with 1 tasks resource profile 0
[2025-03-09T23:48:44.831+0000] {spark_submit.py:641} INFO - 25/03/09 23:48:44 INFO TaskSetManager: Starting task 0.0 in stage 0.0 (TID 0) (172.19.0.6, executor 1, partition 0, PROCESS_LOCAL, 9801 bytes)
[2025-03-09T23:48:51.847+0000] {spark_submit.py:641} INFO - 25/03/09 23:48:51 INFO BlockManagerInfo: Added broadcast_1_piece0 in memory on 172.19.0.6:43635 (size: 6.4 KiB, free: 1048.8 MiB)
[2025-03-09T23:49:19.420+0000] {job.py:229} INFO - Heartbeat recovered after 26.12 seconds
[2025-03-09T23:50:05.547+0000] {spark_submit.py:641} INFO - 25/03/09 23:50:05 INFO AsyncEventQueue: Process of event SparkListenerExecutorMetricsUpdate(driver,WrappedArray(),Map((-1,-1) -> org.apache.spark.executor.ExecutorMetrics@71af51ed)) by listener AppStatusListener took 1.700387401s.
